
Processing test.c...
nSignal_init = 50000
[#1] INFO:DataHandling -- RooDataHist::adjustBinning(signalHistogram): fit range of variable x expanded to nearest bin boundaries: [700,1250] --> [700,1250]
[#0] WARNING:InputArguments -- RooAbsPdf::fitTo(signal) WARNING: a likelihood fit is request of what appears to be weighted data. 
       While the estimated values of the parameters will always be calculated taking the weights into account, 
       there are multiple ways to estimate the errors on these parameter values. You are advised to make an 
       explicit choice on the error calculation: 
           - Either provide SumW2Error(kTRUE), to calculate a sum-of-weights corrected HESSE error matrix 
             (error will be proportional to the number of events)
           - Or provide SumW2Error(kFALSE), to return errors from original HESSE error matrix
             (which will be proportional to the sum of the weights)
       If you want the errors to reflect the information contained in the provided dataset, choose kTRUE. 
       If you want the errors to reflect the precision you would be able to obtain with an unweighted dataset 
       with 'sum-of-weights' events, choose kFALSE.
[#1] INFO:Eval -- RooRealVar::setRange(x) new range named 'fit' created with bounds [800,1150]
[#1] INFO:Fitting -- RooAbsOptTestStatistic::ctor(nll_signal_signalHistogram) constructing test statistic for sub-range named fit
[#1] INFO:Eval -- RooRealVar::setRange(x) new range named 'NormalizationRangeForfit' created with bounds [700,1250]
[#1] INFO:Eval -- RooRealVar::setRange(x) new range named 'fit_nll_signal_signalHistogram' created with bounds [800,1150]
[#1] INFO:Fitting -- RooAbsOptTestStatistic::ctor(nll_signal_signalHistogram) fixing interpretation of coefficients of any RooAddPdf to full domain of observables 
[#1] INFO:NumericIntegration -- RooRealIntegral::init(signal_Int[x]) using numeric integrator RooIntegrator1D to calculate Int(x)
[#1] INFO:Minization -- RooMinuit::optimizeConst: activating const optimization
 **********
 **   13 **MIGRAD        2000           1
 **********
 FIRST CALL TO USER FUNCTION AT NEW START POINT, WITH IFLAG=4.
 START MIGRAD MINIMIZATION.  STRATEGY  1.  CONVERGENCE WHEN EDM .LT. 1.00e-03
 FCN=24889.5 FROM MIGRAD    STATUS=INITIATE       56 CALLS          57 TOTAL
                     EDM= unknown      STRATEGY= 1      NO ERROR MATRIX       
  EXT PARAMETER               CURRENT GUESS       STEP         FIRST   
  NO.   NAME      VALUE            ERROR          SIZE      DERIVATIVE 
   1  sg_p0        1.00000e+03   1.00000e+01   0.00000e+00   2.22453e+02
   2  sg_p1        3.50000e+01   2.00000e+00   0.00000e+00  -1.53589e+02
   3  sg_p2        9.89758e-01   5.00000e-01   0.00000e+00   2.96541e+02
   4  sg_p3        7.78994e-01   7.00000e-01  -8.90570e-01   5.10370e+02
                               ERR DEF= 0.5
 MIGRAD MINIMIZATION HAS CONVERGED.
 MIGRAD WILL VERIFY CONVERGENCE AND ERROR MATRIX.
 COVARIANCE MATRIX CALCULATED SUCCESSFULLY
 FCN=24811.7 FROM MIGRAD    STATUS=CONVERGED     191 CALLS         192 TOTAL
                     EDM=1.15992e-05    STRATEGY= 1      ERROR MATRIX ACCURATE 
  EXT PARAMETER                                   STEP         FIRST   
  NO.   NAME      VALUE            ERROR          SIZE      DERIVATIVE 
   1  sg_p0        9.90383e+02   1.26314e+00   1.88989e-03   1.21344e-01
   2  sg_p1        4.50000e+01   1.21905e-01   1.69196e-02** at limit **
   3  sg_p2        1.02011e+00   4.11152e-02   1.91933e-03   2.89472e-02
   4  sg_p3        1.18700e+00   6.01449e-02   1.87537e-03   1.46355e-01
                               ERR DEF= 0.5
 EXTERNAL ERROR MATRIX.    NDIM=  25    NPAR=  4    ERR DEF=0.5
  1.596e+00  4.010e-06  2.573e-02 -4.941e-02 
  4.010e-06  1.885e-07 -1.275e-07 -4.838e-07 
  2.573e-02 -1.275e-07  1.691e-03 -5.988e-04 
 -4.941e-02 -4.838e-07 -5.988e-04  3.618e-03 
 PARAMETER  CORRELATION COEFFICIENTS  
       NO.  GLOBAL      1      2      3      4
        1  0.73763   1.000  0.007  0.495 -0.650
        2  0.02208   0.007  1.000 -0.007 -0.019
        3  0.50646   0.495 -0.007  1.000 -0.242
        4  0.65685  -0.650 -0.019 -0.242  1.000
 **********
 **   18 **HESSE        2000
 **********
 COVARIANCE MATRIX CALCULATED SUCCESSFULLY
 FCN=24811.7 FROM HESSE     STATUS=OK             23 CALLS         215 TOTAL
                     EDM=1.17259e-05    STRATEGY= 1      ERROR MATRIX ACCURATE 
  EXT PARAMETER                                INTERNAL      INTERNAL  
  NO.   NAME      VALUE            ERROR       STEP SIZE       VALUE   
   1  sg_p0        9.90383e+02   1.26342e+00   3.77979e-04  -1.93551e-01
   2  sg_p1        4.50000e+01   1.21891e-01   3.38391e-03   1.57107e+00
                                 WARNING -   - ABOVE PARAMETER IS AT LIMIT.
   3  sg_p2        1.02011e+00   4.11293e-02   7.67732e-05  -6.33481e-01
   4  sg_p3        1.18700e+00   6.01270e-02   7.50148e-05  -7.21959e-01
                               ERR DEF= 0.5
 EXTERNAL ERROR MATRIX.    NDIM=  25    NPAR=  4    ERR DEF=0.5
  1.597e+00  9.064e-07  2.577e-02 -4.939e-02 
  9.064e-07  1.885e-07 -2.868e-08 -1.091e-07 
  2.577e-02 -2.868e-08  1.692e-03 -5.978e-04 
 -4.939e-02 -1.091e-07 -5.978e-04  3.616e-03 
 PARAMETER  CORRELATION COEFFICIENTS  
       NO.  GLOBAL      1      2      3      4
        1  0.73776   1.000  0.002  0.496 -0.650
        2  0.00498   0.002  1.000 -0.002 -0.004
        3  0.50696   0.496 -0.002  1.000 -0.242
        4  0.65659  -0.650 -0.004 -0.242  1.000
[#1] INFO:Minization -- RooMinuit::optimizeConst: deactivating const optimization
1000
990.383 +- 1.26342
45 +- 0.121891
[#1] INFO:InputArguments -- RooAbsData::plotOn(signalHistogram) INFO: dataset has non-integer weights, auto-selecting SumW2 errors instead of Poisson errors
[#1] INFO:Plotting -- RooAbsPdf::plotOn(signal) p.d.f was fitted in range and no explicit plot,norm range was specified, using fit range as default
[#1] INFO:Plotting -- RooAbsPdf::plotOn(signal) only plotting range 'fit_nll_signal_signalHistogram'
[#1] INFO:Plotting -- RooAbsPdf::plotOn(signal) p.d.f. curve is normalized using explicit choice of ranges 'fit_nll_signal_signalHistogram'
[#1] INFO:NumericIntegration -- RooRealIntegral::init(signal_Int[x]) using numeric integrator RooIntegrator1D to calculate Int(x)
[#1] INFO:NumericIntegration -- RooRealIntegral::init(signal_Int[x|fit_nll_signal_signalHistogram]_Norm[x]) using numeric integrator RooIntegrator1D to calculate Int(x)
[#1] INFO:ObjectHandling -- RooWorkspace::import(HbbHbb) importing ExpGaussExp::signal_fixed
[#1] INFO:ObjectHandling -- RooWorkspace::import(HbbHbb) importing RooRealVar::x
[#1] INFO:ObjectHandling -- RooWorkspace::import(HbbHbb) importing RooRealVar::signal_p0
[#1] INFO:ObjectHandling -- RooWorkspace::import(HbbHbb) importing RooRealVar::signal_p1
[#1] INFO:ObjectHandling -- RooWorkspace::import(HbbHbb) importing RooRealVar::signal_p2
[#1] INFO:ObjectHandling -- RooWorkspace::import(HbbHbb) importing RooRealVar::signal_p3
[#1] INFO:DataHandling -- RooDataHist::adjustBinning(signalHistogram): fit range of variable x expanded to nearest bin boundaries: [700,1250] --> [700,1250]
[#0] WARNING:InputArguments -- RooAbsPdf::fitTo(signal) WARNING: a likelihood fit is request of what appears to be weighted data. 
       While the estimated values of the parameters will always be calculated taking the weights into account, 
       there are multiple ways to estimate the errors on these parameter values. You are advised to make an 
       explicit choice on the error calculation: 
           - Either provide SumW2Error(kTRUE), to calculate a sum-of-weights corrected HESSE error matrix 
             (error will be proportional to the number of events)
           - Or provide SumW2Error(kFALSE), to return errors from original HESSE error matrix
             (which will be proportional to the sum of the weights)
       If you want the errors to reflect the information contained in the provided dataset, choose kTRUE. 
       If you want the errors to reflect the precision you would be able to obtain with an unweighted dataset 
       with 'sum-of-weights' events, choose kFALSE.
[#1] INFO:Eval -- RooRealVar::setRange(x) new range named 'fit' created with bounds [800,1150]
[#1] INFO:Fitting -- RooAbsOptTestStatistic::ctor(nll_signal_signalHistogram) constructing test statistic for sub-range named fit
[#1] INFO:Eval -- RooRealVar::setRange(x) new range named 'NormalizationRangeForfit' created with bounds [700,1250]
[#1] INFO:Eval -- RooRealVar::setRange(x) new range named 'fit_nll_signal_signalHistogram' created with bounds [800,1150]
[#1] INFO:Fitting -- RooAbsOptTestStatistic::ctor(nll_signal_signalHistogram) fixing interpretation of coefficients of any RooAddPdf to full domain of observables 
[#1] INFO:NumericIntegration -- RooRealIntegral::init(signal_Int[x]) using numeric integrator RooIntegrator1D to calculate Int(x)
[#1] INFO:Minization -- RooMinuit::optimizeConst: activating const optimization
 **********
 **   13 **MIGRAD        2000           1
 **********
 FIRST CALL TO USER FUNCTION AT NEW START POINT, WITH IFLAG=4.
 START MIGRAD MINIMIZATION.  STRATEGY  1.  CONVERGENCE WHEN EDM .LT. 1.00e-03
 FCN=24403.1 FROM MIGRAD    STATUS=INITIATE       57 CALLS          58 TOTAL
                     EDM= unknown      STRATEGY= 1      NO ERROR MATRIX       
  EXT PARAMETER               CURRENT GUESS       STEP         FIRST   
  NO.   NAME      VALUE            ERROR          SIZE      DERIVATIVE 
   1  sg_p0        1.00000e+03   1.00000e+01   0.00000e+00   2.26882e+02
   2  sg_p1        3.50000e+01   2.00000e+00   0.00000e+00  -1.93966e+02
   3  sg_p2        9.63072e-01   5.00000e-01   0.00000e+00   2.31928e+02
   4  sg_p3        8.86770e-01   7.00000e-01  -8.42993e-01   8.03262e+02
                               ERR DEF= 0.5
 MIGRAD MINIMIZATION HAS CONVERGED.
 MIGRAD WILL VERIFY CONVERGENCE AND ERROR MATRIX.
 COVARIANCE MATRIX CALCULATED SUCCESSFULLY
 FCN=24325.5 FROM MIGRAD    STATUS=CONVERGED     218 CALLS         219 TOTAL
                     EDM=6.49551e-05    STRATEGY= 1      ERROR MATRIX ACCURATE 
  EXT PARAMETER                                   STEP         FIRST   
  NO.   NAME      VALUE            ERROR          SIZE      DERIVATIVE 
   1  sg_p0        9.95493e+02   9.33476e-01   1.79739e-03  -1.13004e-01
   2  sg_p1        4.50000e+01   1.21162e-01   1.67946e-02** at limit **
   3  sg_p2        1.13607e+00   4.42015e-02   2.25943e-03  -2.24141e-01
   4  sg_p3        1.13155e+00   4.13228e-02   1.53138e-03   2.62522e-01
                               ERR DEF= 0.5
 EXTERNAL ERROR MATRIX.    NDIM=  25    NPAR=  4    ERR DEF=0.5
  8.715e-01  4.578e-06  3.814e-04 -1.748e-02 
  4.578e-06  9.111e-07 -4.559e-07 -5.336e-07 
  3.814e-04 -4.559e-07  1.954e-03  1.592e-04 
 -1.748e-02 -5.336e-07  1.592e-04  1.708e-03 
 PARAMETER  CORRELATION COEFFICIENTS  
       NO.  GLOBAL      1      2      3      4
        1  0.45573   1.000  0.005  0.009 -0.453
        2  0.01663   0.005  1.000 -0.011 -0.014
        3  0.10332   0.009 -0.011  1.000  0.087
        4  0.46232  -0.453 -0.014  0.087  1.000
 **********
 **   18 **HESSE        2000
 **********
 COVARIANCE MATRIX CALCULATED SUCCESSFULLY
 FCN=24325.5 FROM HESSE     STATUS=OK             23 CALLS         242 TOTAL
                     EDM=9.33859e-05    STRATEGY= 1      ERROR MATRIX ACCURATE 
  EXT PARAMETER                                INTERNAL      INTERNAL  
  NO.   NAME      VALUE            ERROR       STEP SIZE       VALUE   
   1  sg_p0        9.95493e+02   1.04671e+00   3.59477e-04  -9.02624e-02
   2  sg_p1        4.50000e+01   1.21173e-01   3.35892e-03   1.57018e+00
                                 WARNING -   - ABOVE PARAMETER IS AT LIMIT.
   3  sg_p2        1.13607e+00   4.95685e-02   4.51887e-04  -5.77071e-01
   4  sg_p3        1.13155e+00   4.14941e-02   3.06277e-04  -7.43270e-01
                               ERR DEF= 0.5
 EXTERNAL ERROR MATRIX.    NDIM=  25    NPAR=  4    ERR DEF=0.5
  1.096e+00  5.239e-08  2.349e-02 -1.999e-02 
  5.239e-08  9.112e-07 -6.164e-08 -6.151e-08 
  2.349e-02 -6.164e-08  2.457e-03 -2.607e-04 
 -1.999e-02 -6.151e-08 -2.607e-04  1.722e-03 
 PARAMETER  CORRELATION COEFFICIENTS  
       NO.  GLOBAL      1      2      3      4
        1  0.60817   1.000  0.000  0.453 -0.460
        2  0.00217   0.000  1.000 -0.001 -0.002
        3  0.46189   0.453 -0.001  1.000 -0.127
        4  0.46928  -0.460 -0.002 -0.127  1.000
[#1] INFO:Minization -- RooMinuit::optimizeConst: deactivating const optimization
1000
995.493 +- 1.04671
45 +- 0.121173
[#1] INFO:InputArguments -- RooAbsData::plotOn(signalHistogram) INFO: dataset has non-integer weights, auto-selecting SumW2 errors instead of Poisson errors
[#1] INFO:Plotting -- RooAbsPdf::plotOn(signal) p.d.f was fitted in range and no explicit plot,norm range was specified, using fit range as default
[#1] INFO:Plotting -- RooAbsPdf::plotOn(signal) only plotting range 'fit_nll_signal_signalHistogram'
[#1] INFO:Plotting -- RooAbsPdf::plotOn(signal) p.d.f. curve is normalized using explicit choice of ranges 'fit_nll_signal_signalHistogram'
[#1] INFO:NumericIntegration -- RooRealIntegral::init(signal_Int[x]) using numeric integrator RooIntegrator1D to calculate Int(x)
[#1] INFO:NumericIntegration -- RooRealIntegral::init(signal_Int[x|fit_nll_signal_signalHistogram]_Norm[x]) using numeric integrator RooIntegrator1D to calculate Int(x)
[#1] INFO:DataHandling -- RooDataHist::adjustBinning(signalHistogram): fit range of variable x expanded to nearest bin boundaries: [700,1250] --> [700,1250]
[#0] WARNING:InputArguments -- RooAbsPdf::fitTo(signal) WARNING: a likelihood fit is request of what appears to be weighted data. 
       While the estimated values of the parameters will always be calculated taking the weights into account, 
       there are multiple ways to estimate the errors on these parameter values. You are advised to make an 
       explicit choice on the error calculation: 
           - Either provide SumW2Error(kTRUE), to calculate a sum-of-weights corrected HESSE error matrix 
             (error will be proportional to the number of events)
           - Or provide SumW2Error(kFALSE), to return errors from original HESSE error matrix
             (which will be proportional to the sum of the weights)
       If you want the errors to reflect the information contained in the provided dataset, choose kTRUE. 
       If you want the errors to reflect the precision you would be able to obtain with an unweighted dataset 
       with 'sum-of-weights' events, choose kFALSE.
[#1] INFO:Eval -- RooRealVar::setRange(x) new range named 'fit' created with bounds [800,1150]
[#1] INFO:Fitting -- RooAbsOptTestStatistic::ctor(nll_signal_signalHistogram) constructing test statistic for sub-range named fit
[#1] INFO:Eval -- RooRealVar::setRange(x) new range named 'NormalizationRangeForfit' created with bounds [700,1250]
[#1] INFO:Eval -- RooRealVar::setRange(x) new range named 'fit_nll_signal_signalHistogram' created with bounds [800,1150]
[#1] INFO:Fitting -- RooAbsOptTestStatistic::ctor(nll_signal_signalHistogram) fixing interpretation of coefficients of any RooAddPdf to full domain of observables 
[#1] INFO:NumericIntegration -- RooRealIntegral::init(signal_Int[x]) using numeric integrator RooIntegrator1D to calculate Int(x)
[#1] INFO:Minization -- RooMinuit::optimizeConst: activating const optimization
 **********
 **   13 **MIGRAD        2000           1
 **********
 FIRST CALL TO USER FUNCTION AT NEW START POINT, WITH IFLAG=4.
 START MIGRAD MINIMIZATION.  STRATEGY  1.  CONVERGENCE WHEN EDM .LT. 1.00e-03
 FCN=25056.4 FROM MIGRAD    STATUS=INITIATE       59 CALLS          60 TOTAL
                     EDM= unknown      STRATEGY= 1      NO ERROR MATRIX       
  EXT PARAMETER               CURRENT GUESS       STEP         FIRST   
  NO.   NAME      VALUE            ERROR          SIZE      DERIVATIVE 
   1  sg_p0        1.00000e+03   1.00000e+01   0.00000e+00   4.08464e+01
   2  sg_p1        3.50000e+01   2.00000e+00   0.00000e+00  -1.81870e+02
   3  sg_p2        1.21059e+00   5.00000e-01   0.00000e+00   5.34510e+02
   4  sg_p3        6.71391e-01   7.00000e-01  -2.20055e+00  -8.87064e+01
                               ERR DEF= 0.5
 MIGRAD MINIMIZATION HAS CONVERGED.
 MIGRAD WILL VERIFY CONVERGENCE AND ERROR MATRIX.
 COVARIANCE MATRIX CALCULATED SUCCESSFULLY
 FCN=24915.3 FROM MIGRAD    STATUS=CONVERGED     228 CALLS         229 TOTAL
                     EDM=5.5921e-07    STRATEGY= 1      ERROR MATRIX ACCURATE 
  EXT PARAMETER                                   STEP         FIRST   
  NO.   NAME      VALUE            ERROR          SIZE      DERIVATIVE 
   1  sg_p0        9.84744e+02   1.19560e+00   1.95809e-03   2.95439e-02
   2  sg_p1        4.50000e+01   1.21031e-01   1.69661e-02** at limit **
   3  sg_p2        9.63081e-01   3.97444e-02   1.82185e-03  -6.76282e-03
   4  sg_p3        1.23132e+00   5.50596e-02   1.88577e-03  -4.12979e-02
                               ERR DEF= 0.5
 EXTERNAL ERROR MATRIX.    NDIM=  25    NPAR=  4    ERR DEF=0.5
  1.430e+00 -3.803e-08  2.612e-02  3.540e-02 
 -3.803e-08  3.884e-10 -9.020e-09  1.301e-08 
  2.612e-02 -9.020e-09  1.580e-03  4.623e-04 
  3.540e-02  1.301e-08  4.623e-04  3.032e-03 
 PARAMETER  CORRELATION COEFFICIENTS  
       NO.  GLOBAL      1      2      3      4
        1  0.69869   1.000 -0.002  0.550  0.538
        2  0.01886  -0.002  1.000 -0.012  0.012
        3  0.55874   0.550 -0.012  1.000  0.211
        4  0.54722   0.538  0.012  0.211  1.000
 **********
 **   18 **HESSE        2000
 **********
 COVARIANCE MATRIX CALCULATED SUCCESSFULLY
 FCN=24915.3 FROM HESSE     STATUS=OK             23 CALLS         252 TOTAL
                     EDM=5.61522e-07    STRATEGY= 1      ERROR MATRIX ACCURATE 
  EXT PARAMETER                                INTERNAL      INTERNAL  
  NO.   NAME      VALUE            ERROR       STEP SIZE       VALUE   
   1  sg_p0        9.84744e+02   1.19463e+00   7.83235e-05  -3.10063e-01
   2  sg_p1        4.50000e+01   1.21032e-01   3.39322e-03   1.57081e+00
                                 WARNING -   - ABOVE PARAMETER IS AT LIMIT.
   3  sg_p2        9.63081e-01   3.97567e-02   7.28742e-05  -6.62091e-01
   4  sg_p3        1.23132e+00   5.49819e-02   7.54308e-05  -2.43638e+00
                               ERR DEF= 0.5
 EXTERNAL ERROR MATRIX.    NDIM=  25    NPAR=  4    ERR DEF=0.5
  1.427e+00 -7.637e-09  2.613e-02  3.521e-02 
 -7.637e-09  3.884e-10 -1.811e-09  2.617e-09 
  2.613e-02 -1.811e-09  1.581e-03  4.609e-04 
  3.521e-02  2.617e-09  4.609e-04  3.023e-03 
 PARAMETER  CORRELATION COEFFICIENTS  
       NO.  GLOBAL      1      2      3      4
        1  0.69809   1.000 -0.000  0.550  0.536
        2  0.00379  -0.000  1.000 -0.002  0.002
        3  0.55912   0.550 -0.002  1.000  0.211
        4  0.54541   0.536  0.002  0.211  1.000
[#1] INFO:Minization -- RooMinuit::optimizeConst: deactivating const optimization
1000
984.744 +- 1.19463
45 +- 0.121032
[#1] INFO:InputArguments -- RooAbsData::plotOn(signalHistogram) INFO: dataset has non-integer weights, auto-selecting SumW2 errors instead of Poisson errors
[#1] INFO:Plotting -- RooAbsPdf::plotOn(signal) p.d.f was fitted in range and no explicit plot,norm range was specified, using fit range as default
[#1] INFO:Plotting -- RooAbsPdf::plotOn(signal) only plotting range 'fit_nll_signal_signalHistogram'
[#1] INFO:Plotting -- RooAbsPdf::plotOn(signal) p.d.f. curve is normalized using explicit choice of ranges 'fit_nll_signal_signalHistogram'
[#1] INFO:NumericIntegration -- RooRealIntegral::init(signal_Int[x]) using numeric integrator RooIntegrator1D to calculate Int(x)
[#1] INFO:NumericIntegration -- RooRealIntegral::init(signal_Int[x|fit_nll_signal_signalHistogram]_Norm[x]) using numeric integrator RooIntegrator1D to calculate Int(x)
[#1] INFO:DataHandling -- RooDataHist::adjustBinning(signalHistogram): fit range of variable x expanded to nearest bin boundaries: [750,1250] --> [750,1250]
[#0] WARNING:InputArguments -- RooAbsPdf::fitTo(signal) WARNING: a likelihood fit is request of what appears to be weighted data. 
       While the estimated values of the parameters will always be calculated taking the weights into account, 
       there are multiple ways to estimate the errors on these parameter values. You are advised to make an 
       explicit choice on the error calculation: 
           - Either provide SumW2Error(kTRUE), to calculate a sum-of-weights corrected HESSE error matrix 
             (error will be proportional to the number of events)
           - Or provide SumW2Error(kFALSE), to return errors from original HESSE error matrix
             (which will be proportional to the sum of the weights)
       If you want the errors to reflect the information contained in the provided dataset, choose kTRUE. 
       If you want the errors to reflect the precision you would be able to obtain with an unweighted dataset 
       with 'sum-of-weights' events, choose kFALSE.
[#1] INFO:Eval -- RooRealVar::setRange(x) new range named 'fit' created with bounds [850,1150]
[#1] INFO:Fitting -- RooAbsOptTestStatistic::ctor(nll_signal_signalHistogram) constructing test statistic for sub-range named fit
[#1] INFO:Eval -- RooRealVar::setRange(x) new range named 'NormalizationRangeForfit' created with bounds [750,1250]
[#1] INFO:Eval -- RooRealVar::setRange(x) new range named 'fit_nll_signal_signalHistogram' created with bounds [850,1150]
[#1] INFO:Fitting -- RooAbsOptTestStatistic::ctor(nll_signal_signalHistogram) fixing interpretation of coefficients of any RooAddPdf to full domain of observables 
[#1] INFO:NumericIntegration -- RooRealIntegral::init(signal_Int[x]) using numeric integrator RooIntegrator1D to calculate Int(x)
[#1] INFO:Minization -- RooMinuit::optimizeConst: activating const optimization
 **********
 **   13 **MIGRAD        2000           1
 **********
 FIRST CALL TO USER FUNCTION AT NEW START POINT, WITH IFLAG=4.
 START MIGRAD MINIMIZATION.  STRATEGY  1.  CONVERGENCE WHEN EDM .LT. 1.00e-03
 FCN=23747 FROM MIGRAD    STATUS=INITIATE       58 CALLS          59 TOTAL
                     EDM= unknown      STRATEGY= 1      NO ERROR MATRIX       
  EXT PARAMETER               CURRENT GUESS       STEP         FIRST   
  NO.   NAME      VALUE            ERROR          SIZE      DERIVATIVE 
   1  sg_p0        1.01500e+03   7.00000e+00   0.00000e+00   1.99056e+02
   2  sg_p1        3.25000e+01   1.50000e+00   0.00000e+00  -1.60594e+02
   3  sg_p2        9.21832e-01   5.00000e-01   0.00000e+00   1.22069e+02
   4  sg_p3        1.41673e+00   7.00000e-01  -6.37540e-01   4.87774e+02
                               ERR DEF= 0.5
 MIGRAD MINIMIZATION HAS CONVERGED.
 MIGRAD WILL VERIFY CONVERGENCE AND ERROR MATRIX.
 COVARIANCE MATRIX CALCULATED SUCCESSFULLY
 FCN=23690.5 FROM MIGRAD    STATUS=CONVERGED     248 CALLS         249 TOTAL
                     EDM=7.40636e-05    STRATEGY= 1      ERROR MATRIX ACCURATE 
  EXT PARAMETER                                   STEP         FIRST   
  NO.   NAME      VALUE            ERROR          SIZE      DERIVATIVE 
   1  sg_p0        1.01658e+03   8.13144e-01   2.06376e-03  -3.76416e-01
   2  sg_p1        4.00000e+01   4.68280e-01   3.89370e-02** at limit **
   3  sg_p2        1.22240e+00   5.07108e-02   2.32615e-03   2.98325e-01
   4  sg_p3        1.49206e+00   7.79105e-02   2.55089e-03  -7.56703e-02
                               ERR DEF= 0.5
 EXTERNAL ERROR MATRIX.    NDIM=  25    NPAR=  4    ERR DEF=0.5
  6.613e-01  1.056e-05  1.493e-02 -2.862e-02 
  1.056e-05  1.856e-06 -2.776e-06 -7.148e-06 
  1.493e-02 -2.776e-06  2.572e-03 -4.218e-04 
 -2.862e-02 -7.148e-06 -4.218e-04  6.072e-03 
 PARAMETER  CORRELATION COEFFICIENTS  
       NO.  GLOBAL      1      2      3      4
        1  0.55096   1.000  0.010  0.362 -0.452
        2  0.08279   0.010  1.000 -0.040 -0.067
        3  0.36961   0.362 -0.040  1.000 -0.107
        4  0.45964  -0.452 -0.067 -0.107  1.000
 **********
 **   18 **HESSE        2000
 **********
 COVARIANCE MATRIX CALCULATED SUCCESSFULLY
 FCN=23690.5 FROM HESSE     STATUS=OK             23 CALLS         272 TOTAL
                     EDM=7.50694e-05    STRATEGY= 1      ERROR MATRIX ACCURATE 
  EXT PARAMETER                                INTERNAL      INTERNAL  
  NO.   NAME      VALUE            ERROR       STEP SIZE       VALUE   
   1  sg_p0        1.01658e+03   8.10249e-01   4.12751e-04   4.50469e-02
   2  sg_p1        4.00000e+01   4.69104e-01   7.78740e-03   1.57131e+00
                                 WARNING -   - ABOVE PARAMETER IS AT LIMIT.
   3  sg_p2        1.22240e+00   5.04194e-02   4.65229e-04  -5.36395e-01
   4  sg_p3        1.49206e+00   7.77461e-02   1.02036e-04  -6.11014e-01
                               ERR DEF= 0.5
 EXTERNAL ERROR MATRIX.    NDIM=  25    NPAR=  4    ERR DEF=0.5
  6.566e-01  2.550e-06  1.440e-02 -2.848e-02 
  2.550e-06  1.859e-06 -6.023e-07 -1.591e-06 
  1.440e-02 -6.023e-07  2.543e-03 -4.084e-04 
 -2.848e-02 -1.591e-06 -4.084e-04  6.046e-03 
 PARAMETER  CORRELATION COEFFICIENTS  
       NO.  GLOBAL      1      2      3      4
        1  0.54642   1.000  0.002  0.353 -0.452
        2  0.01831   0.002  1.000 -0.009 -0.015
        3  0.35800   0.353 -0.009  1.000 -0.104
        4  0.45596  -0.452 -0.015 -0.104  1.000
[#1] INFO:Minization -- RooMinuit::optimizeConst: deactivating const optimization
1000
1016.58 +- 0.810249
40 +- 0.469104
[#1] INFO:InputArguments -- RooAbsData::plotOn(signalHistogram) INFO: dataset has non-integer weights, auto-selecting SumW2 errors instead of Poisson errors
[#1] INFO:Plotting -- RooAbsPdf::plotOn(signal) p.d.f was fitted in range and no explicit plot,norm range was specified, using fit range as default
[#1] INFO:Plotting -- RooAbsPdf::plotOn(signal) only plotting range 'fit_nll_signal_signalHistogram'
[#1] INFO:Plotting -- RooAbsPdf::plotOn(signal) p.d.f. curve is normalized using explicit choice of ranges 'fit_nll_signal_signalHistogram'
[#1] INFO:NumericIntegration -- RooRealIntegral::init(signal_Int[x]) using numeric integrator RooIntegrator1D to calculate Int(x)
[#1] INFO:NumericIntegration -- RooRealIntegral::init(signal_Int[x|fit_nll_signal_signalHistogram]_Norm[x]) using numeric integrator RooIntegrator1D to calculate Int(x)
[#1] INFO:ObjectHandling -- RooWorkspace::import(HbbHbb) importing ExpGaussExp::signal_fixed
[#1] INFO:ObjectHandling -- RooWorkspace::import(HbbHbb) importing RooRealVar::x
[#1] INFO:ObjectHandling -- RooWorkspace::import(HbbHbb) importing RooRealVar::signal_p0
[#1] INFO:ObjectHandling -- RooWorkspace::import(HbbHbb) importing RooRealVar::signal_p1
[#1] INFO:ObjectHandling -- RooWorkspace::import(HbbHbb) importing RooRealVar::signal_p2
[#1] INFO:ObjectHandling -- RooWorkspace::import(HbbHbb) importing RooRealVar::signal_p3
 fit done 
[#1] INFO:DataHandling -- RooDataHist::adjustBinning(signalHistogram): fit range of variable x expanded to nearest bin boundaries: [750,1250] --> [750,1250]
[#0] WARNING:InputArguments -- RooAbsPdf::fitTo(signal) WARNING: a likelihood fit is request of what appears to be weighted data. 
       While the estimated values of the parameters will always be calculated taking the weights into account, 
       there are multiple ways to estimate the errors on these parameter values. You are advised to make an 
       explicit choice on the error calculation: 
           - Either provide SumW2Error(kTRUE), to calculate a sum-of-weights corrected HESSE error matrix 
             (error will be proportional to the number of events)
           - Or provide SumW2Error(kFALSE), to return errors from original HESSE error matrix
             (which will be proportional to the sum of the weights)
       If you want the errors to reflect the information contained in the provided dataset, choose kTRUE. 
       If you want the errors to reflect the precision you would be able to obtain with an unweighted dataset 
       with 'sum-of-weights' events, choose kFALSE.
[#1] INFO:Eval -- RooRealVar::setRange(x) new range named 'fit' created with bounds [850,1150]
[#1] INFO:Fitting -- RooAbsOptTestStatistic::ctor(nll_signal_signalHistogram) constructing test statistic for sub-range named fit
[#1] INFO:Eval -- RooRealVar::setRange(x) new range named 'NormalizationRangeForfit' created with bounds [750,1250]
[#1] INFO:Eval -- RooRealVar::setRange(x) new range named 'fit_nll_signal_signalHistogram' created with bounds [850,1150]
[#1] INFO:Fitting -- RooAbsOptTestStatistic::ctor(nll_signal_signalHistogram) fixing interpretation of coefficients of any RooAddPdf to full domain of observables 
[#1] INFO:NumericIntegration -- RooRealIntegral::init(signal_Int[x]) using numeric integrator RooIntegrator1D to calculate Int(x)
[#1] INFO:Minization -- RooMinuit::optimizeConst: activating const optimization
 **********
 **   13 **MIGRAD        2000           1
 **********
 FIRST CALL TO USER FUNCTION AT NEW START POINT, WITH IFLAG=4.
 START MIGRAD MINIMIZATION.  STRATEGY  1.  CONVERGENCE WHEN EDM .LT. 1.00e-03
 FCN=23321 FROM MIGRAD    STATUS=INITIATE       62 CALLS          63 TOTAL
                     EDM= unknown      STRATEGY= 1      NO ERROR MATRIX       
  EXT PARAMETER               CURRENT GUESS       STEP         FIRST   
  NO.   NAME      VALUE            ERROR          SIZE      DERIVATIVE 
   1  sg_p0        1.01500e+03   7.00000e+00   0.00000e+00  -2.15456e+02
   2  sg_p1        3.25000e+01   1.50000e+00   0.00000e+00   8.44246e+00
   3  sg_p2        8.58947e-01   5.00000e-01   0.00000e+00   1.85345e+02
   4  sg_p3        9.45698e-01   7.00000e-01  -8.18030e-01  -4.63007e+02
                               ERR DEF= 0.5
 MIGRAD MINIMIZATION HAS CONVERGED.
 MIGRAD WILL VERIFY CONVERGENCE AND ERROR MATRIX.
 COVARIANCE MATRIX CALCULATED SUCCESSFULLY
 FCN=23288 FROM HESSE     STATUS=OK             25 CALLS         397 TOTAL
                     EDM=0.00260498    STRATEGY= 1      ERROR MATRIX ACCURATE 
  EXT PARAMETER                                   STEP         FIRST   
  NO.   NAME      VALUE            ERROR          SIZE      DERIVATIVE 
   1  sg_p0        1.01832e+03   7.86712e-01   2.07176e-03   2.20958e+00
   2  sg_p1        3.99993e+01   1.77184e+00   7.04451e-02  -2.46019e-02
   3  sg_p2        1.21002e+00   5.23460e-02   1.24212e-03  -3.03189e+00
   4  sg_p3        1.46453e+00   6.41490e-02   2.20715e-03   4.63062e-01
                               ERR DEF= 0.5
 MIGRAD MINIMIZATION HAS CONVERGED.
 FCN=23288 FROM MIGRAD    STATUS=CONVERGED     405 CALLS         406 TOTAL
                     EDM=3.27684e-05    STRATEGY= 1  ERROR MATRIX UNCERTAINTY   0.7 per cent
  EXT PARAMETER                                   STEP         FIRST   
  NO.   NAME      VALUE            ERROR          SIZE      DERIVATIVE 
   1  sg_p0        1.01831e+03   7.85112e-01  -4.32924e-04  -2.09259e-02
   2  sg_p1        3.99999e+01   1.83061e+00   8.35977e-03  -1.12946e-02
   3  sg_p2        1.21288e+00   5.27607e-02   1.33598e-03  -8.93872e-02
   4  sg_p3        1.46454e+00   6.41540e-02   6.09141e-06  -1.12247e-01
                               ERR DEF= 0.5
 EXTERNAL ERROR MATRIX.    NDIM=  25    NPAR=  4    ERR DEF=0.5
  6.165e-01 -9.032e-04  1.537e-02 -1.778e-02 
 -9.032e-04  7.440e-04 -2.479e-05 -1.812e-04 
  1.537e-02 -2.479e-05  2.784e-03 -1.646e-04 
 -1.778e-02 -1.812e-04 -1.646e-04  4.116e-03 
 PARAMETER  CORRELATION COEFFICIENTS  
       NO.  GLOBAL      1      2      3      4
        1  0.50511   1.000 -0.042  0.371 -0.353
        2  0.13383  -0.042  1.000 -0.017 -0.104
        3  0.38141   0.371 -0.017  1.000 -0.049
        4  0.38267  -0.353 -0.104 -0.049  1.000
 **********
 **   18 **HESSE        2000
 **********
 COVARIANCE MATRIX CALCULATED SUCCESSFULLY
 FCN=23288 FROM HESSE     STATUS=OK             27 CALLS         433 TOTAL
                     EDM=6.045e-05    STRATEGY= 1      ERROR MATRIX ACCURATE 
  EXT PARAMETER                                INTERNAL      INTERNAL  
  NO.   NAME      VALUE            ERROR       STEP SIZE       VALUE   
   1  sg_p0        1.01831e+03   7.86243e-01   2.07195e-03   9.46567e-02
   2  sg_p1        3.99999e+01   1.65716e+00   2.81780e-02   1.56570e+00
   3  sg_p2        1.21288e+00   5.23867e-02   2.37732e-03  -5.40830e-01
   4  sg_p3        1.46454e+00   6.37794e-02   2.20581e-03  -6.20643e-01
                               ERR DEF= 0.5
 EXTERNAL ERROR MATRIX.    NDIM=  25    NPAR=  4    ERR DEF=0.5
  6.183e-01 -1.323e-04  1.524e-02 -1.755e-02 
 -1.323e-04  6.707e-04 -5.377e-05 -7.207e-05 
  1.524e-02 -5.377e-05  2.745e-03 -2.465e-04 
 -1.755e-02 -7.207e-05 -2.465e-04  4.068e-03 
 PARAMETER  CORRELATION COEFFICIENTS  
       NO.  GLOBAL      1      2      3      4
        1  0.49151   1.000 -0.006  0.370 -0.350
        2  0.06175  -0.006  1.000 -0.040 -0.044
        3  0.37636   0.370 -0.040  1.000 -0.074
        4  0.35760  -0.350 -0.044 -0.074  1.000
[#1] INFO:Minization -- RooMinuit::optimizeConst: deactivating const optimization
1000
1018.31 +- 0.786243
39.9999 +- 1.65716
[#1] INFO:InputArguments -- RooAbsData::plotOn(signalHistogram) INFO: dataset has non-integer weights, auto-selecting SumW2 errors instead of Poisson errors
[#1] INFO:Plotting -- RooAbsPdf::plotOn(signal) p.d.f was fitted in range and no explicit plot,norm range was specified, using fit range as default
[#1] INFO:Plotting -- RooAbsPdf::plotOn(signal) only plotting range 'fit_nll_signal_signalHistogram'
[#1] INFO:Plotting -- RooAbsPdf::plotOn(signal) p.d.f. curve is normalized using explicit choice of ranges 'fit_nll_signal_signalHistogram'
[#1] INFO:NumericIntegration -- RooRealIntegral::init(signal_Int[x]) using numeric integrator RooIntegrator1D to calculate Int(x)
[#1] INFO:NumericIntegration -- RooRealIntegral::init(signal_Int[x|fit_nll_signal_signalHistogram]_Norm[x]) using numeric integrator RooIntegrator1D to calculate Int(x)
[#1] INFO:DataHandling -- RooDataHist::adjustBinning(signalHistogram): fit range of variable x expanded to nearest bin boundaries: [750,1250] --> [750,1250]
[#0] WARNING:InputArguments -- RooAbsPdf::fitTo(signal) WARNING: a likelihood fit is request of what appears to be weighted data. 
       While the estimated values of the parameters will always be calculated taking the weights into account, 
       there are multiple ways to estimate the errors on these parameter values. You are advised to make an 
       explicit choice on the error calculation: 
           - Either provide SumW2Error(kTRUE), to calculate a sum-of-weights corrected HESSE error matrix 
             (error will be proportional to the number of events)
           - Or provide SumW2Error(kFALSE), to return errors from original HESSE error matrix
             (which will be proportional to the sum of the weights)
       If you want the errors to reflect the information contained in the provided dataset, choose kTRUE. 
       If you want the errors to reflect the precision you would be able to obtain with an unweighted dataset 
       with 'sum-of-weights' events, choose kFALSE.
[#1] INFO:Eval -- RooRealVar::setRange(x) new range named 'fit' created with bounds [850,1150]
[#1] INFO:Fitting -- RooAbsOptTestStatistic::ctor(nll_signal_signalHistogram) constructing test statistic for sub-range named fit
[#1] INFO:Eval -- RooRealVar::setRange(x) new range named 'NormalizationRangeForfit' created with bounds [750,1250]
[#1] INFO:Eval -- RooRealVar::setRange(x) new range named 'fit_nll_signal_signalHistogram' created with bounds [850,1150]
[#1] INFO:Fitting -- RooAbsOptTestStatistic::ctor(nll_signal_signalHistogram) fixing interpretation of coefficients of any RooAddPdf to full domain of observables 
[#1] INFO:NumericIntegration -- RooRealIntegral::init(signal_Int[x]) using numeric integrator RooIntegrator1D to calculate Int(x)
[#1] INFO:Minization -- RooMinuit::optimizeConst: activating const optimization
 **********
 **   13 **MIGRAD        2000           1
 **********
 FIRST CALL TO USER FUNCTION AT NEW START POINT, WITH IFLAG=4.
 START MIGRAD MINIMIZATION.  STRATEGY  1.  CONVERGENCE WHEN EDM .LT. 1.00e-03
 FCN=23875.8 FROM MIGRAD    STATUS=INITIATE       55 CALLS          56 TOTAL
                     EDM= unknown      STRATEGY= 1      NO ERROR MATRIX       
  EXT PARAMETER               CURRENT GUESS       STEP         FIRST   
  NO.   NAME      VALUE            ERROR          SIZE      DERIVATIVE 
   1  sg_p0        1.01500e+03   7.00000e+00   0.00000e+00   4.43398e+02
   2  sg_p1        3.25000e+01   1.50000e+00   0.00000e+00  -1.77680e+02
   3  sg_p2        9.21219e-01   5.00000e-01   0.00000e+00   7.52454e+00
   4  sg_p3        1.40649e+00   7.00000e-01  -6.41185e-01   5.95628e+02
                               ERR DEF= 0.5
 MIGRAD MINIMIZATION HAS CONVERGED.
 MIGRAD WILL VERIFY CONVERGENCE AND ERROR MATRIX.
 COVARIANCE MATRIX CALCULATED SUCCESSFULLY
 FCN=23798.4 FROM MIGRAD    STATUS=CONVERGED     217 CALLS         218 TOTAL
                     EDM=7.75608e-05    STRATEGY= 1      ERROR MATRIX ACCURATE 
  EXT PARAMETER                                   STEP         FIRST   
  NO.   NAME      VALUE            ERROR          SIZE      DERIVATIVE 
   1  sg_p0        1.01285e+03   8.33665e-01   2.07912e-03   1.70866e-02
   2  sg_p1        3.98091e+01   8.48923e-01   3.16082e-02  -1.03759e-02
   3  sg_p2        1.12381e+00   5.95622e-02   2.13485e-03   3.30200e-01
   4  sg_p3        1.54010e+00   8.22224e-02   2.41055e-03  -1.53820e-01
                               ERR DEF= 0.5
 EXTERNAL ERROR MATRIX.    NDIM=  25    NPAR=  4    ERR DEF=0.5
  6.951e-01  2.065e-01  2.518e-02 -6.574e-03 
  2.065e-01  6.697e-01  3.047e-02  3.584e-02 
  2.518e-02  3.047e-02  3.549e-03  1.365e-03 
 -6.574e-03  3.584e-02  1.365e-03  6.762e-03 
 PARAMETER  CORRELATION COEFFICIENTS  
       NO.  GLOBAL      1      2      3      4
        1  0.57532   1.000  0.303  0.507 -0.096
        2  0.73404   0.303  1.000  0.625  0.533
        3  0.70991   0.507  0.625  1.000  0.279
        4  0.59907  -0.096  0.533  0.279  1.000
 **********
 **   18 **HESSE        2000
 **********
 COVARIANCE MATRIX CALCULATED SUCCESSFULLY
 FCN=23798.4 FROM HESSE     STATUS=OK             23 CALLS         241 TOTAL
                     EDM=7.73708e-05    STRATEGY= 1      ERROR MATRIX ACCURATE 
  EXT PARAMETER                                INTERNAL      INTERNAL  
  NO.   NAME      VALUE            ERROR       STEP SIZE       VALUE   
   1  sg_p0        1.01285e+03   8.49657e-01   4.15824e-04  -6.14668e-02
   2  sg_p1        3.98091e+01   1.04461e+00   1.26433e-03   1.34471e+00
   3  sg_p2        1.12381e+00   6.43212e-02   4.26970e-04  -5.82935e-01
   4  sg_p3        1.54010e+00   8.72084e-02   9.64222e-05  -5.94353e-01
                               ERR DEF= 0.5
 EXTERNAL ERROR MATRIX.    NDIM=  25    NPAR=  4    ERR DEF=0.5
  7.221e-01  2.723e-01  2.914e-02 -1.973e-03 
  2.723e-01  8.279e-01  4.043e-02  4.780e-02 
  2.914e-02  4.043e-02  4.139e-03  2.068e-03 
 -1.973e-03  4.780e-02  2.068e-03  7.608e-03 
 PARAMETER  CORRELATION COEFFICIENTS  
       NO.  GLOBAL      1      2      3      4
        1  0.59661   1.000  0.352  0.533 -0.027
        2  0.79068   0.352  1.000  0.691  0.602
        3  0.75807   0.533  0.691  1.000  0.369
        4  0.65582  -0.027  0.602  0.369  1.000
[#1] INFO:Minization -- RooMinuit::optimizeConst: deactivating const optimization
1000
1012.85 +- 0.849657
39.8091 +- 1.04461
[#1] INFO:InputArguments -- RooAbsData::plotOn(signalHistogram) INFO: dataset has non-integer weights, auto-selecting SumW2 errors instead of Poisson errors
[#1] INFO:Plotting -- RooAbsPdf::plotOn(signal) p.d.f was fitted in range and no explicit plot,norm range was specified, using fit range as default
[#1] INFO:Plotting -- RooAbsPdf::plotOn(signal) only plotting range 'fit_nll_signal_signalHistogram'
[#1] INFO:Plotting -- RooAbsPdf::plotOn(signal) p.d.f. curve is normalized using explicit choice of ranges 'fit_nll_signal_signalHistogram'
[#1] INFO:NumericIntegration -- RooRealIntegral::init(signal_Int[x]) using numeric integrator RooIntegrator1D to calculate Int(x)
[#1] INFO:NumericIntegration -- RooRealIntegral::init(signal_Int[x|fit_nll_signal_signalHistogram]_Norm[x]) using numeric integrator RooIntegrator1D to calculate Int(x)
[#1] INFO:DataHandling -- RooDataHist::adjustBinning(signalHistogram): fit range of variable x expanded to nearest bin boundaries: [750,1250] --> [750,1250]
[#0] WARNING:InputArguments -- RooAbsPdf::fitTo(signal) WARNING: a likelihood fit is request of what appears to be weighted data. 
       While the estimated values of the parameters will always be calculated taking the weights into account, 
       there are multiple ways to estimate the errors on these parameter values. You are advised to make an 
       explicit choice on the error calculation: 
           - Either provide SumW2Error(kTRUE), to calculate a sum-of-weights corrected HESSE error matrix 
             (error will be proportional to the number of events)
           - Or provide SumW2Error(kFALSE), to return errors from original HESSE error matrix
             (which will be proportional to the sum of the weights)
       If you want the errors to reflect the information contained in the provided dataset, choose kTRUE. 
       If you want the errors to reflect the precision you would be able to obtain with an unweighted dataset 
       with 'sum-of-weights' events, choose kFALSE.
[#1] INFO:Eval -- RooRealVar::setRange(x) new range named 'fit' created with bounds [850,1150]
[#1] INFO:Fitting -- RooAbsOptTestStatistic::ctor(nll_signal_signalHistogram) constructing test statistic for sub-range named fit
[#1] INFO:Eval -- RooRealVar::setRange(x) new range named 'NormalizationRangeForfit' created with bounds [750,1250]
[#1] INFO:Eval -- RooRealVar::setRange(x) new range named 'fit_nll_signal_signalHistogram' created with bounds [850,1150]
[#1] INFO:Fitting -- RooAbsOptTestStatistic::ctor(nll_signal_signalHistogram) fixing interpretation of coefficients of any RooAddPdf to full domain of observables 
[#1] INFO:NumericIntegration -- RooRealIntegral::init(signal_Int[x]) using numeric integrator RooIntegrator1D to calculate Int(x)
[#1] INFO:Minization -- RooMinuit::optimizeConst: activating const optimization
 **********
 **   13 **MIGRAD        2000           1
 **********
 FIRST CALL TO USER FUNCTION AT NEW START POINT, WITH IFLAG=4.
 START MIGRAD MINIMIZATION.  STRATEGY  1.  CONVERGENCE WHEN EDM .LT. 1.00e-03
 FCN=23239.4 FROM MIGRAD    STATUS=INITIATE       64 CALLS          65 TOTAL
                     EDM= unknown      STRATEGY= 1      NO ERROR MATRIX       
  EXT PARAMETER               CURRENT GUESS       STEP         FIRST   
  NO.   NAME      VALUE            ERROR          SIZE      DERIVATIVE 
   1  sg_p0        1.01500e+03   7.00000e+00   0.00000e+00  -1.27750e+02
   2  sg_p1        3.25000e+01   1.50000e+00   0.00000e+00   1.26948e-01
   3  sg_p2        8.74738e-01   5.00000e-01   0.00000e+00   1.80702e+02
   4  sg_p3        9.26595e-01   7.00000e-01  -8.26048e-01  -4.27618e+02
                               ERR DEF= 0.5
 MIGRAD MINIMIZATION HAS CONVERGED.
 MIGRAD WILL VERIFY CONVERGENCE AND ERROR MATRIX.
 COVARIANCE MATRIX CALCULATED SUCCESSFULLY
 FCN=23209.7 FROM MIGRAD    STATUS=CONVERGED     237 CALLS         238 TOTAL
                     EDM=0.00014251    STRATEGY= 1      ERROR MATRIX ACCURATE 
  EXT PARAMETER                                   STEP         FIRST   
  NO.   NAME      VALUE            ERROR          SIZE      DERIVATIVE 
   1  sg_p0        1.01577e+03   8.64818e-01   2.10463e-03   2.40523e-01
   2  sg_p1        3.99999e+01   1.00303e+00   5.37328e-02  -1.94869e-02
   3  sg_p2        1.13318e+00   5.62974e-02   2.39200e-03  -5.76330e-02
   4  sg_p3        1.52247e+00   6.86424e-02   2.34430e-03   1.64373e-01
                               ERR DEF= 0.5
 EXTERNAL ERROR MATRIX.    NDIM=  25    NPAR=  4    ERR DEF=0.5
  7.481e-01 -1.096e-03  2.562e-02 -1.857e-02 
 -1.096e-03  4.530e-04 -1.315e-04 -8.807e-05 
  2.562e-02 -1.315e-04  3.170e-03 -3.976e-04 
 -1.857e-02 -8.807e-05 -3.976e-04  4.713e-03 
 PARAMETER  CORRELATION COEFFICIENTS  
       NO.  GLOBAL      1      2      3      4
        1  0.58719   1.000 -0.060  0.526 -0.313
        2  0.13360  -0.060  1.000 -0.110 -0.060
        3  0.53513   0.526 -0.110  1.000 -0.103
        4  0.32913  -0.313 -0.060 -0.103  1.000
 **********
 **   18 **HESSE        2000
 **********
 COVARIANCE MATRIX CALCULATED SUCCESSFULLY
 FCN=23209.7 FROM HESSE     STATUS=OK             29 CALLS         267 TOTAL
                     EDM=0.000133982    STRATEGY= 1      ERROR MATRIX ACCURATE 
  EXT PARAMETER                                INTERNAL      INTERNAL  
  NO.   NAME      VALUE            ERROR       STEP SIZE       VALUE   
   1  sg_p0        1.01577e+03   8.73102e-01   4.20925e-04   2.20882e-02
   2  sg_p1        3.99999e+01   1.01940e+00   2.14931e-03   1.56537e+00
   3  sg_p2        1.13318e+00   5.62622e-02   9.56802e-05  -5.78450e-01
   4  sg_p3        1.52247e+00   7.21948e-02   7.98704e-02  -6.00445e-01
                               ERR DEF= 0.5
 EXTERNAL ERROR MATRIX.    NDIM=  25    NPAR=  4    ERR DEF=0.5
  7.625e-01  2.144e-04  2.611e-02 -2.173e-02 
  2.144e-04  4.606e-04  2.659e-05  2.032e-05 
  2.611e-02  2.659e-05  3.166e-03 -5.636e-04 
 -2.173e-02  2.032e-05 -5.636e-04  5.213e-03 
 PARAMETER  CORRELATION COEFFICIENTS  
       NO.  GLOBAL      1      2      3      4
        1  0.59764   1.000  0.011  0.531 -0.345
        2  0.02791   0.011  1.000  0.022  0.013
        3  0.53363   0.531  0.022  1.000 -0.139
        4  0.34900  -0.345  0.013 -0.139  1.000
[#1] INFO:Minization -- RooMinuit::optimizeConst: deactivating const optimization
1000
1015.77 +- 0.873102
39.9999 +- 1.0194
[#1] INFO:InputArguments -- RooAbsData::plotOn(signalHistogram) INFO: dataset has non-integer weights, auto-selecting SumW2 errors instead of Poisson errors
[#1] INFO:Plotting -- RooAbsPdf::plotOn(signal) p.d.f was fitted in range and no explicit plot,norm range was specified, using fit range as default
[#1] INFO:Plotting -- RooAbsPdf::plotOn(signal) only plotting range 'fit_nll_signal_signalHistogram'
[#1] INFO:Plotting -- RooAbsPdf::plotOn(signal) p.d.f. curve is normalized using explicit choice of ranges 'fit_nll_signal_signalHistogram'
[#1] INFO:NumericIntegration -- RooRealIntegral::init(signal_Int[x]) using numeric integrator RooIntegrator1D to calculate Int(x)
[#1] INFO:NumericIntegration -- RooRealIntegral::init(signal_Int[x|fit_nll_signal_signalHistogram]_Norm[x]) using numeric integrator RooIntegrator1D to calculate Int(x)
[#1] INFO:DataHandling -- RooDataHist::adjustBinning(signalHistogram): fit range of variable x expanded to nearest bin boundaries: [750,1250] --> [750,1250]
[#0] WARNING:InputArguments -- RooAbsPdf::fitTo(signal) WARNING: a likelihood fit is request of what appears to be weighted data. 
       While the estimated values of the parameters will always be calculated taking the weights into account, 
       there are multiple ways to estimate the errors on these parameter values. You are advised to make an 
       explicit choice on the error calculation: 
           - Either provide SumW2Error(kTRUE), to calculate a sum-of-weights corrected HESSE error matrix 
             (error will be proportional to the number of events)
           - Or provide SumW2Error(kFALSE), to return errors from original HESSE error matrix
             (which will be proportional to the sum of the weights)
       If you want the errors to reflect the information contained in the provided dataset, choose kTRUE. 
       If you want the errors to reflect the precision you would be able to obtain with an unweighted dataset 
       with 'sum-of-weights' events, choose kFALSE.
[#1] INFO:Eval -- RooRealVar::setRange(x) new range named 'fit' created with bounds [850,1150]
[#1] INFO:Fitting -- RooAbsOptTestStatistic::ctor(nll_signal_signalHistogram) constructing test statistic for sub-range named fit
[#1] INFO:Eval -- RooRealVar::setRange(x) new range named 'NormalizationRangeForfit' created with bounds [750,1250]
[#1] INFO:Eval -- RooRealVar::setRange(x) new range named 'fit_nll_signal_signalHistogram' created with bounds [850,1150]
[#1] INFO:Fitting -- RooAbsOptTestStatistic::ctor(nll_signal_signalHistogram) fixing interpretation of coefficients of any RooAddPdf to full domain of observables 
[#1] INFO:NumericIntegration -- RooRealIntegral::init(signal_Int[x]) using numeric integrator RooIntegrator1D to calculate Int(x)
[#1] INFO:Minization -- RooMinuit::optimizeConst: activating const optimization
 **********
 **   13 **MIGRAD        2000           1
 **********
 FIRST CALL TO USER FUNCTION AT NEW START POINT, WITH IFLAG=4.
 START MIGRAD MINIMIZATION.  STRATEGY  1.  CONVERGENCE WHEN EDM .LT. 1.00e-03
 FCN=23904.2 FROM MIGRAD    STATUS=INITIATE       63 CALLS          64 TOTAL
                     EDM= unknown      STRATEGY= 1      NO ERROR MATRIX       
  EXT PARAMETER               CURRENT GUESS       STEP         FIRST   
  NO.   NAME      VALUE            ERROR          SIZE      DERIVATIVE 
   1  sg_p0        1.01500e+03   7.00000e+00   0.00000e+00  -1.58334e+02
   2  sg_p1        3.25000e+01   1.50000e+00   0.00000e+00  -6.45414e+00
   3  sg_p2        9.40575e-01   5.00000e-01   0.00000e+00   2.02619e+02
   4  sg_p3        9.50207e-01   7.00000e-01  -8.16148e-01  -4.42963e+02
                               ERR DEF= 0.5
 MIGRAD MINIMIZATION HAS CONVERGED.
 MIGRAD WILL VERIFY CONVERGENCE AND ERROR MATRIX.
 COVARIANCE MATRIX CALCULATED SUCCESSFULLY
 FCN=23871.3 FROM MIGRAD    STATUS=CONVERGED     250 CALLS         251 TOTAL
                     EDM=1.36548e-05    STRATEGY= 1      ERROR MATRIX ACCURATE 
  EXT PARAMETER                                   STEP         FIRST   
  NO.   NAME      VALUE            ERROR          SIZE      DERIVATIVE 
   1  sg_p0        1.01639e+03   7.28586e-01   2.01823e-03  -1.76359e-02
   2  sg_p1        4.00000e+01   7.49353e-01   4.69202e-02  -5.91552e-03
   3  sg_p2        1.26989e+00   5.63661e-02   2.54093e-03   8.80770e-02
   4  sg_p3        1.53945e+00   6.56083e-02   2.27702e-03  -7.24550e-02
                               ERR DEF= 0.5
 EXTERNAL ERROR MATRIX.    NDIM=  25    NPAR=  4    ERR DEF=0.5
  5.309e-01 -7.297e-05  1.348e-02 -1.019e-02 
 -7.297e-05  1.681e-05 -1.973e-05 -2.021e-05 
  1.348e-02 -1.973e-05  3.178e-03  5.005e-04 
 -1.019e-02 -2.021e-05  5.005e-04  4.305e-03 
 PARAMETER  CORRELATION COEFFICIENTS  
       NO.  GLOBAL      1      2      3      4
        1  0.41880   1.000 -0.024  0.328 -0.213
        2  0.10777  -0.024  1.000 -0.085 -0.075
        3  0.39425   0.328 -0.085  1.000  0.135
        4  0.31076  -0.213 -0.075  0.135  1.000
 **********
 **   18 **HESSE        2000
 **********
 COVARIANCE MATRIX CALCULATED SUCCESSFULLY
 FCN=23871.3 FROM HESSE     STATUS=OK             23 CALLS         274 TOTAL
                     EDM=1.44816e-05    STRATEGY= 1      ERROR MATRIX ACCURATE 
  EXT PARAMETER                                INTERNAL      INTERNAL  
  NO.   NAME      VALUE            ERROR       STEP SIZE       VALUE   
   1  sg_p0        1.01639e+03   7.40109e-01   4.03646e-04   3.97032e-02
   2  sg_p1        4.00000e+01   7.56384e-01   9.38403e-03   1.56958e+00
   3  sg_p2        1.26989e+00   5.58118e-02   1.01637e-04  -5.14435e-01
   4  sg_p3        1.53945e+00   6.43105e-02   9.10809e-05  -5.94577e-01
                               ERR DEF= 0.5
 EXTERNAL ERROR MATRIX.    NDIM=  25    NPAR=  4    ERR DEF=0.5
  5.478e-01 -1.128e-05  1.525e-02 -1.306e-02 
 -1.128e-05  1.697e-05 -2.641e-06 -2.503e-06 
  1.525e-02 -2.641e-06  3.116e-03 -1.984e-04 
 -1.306e-02 -2.503e-06 -1.984e-04  4.137e-03 
 PARAMETER  CORRELATION COEFFICIENTS  
       NO.  GLOBAL      1      2      3      4
        1  0.44819   1.000 -0.004  0.369 -0.274
        2  0.01546  -0.004  1.000 -0.011 -0.009
        3  0.37224   0.369 -0.011  1.000 -0.055
        4  0.27895  -0.274 -0.009 -0.055  1.000
[#1] INFO:Minization -- RooMinuit::optimizeConst: deactivating const optimization
1000
1016.39 +- 0.740109
40 +- 0.756384
[#1] INFO:InputArguments -- RooAbsData::plotOn(signalHistogram) INFO: dataset has non-integer weights, auto-selecting SumW2 errors instead of Poisson errors
[#1] INFO:Plotting -- RooAbsPdf::plotOn(signal) p.d.f was fitted in range and no explicit plot,norm range was specified, using fit range as default
[#1] INFO:Plotting -- RooAbsPdf::plotOn(signal) only plotting range 'fit_nll_signal_signalHistogram'
[#1] INFO:Plotting -- RooAbsPdf::plotOn(signal) p.d.f. curve is normalized using explicit choice of ranges 'fit_nll_signal_signalHistogram'
[#1] INFO:NumericIntegration -- RooRealIntegral::init(signal_Int[x]) using numeric integrator RooIntegrator1D to calculate Int(x)
[#1] INFO:NumericIntegration -- RooRealIntegral::init(signal_Int[x|fit_nll_signal_signalHistogram]_Norm[x]) using numeric integrator RooIntegrator1D to calculate Int(x)
[#1] INFO:DataHandling -- RooDataHist::adjustBinning(signalHistogram): fit range of variable x expanded to nearest bin boundaries: [750,1250] --> [750,1250]
[#0] WARNING:InputArguments -- RooAbsPdf::fitTo(signal) WARNING: a likelihood fit is request of what appears to be weighted data. 
       While the estimated values of the parameters will always be calculated taking the weights into account, 
       there are multiple ways to estimate the errors on these parameter values. You are advised to make an 
       explicit choice on the error calculation: 
           - Either provide SumW2Error(kTRUE), to calculate a sum-of-weights corrected HESSE error matrix 
             (error will be proportional to the number of events)
           - Or provide SumW2Error(kFALSE), to return errors from original HESSE error matrix
             (which will be proportional to the sum of the weights)
       If you want the errors to reflect the information contained in the provided dataset, choose kTRUE. 
       If you want the errors to reflect the precision you would be able to obtain with an unweighted dataset 
       with 'sum-of-weights' events, choose kFALSE.
[#1] INFO:Eval -- RooRealVar::setRange(x) new range named 'fit' created with bounds [850,1150]
[#1] INFO:Fitting -- RooAbsOptTestStatistic::ctor(nll_signal_signalHistogram) constructing test statistic for sub-range named fit
[#1] INFO:Eval -- RooRealVar::setRange(x) new range named 'NormalizationRangeForfit' created with bounds [750,1250]
[#1] INFO:Eval -- RooRealVar::setRange(x) new range named 'fit_nll_signal_signalHistogram' created with bounds [850,1150]
[#1] INFO:Fitting -- RooAbsOptTestStatistic::ctor(nll_signal_signalHistogram) fixing interpretation of coefficients of any RooAddPdf to full domain of observables 
[#1] INFO:NumericIntegration -- RooRealIntegral::init(signal_Int[x]) using numeric integrator RooIntegrator1D to calculate Int(x)
[#1] INFO:Minization -- RooMinuit::optimizeConst: activating const optimization
 **********
 **   13 **MIGRAD        2000           1
 **********
 FIRST CALL TO USER FUNCTION AT NEW START POINT, WITH IFLAG=4.
 START MIGRAD MINIMIZATION.  STRATEGY  1.  CONVERGENCE WHEN EDM .LT. 1.00e-03
 FCN=16426.3 FROM MIGRAD    STATUS=INITIATE       52 CALLS          53 TOTAL
                     EDM= unknown      STRATEGY= 1      NO ERROR MATRIX       
  EXT PARAMETER               CURRENT GUESS       STEP         FIRST   
  NO.   NAME      VALUE            ERROR          SIZE      DERIVATIVE 
   1  sg_p0        1.01500e+03   7.00000e+00   0.00000e+00   2.76971e+02
   2  sg_p1        3.25000e+01   1.50000e+00   0.00000e+00  -7.40412e+01
   3  sg_p2        7.53407e-01   5.00000e-01   0.00000e+00  -2.61313e+02
   4  sg_p3        1.41708e+00   7.00000e-01  -6.37416e-01   3.61680e+02
                               ERR DEF= 0.5
 MIGRAD MINIMIZATION HAS CONVERGED.
 MIGRAD WILL VERIFY CONVERGENCE AND ERROR MATRIX.
 COVARIANCE MATRIX CALCULATED SUCCESSFULLY
 FCN=16380.4 FROM MIGRAD    STATUS=CONVERGED     204 CALLS         205 TOTAL
                     EDM=1.2739e-05    STRATEGY= 1      ERROR MATRIX ACCURATE 
  EXT PARAMETER                                   STEP         FIRST   
  NO.   NAME      VALUE            ERROR          SIZE      DERIVATIVE 
   1  sg_p0        1.01657e+03   9.77555e-01   2.06312e-03  -3.61028e-03
   2  sg_p1        4.00000e+01   6.78180e-01   3.73477e-02  -7.76696e-03
   3  sg_p2        1.22238e+00   6.09231e-02   2.33024e-03  -3.84112e-02
   4  sg_p3        1.49153e+00   9.35612e-02   2.57411e-03  -3.75876e-02
                               ERR DEF= 0.5
 EXTERNAL ERROR MATRIX.    NDIM=  25    NPAR=  4    ERR DEF=0.5
  9.559e-01  3.743e-05  2.152e-02 -4.133e-02 
  3.743e-05  2.111e-05 -9.720e-06 -2.510e-05 
  2.152e-02 -9.720e-06  3.713e-03 -6.103e-04 
 -4.133e-02 -2.510e-05 -6.103e-04  8.757e-03 
 PARAMETER  CORRELATION COEFFICIENTS  
       NO.  GLOBAL      1      2      3      4
        1  0.55051   1.000  0.008  0.361 -0.452
        2  0.07170   0.008  1.000 -0.035 -0.058
        3  0.36817   0.361 -0.035  1.000 -0.107
        4  0.45868  -0.452 -0.058 -0.107  1.000
 **********
 **   18 **HESSE        2000
 **********
 COVARIANCE MATRIX CALCULATED SUCCESSFULLY
 FCN=16380.4 FROM HESSE     STATUS=OK             23 CALLS         228 TOTAL
                     EDM=1.33694e-05    STRATEGY= 1      ERROR MATRIX ACCURATE 
  EXT PARAMETER                                INTERNAL      INTERNAL  
  NO.   NAME      VALUE            ERROR       STEP SIZE       VALUE   
   1  sg_p0        1.01657e+03   9.74476e-01   4.12624e-04   4.48931e-02
   2  sg_p1        4.00000e+01   6.79952e-01   7.46954e-03   1.56937e+00
   3  sg_p2        1.22238e+00   6.06205e-02   9.32097e-05  -5.36402e-01
   4  sg_p3        1.49153e+00   9.34142e-02   1.02965e-04  -6.11196e-01
                               ERR DEF= 0.5
 EXTERNAL ERROR MATRIX.    NDIM=  25    NPAR=  4    ERR DEF=0.5
  9.499e-01  5.447e-06  2.083e-02 -4.116e-02 
  5.447e-06  2.117e-05 -1.283e-06 -3.388e-06 
  2.083e-02 -1.283e-06  3.676e-03 -5.904e-04 
 -4.116e-02 -3.388e-06 -5.904e-04  8.729e-03 
 PARAMETER  CORRELATION COEFFICIENTS  
       NO.  GLOBAL      1      2      3      4
        1  0.54649   1.000  0.001  0.353 -0.452
        2  0.00962   0.001  1.000 -0.005 -0.008
        3  0.35791   0.353 -0.005  1.000 -0.104
        4  0.45594  -0.452 -0.008 -0.104  1.000
[#1] INFO:Minization -- RooMinuit::optimizeConst: deactivating const optimization
1000
1016.57 +- 0.974476
40 +- 0.679952
[#1] INFO:InputArguments -- RooAbsData::plotOn(signalHistogram) INFO: dataset has non-integer weights, auto-selecting SumW2 errors instead of Poisson errors
[#1] INFO:Plotting -- RooAbsPdf::plotOn(signal) p.d.f was fitted in range and no explicit plot,norm range was specified, using fit range as default
[#1] INFO:Plotting -- RooAbsPdf::plotOn(signal) only plotting range 'fit_nll_signal_signalHistogram'
[#1] INFO:Plotting -- RooAbsPdf::plotOn(signal) p.d.f. curve is normalized using explicit choice of ranges 'fit_nll_signal_signalHistogram'
[#1] INFO:NumericIntegration -- RooRealIntegral::init(signal_Int[x]) using numeric integrator RooIntegrator1D to calculate Int(x)
[#1] INFO:NumericIntegration -- RooRealIntegral::init(signal_Int[x|fit_nll_signal_signalHistogram]_Norm[x]) using numeric integrator RooIntegrator1D to calculate Int(x)
[#1] INFO:DataHandling -- RooDataHist::adjustBinning(signalHistogram): fit range of variable x expanded to nearest bin boundaries: [750,1250] --> [750,1250]
[#0] WARNING:InputArguments -- RooAbsPdf::fitTo(signal) WARNING: a likelihood fit is request of what appears to be weighted data. 
       While the estimated values of the parameters will always be calculated taking the weights into account, 
       there are multiple ways to estimate the errors on these parameter values. You are advised to make an 
       explicit choice on the error calculation: 
           - Either provide SumW2Error(kTRUE), to calculate a sum-of-weights corrected HESSE error matrix 
             (error will be proportional to the number of events)
           - Or provide SumW2Error(kFALSE), to return errors from original HESSE error matrix
             (which will be proportional to the sum of the weights)
       If you want the errors to reflect the information contained in the provided dataset, choose kTRUE. 
       If you want the errors to reflect the precision you would be able to obtain with an unweighted dataset 
       with 'sum-of-weights' events, choose kFALSE.
[#1] INFO:Eval -- RooRealVar::setRange(x) new range named 'fit' created with bounds [850,1150]
[#1] INFO:Fitting -- RooAbsOptTestStatistic::ctor(nll_signal_signalHistogram) constructing test statistic for sub-range named fit
[#1] INFO:Eval -- RooRealVar::setRange(x) new range named 'NormalizationRangeForfit' created with bounds [750,1250]
[#1] INFO:Eval -- RooRealVar::setRange(x) new range named 'fit_nll_signal_signalHistogram' created with bounds [850,1150]
[#1] INFO:Fitting -- RooAbsOptTestStatistic::ctor(nll_signal_signalHistogram) fixing interpretation of coefficients of any RooAddPdf to full domain of observables 
[#1] INFO:NumericIntegration -- RooRealIntegral::init(signal_Int[x]) using numeric integrator RooIntegrator1D to calculate Int(x)
[#1] INFO:Minization -- RooMinuit::optimizeConst: activating const optimization
 **********
 **   13 **MIGRAD        2000           1
 **********
 FIRST CALL TO USER FUNCTION AT NEW START POINT, WITH IFLAG=4.
 START MIGRAD MINIMIZATION.  STRATEGY  1.  CONVERGENCE WHEN EDM .LT. 1.00e-03
 FCN=33287.9 FROM MIGRAD    STATUS=INITIATE       55 CALLS          56 TOTAL
                     EDM= unknown      STRATEGY= 1      NO ERROR MATRIX       
  EXT PARAMETER               CURRENT GUESS       STEP         FIRST   
  NO.   NAME      VALUE            ERROR          SIZE      DERIVATIVE 
   1  sg_p0        1.01500e+03   7.00000e+00   0.00000e+00   3.29127e+02
   2  sg_p1        3.25000e+01   1.50000e+00   0.00000e+00  -2.09458e+02
   3  sg_p2        8.91728e-01   5.00000e-01   0.00000e+00   7.37516e+01
   4  sg_p3        1.41601e+00   7.00000e-01  -6.37796e-01   6.89934e+02
                               ERR DEF= 0.5
 MIGRAD MINIMIZATION HAS CONVERGED.
 MIGRAD WILL VERIFY CONVERGENCE AND ERROR MATRIX.
 COVARIANCE MATRIX CALCULATED SUCCESSFULLY
 FCN=33210.9 FROM MIGRAD    STATUS=CONVERGED     218 CALLS         219 TOTAL
                     EDM=5.9663e-06    STRATEGY= 1      ERROR MATRIX ACCURATE 
  EXT PARAMETER                                   STEP         FIRST   
  NO.   NAME      VALUE            ERROR          SIZE      DERIVATIVE 
   1  sg_p0        1.01659e+03   6.86602e-01   2.06298e-03   6.23454e-02
   2  sg_p1        4.00000e+01   3.36413e-01   3.74809e-02** at limit **
   3  sg_p2        1.22194e+00   4.27738e-02   2.32926e-03  -6.40806e-02
   4  sg_p3        1.49222e+00   6.57997e-02   2.57024e-03  -1.52134e-03
                               ERR DEF= 0.5
 EXTERNAL ERROR MATRIX.    NDIM=  25    NPAR=  4    ERR DEF=0.5
  4.715e-01  8.305e-06  1.061e-02 -2.041e-02 
  8.305e-06  1.928e-06 -2.165e-06 -5.598e-06 
  1.061e-02 -2.165e-06  1.830e-03 -3.008e-04 
 -2.041e-02 -5.598e-06 -3.008e-04  4.330e-03 
 PARAMETER  CORRELATION COEFFICIENTS  
       NO.  GLOBAL      1      2      3      4
        1  0.55055   1.000  0.009  0.361 -0.452
        2  0.07527   0.009  1.000 -0.036 -0.061
        3  0.36846   0.361 -0.036  1.000 -0.107
        4  0.45894  -0.452 -0.061 -0.107  1.000
 **********
 **   18 **HESSE        2000
 **********
 COVARIANCE MATRIX CALCULATED SUCCESSFULLY
 FCN=33210.9 FROM HESSE     STATUS=OK             23 CALLS         242 TOTAL
                     EDM=6.1799e-06    STRATEGY= 1      ERROR MATRIX ACCURATE 
  EXT PARAMETER                                INTERNAL      INTERNAL  
  NO.   NAME      VALUE            ERROR       STEP SIZE       VALUE   
   1  sg_p0        1.01659e+03   6.84411e-01   4.12596e-04   4.54194e-02
   2  sg_p1        4.00000e+01   3.37160e-01   7.49617e-03   1.57018e+00
                                 WARNING -   - ABOVE PARAMETER IS AT LIMIT.
   3  sg_p2        1.22194e+00   4.25566e-02   9.31704e-05  -5.36608e-01
   4  sg_p3        1.49222e+00   6.56863e-02   1.02809e-04  -6.10958e-01
                               ERR DEF= 0.5
 EXTERNAL ERROR MATRIX.    NDIM=  25    NPAR=  4    ERR DEF=0.5
  4.685e-01  1.563e-06  1.027e-02 -2.032e-02 
  1.563e-06  1.932e-06 -3.692e-07 -9.768e-07 
  1.027e-02 -3.692e-07  1.811e-03 -2.913e-04 
 -2.032e-02 -9.768e-07 -2.913e-04  4.315e-03 
 PARAMETER  CORRELATION COEFFICIENTS  
       NO.  GLOBAL      1      2      3      4
        1  0.54648   1.000  0.002  0.353 -0.452
        2  0.01305   0.002  1.000 -0.006 -0.011
        3  0.35799   0.353 -0.006  1.000 -0.104
        4  0.45593  -0.452 -0.011 -0.104  1.000
[#1] INFO:Minization -- RooMinuit::optimizeConst: deactivating const optimization
1000
1016.59 +- 0.684411
40 +- 0.33716
[#1] INFO:InputArguments -- RooAbsData::plotOn(signalHistogram) INFO: dataset has non-integer weights, auto-selecting SumW2 errors instead of Poisson errors
[#1] INFO:Plotting -- RooAbsPdf::plotOn(signal) p.d.f was fitted in range and no explicit plot,norm range was specified, using fit range as default
[#1] INFO:Plotting -- RooAbsPdf::plotOn(signal) only plotting range 'fit_nll_signal_signalHistogram'
[#1] INFO:Plotting -- RooAbsPdf::plotOn(signal) p.d.f. curve is normalized using explicit choice of ranges 'fit_nll_signal_signalHistogram'
[#1] INFO:NumericIntegration -- RooRealIntegral::init(signal_Int[x]) using numeric integrator RooIntegrator1D to calculate Int(x)
[#1] INFO:NumericIntegration -- RooRealIntegral::init(signal_Int[x|fit_nll_signal_signalHistogram]_Norm[x]) using numeric integrator RooIntegrator1D to calculate Int(x)
35.9 fb^{-1} (13 TeV)
   Uncertainty on sg_p0 = 1016.58 +- 0.810249 (stat) - 3.72609 + 1.73193 (syst); -3.74805/+1.77868 (total)
   Uncertainty on sg_p1 = 40 +- 0.469104 (stat) - 0.190863 + 0 (syst); -0.302396/+0.234552 (total)
   Uncertainty on sg_p2 = 1.2224 +- 0.0504194 (stat) - 0.0985888 + 0.0474949 (syst); -0.101761/+0.0537708 (total)
   Uncertainty on sg_p3 = 1.49206 +- 0.0777461 (stat) - 0.0275125 + 0.0480377 (syst); -0.0476241/+0.0617959 (total)
   === Baseline plot === </br>
   norm = 330.727
JEC     lnN   1.01006  -
JER     lnN   1.0152  -
btag    lnN   1.35523  -
sg_p0   param   1016.58 -3.74805/+1.77868
sg_p1   param   40 -0.302396/+0.234552
sg_p2   param   1.2224  -0.101761/+0.0537708
sg_p3   param   1.49206  -0.0476241/+0.0617959
