>>> including systematics
>>> method used to compute upper limit is Asymptotic
>>> random number generator seed is 123456
[?1034hComputing limit starting from observation
Will compute both limit(s) using minimizer Minuit2 with strategy 0 and tolerance 0.01
Constraints of type RooGaussian: 4
Constraints of type SimpleGaussianConstraint: 6
Median for expected limits: 6.90625
Sigma  for expected limits: 3.52366
Constraints of type RooGaussian: 4
Constraints of type SimpleGaussianConstraint: 6
Constraints of type RooGaussian: 4
Constraints of type SimpleGaussianConstraint: 6
Restricting r to positive values.

Make global fit of real data
NLL at global minimum of data: 7.55 (r = 1.36574e-05)

Make global fit of asimov data
NLL at global minimum of asimov: -0.22096 (r = 3.74719e-05)
At r = 10.909704:	q_mu = 10.73156	q_A  = 8.74211	CLsb = 0.00050	CLb  = 0.36827	CLs  = 0.00135
At r = 5.454859:	q_mu = 3.61318	q_A  = 2.47830	CLsb = 0.02651	CLb  = 0.35925	CLs  = 0.07380
At r = 8.182281:	q_mu = 6.83606	q_A  = 5.24203	CLsb = 0.00417	CLb  = 0.36388	CLs  = 0.01147
At r = 6.818570:	q_mu = 5.12879	q_A  = 3.75579	CLsb = 0.01095	CLb  = 0.36158	CLs  = 0.03027
At r = 6.204272:	q_mu = 4.42083	q_A  = 3.15291	CLsb = 0.01648	CLb  = 0.36053	CLs  = 0.04570
At r = 5.941852:	q_mu = 4.13116	q_A  = 2.90923	CLsb = 0.01952	CLb  = 0.36010	CLs  = 0.05420
At r = 6.093537:	q_mu = 4.29758	q_A  = 3.04899	CLsb = 0.01770	CLb  = 0.36035	CLs  = 0.04913
At r = 6.041494:	q_mu = 4.24016	q_A  = 3.00069	CLsb = 0.01831	CLb  = 0.36026	CLs  = 0.05082
At r = 6.071920:	q_mu = 4.27369	q_A  = 3.02888	CLsb = 0.01795	CLb  = 0.36031	CLs  = 0.04983

 -- Asymptotic -- 
Observed Limit: r < 6.0719
Expected  2.5%: r < 3.6015
Expected 16.0%: r < 4.8795
Expected 50.0%: r < 6.9062
Expected 84.0%: r < 9.9069
Expected 97.5%: r < 13.8504

Done in 0.01 min (cpu), 0.01 min (real)
