>>> including systematics
>>> method used to compute upper limit is Asymptotic
>>> random number generator seed is 123456
[?1034hComputing limit starting from observation
Will compute both limit(s) using minimizer Minuit2 with strategy 0 and tolerance 0.01
Constraints of type RooGaussian: 4
Constraints of type SimpleGaussianConstraint: 6
Median for expected limits: 0.127441
Sigma  for expected limits: 0.0650223
Constraints of type RooGaussian: 4
Constraints of type SimpleGaussianConstraint: 6
Constraints of type RooGaussian: 4
Constraints of type SimpleGaussianConstraint: 6
Restricting r to positive values.

Make global fit of real data
NLL at global minimum of data: -332.031 (r = 0.0938078)

Make global fit of asimov data
NLL at global minimum of asimov: -373.842 (r = 1.28426e-07)
At r = 1.293808:	q_mu = 104.59995	q_A  = 128.10838	CLsb = 0.00000	CLb  = 0.86238	CLs  = 0.00000
At r = 0.693808:	q_mu = 43.93206	q_A  = 61.42836	CLsb = 0.00000	CLb  = 0.88676	CLs  = 0.00000
At r = 0.393808:	q_mu = 15.33356	q_A  = 27.39402	CLsb = 0.00005	CLb  = 0.90627	CLs  = 0.00005
At r = 0.243808:	q_mu = 4.57631	q_A  = 12.48067	CLsb = 0.01621	CLb  = 0.91828	CLs  = 0.01765
At r = 0.168808:	q_mu = 1.24160	q_A  = 6.49281	CLsb = 0.13258	CLb  = 0.92419	CLs  = 0.14346
At r = 0.198991:	q_mu = 2.36559	q_A  = 8.73707	CLsb = 0.06202	CLb  = 0.92188	CLs  = 0.06727
At r = 0.215906:	q_mu = 3.12909	q_A  = 10.09708	CLsb = 0.03845	CLb  = 0.92053	CLs  = 0.04177
At r = 0.207418:	q_mu = 2.73472	q_A  = 9.40613	CLsb = 0.04909	CLb  = 0.92121	CLs  = 0.05329
At r = 0.210894:	q_mu = 2.89348	q_A  = 9.68703	CLsb = 0.04447	CLb  = 0.92093	CLs  = 0.04829
At r = 0.209216:	q_mu = 2.81636	q_A  = 9.55108	CLsb = 0.04665	CLb  = 0.92107	CLs  = 0.05065
At r = 0.209916:	q_mu = 2.84839	q_A  = 9.60766	CLsb = 0.04573	CLb  = 0.92101	CLs  = 0.04965

 -- Asymptotic -- 
Observed Limit: r < 0.2099
Expected  2.5%: r < 0.0672
Expected 16.0%: r < 0.0903
Expected 50.0%: r < 0.1274
Expected 84.0%: r < 0.1818
Expected 97.5%: r < 0.2501

Done in 0.01 min (cpu), 0.01 min (real)
