>>> including systematics
>>> method used to compute upper limit is Asymptotic
>>> random number generator seed is 123456
[?1034hComputing limit starting from observation
Will compute both limit(s) using minimizer Minuit2 with strategy 0 and tolerance 0.01
Constraints of type RooGaussian: 4
Constraints of type SimpleGaussianConstraint: 6
Median for expected limits: 0.957031
Sigma  for expected limits: 0.48829
Constraints of type RooGaussian: 4
Constraints of type SimpleGaussianConstraint: 6
Constraints of type RooGaussian: 4
Constraints of type SimpleGaussianConstraint: 6
Restricting r to positive values.

Make global fit of real data
NLL at global minimum of data: -8.95873 (r = 3.63878e-08)

Make global fit of asimov data
NLL at global minimum of asimov: -9.40166 (r = 3.46667e-11)
At r = 1.200000:	q_mu = 13.80277	q_A  = 5.70187	CLsb = 0.00002	CLb  = 0.04492	CLs  = 0.00049
At r = 0.600000:	q_mu = 5.99297	q_A  = 1.72496	CLsb = 0.00165	CLb  = 0.05210	CLs  = 0.03168
At r = 0.300000:	q_mu = 2.73229	q_A  = 0.55612	CLsb = 0.01373	CLb  = 0.07227	CLs  = 0.19003
At r = 0.450000:	q_mu = 4.30106	q_A  = 1.06642	CLsb = 0.00468	CLb  = 0.05866	CLs  = 0.07974
At r = 0.510679:	q_mu = 4.97118	q_A  = 1.31530	CLsb = 0.00307	CLb  = 0.05548	CLs  = 0.05524
At r = 0.541362:	q_mu = 5.31752	q_A  = 1.45026	CLsb = 0.00248	CLb  = 0.05418	CLs  = 0.04574
At r = 0.523640:	q_mu = 5.11688	q_A  = 1.37157	CLsb = 0.00280	CLb  = 0.05491	CLs  = 0.05102
At r = 0.529806:	q_mu = 5.18649	q_A  = 1.39871	CLsb = 0.00268	CLb  = 0.05465	CLs  = 0.04912
At r = 0.526268:	q_mu = 5.14652	q_A  = 1.38310	CLsb = 0.00275	CLb  = 0.05480	CLs  = 0.05020
At r = 0.527502:	q_mu = 5.16045	q_A  = 1.38854	CLsb = 0.00273	CLb  = 0.05475	CLs  = 0.04982

 -- Asymptotic -- 
Observed Limit: r < 0.5275
Expected  2.5%: r < 0.4654
Expected 16.0%: r < 0.6555
Expected 50.0%: r < 0.9570
Expected 84.0%: r < 1.3957
Expected 97.5%: r < 1.9459

Done in 0.01 min (cpu), 0.01 min (real)
