
Processing test.c...
nSignal_init = 100000
[#1] INFO:DataHandling -- RooDataHist::adjustBinning(signalHistogram): fit range of variable x expanded to nearest bin boundaries: [620,1100] --> [620,1100]
[#0] WARNING:InputArguments -- RooAbsPdf::fitTo(signal) WARNING: a likelihood fit is request of what appears to be weighted data. 
       While the estimated values of the parameters will always be calculated taking the weights into account, 
       there are multiple ways to estimate the errors on these parameter values. You are advised to make an 
       explicit choice on the error calculation: 
           - Either provide SumW2Error(kTRUE), to calculate a sum-of-weights corrected HESSE error matrix 
             (error will be proportional to the number of events)
           - Or provide SumW2Error(kFALSE), to return errors from original HESSE error matrix
             (which will be proportional to the sum of the weights)
       If you want the errors to reflect the information contained in the provided dataset, choose kTRUE. 
       If you want the errors to reflect the precision you would be able to obtain with an unweighted dataset 
       with 'sum-of-weights' events, choose kFALSE.
[#1] INFO:Eval -- RooRealVar::setRange(x) new range named 'fit' created with bounds [720,1000]
[#1] INFO:Fitting -- RooAbsOptTestStatistic::ctor(nll_signal_signalHistogram) constructing test statistic for sub-range named fit
[#1] INFO:Eval -- RooRealVar::setRange(x) new range named 'NormalizationRangeForfit' created with bounds [620,1100]
[#1] INFO:Eval -- RooRealVar::setRange(x) new range named 'fit_nll_signal_signalHistogram' created with bounds [720,1000]
[#1] INFO:Fitting -- RooAbsOptTestStatistic::ctor(nll_signal_signalHistogram) fixing interpretation of coefficients of any RooAddPdf to full domain of observables 
[#1] INFO:NumericIntegration -- RooRealIntegral::init(signal_Int[x]) using numeric integrator RooIntegrator1D to calculate Int(x)
[#1] INFO:Minization -- RooMinuit::optimizeConst: activating const optimization
 **********
 **   13 **MIGRAD        2000           1
 **********
 FIRST CALL TO USER FUNCTION AT NEW START POINT, WITH IFLAG=4.
 START MIGRAD MINIMIZATION.  STRATEGY  1.  CONVERGENCE WHEN EDM .LT. 1.00e-03
 FCN=33664.2 FROM MIGRAD    STATUS=INITIATE       54 CALLS          55 TOTAL
                     EDM= unknown      STRATEGY= 1      NO ERROR MATRIX       
  EXT PARAMETER               CURRENT GUESS       STEP         FIRST   
  NO.   NAME      VALUE            ERROR          SIZE      DERIVATIVE 
   1  sg_p0        8.70000e+02   1.20000e+01   0.00000e+00  -1.87024e+03
   2  sg_p1        4.00000e+01   3.00000e+00   0.00000e+00   1.70564e+01
   3  sg_p2        8.67563e-01   5.00000e-01   0.00000e+00   3.77923e+02
   4  sg_p3        1.75058e+00   7.00000e-01  -5.23409e-01  -9.51811e+01
                               ERR DEF= 0.5
 MINUIT WARNING IN MIGRAD  
 ============== Negative diagonal element 3 in Error Matrix
 MINUIT WARNING IN MIGRAD  
 ============== 1.14138 added to diagonal of error matrix
 MIGRAD FAILS TO FIND IMPROVEMENT
 COVARIANCE MATRIX CALCULATED SUCCESSFULLY
 FCN=33371.1 FROM HESSE     STATUS=OK             27 CALLS         373 TOTAL
                     EDM=0.00332624    STRATEGY= 1      ERROR MATRIX ACCURATE 
  EXT PARAMETER                                   STEP         FIRST   
  NO.   NAME      VALUE            ERROR          SIZE      DERIVATIVE 
   1  sg_p0        8.87145e+02   6.18636e-01   1.26596e-03   7.76547e-02
   2  sg_p1        4.38895e+01   5.43360e-01   3.99187e-03   5.04266e-02
   3  sg_p2        2.61266e+00   9.39365e-01   6.28602e-02  -2.11368e-01
   4  sg_p3        1.68218e+00   9.36801e-02   3.16921e-03   5.53803e-02
                               ERR DEF= 0.5
 MIGRAD MINIMIZATION HAS CONVERGED.
 FCN=33371.1 FROM MIGRAD    STATUS=CONVERGED     386 CALLS         387 TOTAL
                     EDM=8.86352e-09    STRATEGY= 1  ERROR MATRIX UNCERTAINTY   0.0 per cent
  EXT PARAMETER                                   STEP         FIRST   
  NO.   NAME      VALUE            ERROR          SIZE      DERIVATIVE 
   1  sg_p0        8.87145e+02   6.18635e-01   1.67624e-06  -3.95438e-03
   2  sg_p1        4.38881e+01   5.43356e-01  -9.98687e-05  -6.98133e-04
   3  sg_p2        2.69108e+00   9.37644e-01   3.14301e-02  -2.30056e-05
   4  sg_p3        1.68195e+00   9.36715e-02  -7.67431e-05  -4.02566e-03
                               ERR DEF= 0.5
 EXTERNAL ERROR MATRIX.    NDIM=  25    NPAR=  4    ERR DEF=0.5
  3.827e-01 -6.502e-02 -5.811e-05 -2.090e-02 
 -6.502e-02  2.954e-01  5.476e-04  2.735e-02 
 -5.811e-05  5.476e-04  9.241e-01  1.376e-04 
 -2.090e-02  2.735e-02  1.376e-04  8.777e-03 
 PARAMETER  CORRELATION COEFFICIENTS  
       NO.  GLOBAL      1      2      3      4
        1  0.36054   1.000 -0.193 -0.000 -0.361
        2  0.53708  -0.193  1.000  0.001  0.537
        3  0.00163  -0.000  0.001  1.000  0.002
        4  0.59741  -0.361  0.537  0.002  1.000
 **********
 **   18 **HESSE        2000
 **********
 COVARIANCE MATRIX CALCULATED SUCCESSFULLY
 FCN=33371.1 FROM HESSE     STATUS=OK             29 CALLS         416 TOTAL
                     EDM=5.60701e-07    STRATEGY= 1      ERROR MATRIX ACCURATE 
  EXT PARAMETER                                INTERNAL      INTERNAL  
  NO.   NAME      VALUE            ERROR       STEP SIZE       VALUE   
   1  sg_p0        8.87145e+02   6.19206e-01   1.26598e-03   2.89787e-01
   2  sg_p1        4.38881e+01   5.44560e-01   1.59675e-03   2.62200e-01
   3  sg_p2        2.69108e+00   3.66223e+00   4.86437e-02   7.65081e-02
   4  sg_p3        1.68195e+00   9.38964e-02   1.26768e-03  -5.46198e-01
                               ERR DEF= 0.5
 EXTERNAL ERROR MATRIX.    NDIM=  25    NPAR=  4    ERR DEF=0.5
  3.834e-01 -6.608e-02  9.504e-07 -2.110e-02 
 -6.608e-02  2.967e-01  4.698e-06  2.763e-02 
  9.504e-07  4.698e-06  6.569e+03  3.565e-07 
 -2.110e-02  2.763e-02  3.565e-07  8.819e-03 
 PARAMETER  CORRELATION COEFFICIENTS  
       NO.  GLOBAL      1      2      3      4
        1  0.36280   1.000 -0.196  0.000 -0.363
        2  0.54009  -0.196  1.000  0.000  0.540
        3  0.00000   0.000  0.000  1.000  0.000
        4  0.60032  -0.363  0.540  0.000  1.000
[#1] INFO:Minization -- RooMinuit::optimizeConst: deactivating const optimization
900
887.145 +- 0.619206
43.8881 +- 0.54456
[#1] INFO:InputArguments -- RooAbsData::plotOn(signalHistogram) INFO: dataset has non-integer weights, auto-selecting SumW2 errors instead of Poisson errors
[#1] INFO:Plotting -- RooAbsPdf::plotOn(signal) p.d.f was fitted in range and no explicit plot,norm range was specified, using fit range as default
[#1] INFO:Plotting -- RooAbsPdf::plotOn(signal) only plotting range 'fit_nll_signal_signalHistogram'
[#1] INFO:Plotting -- RooAbsPdf::plotOn(signal) p.d.f. curve is normalized using explicit choice of ranges 'fit_nll_signal_signalHistogram'
[#1] INFO:NumericIntegration -- RooRealIntegral::init(signal_Int[x]) using numeric integrator RooIntegrator1D to calculate Int(x)
[#1] INFO:NumericIntegration -- RooRealIntegral::init(signal_Int[x|fit_nll_signal_signalHistogram]_Norm[x]) using numeric integrator RooIntegrator1D to calculate Int(x)
[#1] INFO:ObjectHandling -- RooWorkspace::import(HbbHbb) importing ExpGaussExp::signal_fixed
[#1] INFO:ObjectHandling -- RooWorkspace::import(HbbHbb) importing RooRealVar::x
[#1] INFO:ObjectHandling -- RooWorkspace::import(HbbHbb) importing RooRealVar::signal_p0
[#1] INFO:ObjectHandling -- RooWorkspace::import(HbbHbb) importing RooRealVar::signal_p1
[#1] INFO:ObjectHandling -- RooWorkspace::import(HbbHbb) importing RooRealVar::signal_p2
[#1] INFO:ObjectHandling -- RooWorkspace::import(HbbHbb) importing RooRealVar::signal_p3
[#1] INFO:DataHandling -- RooDataHist::adjustBinning(signalHistogram): fit range of variable x expanded to nearest bin boundaries: [620,1100] --> [620,1100]
[#0] WARNING:InputArguments -- RooAbsPdf::fitTo(signal) WARNING: a likelihood fit is request of what appears to be weighted data. 
       While the estimated values of the parameters will always be calculated taking the weights into account, 
       there are multiple ways to estimate the errors on these parameter values. You are advised to make an 
       explicit choice on the error calculation: 
           - Either provide SumW2Error(kTRUE), to calculate a sum-of-weights corrected HESSE error matrix 
             (error will be proportional to the number of events)
           - Or provide SumW2Error(kFALSE), to return errors from original HESSE error matrix
             (which will be proportional to the sum of the weights)
       If you want the errors to reflect the information contained in the provided dataset, choose kTRUE. 
       If you want the errors to reflect the precision you would be able to obtain with an unweighted dataset 
       with 'sum-of-weights' events, choose kFALSE.
[#1] INFO:Eval -- RooRealVar::setRange(x) new range named 'fit' created with bounds [720,1000]
[#1] INFO:Fitting -- RooAbsOptTestStatistic::ctor(nll_signal_signalHistogram) constructing test statistic for sub-range named fit
[#1] INFO:Eval -- RooRealVar::setRange(x) new range named 'NormalizationRangeForfit' created with bounds [620,1100]
[#1] INFO:Eval -- RooRealVar::setRange(x) new range named 'fit_nll_signal_signalHistogram' created with bounds [720,1000]
[#1] INFO:Fitting -- RooAbsOptTestStatistic::ctor(nll_signal_signalHistogram) fixing interpretation of coefficients of any RooAddPdf to full domain of observables 
[#1] INFO:NumericIntegration -- RooRealIntegral::init(signal_Int[x]) using numeric integrator RooIntegrator1D to calculate Int(x)
[#1] INFO:Minization -- RooMinuit::optimizeConst: activating const optimization
 **********
 **   13 **MIGRAD        2000           1
 **********
 FIRST CALL TO USER FUNCTION AT NEW START POINT, WITH IFLAG=4.
 START MIGRAD MINIMIZATION.  STRATEGY  1.  CONVERGENCE WHEN EDM .LT. 1.00e-03
 FCN=33829.5 FROM MIGRAD    STATUS=INITIATE       40 CALLS          41 TOTAL
                     EDM= unknown      STRATEGY= 1      NO ERROR MATRIX       
  EXT PARAMETER               CURRENT GUESS       STEP         FIRST   
  NO.   NAME      VALUE            ERROR          SIZE      DERIVATIVE 
   1  sg_p0        8.70000e+02   1.20000e+01   0.00000e+00  -1.37162e+03
   2  sg_p1        4.00000e+01   3.00000e+00   0.00000e+00   7.33519e+01
   3  sg_p2        5.87771e-01   5.00000e-01  -8.70873e-01   9.57906e+01
   4  sg_p3        3.50000e+00   7.00000e-01   0.00000e+00  -3.46120e-01
                               ERR DEF= 0.5
 MINUIT WARNING IN MIGRAD  
 ============== Negative diagonal element 2 in Error Matrix
 MINUIT WARNING IN MIGRAD  
 ============== 1.00007 added to diagonal of error matrix
 MIGRAD FAILS TO FIND IMPROVEMENT
 COVARIANCE MATRIX CALCULATED SUCCESSFULLY
 FCN=33473.2 FROM HESSE     STATUS=OK             25 CALLS         331 TOTAL
                     EDM=0.315109    STRATEGY= 1      ERROR MATRIX ACCURATE 
  EXT PARAMETER                                   STEP         FIRST   
  NO.   NAME      VALUE            ERROR          SIZE      DERIVATIVE 
   1  sg_p0        8.91582e+02   6.17824e-01   1.32224e-03  -7.77130e-01
   2  sg_p1        4.40907e+01   5.43395e-01   4.14838e-03   2.19978e+00
   3  sg_p2        2.59937e+00   4.57998e-01   2.91245e-01  -4.28319e+00
   4  sg_p3        1.56794e+00   6.89875e-02   2.49674e-03  -3.53414e-01
                               ERR DEF= 0.5
 MIGRAD MINIMIZATION HAS CONVERGED.
 FCN=33473.2 FROM MIGRAD    STATUS=CONVERGED     344 CALLS         345 TOTAL
                     EDM=1.81644e-07    STRATEGY= 1  ERROR MATRIX UNCERTAINTY   0.0 per cent
  EXT PARAMETER                                   STEP         FIRST   
  NO.   NAME      VALUE            ERROR          SIZE      DERIVATIVE 
   1  sg_p0        8.91593e+02   6.17785e-01   1.97446e-04  -3.22562e-02
   2  sg_p1        4.40472e+01   5.43856e-01  -3.01296e-03  -7.86524e-03
   3  sg_p2        2.96080e+00   4.50508e-01   1.45623e-01   0.00000e+00
   4  sg_p3        1.56553e+00   6.89514e-02  -8.25067e-04   1.93280e-02
                               ERR DEF= 0.5
 EXTERNAL ERROR MATRIX.    NDIM=  25    NPAR=  4    ERR DEF=0.5
  3.817e-01 -4.853e-02  1.606e-04 -1.348e-02 
 -4.853e-02  2.959e-01  6.495e-06  1.836e-02 
  1.606e-04  6.495e-06  2.053e-01 -1.663e-05 
 -1.348e-02  1.836e-02 -1.663e-05  4.755e-03 
 PARAMETER  CORRELATION COEFFICIENTS  
       NO.  GLOBAL      1      2      3      4
        1  0.31670   1.000 -0.144  0.001 -0.316
        2  0.48950  -0.144  1.000  0.000  0.489
        3  0.00076   0.001  0.000  1.000 -0.001
        4  0.54881  -0.316  0.489 -0.001  1.000
 **********
 **   18 **HESSE        2000
 **********
 MINUIT WARNING IN HESSE
 ============== Second derivative enters zero, param 3
 COVARIANCE MATRIX CALCULATED SUCCESSFULLY
 FCN=33473.2 FROM HESSE     STATUS=OK             31 CALLS         376 TOTAL
                     EDM=1.33661    STRATEGY= 1      ERROR MATRIX ACCURATE 
  EXT PARAMETER                                INTERNAL      INTERNAL  
  NO.   NAME      VALUE            ERROR       STEP SIZE       VALUE   
   1  sg_p0        8.91593e+02   6.18180e-01   1.32251e-03   3.68142e-01
   2  sg_p1        4.40472e+01   5.43127e-01   4.14931e-03   2.73201e-01
   3  sg_p2        2.96080e+00   5.37583e-01   5.10000e-01   1.85380e-01
   4  sg_p3        1.56553e+00   6.89873e-02   9.98698e-04  -5.85607e-01
                               ERR DEF= 0.5
 EXTERNAL ERROR MATRIX.    NDIM=  25    NPAR=  4    ERR DEF=0.5
  3.822e-01 -4.972e-02 -6.585e-12 -1.366e-02 
 -4.972e-02  2.951e-01  2.406e-12  1.846e-02 
 -6.585e-12  2.406e-12  2.937e-01  2.262e-12 
 -1.366e-02  1.846e-02  2.262e-12  4.760e-03 
 PARAMETER  CORRELATION COEFFICIENTS  
       NO.  GLOBAL      1      2      3      4
        1  0.32056   1.000 -0.148 -0.000 -0.320
        2  0.49249  -0.148  1.000  0.000  0.492
        3  0.00000  -0.000  0.000  1.000  0.000
        4  0.55232  -0.320  0.492  0.000  1.000
[#1] INFO:Minization -- RooMinuit::optimizeConst: deactivating const optimization
900
891.593 +- 0.61818
44.0472 +- 0.543127
[#1] INFO:InputArguments -- RooAbsData::plotOn(signalHistogram) INFO: dataset has non-integer weights, auto-selecting SumW2 errors instead of Poisson errors
[#1] INFO:Plotting -- RooAbsPdf::plotOn(signal) p.d.f was fitted in range and no explicit plot,norm range was specified, using fit range as default
[#1] INFO:Plotting -- RooAbsPdf::plotOn(signal) only plotting range 'fit_nll_signal_signalHistogram'
[#1] INFO:Plotting -- RooAbsPdf::plotOn(signal) p.d.f. curve is normalized using explicit choice of ranges 'fit_nll_signal_signalHistogram'
[#1] INFO:NumericIntegration -- RooRealIntegral::init(signal_Int[x]) using numeric integrator RooIntegrator1D to calculate Int(x)
[#1] INFO:NumericIntegration -- RooRealIntegral::init(signal_Int[x|fit_nll_signal_signalHistogram]_Norm[x]) using numeric integrator RooIntegrator1D to calculate Int(x)
[#1] INFO:DataHandling -- RooDataHist::adjustBinning(signalHistogram): fit range of variable x expanded to nearest bin boundaries: [620,1100] --> [620,1100]
[#0] WARNING:InputArguments -- RooAbsPdf::fitTo(signal) WARNING: a likelihood fit is request of what appears to be weighted data. 
       While the estimated values of the parameters will always be calculated taking the weights into account, 
       there are multiple ways to estimate the errors on these parameter values. You are advised to make an 
       explicit choice on the error calculation: 
           - Either provide SumW2Error(kTRUE), to calculate a sum-of-weights corrected HESSE error matrix 
             (error will be proportional to the number of events)
           - Or provide SumW2Error(kFALSE), to return errors from original HESSE error matrix
             (which will be proportional to the sum of the weights)
       If you want the errors to reflect the information contained in the provided dataset, choose kTRUE. 
       If you want the errors to reflect the precision you would be able to obtain with an unweighted dataset 
       with 'sum-of-weights' events, choose kFALSE.
[#1] INFO:Eval -- RooRealVar::setRange(x) new range named 'fit' created with bounds [720,1000]
[#1] INFO:Fitting -- RooAbsOptTestStatistic::ctor(nll_signal_signalHistogram) constructing test statistic for sub-range named fit
[#1] INFO:Eval -- RooRealVar::setRange(x) new range named 'NormalizationRangeForfit' created with bounds [620,1100]
[#1] INFO:Eval -- RooRealVar::setRange(x) new range named 'fit_nll_signal_signalHistogram' created with bounds [720,1000]
[#1] INFO:Fitting -- RooAbsOptTestStatistic::ctor(nll_signal_signalHistogram) fixing interpretation of coefficients of any RooAddPdf to full domain of observables 
[#1] INFO:NumericIntegration -- RooRealIntegral::init(signal_Int[x]) using numeric integrator RooIntegrator1D to calculate Int(x)
[#1] INFO:Minization -- RooMinuit::optimizeConst: activating const optimization
 **********
 **   13 **MIGRAD        2000           1
 **********
 FIRST CALL TO USER FUNCTION AT NEW START POINT, WITH IFLAG=4.
 START MIGRAD MINIMIZATION.  STRATEGY  1.  CONVERGENCE WHEN EDM .LT. 1.00e-03
 FCN=33025.6 FROM MIGRAD    STATUS=INITIATE       55 CALLS          56 TOTAL
                     EDM= unknown      STRATEGY= 1      NO ERROR MATRIX       
  EXT PARAMETER               CURRENT GUESS       STEP         FIRST   
  NO.   NAME      VALUE            ERROR          SIZE      DERIVATIVE 
   1  sg_p0        8.70000e+02   1.20000e+01   0.00000e+00  -1.21902e+03
   2  sg_p1        4.00000e+01   3.00000e+00   0.00000e+00   3.56266e+01
   3  sg_p2        8.48797e-01   5.00000e-01   0.00000e+00   8.71721e+00
   4  sg_p3        1.96916e+00   7.00000e-01  -4.52685e-01   1.33827e+01
                               ERR DEF= 0.5
 MIGRAD FAILS TO FIND IMPROVEMENT
 COVARIANCE MATRIX CALCULATED SUCCESSFULLY
 FCN=32836 FROM HESSE     STATUS=OK             31 CALLS         284 TOTAL
                     EDM=0.000111741    STRATEGY= 1      ERROR MATRIX ACCURATE 
  EXT PARAMETER                                   STEP         FIRST   
  NO.   NAME      VALUE            ERROR          SIZE      DERIVATIVE 
   1  sg_p0        8.83274e+02   5.75489e-01   1.22716e-03   3.79802e-02
   2  sg_p1        4.40176e+01   4.49467e-01   3.85966e-03  -7.57641e-02
   3  sg_p2        2.44289e+00   2.23488e-01   1.00126e-02   8.24918e-02
   4  sg_p3        1.81465e+00   3.14767e-02   3.33332e-03   1.27746e+00
                               ERR DEF= 0.5
 MIGRAD FAILS TO FIND IMPROVEMENT
 MIGRAD TERMINATED WITHOUT CONVERGENCE.
 FCN=32836 FROM MIGRAD    STATUS=FAILED        321 CALLS         322 TOTAL
                     EDM=0.034586    STRATEGY= 1  ERROR MATRIX UNCERTAINTY  18.3 per cent
  EXT PARAMETER                APPROXIMATE        STEP         FIRST   
  NO.   NAME      VALUE            ERROR          SIZE      DERIVATIVE 
   1  sg_p0        8.83276e+02   5.73266e-01  -0.00000e+00   5.01334e-02
   2  sg_p1        4.40177e+01   4.48511e-01   0.00000e+00   1.03605e-01
   3  sg_p2        2.44263e+00   1.46331e-01  -0.00000e+00  -1.44978e-01
   4  sg_p3        1.81329e+00   9.50131e-03   0.00000e+00  -1.27604e+01
                               ERR DEF= 0.5
 EXTERNAL ERROR MATRIX.    NDIM=  25    NPAR=  4    ERR DEF=0.5
  3.286e-01  1.600e-03 -3.893e-03 -4.127e-05 
  1.600e-03  2.012e-01  2.014e-03  3.934e-04 
 -3.893e-03  2.014e-03  2.144e-02 -5.698e-04 
 -4.127e-05  3.934e-04 -5.698e-04  9.028e-05 
ERR MATRIX APPROXIMATE
 PARAMETER  CORRELATION COEFFICIENTS  
       NO.  GLOBAL      1      2      3      4
        1  0.05588   1.000  0.006 -0.046 -0.008
        2  0.11947   0.006  1.000  0.031  0.092
        3  0.41831  -0.046  0.031  1.000 -0.410
        4  0.42369  -0.008  0.092 -0.410  1.000
 ERR MATRIX APPROXIMATE
 **********
 **   18 **HESSE        2000
 **********
 COVARIANCE MATRIX CALCULATED SUCCESSFULLY
 FCN=32836 FROM HESSE     STATUS=OK             29 CALLS         351 TOTAL
                     EDM=0.000104468    STRATEGY= 1      ERROR MATRIX ACCURATE 
  EXT PARAMETER                                INTERNAL      INTERNAL  
  NO.   NAME      VALUE            ERROR       STEP SIZE       VALUE   
   1  sg_p0        8.83276e+02   5.75584e-01   1.22738e-03   2.23108e-01
   2  sg_p1        4.40177e+01   4.49699e-01   3.86131e-03   2.71159e-01
   3  sg_p2        2.44263e+00   2.24450e-01   1.04348e-02  -2.29498e-02
   4  sg_p3        1.81329e+00   3.18671e-02   3.32746e-03  -5.02843e-01
                               ERR DEF= 0.5
 EXTERNAL ERROR MATRIX.    NDIM=  25    NPAR=  4    ERR DEF=0.5
  3.313e-01 -1.034e-03 -3.993e-04 -1.393e-03 
 -1.034e-03  2.023e-01 -9.138e-05  1.874e-03 
 -3.993e-04 -9.138e-05  5.051e-02  1.806e-06 
 -1.393e-03  1.874e-03  1.806e-06  1.016e-03 
 PARAMETER  CORRELATION COEFFICIENTS  
       NO.  GLOBAL      1      2      3      4
        1  0.07626   1.000 -0.004 -0.003 -0.076
        2  0.13085  -0.004  1.000 -0.001  0.131
        3  0.00322  -0.003 -0.001  1.000  0.000
        4  0.15092  -0.076  0.131  0.000  1.000
[#1] INFO:Minization -- RooMinuit::optimizeConst: deactivating const optimization
900
883.276 +- 0.575584
44.0177 +- 0.449699
[#1] INFO:InputArguments -- RooAbsData::plotOn(signalHistogram) INFO: dataset has non-integer weights, auto-selecting SumW2 errors instead of Poisson errors
[#1] INFO:Plotting -- RooAbsPdf::plotOn(signal) p.d.f was fitted in range and no explicit plot,norm range was specified, using fit range as default
[#1] INFO:Plotting -- RooAbsPdf::plotOn(signal) only plotting range 'fit_nll_signal_signalHistogram'
[#1] INFO:Plotting -- RooAbsPdf::plotOn(signal) p.d.f. curve is normalized using explicit choice of ranges 'fit_nll_signal_signalHistogram'
[#1] INFO:NumericIntegration -- RooRealIntegral::init(signal_Int[x]) using numeric integrator RooIntegrator1D to calculate Int(x)
[#1] INFO:NumericIntegration -- RooRealIntegral::init(signal_Int[x|fit_nll_signal_signalHistogram]_Norm[x]) using numeric integrator RooIntegrator1D to calculate Int(x)
[#1] INFO:DataHandling -- RooDataHist::adjustBinning(signalHistogram): fit range of variable x expanded to nearest bin boundaries: [650,1130] --> [650,1130]
[#0] WARNING:InputArguments -- RooAbsPdf::fitTo(signal) WARNING: a likelihood fit is request of what appears to be weighted data. 
       While the estimated values of the parameters will always be calculated taking the weights into account, 
       there are multiple ways to estimate the errors on these parameter values. You are advised to make an 
       explicit choice on the error calculation: 
           - Either provide SumW2Error(kTRUE), to calculate a sum-of-weights corrected HESSE error matrix 
             (error will be proportional to the number of events)
           - Or provide SumW2Error(kFALSE), to return errors from original HESSE error matrix
             (which will be proportional to the sum of the weights)
       If you want the errors to reflect the information contained in the provided dataset, choose kTRUE. 
       If you want the errors to reflect the precision you would be able to obtain with an unweighted dataset 
       with 'sum-of-weights' events, choose kFALSE.
[#1] INFO:Eval -- RooRealVar::setRange(x) new range named 'fit' created with bounds [750,1030]
[#1] INFO:Fitting -- RooAbsOptTestStatistic::ctor(nll_signal_signalHistogram) constructing test statistic for sub-range named fit
[#1] INFO:Eval -- RooRealVar::setRange(x) new range named 'NormalizationRangeForfit' created with bounds [650,1130]
[#1] INFO:Eval -- RooRealVar::setRange(x) new range named 'fit_nll_signal_signalHistogram' created with bounds [750,1030]
[#1] INFO:Fitting -- RooAbsOptTestStatistic::ctor(nll_signal_signalHistogram) fixing interpretation of coefficients of any RooAddPdf to full domain of observables 
[#1] INFO:NumericIntegration -- RooRealIntegral::init(signal_Int[x]) using numeric integrator RooIntegrator1D to calculate Int(x)
[#1] INFO:Minization -- RooMinuit::optimizeConst: activating const optimization
 **********
 **   13 **MIGRAD        2000           1
 **********
 FIRST CALL TO USER FUNCTION AT NEW START POINT, WITH IFLAG=4.
 START MIGRAD MINIMIZATION.  STRATEGY  1.  CONVERGENCE WHEN EDM .LT. 1.00e-03
 FCN=31847.2 FROM MIGRAD    STATUS=INITIATE       55 CALLS          56 TOTAL
                     EDM= unknown      STRATEGY= 1      NO ERROR MATRIX       
  EXT PARAMETER               CURRENT GUESS       STEP         FIRST   
  NO.   NAME      VALUE            ERROR          SIZE      DERIVATIVE 
   1  sg_p0        9.10000e+02   8.00000e+00   0.00000e+00  -9.15004e+02
   2  sg_p1        2.75000e+01   1.50000e+00   0.00000e+00  -1.07919e+02
   3  sg_p2        1.34843e+00   5.00000e-01   0.00000e+00   1.01663e+02
   4  sg_p3        1.18098e+00   7.00000e-01  -7.24255e-01  -8.67138e+00
                               ERR DEF= 0.5
 MIGRAD MINIMIZATION HAS CONVERGED.
 MIGRAD WILL VERIFY CONVERGENCE AND ERROR MATRIX.
 COVARIANCE MATRIX CALCULATED SUCCESSFULLY
 FCN=31775.1 FROM MIGRAD    STATUS=CONVERGED     191 CALLS         192 TOTAL
                     EDM=1.8133e-05    STRATEGY= 1      ERROR MATRIX ACCURATE 
  EXT PARAMETER                                   STEP         FIRST   
  NO.   NAME      VALUE            ERROR          SIZE      DERIVATIVE 
   1  sg_p0        9.14708e+02   6.08444e-01   1.29613e-03   1.05815e-01
   2  sg_p1        3.02451e+01   5.68219e-01   5.56289e-03   1.74811e-02
   3  sg_p2        2.07933e+00   1.35380e-01   6.08573e-03   1.51761e-02
   4  sg_p3        1.21527e+00   6.15917e-02   1.48479e-03   1.57009e-01
                               ERR DEF= 0.5
 EXTERNAL ERROR MATRIX.    NDIM=  25    NPAR=  4    ERR DEF=0.5
  3.702e-01 -2.155e-01 -1.002e-02 -2.676e-02 
 -2.155e-01  3.236e-01  3.008e-02  2.846e-02 
 -1.002e-02  3.008e-02  1.835e-02  2.403e-03 
 -2.676e-02  2.846e-02  2.403e-03  3.794e-03 
 PARAMETER  CORRELATION COEFFICIENTS  
       NO.  GLOBAL      1      2      3      4
        1  0.72659   1.000 -0.623 -0.122 -0.714
        2  0.83258  -0.623  1.000  0.390  0.812
        3  0.42083  -0.122  0.390  1.000  0.288
        4  0.85489  -0.714  0.812  0.288  1.000
 **********
 **   18 **HESSE        2000
 **********
 COVARIANCE MATRIX CALCULATED SUCCESSFULLY
 FCN=31775.1 FROM HESSE     STATUS=OK             23 CALLS         215 TOTAL
                     EDM=2.07761e-05    STRATEGY= 1      ERROR MATRIX ACCURATE 
  EXT PARAMETER                                INTERNAL      INTERNAL  
  NO.   NAME      VALUE            ERROR       STEP SIZE       VALUE   
   1  sg_p0        9.14708e+02   6.37633e-01   5.18452e-05   1.17968e-01
   2  sg_p1        3.02451e+01   6.04034e-01   2.22516e-04   3.74720e-01
   3  sg_p2        2.07933e+00   1.39479e-01   2.43429e-04  -1.69071e-01
   4  sg_p3        1.21527e+00   6.62844e-02   5.93916e-05  -7.11249e-01
                               ERR DEF= 0.5
 EXTERNAL ERROR MATRIX.    NDIM=  25    NPAR=  4    ERR DEF=0.5
  4.066e-01 -2.540e-01 -1.389e-02 -3.139e-02 
 -2.540e-01  3.658e-01  3.536e-02  3.345e-02 
 -1.389e-02  3.536e-02  1.948e-02  2.966e-03 
 -3.139e-02  3.345e-02  2.966e-03  4.395e-03 
 PARAMETER  CORRELATION COEFFICIENTS  
       NO.  GLOBAL      1      2      3      4
        1  0.75434   1.000 -0.659 -0.156 -0.743
        2  0.85324  -0.659  1.000  0.419  0.834
        3  0.44886  -0.156  0.419  1.000  0.321
        4  0.87300  -0.743  0.834  0.321  1.000
[#1] INFO:Minization -- RooMinuit::optimizeConst: deactivating const optimization
900
914.708 +- 0.637633
30.2451 +- 0.604034
[#1] INFO:InputArguments -- RooAbsData::plotOn(signalHistogram) INFO: dataset has non-integer weights, auto-selecting SumW2 errors instead of Poisson errors
[#1] INFO:Plotting -- RooAbsPdf::plotOn(signal) p.d.f was fitted in range and no explicit plot,norm range was specified, using fit range as default
[#1] INFO:Plotting -- RooAbsPdf::plotOn(signal) only plotting range 'fit_nll_signal_signalHistogram'
[#1] INFO:Plotting -- RooAbsPdf::plotOn(signal) p.d.f. curve is normalized using explicit choice of ranges 'fit_nll_signal_signalHistogram'
[#1] INFO:NumericIntegration -- RooRealIntegral::init(signal_Int[x]) using numeric integrator RooIntegrator1D to calculate Int(x)
[#1] INFO:NumericIntegration -- RooRealIntegral::init(signal_Int[x|fit_nll_signal_signalHistogram]_Norm[x]) using numeric integrator RooIntegrator1D to calculate Int(x)
[#1] INFO:ObjectHandling -- RooWorkspace::import(HbbHbb) importing ExpGaussExp::signal_fixed
[#1] INFO:ObjectHandling -- RooWorkspace::import(HbbHbb) importing RooRealVar::x
[#1] INFO:ObjectHandling -- RooWorkspace::import(HbbHbb) importing RooRealVar::signal_p0
[#1] INFO:ObjectHandling -- RooWorkspace::import(HbbHbb) importing RooRealVar::signal_p1
[#1] INFO:ObjectHandling -- RooWorkspace::import(HbbHbb) importing RooRealVar::signal_p2
[#1] INFO:ObjectHandling -- RooWorkspace::import(HbbHbb) importing RooRealVar::signal_p3
 fit done 
[#1] INFO:DataHandling -- RooDataHist::adjustBinning(signalHistogram): fit range of variable x expanded to nearest bin boundaries: [650,1130] --> [650,1130]
[#0] WARNING:InputArguments -- RooAbsPdf::fitTo(signal) WARNING: a likelihood fit is request of what appears to be weighted data. 
       While the estimated values of the parameters will always be calculated taking the weights into account, 
       there are multiple ways to estimate the errors on these parameter values. You are advised to make an 
       explicit choice on the error calculation: 
           - Either provide SumW2Error(kTRUE), to calculate a sum-of-weights corrected HESSE error matrix 
             (error will be proportional to the number of events)
           - Or provide SumW2Error(kFALSE), to return errors from original HESSE error matrix
             (which will be proportional to the sum of the weights)
       If you want the errors to reflect the information contained in the provided dataset, choose kTRUE. 
       If you want the errors to reflect the precision you would be able to obtain with an unweighted dataset 
       with 'sum-of-weights' events, choose kFALSE.
[#1] INFO:Eval -- RooRealVar::setRange(x) new range named 'fit' created with bounds [750,1030]
[#1] INFO:Fitting -- RooAbsOptTestStatistic::ctor(nll_signal_signalHistogram) constructing test statistic for sub-range named fit
[#1] INFO:Eval -- RooRealVar::setRange(x) new range named 'NormalizationRangeForfit' created with bounds [650,1130]
[#1] INFO:Eval -- RooRealVar::setRange(x) new range named 'fit_nll_signal_signalHistogram' created with bounds [750,1030]
[#1] INFO:Fitting -- RooAbsOptTestStatistic::ctor(nll_signal_signalHistogram) fixing interpretation of coefficients of any RooAddPdf to full domain of observables 
[#1] INFO:NumericIntegration -- RooRealIntegral::init(signal_Int[x]) using numeric integrator RooIntegrator1D to calculate Int(x)
[#1] INFO:Minization -- RooMinuit::optimizeConst: activating const optimization
 **********
 **   13 **MIGRAD        2000           1
 **********
 FIRST CALL TO USER FUNCTION AT NEW START POINT, WITH IFLAG=4.
 START MIGRAD MINIMIZATION.  STRATEGY  1.  CONVERGENCE WHEN EDM .LT. 1.00e-03
 FCN=32076.3 FROM MIGRAD    STATUS=INITIATE       56 CALLS          57 TOTAL
                     EDM= unknown      STRATEGY= 1      NO ERROR MATRIX       
  EXT PARAMETER               CURRENT GUESS       STEP         FIRST   
  NO.   NAME      VALUE            ERROR          SIZE      DERIVATIVE 
   1  sg_p0        9.10000e+02   8.00000e+00   0.00000e+00  -9.42825e+02
   2  sg_p1        2.75000e+01   1.50000e+00   0.00000e+00  -2.66341e+02
   3  sg_p2        1.24756e+00   5.00000e-01   0.00000e+00   1.32032e+02
   4  sg_p3        1.51475e+00   7.00000e-01  -6.03120e-01   6.41643e+02
                               ERR DEF= 0.5
 MIGRAD MINIMIZATION HAS CONVERGED.
 MIGRAD WILL VERIFY CONVERGENCE AND ERROR MATRIX.
 EIGENVALUES OF SECOND-DERIVATIVE MATRIX:
        -2.2508e+00  8.3406e-01  1.1303e+00  4.2864e+00
 MINUIT WARNING IN HESSE   
 ============== MATRIX FORCED POS-DEF BY ADDING 2.255047 TO DIAGONAL.
 FCN=31897 FROM HESSE     STATUS=NOT POSDEF     27 CALLS         293 TOTAL
                     EDM=0.00241152    STRATEGY= 1      ERR MATRIX NOT POS-DEF
  EXT PARAMETER                APPROXIMATE        STEP         FIRST   
  NO.   NAME      VALUE            ERROR          SIZE      DERIVATIVE 
   1  sg_p0        9.17231e+02   6.95098e-01   1.30051e-03   1.46076e-01
   2  sg_p1        3.03755e+01   3.97597e-01   5.52810e-03   7.58612e-03
   3  sg_p2        2.27801e+00   1.55888e+00   7.81545e-03   6.54139e-02
   4  sg_p3        1.17081e+00   2.99817e-01   1.31225e-03   1.00535e+00
                               ERR DEF= 0.5
 MIGRAD MINIMIZATION HAS CONVERGED.
 MIGRAD WILL VERIFY CONVERGENCE AND ERROR MATRIX.
 COVARIANCE MATRIX CALCULATED SUCCESSFULLY
 FCN=31897 FROM MIGRAD    STATUS=CONVERGED     328 CALLS         329 TOTAL
                     EDM=0.000214971    STRATEGY= 1      ERROR MATRIX ACCURATE 
  EXT PARAMETER                                   STEP         FIRST   
  NO.   NAME      VALUE            ERROR          SIZE      DERIVATIVE 
   1  sg_p0        9.17231e+02   4.88559e-01   1.30052e-03   3.06873e-02
   2  sg_p1        3.03754e+01   4.10963e-01   2.21124e-03   2.67746e-02
   3  sg_p2        2.27858e+00   1.68057e-01   3.12618e-03   1.19850e-01
   4  sg_p3        1.17071e+00   3.83284e-02   1.31215e-03   6.94100e-01
                               ERR DEF= 0.5
 EXTERNAL ERROR MATRIX.    NDIM=  25    NPAR=  4    ERR DEF=0.5
  2.387e-01 -8.067e-02  2.183e-04 -9.547e-03 
 -8.067e-02  1.691e-01  1.601e-02  9.908e-03 
  2.183e-04  1.601e-02  2.829e-02  8.281e-04 
 -9.547e-03  9.908e-03  8.281e-04  1.469e-03 
 PARAMETER  CORRELATION COEFFICIENTS  
       NO.  GLOBAL      1      2      3      4
        1  0.52820   1.000 -0.402  0.003 -0.510
        2  0.65548  -0.402  1.000  0.231  0.629
        3  0.25444   0.003  0.231  1.000  0.128
        4  0.68871  -0.510  0.629  0.128  1.000
 **********
 **   18 **HESSE        2000
 **********
 COVARIANCE MATRIX CALCULATED SUCCESSFULLY
 FCN=31897 FROM HESSE     STATUS=OK             23 CALLS         352 TOTAL
                     EDM=0.000216668    STRATEGY= 1      ERROR MATRIX ACCURATE 
  EXT PARAMETER                                INTERNAL      INTERNAL  
  NO.   NAME      VALUE            ERROR       STEP SIZE       VALUE   
   1  sg_p0        9.17231e+02   4.89066e-01   5.20206e-05   1.81768e-01
   2  sg_p1        3.03754e+01   4.11848e-01   4.42248e-04   3.93462e-01
   3  sg_p2        2.27858e+00   1.68511e-01   6.25236e-04  -8.86838e-02
   4  sg_p3        1.17071e+00   3.83872e-02   2.62429e-04  -7.28178e-01
                               ERR DEF= 0.5
 EXTERNAL ERROR MATRIX.    NDIM=  25    NPAR=  4    ERR DEF=0.5
  2.392e-01 -8.128e-02  1.943e-04 -9.592e-03 
 -8.128e-02  1.698e-01  1.629e-02  9.968e-03 
  1.943e-04  1.629e-02  2.844e-02  8.443e-04 
 -9.592e-03  9.968e-03  8.443e-04  1.474e-03 
 PARAMETER  CORRELATION COEFFICIENTS  
       NO.  GLOBAL      1      2      3      4
        1  0.52961   1.000 -0.403  0.002 -0.511
        2  0.65734  -0.403  1.000  0.234  0.630
        3  0.25774   0.002  0.234  1.000  0.130
        4  0.68988  -0.511  0.630  0.130  1.000
[#1] INFO:Minization -- RooMinuit::optimizeConst: deactivating const optimization
900
917.231 +- 0.489066
30.3754 +- 0.411848
[#1] INFO:InputArguments -- RooAbsData::plotOn(signalHistogram) INFO: dataset has non-integer weights, auto-selecting SumW2 errors instead of Poisson errors
[#1] INFO:Plotting -- RooAbsPdf::plotOn(signal) p.d.f was fitted in range and no explicit plot,norm range was specified, using fit range as default
[#1] INFO:Plotting -- RooAbsPdf::plotOn(signal) only plotting range 'fit_nll_signal_signalHistogram'
[#1] INFO:Plotting -- RooAbsPdf::plotOn(signal) p.d.f. curve is normalized using explicit choice of ranges 'fit_nll_signal_signalHistogram'
[#1] INFO:NumericIntegration -- RooRealIntegral::init(signal_Int[x]) using numeric integrator RooIntegrator1D to calculate Int(x)
[#1] INFO:NumericIntegration -- RooRealIntegral::init(signal_Int[x|fit_nll_signal_signalHistogram]_Norm[x]) using numeric integrator RooIntegrator1D to calculate Int(x)
[#1] INFO:DataHandling -- RooDataHist::adjustBinning(signalHistogram): fit range of variable x expanded to nearest bin boundaries: [650,1130] --> [650,1130]
[#0] WARNING:InputArguments -- RooAbsPdf::fitTo(signal) WARNING: a likelihood fit is request of what appears to be weighted data. 
       While the estimated values of the parameters will always be calculated taking the weights into account, 
       there are multiple ways to estimate the errors on these parameter values. You are advised to make an 
       explicit choice on the error calculation: 
           - Either provide SumW2Error(kTRUE), to calculate a sum-of-weights corrected HESSE error matrix 
             (error will be proportional to the number of events)
           - Or provide SumW2Error(kFALSE), to return errors from original HESSE error matrix
             (which will be proportional to the sum of the weights)
       If you want the errors to reflect the information contained in the provided dataset, choose kTRUE. 
       If you want the errors to reflect the precision you would be able to obtain with an unweighted dataset 
       with 'sum-of-weights' events, choose kFALSE.
[#1] INFO:Eval -- RooRealVar::setRange(x) new range named 'fit' created with bounds [750,1030]
[#1] INFO:Fitting -- RooAbsOptTestStatistic::ctor(nll_signal_signalHistogram) constructing test statistic for sub-range named fit
[#1] INFO:Eval -- RooRealVar::setRange(x) new range named 'NormalizationRangeForfit' created with bounds [650,1130]
[#1] INFO:Eval -- RooRealVar::setRange(x) new range named 'fit_nll_signal_signalHistogram' created with bounds [750,1030]
[#1] INFO:Fitting -- RooAbsOptTestStatistic::ctor(nll_signal_signalHistogram) fixing interpretation of coefficients of any RooAddPdf to full domain of observables 
[#1] INFO:NumericIntegration -- RooRealIntegral::init(signal_Int[x]) using numeric integrator RooIntegrator1D to calculate Int(x)
[#1] INFO:Minization -- RooMinuit::optimizeConst: activating const optimization
 **********
 **   13 **MIGRAD        2000           1
 **********
 FIRST CALL TO USER FUNCTION AT NEW START POINT, WITH IFLAG=4.
 START MIGRAD MINIMIZATION.  STRATEGY  1.  CONVERGENCE WHEN EDM .LT. 1.00e-03
 FCN=31270.8 FROM MIGRAD    STATUS=INITIATE       78 CALLS          79 TOTAL
                     EDM= unknown      STRATEGY= 1      NO ERROR MATRIX       
  EXT PARAMETER               CURRENT GUESS       STEP         FIRST   
  NO.   NAME      VALUE            ERROR          SIZE      DERIVATIVE 
   1  sg_p0        9.11670e+02   8.00000e+00   4.17695e-02   1.48625e+01
   2  sg_p1        2.75000e+01   1.50000e+00   0.00000e+00  -1.41145e+02
   3  sg_p2        1.45615e+00   5.00000e-01   0.00000e+00  -1.80733e+01
   4  sg_p3        1.27355e+00   7.00000e-01   0.00000e+00   5.00168e+02
                               ERR DEF= 0.5
 MIGRAD MINIMIZATION HAS CONVERGED.
 MIGRAD WILL VERIFY CONVERGENCE AND ERROR MATRIX.
 COVARIANCE MATRIX CALCULATED SUCCESSFULLY
 FCN=31241.1 FROM MIGRAD    STATUS=CONVERGED     201 CALLS         202 TOTAL
                     EDM=1.00647e-05    STRATEGY= 1      ERROR MATRIX ACCURATE 
  EXT PARAMETER                                   STEP         FIRST   
  NO.   NAME      VALUE            ERROR          SIZE      DERIVATIVE 
   1  sg_p0        9.12666e+02   5.93671e-01   1.27735e-03   2.63765e-02
   2  sg_p1        2.96697e+01   6.13867e-01   5.39370e-03   1.70034e-02
   3  sg_p2        1.86746e+00   1.16178e-01   4.79471e-03   1.24233e-02
   4  sg_p3        1.20141e+00   6.21896e-02   1.45289e-03   7.47047e-02
                               ERR DEF= 0.5
 EXTERNAL ERROR MATRIX.    NDIM=  25    NPAR=  4    ERR DEF=0.5
  3.525e-01 -2.113e-01 -9.800e-03 -2.540e-02 
 -2.113e-01  3.778e-01  3.879e-02  3.144e-02 
 -9.800e-03  3.879e-02  1.351e-02  2.946e-03 
 -2.540e-02  3.144e-02  2.946e-03  3.868e-03 
 PARAMETER  CORRELATION COEFFICIENTS  
       NO.  GLOBAL      1      2      3      4
        1  0.71041   1.000 -0.579 -0.142 -0.688
        2  0.85591  -0.579  1.000  0.543  0.822
        3  0.58356  -0.142  0.543  1.000  0.408
        4  0.86266  -0.688  0.822  0.408  1.000
 **********
 **   18 **HESSE        2000
 **********
 COVARIANCE MATRIX CALCULATED SUCCESSFULLY
 FCN=31241.1 FROM HESSE     STATUS=OK             23 CALLS         225 TOTAL
                     EDM=1.03715e-05    STRATEGY= 1      ERROR MATRIX ACCURATE 
  EXT PARAMETER                                INTERNAL      INTERNAL  
  NO.   NAME      VALUE            ERROR       STEP SIZE       VALUE   
   1  sg_p0        9.12666e+02   5.96901e-01   2.55470e-04   6.66929e-02
   2  sg_p1        2.96697e+01   6.22112e-01   2.15748e-04   2.93491e-01
   3  sg_p2        1.86746e+00   1.17183e-01   1.91788e-04  -2.55796e-01
   4  sg_p3        1.20141e+00   6.28752e-02   5.81156e-05  -7.16489e-01
                               ERR DEF= 0.5
 EXTERNAL ERROR MATRIX.    NDIM=  25    NPAR=  4    ERR DEF=0.5
  3.563e-01 -2.172e-01 -1.053e-02 -2.596e-02 
 -2.172e-01  3.880e-01  4.037e-02  3.237e-02 
 -1.053e-02  4.037e-02  1.374e-02  3.084e-03 
 -2.596e-02  3.237e-02  3.084e-03  3.954e-03 
 PARAMETER  CORRELATION COEFFICIENTS  
       NO.  GLOBAL      1      2      3      4
        1  0.71417   1.000 -0.584 -0.151 -0.692
        2  0.86002  -0.584  1.000  0.553  0.827
        3  0.59309  -0.151  0.553  1.000  0.418
        4  0.86587  -0.692  0.827  0.418  1.000
[#1] INFO:Minization -- RooMinuit::optimizeConst: deactivating const optimization
900
912.666 +- 0.596901
29.6697 +- 0.622112
[#1] INFO:InputArguments -- RooAbsData::plotOn(signalHistogram) INFO: dataset has non-integer weights, auto-selecting SumW2 errors instead of Poisson errors
[#1] INFO:Plotting -- RooAbsPdf::plotOn(signal) p.d.f was fitted in range and no explicit plot,norm range was specified, using fit range as default
[#1] INFO:Plotting -- RooAbsPdf::plotOn(signal) only plotting range 'fit_nll_signal_signalHistogram'
[#1] INFO:Plotting -- RooAbsPdf::plotOn(signal) p.d.f. curve is normalized using explicit choice of ranges 'fit_nll_signal_signalHistogram'
[#1] INFO:NumericIntegration -- RooRealIntegral::init(signal_Int[x]) using numeric integrator RooIntegrator1D to calculate Int(x)
[#1] INFO:NumericIntegration -- RooRealIntegral::init(signal_Int[x|fit_nll_signal_signalHistogram]_Norm[x]) using numeric integrator RooIntegrator1D to calculate Int(x)
[#1] INFO:DataHandling -- RooDataHist::adjustBinning(signalHistogram): fit range of variable x expanded to nearest bin boundaries: [650,1130] --> [650,1130]
[#0] WARNING:InputArguments -- RooAbsPdf::fitTo(signal) WARNING: a likelihood fit is request of what appears to be weighted data. 
       While the estimated values of the parameters will always be calculated taking the weights into account, 
       there are multiple ways to estimate the errors on these parameter values. You are advised to make an 
       explicit choice on the error calculation: 
           - Either provide SumW2Error(kTRUE), to calculate a sum-of-weights corrected HESSE error matrix 
             (error will be proportional to the number of events)
           - Or provide SumW2Error(kFALSE), to return errors from original HESSE error matrix
             (which will be proportional to the sum of the weights)
       If you want the errors to reflect the information contained in the provided dataset, choose kTRUE. 
       If you want the errors to reflect the precision you would be able to obtain with an unweighted dataset 
       with 'sum-of-weights' events, choose kFALSE.
[#1] INFO:Eval -- RooRealVar::setRange(x) new range named 'fit' created with bounds [750,1030]
[#1] INFO:Fitting -- RooAbsOptTestStatistic::ctor(nll_signal_signalHistogram) constructing test statistic for sub-range named fit
[#1] INFO:Eval -- RooRealVar::setRange(x) new range named 'NormalizationRangeForfit' created with bounds [650,1130]
[#1] INFO:Eval -- RooRealVar::setRange(x) new range named 'fit_nll_signal_signalHistogram' created with bounds [750,1030]
[#1] INFO:Fitting -- RooAbsOptTestStatistic::ctor(nll_signal_signalHistogram) fixing interpretation of coefficients of any RooAddPdf to full domain of observables 
[#1] INFO:NumericIntegration -- RooRealIntegral::init(signal_Int[x]) using numeric integrator RooIntegrator1D to calculate Int(x)
[#1] INFO:Minization -- RooMinuit::optimizeConst: activating const optimization
 **********
 **   13 **MIGRAD        2000           1
 **********
 FIRST CALL TO USER FUNCTION AT NEW START POINT, WITH IFLAG=4.
 START MIGRAD MINIMIZATION.  STRATEGY  1.  CONVERGENCE WHEN EDM .LT. 1.00e-03
 FCN=31402.8 FROM MIGRAD    STATUS=INITIATE       56 CALLS          57 TOTAL
                     EDM= unknown      STRATEGY= 1      NO ERROR MATRIX       
  EXT PARAMETER               CURRENT GUESS       STEP         FIRST   
  NO.   NAME      VALUE            ERROR          SIZE      DERIVATIVE 
   1  sg_p0        9.10000e+02   8.00000e+00   0.00000e+00  -6.41887e+02
   2  sg_p1        2.75000e+01   1.50000e+00   0.00000e+00  -1.32609e+02
   3  sg_p2        1.21873e+00   5.00000e-01   0.00000e+00   2.82004e+01
   4  sg_p3        1.29003e+00   7.00000e-01  -6.83382e-01   3.00498e+02
                               ERR DEF= 0.5
 MIGRAD MINIMIZATION HAS CONVERGED.
 MIGRAD WILL VERIFY CONVERGENCE AND ERROR MATRIX.
 COVARIANCE MATRIX CALCULATED SUCCESSFULLY
 FCN=31327.2 FROM MIGRAD    STATUS=CONVERGED     202 CALLS         203 TOTAL
                     EDM=9.20948e-06    STRATEGY= 1      ERROR MATRIX ACCURATE 
  EXT PARAMETER                                   STEP         FIRST   
  NO.   NAME      VALUE            ERROR          SIZE      DERIVATIVE 
   1  sg_p0        9.14895e+02   5.51583e-01   1.31460e-03   1.61689e-01
   2  sg_p1        3.03350e+01   7.44882e-01   5.76073e-03  -3.27245e-02
   3  sg_p2        1.86472e+00   2.01246e-01   6.02311e-03  -3.75996e-03
   4  sg_p3        1.20817e+00   6.26611e-02   1.44547e-03   2.50672e-01
                               ERR DEF= 0.5
 EXTERNAL ERROR MATRIX.    NDIM=  25    NPAR=  4    ERR DEF=0.5
  3.043e-01 -1.559e-01 -6.728e-03 -1.871e-02 
 -1.559e-01  5.570e-01  1.146e-01  3.885e-02 
 -6.728e-03  1.146e-01  4.059e-02  7.410e-03 
 -1.871e-02  3.885e-02  7.410e-03  3.927e-03 
 PARAMETER  CORRELATION COEFFICIENTS  
       NO.  GLOBAL      1      2      3      4
        1  0.63293   1.000 -0.379 -0.061 -0.541
        2  0.89852  -0.379  1.000  0.762  0.831
        3  0.80154  -0.061  0.762  1.000  0.587
        4  0.86629  -0.541  0.831  0.587  1.000
 **********
 **   18 **HESSE        2000
 **********
 COVARIANCE MATRIX CALCULATED SUCCESSFULLY
 FCN=31327.2 FROM HESSE     STATUS=OK             23 CALLS         226 TOTAL
                     EDM=9.24142e-06    STRATEGY= 1      ERROR MATRIX ACCURATE 
  EXT PARAMETER                                INTERNAL      INTERNAL  
  NO.   NAME      VALUE            ERROR       STEP SIZE       VALUE   
   1  sg_p0        9.14895e+02   5.53867e-01   2.62920e-04   1.22682e-01
   2  sg_p1        3.03350e+01   7.70523e-01   2.30429e-04   3.87633e-01
   3  sg_p2        1.86472e+00   2.07594e-01   2.40925e-04  -2.56930e-01
   4  sg_p3        1.20817e+00   6.42645e-02   5.78186e-05  -7.13930e-01
                               ERR DEF= 0.5
 EXTERNAL ERROR MATRIX.    NDIM=  25    NPAR=  4    ERR DEF=0.5
  3.068e-01 -1.637e-01 -8.469e-03 -1.930e-02 
 -1.637e-01  5.962e-01  1.248e-01  4.167e-02 
 -8.469e-03  1.248e-01  4.320e-02  8.128e-03 
 -1.930e-02  4.167e-02  8.128e-03  4.131e-03 
 PARAMETER  CORRELATION COEFFICIENTS  
       NO.  GLOBAL      1      2      3      4
        1  0.63682   1.000 -0.383 -0.074 -0.542
        2  0.90554  -0.383  1.000  0.777  0.840
        3  0.81484  -0.074  0.777  1.000  0.608
        4  0.87336  -0.542  0.840  0.608  1.000
[#1] INFO:Minization -- RooMinuit::optimizeConst: deactivating const optimization
900
914.895 +- 0.553867
30.335 +- 0.770523
[#1] INFO:InputArguments -- RooAbsData::plotOn(signalHistogram) INFO: dataset has non-integer weights, auto-selecting SumW2 errors instead of Poisson errors
[#1] INFO:Plotting -- RooAbsPdf::plotOn(signal) p.d.f was fitted in range and no explicit plot,norm range was specified, using fit range as default
[#1] INFO:Plotting -- RooAbsPdf::plotOn(signal) only plotting range 'fit_nll_signal_signalHistogram'
[#1] INFO:Plotting -- RooAbsPdf::plotOn(signal) p.d.f. curve is normalized using explicit choice of ranges 'fit_nll_signal_signalHistogram'
[#1] INFO:NumericIntegration -- RooRealIntegral::init(signal_Int[x]) using numeric integrator RooIntegrator1D to calculate Int(x)
[#1] INFO:NumericIntegration -- RooRealIntegral::init(signal_Int[x|fit_nll_signal_signalHistogram]_Norm[x]) using numeric integrator RooIntegrator1D to calculate Int(x)
[#1] INFO:DataHandling -- RooDataHist::adjustBinning(signalHistogram): fit range of variable x expanded to nearest bin boundaries: [650,1130] --> [650,1130]
[#0] WARNING:InputArguments -- RooAbsPdf::fitTo(signal) WARNING: a likelihood fit is request of what appears to be weighted data. 
       While the estimated values of the parameters will always be calculated taking the weights into account, 
       there are multiple ways to estimate the errors on these parameter values. You are advised to make an 
       explicit choice on the error calculation: 
           - Either provide SumW2Error(kTRUE), to calculate a sum-of-weights corrected HESSE error matrix 
             (error will be proportional to the number of events)
           - Or provide SumW2Error(kFALSE), to return errors from original HESSE error matrix
             (which will be proportional to the sum of the weights)
       If you want the errors to reflect the information contained in the provided dataset, choose kTRUE. 
       If you want the errors to reflect the precision you would be able to obtain with an unweighted dataset 
       with 'sum-of-weights' events, choose kFALSE.
[#1] INFO:Eval -- RooRealVar::setRange(x) new range named 'fit' created with bounds [750,1030]
[#1] INFO:Fitting -- RooAbsOptTestStatistic::ctor(nll_signal_signalHistogram) constructing test statistic for sub-range named fit
[#1] INFO:Eval -- RooRealVar::setRange(x) new range named 'NormalizationRangeForfit' created with bounds [650,1130]
[#1] INFO:Eval -- RooRealVar::setRange(x) new range named 'fit_nll_signal_signalHistogram' created with bounds [750,1030]
[#1] INFO:Fitting -- RooAbsOptTestStatistic::ctor(nll_signal_signalHistogram) fixing interpretation of coefficients of any RooAddPdf to full domain of observables 
[#1] INFO:NumericIntegration -- RooRealIntegral::init(signal_Int[x]) using numeric integrator RooIntegrator1D to calculate Int(x)
[#1] INFO:Minization -- RooMinuit::optimizeConst: activating const optimization
 **********
 **   13 **MIGRAD        2000           1
 **********
 FIRST CALL TO USER FUNCTION AT NEW START POINT, WITH IFLAG=4.
 START MIGRAD MINIMIZATION.  STRATEGY  1.  CONVERGENCE WHEN EDM .LT. 1.00e-03
 FCN=31997 FROM MIGRAD    STATUS=INITIATE       59 CALLS          60 TOTAL
                     EDM= unknown      STRATEGY= 1      NO ERROR MATRIX       
  EXT PARAMETER               CURRENT GUESS       STEP         FIRST   
  NO.   NAME      VALUE            ERROR          SIZE      DERIVATIVE 
   1  sg_p0        9.10000e+02   8.00000e+00   0.00000e+00  -8.37823e+02
   2  sg_p1        2.75000e+01   1.50000e+00   0.00000e+00  -7.64703e+01
   3  sg_p2        1.30597e+00   5.00000e-01   0.00000e+00  -1.46520e+01
   4  sg_p3        1.20892e+00   7.00000e-01  -7.13644e-01   4.56011e+01
                               ERR DEF= 0.5
 MIGRAD MINIMIZATION HAS CONVERGED.
 MIGRAD WILL VERIFY CONVERGENCE AND ERROR MATRIX.
 COVARIANCE MATRIX CALCULATED SUCCESSFULLY
 FCN=31928.6 FROM MIGRAD    STATUS=CONVERGED     187 CALLS         188 TOTAL
                     EDM=0.000455256    STRATEGY= 1      ERROR MATRIX ACCURATE 
  EXT PARAMETER                                   STEP         FIRST   
  NO.   NAME      VALUE            ERROR          SIZE      DERIVATIVE 
   1  sg_p0        9.14847e+02   4.88994e-01   1.26432e-03   4.89756e-01
   2  sg_p1        2.93287e+01   6.86296e-01   5.26048e-03   5.85295e-02
   3  sg_p2        1.92235e+00   2.48995e-01   6.70981e-03   1.75003e-01
   4  sg_p3        1.17091e+00   4.94270e-02   1.31942e-03  -2.75253e-01
                               ERR DEF= 0.5
 EXTERNAL ERROR MATRIX.    NDIM=  25    NPAR=  4    ERR DEF=0.5
  2.391e-01 -5.711e-02  1.273e-02 -9.083e-03 
 -5.711e-02  4.724e-01  1.369e-01  2.673e-02 
  1.273e-02  1.369e-01  6.222e-02  7.189e-03 
 -9.083e-03  2.673e-02  7.189e-03  2.443e-03 
 PARAMETER  CORRELATION COEFFICIENTS  
       NO.  GLOBAL      1      2      3      4
        1  0.55484   1.000 -0.170  0.104 -0.376
        2  0.89241  -0.170  1.000  0.799  0.787
        3  0.83537   0.104  0.799  1.000  0.583
        4  0.82462  -0.376  0.787  0.583  1.000
 **********
 **   18 **HESSE        2000
 **********
 COVARIANCE MATRIX CALCULATED SUCCESSFULLY
 FCN=31928.6 FROM HESSE     STATUS=OK             29 CALLS         217 TOTAL
                     EDM=0.000126642    STRATEGY= 1      ERROR MATRIX ACCURATE 
  EXT PARAMETER                                INTERNAL      INTERNAL  
  NO.   NAME      VALUE            ERROR       STEP SIZE       VALUE   
   1  sg_p0        9.14847e+02   4.87177e-01   2.52865e-04   1.21475e-01
   2  sg_p1        2.93287e+01   4.44229e-01   2.10419e-04   2.46308e-01
   3  sg_p2        1.92235e+00   1.10134e-01   2.00630e-01  -2.33169e-01
   4  sg_p3        1.17091e+00   4.11749e-02   5.27768e-05  -7.28101e-01
                               ERR DEF= 0.5
 EXTERNAL ERROR MATRIX.    NDIM=  25    NPAR=  4    ERR DEF=0.5
  2.374e-01 -8.558e-02  4.043e-04 -1.061e-02 
 -8.558e-02  1.976e-01  1.759e-02  1.238e-02 
  4.043e-04  1.759e-02  1.214e-02  9.448e-04 
 -1.061e-02  1.238e-02  9.448e-04  1.696e-03 
 PARAMETER  CORRELATION COEFFICIENTS  
       NO.  GLOBAL      1      2      3      4
        1  0.55015   1.000 -0.395  0.008 -0.529
        2  0.71638  -0.395  1.000  0.359  0.676
        3  0.39465   0.008  0.359  1.000  0.208
        4  0.73407  -0.529  0.676  0.208  1.000
[#1] INFO:Minization -- RooMinuit::optimizeConst: deactivating const optimization
900
914.847 +- 0.487177
29.3287 +- 0.444229
[#1] INFO:InputArguments -- RooAbsData::plotOn(signalHistogram) INFO: dataset has non-integer weights, auto-selecting SumW2 errors instead of Poisson errors
[#1] INFO:Plotting -- RooAbsPdf::plotOn(signal) p.d.f was fitted in range and no explicit plot,norm range was specified, using fit range as default
[#1] INFO:Plotting -- RooAbsPdf::plotOn(signal) only plotting range 'fit_nll_signal_signalHistogram'
[#1] INFO:Plotting -- RooAbsPdf::plotOn(signal) p.d.f. curve is normalized using explicit choice of ranges 'fit_nll_signal_signalHistogram'
[#1] INFO:NumericIntegration -- RooRealIntegral::init(signal_Int[x]) using numeric integrator RooIntegrator1D to calculate Int(x)
[#1] INFO:NumericIntegration -- RooRealIntegral::init(signal_Int[x|fit_nll_signal_signalHistogram]_Norm[x]) using numeric integrator RooIntegrator1D to calculate Int(x)
[#1] INFO:DataHandling -- RooDataHist::adjustBinning(signalHistogram): fit range of variable x expanded to nearest bin boundaries: [650,1130] --> [650,1130]
[#0] WARNING:InputArguments -- RooAbsPdf::fitTo(signal) WARNING: a likelihood fit is request of what appears to be weighted data. 
       While the estimated values of the parameters will always be calculated taking the weights into account, 
       there are multiple ways to estimate the errors on these parameter values. You are advised to make an 
       explicit choice on the error calculation: 
           - Either provide SumW2Error(kTRUE), to calculate a sum-of-weights corrected HESSE error matrix 
             (error will be proportional to the number of events)
           - Or provide SumW2Error(kFALSE), to return errors from original HESSE error matrix
             (which will be proportional to the sum of the weights)
       If you want the errors to reflect the information contained in the provided dataset, choose kTRUE. 
       If you want the errors to reflect the precision you would be able to obtain with an unweighted dataset 
       with 'sum-of-weights' events, choose kFALSE.
[#1] INFO:Eval -- RooRealVar::setRange(x) new range named 'fit' created with bounds [750,1030]
[#1] INFO:Fitting -- RooAbsOptTestStatistic::ctor(nll_signal_signalHistogram) constructing test statistic for sub-range named fit
[#1] INFO:Eval -- RooRealVar::setRange(x) new range named 'NormalizationRangeForfit' created with bounds [650,1130]
[#1] INFO:Eval -- RooRealVar::setRange(x) new range named 'fit_nll_signal_signalHistogram' created with bounds [750,1030]
[#1] INFO:Fitting -- RooAbsOptTestStatistic::ctor(nll_signal_signalHistogram) fixing interpretation of coefficients of any RooAddPdf to full domain of observables 
[#1] INFO:NumericIntegration -- RooRealIntegral::init(signal_Int[x]) using numeric integrator RooIntegrator1D to calculate Int(x)
[#1] INFO:Minization -- RooMinuit::optimizeConst: activating const optimization
 **********
 **   13 **MIGRAD        2000           1
 **********
 FIRST CALL TO USER FUNCTION AT NEW START POINT, WITH IFLAG=4.
 START MIGRAD MINIMIZATION.  STRATEGY  1.  CONVERGENCE WHEN EDM .LT. 1.00e-03
 FCN=29376.3 FROM MIGRAD    STATUS=INITIATE       53 CALLS          54 TOTAL
                     EDM= unknown      STRATEGY= 1      NO ERROR MATRIX       
  EXT PARAMETER               CURRENT GUESS       STEP         FIRST   
  NO.   NAME      VALUE            ERROR          SIZE      DERIVATIVE 
   1  sg_p0        9.10000e+02   8.00000e+00   0.00000e+00  -8.21334e+02
   2  sg_p1        2.75000e+01   1.50000e+00   0.00000e+00  -1.14912e+02
   3  sg_p2        1.36391e+00   5.00000e-01   0.00000e+00   1.01339e+02
   4  sg_p3        1.20442e+00   7.00000e-01  -7.15346e-01   5.08593e+01
                               ERR DEF= 0.5
 MIGRAD MINIMIZATION HAS CONVERGED.
 MIGRAD WILL VERIFY CONVERGENCE AND ERROR MATRIX.
 COVARIANCE MATRIX CALCULATED SUCCESSFULLY
 FCN=29309.7 FROM MIGRAD    STATUS=CONVERGED     194 CALLS         195 TOTAL
                     EDM=0.000205755    STRATEGY= 1      ERROR MATRIX ACCURATE 
  EXT PARAMETER                                   STEP         FIRST   
  NO.   NAME      VALUE            ERROR          SIZE      DERIVATIVE 
   1  sg_p0        9.14660e+02   4.99096e-01   1.29653e-03  -5.11216e-02
   2  sg_p1        3.02540e+01   3.59225e-01   5.55826e-03   5.44144e-02
   3  sg_p2        2.08275e+00   1.37518e-01   6.20642e-03   1.37624e-01
   4  sg_p3        1.21801e+00   3.97286e-02   1.50718e-03  -6.59977e-01
                               ERR DEF= 0.5
 EXTERNAL ERROR MATRIX.    NDIM=  25    NPAR=  4    ERR DEF=0.5
  2.491e-01  5.789e-03  1.174e-02 -9.048e-03 
  5.789e-03  1.292e-01  1.502e-02 -3.879e-03 
  1.174e-02  1.502e-02  1.893e-02 -7.314e-04 
 -9.048e-03 -3.879e-03 -7.314e-04  1.578e-03 
 PARAMETER  CORRELATION COEFFICIENTS  
       NO.  GLOBAL      1      2      3      4
        1  0.48768   1.000  0.032  0.171 -0.456
        2  0.40688   0.032  1.000  0.304 -0.272
        3  0.34471   0.171  0.304  1.000 -0.134
        4  0.52420  -0.456 -0.272 -0.134  1.000
 **********
 **   18 **HESSE        2000
 **********
 COVARIANCE MATRIX CALCULATED SUCCESSFULLY
 FCN=29309.7 FROM HESSE     STATUS=OK             23 CALLS         218 TOTAL
                     EDM=0.000176487    STRATEGY= 1      ERROR MATRIX ACCURATE 
  EXT PARAMETER                                INTERNAL      INTERNAL  
  NO.   NAME      VALUE            ERROR       STEP SIZE       VALUE   
   1  sg_p0        9.14660e+02   6.63602e-01   2.59307e-04   1.16777e-01
   2  sg_p1        3.02540e+01   6.28299e-01   2.22330e-04   3.75996e-01
   3  sg_p2        2.08275e+00   1.45711e-01   2.48257e-04  -1.67686e-01
   4  sg_p3        1.21801e+00   6.93582e-02   3.01436e-04  -7.10215e-01
                               ERR DEF= 0.5
 EXTERNAL ERROR MATRIX.    NDIM=  25    NPAR=  4    ERR DEF=0.5
  4.404e-01 -2.750e-01 -1.507e-02 -3.419e-02 
 -2.750e-01  3.958e-01  3.829e-02  3.641e-02 
 -1.507e-02  3.829e-02  2.126e-02  3.230e-03 
 -3.419e-02  3.641e-02  3.230e-03  4.812e-03 
 PARAMETER  CORRELATION COEFFICIENTS  
       NO.  GLOBAL      1      2      3      4
        1  0.75425   1.000 -0.659 -0.156 -0.743
        2  0.85307  -0.659  1.000  0.417  0.834
        3  0.44715  -0.156  0.417  1.000  0.319
        4  0.87298  -0.743  0.834  0.319  1.000
[#1] INFO:Minization -- RooMinuit::optimizeConst: deactivating const optimization
900
914.66 +- 0.663602
30.254 +- 0.628299
[#1] INFO:InputArguments -- RooAbsData::plotOn(signalHistogram) INFO: dataset has non-integer weights, auto-selecting SumW2 errors instead of Poisson errors
[#1] INFO:Plotting -- RooAbsPdf::plotOn(signal) p.d.f was fitted in range and no explicit plot,norm range was specified, using fit range as default
[#1] INFO:Plotting -- RooAbsPdf::plotOn(signal) only plotting range 'fit_nll_signal_signalHistogram'
[#1] INFO:Plotting -- RooAbsPdf::plotOn(signal) p.d.f. curve is normalized using explicit choice of ranges 'fit_nll_signal_signalHistogram'
[#1] INFO:NumericIntegration -- RooRealIntegral::init(signal_Int[x]) using numeric integrator RooIntegrator1D to calculate Int(x)
[#1] INFO:NumericIntegration -- RooRealIntegral::init(signal_Int[x|fit_nll_signal_signalHistogram]_Norm[x]) using numeric integrator RooIntegrator1D to calculate Int(x)
[#1] INFO:DataHandling -- RooDataHist::adjustBinning(signalHistogram): fit range of variable x expanded to nearest bin boundaries: [650,1130] --> [650,1130]
[#0] WARNING:InputArguments -- RooAbsPdf::fitTo(signal) WARNING: a likelihood fit is request of what appears to be weighted data. 
       While the estimated values of the parameters will always be calculated taking the weights into account, 
       there are multiple ways to estimate the errors on these parameter values. You are advised to make an 
       explicit choice on the error calculation: 
           - Either provide SumW2Error(kTRUE), to calculate a sum-of-weights corrected HESSE error matrix 
             (error will be proportional to the number of events)
           - Or provide SumW2Error(kFALSE), to return errors from original HESSE error matrix
             (which will be proportional to the sum of the weights)
       If you want the errors to reflect the information contained in the provided dataset, choose kTRUE. 
       If you want the errors to reflect the precision you would be able to obtain with an unweighted dataset 
       with 'sum-of-weights' events, choose kFALSE.
[#1] INFO:Eval -- RooRealVar::setRange(x) new range named 'fit' created with bounds [750,1030]
[#1] INFO:Fitting -- RooAbsOptTestStatistic::ctor(nll_signal_signalHistogram) constructing test statistic for sub-range named fit
[#1] INFO:Eval -- RooRealVar::setRange(x) new range named 'NormalizationRangeForfit' created with bounds [650,1130]
[#1] INFO:Eval -- RooRealVar::setRange(x) new range named 'fit_nll_signal_signalHistogram' created with bounds [750,1030]
[#1] INFO:Fitting -- RooAbsOptTestStatistic::ctor(nll_signal_signalHistogram) fixing interpretation of coefficients of any RooAddPdf to full domain of observables 
[#1] INFO:NumericIntegration -- RooRealIntegral::init(signal_Int[x]) using numeric integrator RooIntegrator1D to calculate Int(x)
[#1] INFO:Minization -- RooMinuit::optimizeConst: activating const optimization
 **********
 **   13 **MIGRAD        2000           1
 **********
 FIRST CALL TO USER FUNCTION AT NEW START POINT, WITH IFLAG=4.
 START MIGRAD MINIMIZATION.  STRATEGY  1.  CONVERGENCE WHEN EDM .LT. 1.00e-03
 FCN=34491.6 FROM MIGRAD    STATUS=INITIATE       56 CALLS          57 TOTAL
                     EDM= unknown      STRATEGY= 1      NO ERROR MATRIX       
  EXT PARAMETER               CURRENT GUESS       STEP         FIRST   
  NO.   NAME      VALUE            ERROR          SIZE      DERIVATIVE 
   1  sg_p0        9.10000e+02   8.00000e+00   0.00000e+00  -1.23996e+03
   2  sg_p1        2.75000e+01   1.50000e+00   0.00000e+00  -2.14064e+01
   3  sg_p2        1.33344e+00   5.00000e-01   0.00000e+00   1.23543e+02
   4  sg_p3        1.01604e+00   7.00000e-01  -7.89075e-01  -7.54461e+02
                               ERR DEF= 0.5
 MIGRAD MINIMIZATION HAS CONVERGED.
 MIGRAD WILL VERIFY CONVERGENCE AND ERROR MATRIX.
 COVARIANCE MATRIX CALCULATED SUCCESSFULLY
 FCN=34391.1 FROM MIGRAD    STATUS=CONVERGED     188 CALLS         189 TOTAL
                     EDM=1.48214e-05    STRATEGY= 1      ERROR MATRIX ACCURATE 
  EXT PARAMETER                                   STEP         FIRST   
  NO.   NAME      VALUE            ERROR          SIZE      DERIVATIVE 
   1  sg_p0        9.14750e+02   5.25007e-01   1.29029e-03   2.37283e-01
   2  sg_p1        3.02408e+01   4.81625e-01   5.53748e-03  -1.27642e-02
   3  sg_p2        2.07745e+00   1.27929e-01   6.14558e-03   4.69647e-02
   4  sg_p3        1.21295e+00   5.03011e-02   1.45362e-03   1.82273e-01
                               ERR DEF= 0.5
 EXTERNAL ERROR MATRIX.    NDIM=  25    NPAR=  4    ERR DEF=0.5
  2.756e-01 -1.325e-01 -3.877e-03 -1.666e-02 
 -1.325e-01  2.323e-01  2.235e-02  1.825e-02 
 -3.877e-03  2.235e-02  1.638e-02  1.568e-03 
 -1.666e-02  1.825e-02  1.568e-03  2.531e-03 
 PARAMETER  CORRELATION COEFFICIENTS  
       NO.  GLOBAL      1      2      3      4
        1  0.64731   1.000 -0.523 -0.058 -0.631
        2  0.77971  -0.523  1.000  0.362  0.753
        3  0.39469  -0.058  0.362  1.000  0.244
        4  0.80244  -0.631  0.753  0.244  1.000
 **********
 **   18 **HESSE        2000
 **********
 COVARIANCE MATRIX CALCULATED SUCCESSFULLY
 FCN=34391.1 FROM HESSE     STATUS=OK             23 CALLS         212 TOTAL
                     EDM=1.52019e-05    STRATEGY= 1      ERROR MATRIX ACCURATE 
  EXT PARAMETER                                INTERNAL      INTERNAL  
  NO.   NAME      VALUE            ERROR       STEP SIZE       VALUE   
   1  sg_p0        9.14750e+02   5.22645e-01   2.58059e-04   1.19022e-01
   2  sg_p1        3.02408e+01   4.78916e-01   2.21499e-04   3.74107e-01
   3  sg_p2        2.07745e+00   1.30836e-01   2.45823e-04  -1.69835e-01
   4  sg_p3        1.21295e+00   4.98205e-02   5.81447e-05  -7.12123e-01
                               ERR DEF= 0.5
 EXTERNAL ERROR MATRIX.    NDIM=  25    NPAR=  4    ERR DEF=0.5
  2.732e-01 -1.292e-01 -3.790e-03 -1.629e-02 
 -1.292e-01  2.297e-01  2.340e-02  1.784e-02 
 -3.790e-03  2.340e-02  1.713e-02  1.620e-03 
 -1.629e-02  1.784e-02  1.620e-03  2.482e-03 
 PARAMETER  CORRELATION COEFFICIENTS  
       NO.  GLOBAL      1      2      3      4
        1  0.64323   1.000 -0.516 -0.055 -0.626
        2  0.77685  -0.516  1.000  0.373  0.747
        3  0.40646  -0.055  0.373  1.000  0.248
        4  0.79826  -0.626  0.747  0.248  1.000
[#1] INFO:Minization -- RooMinuit::optimizeConst: deactivating const optimization
900
914.75 +- 0.522645
30.2408 +- 0.478916
[#1] INFO:InputArguments -- RooAbsData::plotOn(signalHistogram) INFO: dataset has non-integer weights, auto-selecting SumW2 errors instead of Poisson errors
[#1] INFO:Plotting -- RooAbsPdf::plotOn(signal) p.d.f was fitted in range and no explicit plot,norm range was specified, using fit range as default
[#1] INFO:Plotting -- RooAbsPdf::plotOn(signal) only plotting range 'fit_nll_signal_signalHistogram'
[#1] INFO:Plotting -- RooAbsPdf::plotOn(signal) p.d.f. curve is normalized using explicit choice of ranges 'fit_nll_signal_signalHistogram'
[#1] INFO:NumericIntegration -- RooRealIntegral::init(signal_Int[x]) using numeric integrator RooIntegrator1D to calculate Int(x)
[#1] INFO:NumericIntegration -- RooRealIntegral::init(signal_Int[x|fit_nll_signal_signalHistogram]_Norm[x]) using numeric integrator RooIntegrator1D to calculate Int(x)
35.9 fb^{-1} (13 TeV)
   Uncertainty on sg_p0 = 914.708 +- 0.637633 (stat) - 2.04205 + 2.52294 (syst); -2.06678/+2.54301 (total)
   Uncertainty on sg_p1 = 30.2451 +- 0.604034 (stat) - 0.916401 + 0.130325 (syst); -0.964886/+0.328936 (total)
   Uncertainty on sg_p2 = 2.07933 +- 0.139479 (stat) - 0.214614 + 0.199247 (syst); -0.225661/+0.2111 (total)
   Uncertainty on sg_p3 = 1.21527 +- 0.0662844 (stat) - 0.0445565 + 0.00274258 (syst); -0.055531/+0.0332555 (total)
   === Baseline plot === </br>
   norm = 232.078
JEC     lnN   1.00857  -
JER     lnN   1.01164  -
btag    lnN   1.0799  -
sg_p0   param   914.708 -2.06678/+2.54301
sg_p1   param   30.2451 -0.964886/+0.328936
sg_p2   param   2.07933  -0.225661/+0.2111
sg_p3   param   1.21527  -0.055531/+0.0332555
