
Processing test.c...
nSignal_init = 49200
[#1] INFO:DataHandling -- RooDataHist::adjustBinning(signalHistogram): fit range of variable x expanded to nearest bin boundaries: [440,850] --> [440,850]
[#0] WARNING:InputArguments -- RooAbsPdf::fitTo(signal) WARNING: a likelihood fit is request of what appears to be weighted data. 
       While the estimated values of the parameters will always be calculated taking the weights into account, 
       there are multiple ways to estimate the errors on these parameter values. You are advised to make an 
       explicit choice on the error calculation: 
           - Either provide SumW2Error(kTRUE), to calculate a sum-of-weights corrected HESSE error matrix 
             (error will be proportional to the number of events)
           - Or provide SumW2Error(kFALSE), to return errors from original HESSE error matrix
             (which will be proportional to the sum of the weights)
       If you want the errors to reflect the information contained in the provided dataset, choose kTRUE. 
       If you want the errors to reflect the precision you would be able to obtain with an unweighted dataset 
       with 'sum-of-weights' events, choose kFALSE.
[#1] INFO:Eval -- RooRealVar::setRange(x) new range named 'fit' created with bounds [540,750]
[#1] INFO:Fitting -- RooAbsOptTestStatistic::ctor(nll_signal_signalHistogram) constructing test statistic for sub-range named fit
[#1] INFO:Eval -- RooRealVar::setRange(x) new range named 'NormalizationRangeForfit' created with bounds [440,850]
[#1] INFO:Eval -- RooRealVar::setRange(x) new range named 'fit_nll_signal_signalHistogram' created with bounds [540,750]
[#1] INFO:Fitting -- RooAbsOptTestStatistic::ctor(nll_signal_signalHistogram) fixing interpretation of coefficients of any RooAddPdf to full domain of observables 
[#1] INFO:NumericIntegration -- RooRealIntegral::init(signal_Int[x]) using numeric integrator RooIntegrator1D to calculate Int(x)
[#1] INFO:Minization -- RooMinuit::optimizeConst: activating const optimization
 **********
 **   13 **MIGRAD        2000           1
 **********
 FIRST CALL TO USER FUNCTION AT NEW START POINT, WITH IFLAG=4.
 START MIGRAD MINIMIZATION.  STRATEGY  1.  CONVERGENCE WHEN EDM .LT. 1.00e-03
 FCN=11612.3 FROM MIGRAD    STATUS=INITIATE       60 CALLS          61 TOTAL
                     EDM= unknown      STRATEGY= 1      NO ERROR MATRIX       
  EXT PARAMETER               CURRENT GUESS       STEP         FIRST   
  NO.   NAME      VALUE            ERROR          SIZE      DERIVATIVE 
   1  sg_p0        6.40000e+02   6.00000e+00   0.00000e+00  -5.60818e+01
   2  sg_p1        3.00000e+01   2.00000e+00   0.00000e+00  -8.83799e+01
   3  sg_p2        1.51156e+00   5.00000e-01   0.00000e+00   4.45918e-01
   4  sg_p3        1.65144e+00   7.00000e-01  -5.56433e-01   1.01665e+01
                               ERR DEF= 0.5
 MINUIT WARNING IN MIGRAD  
 ============== Negative diagonal element 1 in Error Matrix
 MINUIT WARNING IN MIGRAD  
 ============== Negative diagonal element 3 in Error Matrix
 MINUIT WARNING IN MIGRAD  
 ============== 1.07974 added to diagonal of error matrix
 MIGRAD FAILS TO FIND IMPROVEMENT
 COVARIANCE MATRIX CALCULATED SUCCESSFULLY
 FCN=11585.6 FROM HESSE     STATUS=OK             27 CALLS         322 TOTAL
                     EDM=0.104656    STRATEGY= 1      ERROR MATRIX ACCURATE 
  EXT PARAMETER                                   STEP         FIRST   
  NO.   NAME      VALUE            ERROR          SIZE      DERIVATIVE 
   1  sg_p0        6.41163e+02   7.06029e-01   1.74995e-03  -3.76296e-02
   2  sg_p1        3.38688e+01   5.23325e-01   4.21353e-03   4.07382e-02
   3  sg_p2        3.61832e+00   1.16199e+00   5.00000e-01  -8.37095e-01
   4  sg_p3        2.97717e+00   1.74320e+00   3.82781e-02  -1.08231e-02
                               ERR DEF= 0.5
 MIGRAD MINIMIZATION HAS CONVERGED.
 FCN=11585.6 FROM MIGRAD    STATUS=CONVERGED     333 CALLS         334 TOTAL
                     EDM=3.51417e-05    STRATEGY= 1  ERROR MATRIX UNCERTAINTY   0.3 per cent
  EXT PARAMETER                                   STEP         FIRST   
  NO.   NAME      VALUE            ERROR          SIZE      DERIVATIVE 
   1  sg_p0        6.41164e+02   7.06029e-01   2.17492e-05  -2.69889e-03
   2  sg_p1        3.38675e+01   5.23355e-01  -1.32565e-04   1.94685e-03
   3  sg_p2        4.13673e+00   9.85565e-01   2.50000e-01  -6.51974e-03
   4  sg_p3        2.98762e+00   1.74432e+00   3.01848e-03  -1.43731e-02
                               ERR DEF= 0.5
 EXTERNAL ERROR MATRIX.    NDIM=  25    NPAR=  4    ERR DEF=0.5
  4.986e-01 -5.029e-03  1.165e-04  1.304e-03 
 -5.029e-03  2.742e-01 -1.478e-04 -1.655e-03 
  1.165e-04 -1.478e-04  1.075e+00  3.155e-02 
  1.304e-03 -1.655e-03  3.155e-02  3.342e+00 
 PARAMETER  CORRELATION COEFFICIENTS  
       NO.  GLOBAL      1      2      3      4
        1  0.01364   1.000 -0.014  0.000  0.001
        2  0.01371  -0.014  1.000 -0.000 -0.002
        3  0.01665   0.000 -0.000  1.000  0.017
        4  0.01677   0.001 -0.002  0.017  1.000
 **********
 **   18 **HESSE        2000
 **********
 COVARIANCE MATRIX CALCULATED SUCCESSFULLY
 FCN=11585.6 FROM HESSE     STATUS=OK             27 CALLS         361 TOTAL
                     EDM=0.00163365    STRATEGY= 1      ERROR MATRIX ACCURATE 
  EXT PARAMETER                                INTERNAL      INTERNAL  
  NO.   NAME      VALUE            ERROR       STEP SIZE       VALUE   
   1  sg_p0        6.41164e+02   7.06040e-01   1.75058e-03   3.88127e-02
   2  sg_p1        3.38675e+01   5.23398e-01   1.68541e-03   3.97108e-01
   3  sg_p2        4.13673e+00   2.58234e+00   5.00000e-01   7.13776e-01
   4  sg_p3        2.98762e+00   2.30843e+00   1.53112e-02  -1.46921e-01
                               ERR DEF= 0.5
 EXTERNAL ERROR MATRIX.    NDIM=  25    NPAR=  4    ERR DEF=0.5
  4.986e-01 -5.100e-03  8.651e-11  1.748e-04 
 -5.100e-03  2.742e-01 -4.651e-09 -1.792e-06 
  8.651e-11 -4.651e-09  1.369e+02  3.040e-14 
  1.748e-04 -1.792e-06  3.040e-14  6.385e+00 
 PARAMETER  CORRELATION COEFFICIENTS  
       NO.  GLOBAL      1      2      3      4
        1  0.01379   1.000 -0.014  0.000  0.000
        2  0.01379  -0.014  1.000 -0.000 -0.000
        3  0.00000   0.000 -0.000  1.000  0.000
        4  0.00010   0.000 -0.000  0.000  1.000
[#1] INFO:Minization -- RooMinuit::optimizeConst: deactivating const optimization
650
641.164 +- 0.70604
33.8675 +- 0.523398
[#1] INFO:InputArguments -- RooAbsData::plotOn(signalHistogram) INFO: dataset has non-integer weights, auto-selecting SumW2 errors instead of Poisson errors
[#1] INFO:Plotting -- RooAbsPdf::plotOn(signal) p.d.f was fitted in range and no explicit plot,norm range was specified, using fit range as default
[#1] INFO:Plotting -- RooAbsPdf::plotOn(signal) only plotting range 'fit_nll_signal_signalHistogram'
[#1] INFO:Plotting -- RooAbsPdf::plotOn(signal) p.d.f. curve is normalized using explicit choice of ranges 'fit_nll_signal_signalHistogram'
[#1] INFO:NumericIntegration -- RooRealIntegral::init(signal_Int[x]) using numeric integrator RooIntegrator1D to calculate Int(x)
[#1] INFO:NumericIntegration -- RooRealIntegral::init(signal_Int[x|fit_nll_signal_signalHistogram]_Norm[x]) using numeric integrator RooIntegrator1D to calculate Int(x)
[#1] INFO:ObjectHandling -- RooWorkspace::import(HbbHbb) importing ExpGaussExp::signal_fixed
[#1] INFO:ObjectHandling -- RooWorkspace::import(HbbHbb) importing RooRealVar::x
[#1] INFO:ObjectHandling -- RooWorkspace::import(HbbHbb) importing RooRealVar::signal_p0
[#1] INFO:ObjectHandling -- RooWorkspace::import(HbbHbb) importing RooRealVar::signal_p1
[#1] INFO:ObjectHandling -- RooWorkspace::import(HbbHbb) importing RooRealVar::signal_p2
[#1] INFO:ObjectHandling -- RooWorkspace::import(HbbHbb) importing RooRealVar::signal_p3
[#1] INFO:DataHandling -- RooDataHist::adjustBinning(signalHistogram): fit range of variable x expanded to nearest bin boundaries: [440,850] --> [440,850]
[#0] WARNING:InputArguments -- RooAbsPdf::fitTo(signal) WARNING: a likelihood fit is request of what appears to be weighted data. 
       While the estimated values of the parameters will always be calculated taking the weights into account, 
       there are multiple ways to estimate the errors on these parameter values. You are advised to make an 
       explicit choice on the error calculation: 
           - Either provide SumW2Error(kTRUE), to calculate a sum-of-weights corrected HESSE error matrix 
             (error will be proportional to the number of events)
           - Or provide SumW2Error(kFALSE), to return errors from original HESSE error matrix
             (which will be proportional to the sum of the weights)
       If you want the errors to reflect the information contained in the provided dataset, choose kTRUE. 
       If you want the errors to reflect the precision you would be able to obtain with an unweighted dataset 
       with 'sum-of-weights' events, choose kFALSE.
[#1] INFO:Eval -- RooRealVar::setRange(x) new range named 'fit' created with bounds [540,750]
[#1] INFO:Fitting -- RooAbsOptTestStatistic::ctor(nll_signal_signalHistogram) constructing test statistic for sub-range named fit
[#1] INFO:Eval -- RooRealVar::setRange(x) new range named 'NormalizationRangeForfit' created with bounds [440,850]
[#1] INFO:Eval -- RooRealVar::setRange(x) new range named 'fit_nll_signal_signalHistogram' created with bounds [540,750]
[#1] INFO:Fitting -- RooAbsOptTestStatistic::ctor(nll_signal_signalHistogram) fixing interpretation of coefficients of any RooAddPdf to full domain of observables 
[#1] INFO:NumericIntegration -- RooRealIntegral::init(signal_Int[x]) using numeric integrator RooIntegrator1D to calculate Int(x)
[#1] INFO:Minization -- RooMinuit::optimizeConst: activating const optimization
 **********
 **   13 **MIGRAD        2000           1
 **********
 FIRST CALL TO USER FUNCTION AT NEW START POINT, WITH IFLAG=4.
 START MIGRAD MINIMIZATION.  STRATEGY  1.  CONVERGENCE WHEN EDM .LT. 1.00e-03
 FCN=11904.9 FROM MIGRAD    STATUS=INITIATE       38 CALLS          39 TOTAL
                     EDM= unknown      STRATEGY= 1      NO ERROR MATRIX       
  EXT PARAMETER               CURRENT GUESS       STEP         FIRST   
  NO.   NAME      VALUE            ERROR          SIZE      DERIVATIVE 
   1  sg_p0        6.40000e+02   6.00000e+00   0.00000e+00  -1.02677e+02
   2  sg_p1        3.00000e+01   2.00000e+00   0.00000e+00  -8.17543e+01
   3  sg_p2        1.12614e+00   5.00000e-01  -5.81819e-01   2.25140e+01
   4  sg_p3        3.50000e+00   7.00000e-01   0.00000e+00  -3.65465e-02
                               ERR DEF= 0.5
 MIGRAD FAILS TO FIND IMPROVEMENT
 COVARIANCE MATRIX CALCULATED SUCCESSFULLY
 FCN=11868.8 FROM HESSE     STATUS=OK             23 CALLS         155 TOTAL
                     EDM=1.60817    STRATEGY= 1      ERROR MATRIX ACCURATE 
  EXT PARAMETER                                   STEP         FIRST   
  NO.   NAME      VALUE            ERROR          SIZE      DERIVATIVE 
   1  sg_p0        6.44838e+02   7.48080e-01   1.83180e-03   5.58516e+00
   2  sg_p1        3.44259e+01   5.95973e-01   5.44743e-03  -4.45013e+00
   3  sg_p2        2.01408e+00   1.75526e-01   9.79574e-03  -1.65119e+01
   4  sg_p3        3.37744e+00   1.00364e+00   5.00000e-01   3.60429e+00
                               ERR DEF= 0.5
 MIGRAD FAILS TO FIND IMPROVEMENT
 MIGRAD MINIMIZATION HAS CONVERGED.
 MIGRAD WILL VERIFY CONVERGENCE AND ERROR MATRIX.
 MINUIT WARNING IN HESSE
 ============== Second derivative enters zero, param 4
 MINUIT WARNING IN HESSE
 ============== Second derivative zero for parameter4
  MNHESS FAILS AND WILL RETURN DIAGONAL MATRIX. 
 FCN=11867 FROM MIGRAD    STATUS=CONVERGED     279 CALLS         280 TOTAL
                     EDM=0.000394861    STRATEGY= 1  ERROR MATRIX UNCERTAINTY 100.0 per cent
  EXT PARAMETER                APPROXIMATE        STEP         FIRST   
  NO.   NAME      VALUE            ERROR          SIZE      DERIVATIVE 
   1  sg_p0        6.44830e+02   7.16643e-01   1.82097e-03   6.16255e-03
   2  sg_p1        3.46586e+01   5.34936e-01   4.55140e-03  -9.30316e-04
   3  sg_p2        3.09000e+00   3.87436e+00   7.61219e-02  -2.32163e-02
   4  sg_p3        5.67282e+00   1.35691e+00  -0.00000e+00   0.00000e+00
                               ERR DEF= 0.5
 EXTERNAL ERROR MATRIX.    NDIM=  25    NPAR=  4    ERR DEF=0.5
  5.137e-01  0.000e+00  0.000e+00  0.000e+00 
  0.000e+00  2.865e-01  0.000e+00  0.000e+00 
  0.000e+00  0.000e+00  9.676e+00  0.000e+00 
  0.000e+00  0.000e+00  0.000e+00  2.015e+00 
ERR MATRIX APPROXIMATE
 PARAMETER  CORRELATION COEFFICIENTS  
       NO.  GLOBAL      1      2      3      4
        1  0.00000   1.000  0.000  0.000  0.000
        2  0.00000   0.000  1.000  0.000  0.000
        3  0.00000   0.000  0.000  1.000  0.000
        4  0.00000   0.000  0.000  0.000  1.000
 ERR MATRIX APPROXIMATE
 **********
 **   18 **HESSE        2000
 **********
 MINUIT WARNING IN HESSE
 ============== Second derivative zero for parameter4
  MNHESS FAILS AND WILL RETURN DIAGONAL MATRIX. 
 FCN=11867 FROM HESSE     STATUS=FAILED          9 CALLS         289 TOTAL
                     EDM=0.000394861    STRATEGY= 1  ERROR MATRIX UNCERTAINTY 100.0 per cent
  EXT PARAMETER                APPROXIMATE     INTERNAL      INTERNAL  
  NO.   NAME      VALUE            ERROR       STEP SIZE       VALUE   
   1  sg_p0        6.44830e+02   7.16643e-01   1.82097e-03   1.61714e-01
   2  sg_p1        3.46586e+01   5.34936e-01   4.55140e-03   4.84601e-01
   3  sg_p2        3.09000e+00   3.87436e+00   7.61219e-02   2.38245e-01
   4  sg_p3        6.72231e+00   1.35691e+00  -0.00000e+00   2.47182e+00
                               ERR DEF= 0.5
 EXTERNAL ERROR MATRIX.    NDIM=  25    NPAR=  4    ERR DEF=0.5
  5.137e-01  0.000e+00  0.000e+00  0.000e+00 
  0.000e+00  2.865e-01  0.000e+00  0.000e+00 
  0.000e+00  0.000e+00  9.676e+00  0.000e+00 
  0.000e+00  0.000e+00  0.000e+00  2.015e+00 
ERR MATRIX APPROXIMATE
 PARAMETER  CORRELATION COEFFICIENTS  
       NO.  GLOBAL      1      2      3      4
        1  0.00000   1.000  0.000  0.000  0.000
        2  0.00000   0.000  1.000  0.000  0.000
        3  0.00000   0.000  0.000  1.000  0.000
        4  0.00000   0.000  0.000  0.000  1.000
 ERR MATRIX APPROXIMATE
[#1] INFO:Minization -- RooMinuit::optimizeConst: deactivating const optimization
650
644.83 +- 0.716643
34.6586 +- 0.534936
[#1] INFO:InputArguments -- RooAbsData::plotOn(signalHistogram) INFO: dataset has non-integer weights, auto-selecting SumW2 errors instead of Poisson errors
[#1] INFO:Plotting -- RooAbsPdf::plotOn(signal) p.d.f was fitted in range and no explicit plot,norm range was specified, using fit range as default
[#1] INFO:Plotting -- RooAbsPdf::plotOn(signal) only plotting range 'fit_nll_signal_signalHistogram'
[#1] INFO:Plotting -- RooAbsPdf::plotOn(signal) p.d.f. curve is normalized using explicit choice of ranges 'fit_nll_signal_signalHistogram'
[#1] INFO:NumericIntegration -- RooRealIntegral::init(signal_Int[x]) using numeric integrator RooIntegrator1D to calculate Int(x)
[#1] INFO:NumericIntegration -- RooRealIntegral::init(signal_Int[x|fit_nll_signal_signalHistogram]_Norm[x]) using numeric integrator RooIntegrator1D to calculate Int(x)
[#1] INFO:DataHandling -- RooDataHist::adjustBinning(signalHistogram): fit range of variable x expanded to nearest bin boundaries: [440,850] --> [440,850]
[#0] WARNING:InputArguments -- RooAbsPdf::fitTo(signal) WARNING: a likelihood fit is request of what appears to be weighted data. 
       While the estimated values of the parameters will always be calculated taking the weights into account, 
       there are multiple ways to estimate the errors on these parameter values. You are advised to make an 
       explicit choice on the error calculation: 
           - Either provide SumW2Error(kTRUE), to calculate a sum-of-weights corrected HESSE error matrix 
             (error will be proportional to the number of events)
           - Or provide SumW2Error(kFALSE), to return errors from original HESSE error matrix
             (which will be proportional to the sum of the weights)
       If you want the errors to reflect the information contained in the provided dataset, choose kTRUE. 
       If you want the errors to reflect the precision you would be able to obtain with an unweighted dataset 
       with 'sum-of-weights' events, choose kFALSE.
[#1] INFO:Eval -- RooRealVar::setRange(x) new range named 'fit' created with bounds [540,750]
[#1] INFO:Fitting -- RooAbsOptTestStatistic::ctor(nll_signal_signalHistogram) constructing test statistic for sub-range named fit
[#1] INFO:Eval -- RooRealVar::setRange(x) new range named 'NormalizationRangeForfit' created with bounds [440,850]
[#1] INFO:Eval -- RooRealVar::setRange(x) new range named 'fit_nll_signal_signalHistogram' created with bounds [540,750]
[#1] INFO:Fitting -- RooAbsOptTestStatistic::ctor(nll_signal_signalHistogram) fixing interpretation of coefficients of any RooAddPdf to full domain of observables 
[#1] INFO:NumericIntegration -- RooRealIntegral::init(signal_Int[x]) using numeric integrator RooIntegrator1D to calculate Int(x)
[#1] INFO:Minization -- RooMinuit::optimizeConst: activating const optimization
 **********
 **   13 **MIGRAD        2000           1
 **********
 FIRST CALL TO USER FUNCTION AT NEW START POINT, WITH IFLAG=4.
 START MIGRAD MINIMIZATION.  STRATEGY  1.  CONVERGENCE WHEN EDM .LT. 1.00e-03
 FCN=11362.2 FROM MIGRAD    STATUS=INITIATE      104 CALLS         105 TOTAL
                     EDM= unknown      STRATEGY= 1      NO ERROR MATRIX       
  EXT PARAMETER               CURRENT GUESS       STEP         FIRST   
  NO.   NAME      VALUE            ERROR          SIZE      DERIVATIVE 
   1  sg_p0        6.40000e+02   6.00000e+00   0.00000e+00   7.10893e+01
   2  sg_p1        3.00000e+01   2.00000e+00   0.00000e+00  -1.05256e+02
   3  sg_p2        1.85778e+00   5.00000e-01   0.00000e+00   7.21734e-01
   4  sg_p3        1.67742e+00   7.00000e-01  -5.47714e-01   2.76085e+01
                               ERR DEF= 0.5
 MIGRAD MINIMIZATION HAS CONVERGED.
 MIGRAD WILL VERIFY CONVERGENCE AND ERROR MATRIX.
 COVARIANCE MATRIX CALCULATED SUCCESSFULLY
 FCN=11340.9 FROM MIGRAD    STATUS=CONVERGED     228 CALLS         229 TOTAL
                     EDM=7.99199e-05    STRATEGY= 1      ERROR MATRIX ACCURATE 
  EXT PARAMETER                                   STEP         FIRST   
  NO.   NAME      VALUE            ERROR          SIZE      DERIVATIVE 
   1  sg_p0        6.38708e+02   7.08102e-01   1.73490e-03   8.50047e-02
   2  sg_p1        3.35052e+01   5.28951e-01   4.14123e-03  -3.90699e-02
   3  sg_p2        2.94947e+00   9.95349e-01   2.87844e-02   1.61687e-02
   4  sg_p3        2.32505e+00   3.50639e-01   7.88914e-03   4.91799e-02
                               ERR DEF= 0.5
 EXTERNAL ERROR MATRIX.    NDIM=  25    NPAR=  4    ERR DEF=0.5
  5.015e-01 -1.242e-02  4.478e-03 -8.703e-03 
 -1.242e-02  2.801e-01  6.824e-03  9.967e-03 
  4.478e-03  6.824e-03  1.050e+00  2.470e-04 
 -8.703e-03  9.967e-03  2.470e-04  1.234e-01 
 PARAMETER  CORRELATION COEFFICIENTS  
       NO.  GLOBAL      1      2      3      4
        1  0.04741   1.000 -0.033  0.006 -0.035
        2  0.06336  -0.033  1.000  0.013  0.054
        3  0.01421   0.006  0.013  1.000  0.001
        4  0.06307  -0.035  0.054  0.001  1.000
 **********
 **   18 **HESSE        2000
 **********
 COVARIANCE MATRIX CALCULATED SUCCESSFULLY
 FCN=11340.9 FROM HESSE     STATUS=OK             27 CALLS         256 TOTAL
                     EDM=9.40062e-05    STRATEGY= 1      ERROR MATRIX ACCURATE 
  EXT PARAMETER                                INTERNAL      INTERNAL  
  NO.   NAME      VALUE            ERROR       STEP SIZE       VALUE   
   1  sg_p0        6.38708e+02   7.08265e-01   3.46979e-04  -4.30894e-02
   2  sg_p1        3.35052e+01   5.29379e-01   1.65649e-04   3.58121e-01
   3  sg_p2        2.94947e+00   1.13847e+00   1.17440e-01   1.80769e-01
   4  sg_p3        2.32505e+00   3.50890e-01   3.15565e-04  -3.42349e-01
                               ERR DEF= 0.5
 EXTERNAL ERROR MATRIX.    NDIM=  25    NPAR=  4    ERR DEF=0.5
  5.017e-01 -1.287e-02  1.066e-02 -9.624e-03 
 -1.287e-02  2.805e-01  1.877e-02  1.130e-02 
  1.066e-02  1.877e-02  1.401e+00  6.030e-04 
 -9.624e-03  1.130e-02  6.030e-04  1.236e-01 
 PARAMETER  CORRELATION COEFFICIENTS  
       NO.  GLOBAL      1      2      3      4
        1  0.05204   1.000 -0.034  0.013 -0.039
        2  0.07498  -0.034  1.000  0.030  0.061
        3  0.03295   0.013  0.030  1.000  0.001
        4  0.07086  -0.039  0.061  0.001  1.000
[#1] INFO:Minization -- RooMinuit::optimizeConst: deactivating const optimization
650
638.708 +- 0.708265
33.5052 +- 0.529379
[#1] INFO:InputArguments -- RooAbsData::plotOn(signalHistogram) INFO: dataset has non-integer weights, auto-selecting SumW2 errors instead of Poisson errors
[#1] INFO:Plotting -- RooAbsPdf::plotOn(signal) p.d.f was fitted in range and no explicit plot,norm range was specified, using fit range as default
[#1] INFO:Plotting -- RooAbsPdf::plotOn(signal) only plotting range 'fit_nll_signal_signalHistogram'
[#1] INFO:Plotting -- RooAbsPdf::plotOn(signal) p.d.f. curve is normalized using explicit choice of ranges 'fit_nll_signal_signalHistogram'
[#1] INFO:NumericIntegration -- RooRealIntegral::init(signal_Int[x]) using numeric integrator RooIntegrator1D to calculate Int(x)
[#1] INFO:NumericIntegration -- RooRealIntegral::init(signal_Int[x|fit_nll_signal_signalHistogram]_Norm[x]) using numeric integrator RooIntegrator1D to calculate Int(x)
[#1] INFO:DataHandling -- RooDataHist::adjustBinning(signalHistogram): fit range of variable x expanded to nearest bin boundaries: [480,850] --> [480,850]
[#0] WARNING:InputArguments -- RooAbsPdf::fitTo(signal) WARNING: a likelihood fit is request of what appears to be weighted data. 
       While the estimated values of the parameters will always be calculated taking the weights into account, 
       there are multiple ways to estimate the errors on these parameter values. You are advised to make an 
       explicit choice on the error calculation: 
           - Either provide SumW2Error(kTRUE), to calculate a sum-of-weights corrected HESSE error matrix 
             (error will be proportional to the number of events)
           - Or provide SumW2Error(kFALSE), to return errors from original HESSE error matrix
             (which will be proportional to the sum of the weights)
       If you want the errors to reflect the information contained in the provided dataset, choose kTRUE. 
       If you want the errors to reflect the precision you would be able to obtain with an unweighted dataset 
       with 'sum-of-weights' events, choose kFALSE.
[#1] INFO:Eval -- RooRealVar::setRange(x) new range named 'fit' created with bounds [580,750]
[#1] INFO:Fitting -- RooAbsOptTestStatistic::ctor(nll_signal_signalHistogram) constructing test statistic for sub-range named fit
[#1] INFO:Eval -- RooRealVar::setRange(x) new range named 'NormalizationRangeForfit' created with bounds [480,850]
[#1] INFO:Eval -- RooRealVar::setRange(x) new range named 'fit_nll_signal_signalHistogram' created with bounds [580,750]
[#1] INFO:Fitting -- RooAbsOptTestStatistic::ctor(nll_signal_signalHistogram) fixing interpretation of coefficients of any RooAddPdf to full domain of observables 
[#1] INFO:NumericIntegration -- RooRealIntegral::init(signal_Int[x]) using numeric integrator RooIntegrator1D to calculate Int(x)
[#1] INFO:Minization -- RooMinuit::optimizeConst: activating const optimization
 **********
 **   13 **MIGRAD        2000           1
 **********
 FIRST CALL TO USER FUNCTION AT NEW START POINT, WITH IFLAG=4.
 START MIGRAD MINIMIZATION.  STRATEGY  1.  CONVERGENCE WHEN EDM .LT. 1.00e-03
 FCN=10721.2 FROM MIGRAD    STATUS=INITIATE       57 CALLS          58 TOTAL
                     EDM= unknown      STRATEGY= 1      NO ERROR MATRIX       
  EXT PARAMETER               CURRENT GUESS       STEP         FIRST   
  NO.   NAME      VALUE            ERROR          SIZE      DERIVATIVE 
   1  sg_p0        6.55000e+02   5.00000e+00   0.00000e+00  -2.43808e+02
   2  sg_p1        1.75000e+01   1.50000e+00   0.00000e+00   4.21270e+01
   3  sg_p2        7.95726e-01   5.00000e-01   0.00000e+00  -2.45454e+02
   4  sg_p3        1.33597e+00   7.00000e-01  -6.66570e-01   4.99104e+01
                               ERR DEF= 0.5
 MIGRAD MINIMIZATION HAS CONVERGED.
 MIGRAD WILL VERIFY CONVERGENCE AND ERROR MATRIX.
 COVARIANCE MATRIX CALCULATED SUCCESSFULLY
 FCN=10655.4 FROM MIGRAD    STATUS=CONVERGED     213 CALLS         214 TOTAL
                     EDM=1.33202e-05    STRATEGY= 1      ERROR MATRIX ACCURATE 
  EXT PARAMETER                                   STEP         FIRST   
  NO.   NAME      VALUE            ERROR          SIZE      DERIVATIVE 
   1  sg_p0        6.61215e+02   1.25169e+00   1.34687e-03   3.04499e-03
   2  sg_p1        1.89981e+01   1.55542e+00   3.49164e-03   1.91712e-04
   3  sg_p2        1.45525e+00   1.90355e-01   2.29593e-03  -6.77581e-03
   4  sg_p3        1.13503e+00   2.26730e-01   1.46146e-03   4.83701e-02
                               ERR DEF= 0.5
 EXTERNAL ERROR MATRIX.    NDIM=  25    NPAR=  4    ERR DEF=0.5
  1.568e+00 -1.781e+00 -1.994e-01 -2.643e-01 
 -1.781e+00  2.456e+00  2.755e-01  3.428e-01 
 -1.994e-01  2.755e-01  3.632e-02  3.869e-02 
 -2.643e-01  3.428e-01  3.869e-02  5.154e-02 
 PARAMETER  CORRELATION COEFFICIENTS  
       NO.  GLOBAL      1      2      3      4
        1  0.93090   1.000 -0.907 -0.835 -0.930
        2  0.97333  -0.907  1.000  0.922  0.963
        3  0.92278  -0.835  0.922  1.000  0.894
        4  0.97249  -0.930  0.963  0.894  1.000
 **********
 **   18 **HESSE        2000
 **********
 COVARIANCE MATRIX CALCULATED SUCCESSFULLY
 FCN=10655.4 FROM HESSE     STATUS=OK             23 CALLS         237 TOTAL
                     EDM=4.47094e-06    STRATEGY= 1      ERROR MATRIX ACCURATE 
  EXT PARAMETER                                INTERNAL      INTERNAL  
  NO.   NAME      VALUE            ERROR       STEP SIZE       VALUE   
   1  sg_p0        6.61215e+02   7.20486e-01   5.38748e-05   2.51223e-01
   2  sg_p1        1.89981e+01   8.37759e-01   1.39666e-04   2.01106e-01
   3  sg_p2        1.45525e+00   1.05708e-01   9.18371e-05  -4.31134e-01
   4  sg_p3        1.13503e+00   1.24010e-01   5.84582e-05  -7.41920e-01
                               ERR DEF= 0.5
 EXTERNAL ERROR MATRIX.    NDIM=  25    NPAR=  4    ERR DEF=0.5
  5.193e-01 -3.889e-01 -2.078e-02 -6.678e-02 
 -3.889e-01  7.049e-01  6.093e-02  9.065e-02 
 -2.078e-02  6.093e-02  1.118e-02  7.399e-03 
 -6.678e-02  9.065e-02  7.399e-03  1.539e-02 
 PARAMETER  CORRELATION COEFFICIENTS  
       NO.  GLOBAL      1      2      3      4
        1  0.77269   1.000 -0.643 -0.273 -0.747
        2  0.90365  -0.643  1.000  0.686  0.870
        3  0.72233  -0.273  0.686  1.000  0.564
        4  0.90460  -0.747  0.870  0.564  1.000
[#1] INFO:Minization -- RooMinuit::optimizeConst: deactivating const optimization
650
661.215 +- 0.720486
18.9981 +- 0.837759
[#1] INFO:InputArguments -- RooAbsData::plotOn(signalHistogram) INFO: dataset has non-integer weights, auto-selecting SumW2 errors instead of Poisson errors
[#1] INFO:Plotting -- RooAbsPdf::plotOn(signal) p.d.f was fitted in range and no explicit plot,norm range was specified, using fit range as default
[#1] INFO:Plotting -- RooAbsPdf::plotOn(signal) only plotting range 'fit_nll_signal_signalHistogram'
[#1] INFO:Plotting -- RooAbsPdf::plotOn(signal) p.d.f. curve is normalized using explicit choice of ranges 'fit_nll_signal_signalHistogram'
[#1] INFO:NumericIntegration -- RooRealIntegral::init(signal_Int[x]) using numeric integrator RooIntegrator1D to calculate Int(x)
[#1] INFO:NumericIntegration -- RooRealIntegral::init(signal_Int[x|fit_nll_signal_signalHistogram]_Norm[x]) using numeric integrator RooIntegrator1D to calculate Int(x)
[#1] INFO:ObjectHandling -- RooWorkspace::import(HbbHbb) importing ExpGaussExp::signal_fixed
[#1] INFO:ObjectHandling -- RooWorkspace::import(HbbHbb) importing RooRealVar::x
[#1] INFO:ObjectHandling -- RooWorkspace::import(HbbHbb) importing RooRealVar::signal_p0
[#1] INFO:ObjectHandling -- RooWorkspace::import(HbbHbb) importing RooRealVar::signal_p1
[#1] INFO:ObjectHandling -- RooWorkspace::import(HbbHbb) importing RooRealVar::signal_p2
[#1] INFO:ObjectHandling -- RooWorkspace::import(HbbHbb) importing RooRealVar::signal_p3
 fit done 
[#1] INFO:DataHandling -- RooDataHist::adjustBinning(signalHistogram): fit range of variable x expanded to nearest bin boundaries: [480,850] --> [480,850]
[#0] WARNING:InputArguments -- RooAbsPdf::fitTo(signal) WARNING: a likelihood fit is request of what appears to be weighted data. 
       While the estimated values of the parameters will always be calculated taking the weights into account, 
       there are multiple ways to estimate the errors on these parameter values. You are advised to make an 
       explicit choice on the error calculation: 
           - Either provide SumW2Error(kTRUE), to calculate a sum-of-weights corrected HESSE error matrix 
             (error will be proportional to the number of events)
           - Or provide SumW2Error(kFALSE), to return errors from original HESSE error matrix
             (which will be proportional to the sum of the weights)
       If you want the errors to reflect the information contained in the provided dataset, choose kTRUE. 
       If you want the errors to reflect the precision you would be able to obtain with an unweighted dataset 
       with 'sum-of-weights' events, choose kFALSE.
[#1] INFO:Eval -- RooRealVar::setRange(x) new range named 'fit' created with bounds [580,750]
[#1] INFO:Fitting -- RooAbsOptTestStatistic::ctor(nll_signal_signalHistogram) constructing test statistic for sub-range named fit
[#1] INFO:Eval -- RooRealVar::setRange(x) new range named 'NormalizationRangeForfit' created with bounds [480,850]
[#1] INFO:Eval -- RooRealVar::setRange(x) new range named 'fit_nll_signal_signalHistogram' created with bounds [580,750]
[#1] INFO:Fitting -- RooAbsOptTestStatistic::ctor(nll_signal_signalHistogram) fixing interpretation of coefficients of any RooAddPdf to full domain of observables 
[#1] INFO:NumericIntegration -- RooRealIntegral::init(signal_Int[x]) using numeric integrator RooIntegrator1D to calculate Int(x)
[#1] INFO:Minization -- RooMinuit::optimizeConst: activating const optimization
 **********
 **   13 **MIGRAD        2000           1
 **********
 FIRST CALL TO USER FUNCTION AT NEW START POINT, WITH IFLAG=4.
 START MIGRAD MINIMIZATION.  STRATEGY  1.  CONVERGENCE WHEN EDM .LT. 1.00e-03
 FCN=10990.4 FROM MIGRAD    STATUS=INITIATE       53 CALLS          54 TOTAL
                     EDM= unknown      STRATEGY= 1      NO ERROR MATRIX       
  EXT PARAMETER               CURRENT GUESS       STEP         FIRST   
  NO.   NAME      VALUE            ERROR          SIZE      DERIVATIVE 
   1  sg_p0        6.55000e+02   5.00000e+00   0.00000e+00  -5.27265e+02
   2  sg_p1        1.75000e+01   1.50000e+00   0.00000e+00  -9.02997e+01
   3  sg_p2        9.67628e-01   5.00000e-01   0.00000e+00   1.90034e+02
   4  sg_p3        1.53208e+00   7.00000e-01  -5.97119e-01   9.04631e+01
                               ERR DEF= 0.5
 MIGRAD MINIMIZATION HAS CONVERGED.
 MIGRAD WILL VERIFY CONVERGENCE AND ERROR MATRIX.
 COVARIANCE MATRIX CALCULATED SUCCESSFULLY
 FCN=10899.1 FROM MIGRAD    STATUS=CONVERGED     170 CALLS         171 TOTAL
                     EDM=0.000119297    STRATEGY= 1      ERROR MATRIX ACCURATE 
  EXT PARAMETER                                   STEP         FIRST   
  NO.   NAME      VALUE            ERROR          SIZE      DERIVATIVE 
   1  sg_p0        6.62487e+02   5.44568e-01   1.37103e-03   3.37887e-01
   2  sg_p1        1.91861e+01   6.48831e-01   3.54018e-03   5.42529e-02
   3  sg_p2        1.42329e+00   1.09535e-01   2.32356e-03  -1.51053e-01
   4  sg_p3        1.14846e+00   8.06823e-02   1.37891e-03  -1.67722e-01
                               ERR DEF= 0.5
 EXTERNAL ERROR MATRIX.    NDIM=  25    NPAR=  4    ERR DEF=0.5
  2.966e-01 -7.261e-02  6.903e-03 -1.862e-02 
 -7.261e-02  4.221e-01  4.896e-02  3.840e-02 
  6.903e-03  4.896e-02  1.201e-02  4.066e-03 
 -1.862e-02  3.840e-02  4.066e-03  6.512e-03 
 PARAMETER  CORRELATION COEFFICIENTS  
       NO.  GLOBAL      1      2      3      4
        1  0.55262   1.000 -0.205  0.116 -0.424
        2  0.83317  -0.205  1.000  0.688  0.732
        3  0.73763   0.116  0.688  1.000  0.460
        4  0.78506  -0.424  0.732  0.460  1.000
 **********
 **   18 **HESSE        2000
 **********
 COVARIANCE MATRIX CALCULATED SUCCESSFULLY
 FCN=10899.1 FROM HESSE     STATUS=OK             23 CALLS         194 TOTAL
                     EDM=0.000109915    STRATEGY= 1      ERROR MATRIX ACCURATE 
  EXT PARAMETER                                INTERNAL      INTERNAL  
  NO.   NAME      VALUE            ERROR       STEP SIZE       VALUE   
   1  sg_p0        6.62487e+02   5.36215e-01   2.74206e-04   3.04165e-01
   2  sg_p1        1.91861e+01   6.18928e-01   7.08036e-04   2.26745e-01
   3  sg_p2        1.42329e+00   1.07941e-01   4.64712e-04  -4.45250e-01
   4  sg_p3        1.14846e+00   7.57926e-02   5.51562e-05  -7.36728e-01
                               ERR DEF= 0.5
 EXTERNAL ERROR MATRIX.    NDIM=  25    NPAR=  4    ERR DEF=0.5
  2.876e-01 -5.330e-02  8.935e-03 -1.590e-02 
 -5.330e-02  3.840e-01  4.525e-02  3.283e-02 
  8.935e-03  4.525e-02  1.166e-02  3.512e-03 
 -1.590e-02  3.283e-02  3.512e-03  5.746e-03 
 PARAMETER  CORRELATION COEFFICIENTS  
       NO.  GLOBAL      1      2      3      4
        1  0.53288   1.000 -0.160  0.154 -0.391
        2  0.81480  -0.160  1.000  0.676  0.699
        3  0.72837   0.154  0.676  1.000  0.429
        4  0.75539  -0.391  0.699  0.429  1.000
[#1] INFO:Minization -- RooMinuit::optimizeConst: deactivating const optimization
650
662.487 +- 0.536215
19.1861 +- 0.618928
[#1] INFO:InputArguments -- RooAbsData::plotOn(signalHistogram) INFO: dataset has non-integer weights, auto-selecting SumW2 errors instead of Poisson errors
[#1] INFO:Plotting -- RooAbsPdf::plotOn(signal) p.d.f was fitted in range and no explicit plot,norm range was specified, using fit range as default
[#1] INFO:Plotting -- RooAbsPdf::plotOn(signal) only plotting range 'fit_nll_signal_signalHistogram'
[#1] INFO:Plotting -- RooAbsPdf::plotOn(signal) p.d.f. curve is normalized using explicit choice of ranges 'fit_nll_signal_signalHistogram'
[#1] INFO:NumericIntegration -- RooRealIntegral::init(signal_Int[x]) using numeric integrator RooIntegrator1D to calculate Int(x)
[#1] INFO:NumericIntegration -- RooRealIntegral::init(signal_Int[x|fit_nll_signal_signalHistogram]_Norm[x]) using numeric integrator RooIntegrator1D to calculate Int(x)
[#1] INFO:DataHandling -- RooDataHist::adjustBinning(signalHistogram): fit range of variable x expanded to nearest bin boundaries: [480,850] --> [480,850]
[#0] WARNING:InputArguments -- RooAbsPdf::fitTo(signal) WARNING: a likelihood fit is request of what appears to be weighted data. 
       While the estimated values of the parameters will always be calculated taking the weights into account, 
       there are multiple ways to estimate the errors on these parameter values. You are advised to make an 
       explicit choice on the error calculation: 
           - Either provide SumW2Error(kTRUE), to calculate a sum-of-weights corrected HESSE error matrix 
             (error will be proportional to the number of events)
           - Or provide SumW2Error(kFALSE), to return errors from original HESSE error matrix
             (which will be proportional to the sum of the weights)
       If you want the errors to reflect the information contained in the provided dataset, choose kTRUE. 
       If you want the errors to reflect the precision you would be able to obtain with an unweighted dataset 
       with 'sum-of-weights' events, choose kFALSE.
[#1] INFO:Eval -- RooRealVar::setRange(x) new range named 'fit' created with bounds [580,750]
[#1] INFO:Fitting -- RooAbsOptTestStatistic::ctor(nll_signal_signalHistogram) constructing test statistic for sub-range named fit
[#1] INFO:Eval -- RooRealVar::setRange(x) new range named 'NormalizationRangeForfit' created with bounds [480,850]
[#1] INFO:Eval -- RooRealVar::setRange(x) new range named 'fit_nll_signal_signalHistogram' created with bounds [580,750]
[#1] INFO:Fitting -- RooAbsOptTestStatistic::ctor(nll_signal_signalHistogram) fixing interpretation of coefficients of any RooAddPdf to full domain of observables 
[#1] INFO:NumericIntegration -- RooRealIntegral::init(signal_Int[x]) using numeric integrator RooIntegrator1D to calculate Int(x)
[#1] INFO:Minization -- RooMinuit::optimizeConst: activating const optimization
 **********
 **   13 **MIGRAD        2000           1
 **********
 FIRST CALL TO USER FUNCTION AT NEW START POINT, WITH IFLAG=4.
 START MIGRAD MINIMIZATION.  STRATEGY  1.  CONVERGENCE WHEN EDM .LT. 1.00e-03
 FCN=10453.2 FROM MIGRAD    STATUS=INITIATE       55 CALLS          56 TOTAL
                     EDM= unknown      STRATEGY= 1      NO ERROR MATRIX       
  EXT PARAMETER               CURRENT GUESS       STEP         FIRST   
  NO.   NAME      VALUE            ERROR          SIZE      DERIVATIVE 
   1  sg_p0        6.55000e+02   5.00000e+00   0.00000e+00  -3.71248e+02
   2  sg_p1        1.75000e+01   1.50000e+00   0.00000e+00  -3.97336e+01
   3  sg_p2        1.05577e+00   5.00000e-01   0.00000e+00   6.59080e+01
   4  sg_p3        1.28275e+00   7.00000e-01  -6.86067e-01   1.15714e+00
                               ERR DEF= 0.5
 MINUIT WARNING IN MIGRAD  
 ============== Negative diagonal element 1 in Error Matrix
 MINUIT WARNING IN MIGRAD  
 ============== 1 added to diagonal of error matrix
 MINUIT WARNING IN MIGRAD  
 ============== Negative diagonal element 1 in Error Matrix
 MINUIT WARNING IN MIGRAD  
 ============== Negative diagonal element 4 in Error Matrix
 MINUIT WARNING IN MIGRAD  
 ============== 1.00026 added to diagonal of error matrix
 MIGRAD FAILS TO FIND IMPROVEMENT
 EIGENVALUES OF SECOND-DERIVATIVE MATRIX:
        -1.0624e+00  1.0038e+00  2.0034e+00  2.0551e+00
 MINUIT WARNING IN HESSE   
 ============== MATRIX FORCED POS-DEF BY ADDING 1.064428 TO DIAGONAL.
 FCN=10417.7 FROM HESSE     STATUS=NOT POSDEF     31 CALLS         501 TOTAL
                     EDM=0.153481    STRATEGY= 1      ERR MATRIX NOT POS-DEF
  EXT PARAMETER                APPROXIMATE        STEP         FIRST   
  NO.   NAME      VALUE            ERROR          SIZE      DERIVATIVE 
   1  sg_p0        6.59286e+02   1.34383e-01   1.00195e-04  -2.17921e+00
   2  sg_p1        1.95932e+01   1.42607e+00   3.48397e-03  -1.51809e-02
   3  sg_p2        1.48285e+00   2.38933e-02   1.91254e-04   7.07461e+02
   4  sg_p3        1.30319e+00   1.20299e-02   8.43062e-05  -1.60765e+03
                               ERR DEF= 0.5
 MIGRAD FAILS TO FIND IMPROVEMENT
 MIGRAD TERMINATED WITHOUT CONVERGENCE.
 FCN=10417.7 FROM MIGRAD    STATUS=FAILED        511 CALLS         512 TOTAL
                     EDM=0.153481    STRATEGY= 1      ERR MATRIX NOT POS-DEF
  EXT PARAMETER                APPROXIMATE        STEP         FIRST   
  NO.   NAME      VALUE            ERROR          SIZE      DERIVATIVE 
   1  sg_p0        6.59286e+02   1.34383e-01  -0.00000e+00  -2.17921e+00
   2  sg_p1        1.95932e+01   1.42607e+00  -0.00000e+00  -1.51809e-02
   3  sg_p2        1.48285e+00   2.38933e-02  -0.00000e+00   7.07461e+02
   4  sg_p3        1.30319e+00   1.20299e-02  -0.00000e+00  -1.60765e+03
                               ERR DEF= 0.5
 EXTERNAL ERROR MATRIX.    NDIM=  25    NPAR=  4    ERR DEF=0.5
  1.806e-02  1.899e-01  3.204e-03  1.613e-03 
  1.899e-01  2.061e+00  3.377e-02  1.698e-02 
  3.204e-03  3.377e-02  5.709e-04  2.868e-04 
  1.613e-03  1.698e-02  2.868e-04  1.447e-04 
ERR MATRIX NOT POS-DEF
 PARAMETER  CORRELATION COEFFICIENTS  
       NO.  GLOBAL      1      2      3      4
        1  0.99849   1.000  0.984  0.998  0.998
        2  0.98497   0.984  1.000  0.984  0.983
        3  0.99849   0.998  0.984  1.000  0.998
        4  0.99838   0.998  0.983  0.998  1.000
 ERR MATRIX NOT POS-DEF
 **********
 **   18 **HESSE        2000
 **********
 COVARIANCE MATRIX CALCULATED SUCCESSFULLY
 FCN=10417.7 FROM HESSE     STATUS=OK             53 CALLS         565 TOTAL
                     EDM=36.107    STRATEGY= 1      ERROR MATRIX ACCURATE 
  EXT PARAMETER                                INTERNAL      INTERNAL  
  NO.   NAME      VALUE            ERROR       STEP SIZE       VALUE   
   1  sg_p0        6.59286e+02   4.94375e-01   4.11775e-02   1.72285e-01
   2  sg_p1        1.95932e+01   4.96180e-01   1.39359e-04   2.82846e-01
   3  sg_p2        1.48285e+00   9.77917e-02   7.54293e-02  -4.19013e-01
   4  sg_p3        1.30319e+00   7.96802e-02   5.20393e-02  -6.78543e-01
                               ERR DEF= 0.5
 EXTERNAL ERROR MATRIX.    NDIM=  25    NPAR=  4    ERR DEF=0.5
  2.444e-01  2.547e-03  1.237e-02 -9.665e-03 
  2.547e-03  2.466e-01  2.750e-02  2.146e-02 
  1.237e-02  2.750e-02  9.569e-03  2.078e-03 
 -9.665e-03  2.146e-02  2.078e-03  6.351e-03 
 PARAMETER  CORRELATION COEFFICIENTS  
       NO.  GLOBAL      1      2      3      4
        1  0.41374   1.000  0.010  0.256 -0.245
        2  0.69659   0.010  1.000  0.566  0.542
        3  0.61938   0.256  0.566  1.000  0.267
        4  0.59812  -0.245  0.542  0.267  1.000
[#1] INFO:Minization -- RooMinuit::optimizeConst: deactivating const optimization
650
659.286 +- 0.494375
19.5932 +- 0.49618
[#1] INFO:InputArguments -- RooAbsData::plotOn(signalHistogram) INFO: dataset has non-integer weights, auto-selecting SumW2 errors instead of Poisson errors
[#1] INFO:Plotting -- RooAbsPdf::plotOn(signal) p.d.f was fitted in range and no explicit plot,norm range was specified, using fit range as default
[#1] INFO:Plotting -- RooAbsPdf::plotOn(signal) only plotting range 'fit_nll_signal_signalHistogram'
[#1] INFO:Plotting -- RooAbsPdf::plotOn(signal) p.d.f. curve is normalized using explicit choice of ranges 'fit_nll_signal_signalHistogram'
[#1] INFO:NumericIntegration -- RooRealIntegral::init(signal_Int[x]) using numeric integrator RooIntegrator1D to calculate Int(x)
[#1] INFO:NumericIntegration -- RooRealIntegral::init(signal_Int[x|fit_nll_signal_signalHistogram]_Norm[x]) using numeric integrator RooIntegrator1D to calculate Int(x)
[#1] INFO:DataHandling -- RooDataHist::adjustBinning(signalHistogram): fit range of variable x expanded to nearest bin boundaries: [480,850] --> [480,850]
[#0] WARNING:InputArguments -- RooAbsPdf::fitTo(signal) WARNING: a likelihood fit is request of what appears to be weighted data. 
       While the estimated values of the parameters will always be calculated taking the weights into account, 
       there are multiple ways to estimate the errors on these parameter values. You are advised to make an 
       explicit choice on the error calculation: 
           - Either provide SumW2Error(kTRUE), to calculate a sum-of-weights corrected HESSE error matrix 
             (error will be proportional to the number of events)
           - Or provide SumW2Error(kFALSE), to return errors from original HESSE error matrix
             (which will be proportional to the sum of the weights)
       If you want the errors to reflect the information contained in the provided dataset, choose kTRUE. 
       If you want the errors to reflect the precision you would be able to obtain with an unweighted dataset 
       with 'sum-of-weights' events, choose kFALSE.
[#1] INFO:Eval -- RooRealVar::setRange(x) new range named 'fit' created with bounds [580,750]
[#1] INFO:Fitting -- RooAbsOptTestStatistic::ctor(nll_signal_signalHistogram) constructing test statistic for sub-range named fit
[#1] INFO:Eval -- RooRealVar::setRange(x) new range named 'NormalizationRangeForfit' created with bounds [480,850]
[#1] INFO:Eval -- RooRealVar::setRange(x) new range named 'fit_nll_signal_signalHistogram' created with bounds [580,750]
[#1] INFO:Fitting -- RooAbsOptTestStatistic::ctor(nll_signal_signalHistogram) fixing interpretation of coefficients of any RooAddPdf to full domain of observables 
[#1] INFO:NumericIntegration -- RooRealIntegral::init(signal_Int[x]) using numeric integrator RooIntegrator1D to calculate Int(x)
[#1] INFO:Minization -- RooMinuit::optimizeConst: activating const optimization
 **********
 **   13 **MIGRAD        2000           1
 **********
 FIRST CALL TO USER FUNCTION AT NEW START POINT, WITH IFLAG=4.
 START MIGRAD MINIMIZATION.  STRATEGY  1.  CONVERGENCE WHEN EDM .LT. 1.00e-03
 FCN=10619.9 FROM MIGRAD    STATUS=INITIATE       56 CALLS          57 TOTAL
                     EDM= unknown      STRATEGY= 1      NO ERROR MATRIX       
  EXT PARAMETER               CURRENT GUESS       STEP         FIRST   
  NO.   NAME      VALUE            ERROR          SIZE      DERIVATIVE 
   1  sg_p0        6.55000e+02   5.00000e+00   0.00000e+00  -4.21165e+02
   2  sg_p1        1.75000e+01   1.50000e+00   0.00000e+00   4.34414e+00
   3  sg_p2        9.15926e-01   5.00000e-01   0.00000e+00   4.72583e+01
   4  sg_p3        1.18271e+00   7.00000e-01  -7.23594e-01  -8.98084e+01
                               ERR DEF= 0.5
 MIGRAD MINIMIZATION HAS CONVERGED.
 MIGRAD WILL VERIFY CONVERGENCE AND ERROR MATRIX.
 COVARIANCE MATRIX CALCULATED SUCCESSFULLY
 FCN=10560.4 FROM MIGRAD    STATUS=CONVERGED     181 CALLS         182 TOTAL
                     EDM=7.5268e-05    STRATEGY= 1      ERROR MATRIX ACCURATE 
  EXT PARAMETER                                   STEP         FIRST   
  NO.   NAME      VALUE            ERROR          SIZE      DERIVATIVE 
   1  sg_p0        6.61397e+02   5.44897e-01   1.34246e-03   4.14273e-01
   2  sg_p1        1.90727e+01   5.64070e-01   3.46865e-03  -1.30068e-03
   3  sg_p2        1.41469e+00   8.73074e-02   2.15873e-03   1.72287e-02
   4  sg_p3        1.12865e+00   7.39900e-02   1.34213e-03   2.26005e-01
                               ERR DEF= 0.5
 EXTERNAL ERROR MATRIX.    NDIM=  25    NPAR=  4    ERR DEF=0.5
  2.970e-01 -9.007e-02  2.908e-03 -1.929e-02 
 -9.007e-02  3.188e-01  2.788e-02  2.852e-02 
  2.908e-03  2.788e-02  7.626e-03  2.278e-03 
 -1.929e-02  2.852e-02  2.278e-03  5.476e-03 
 PARAMETER  CORRELATION COEFFICIENTS  
       NO.  GLOBAL      1      2      3      4
        1  0.54360   1.000 -0.293  0.061 -0.478
        2  0.76817  -0.293  1.000  0.566  0.683
        3  0.61547   0.061  0.566  1.000  0.353
        4  0.74345  -0.478  0.683  0.353  1.000
 **********
 **   18 **HESSE        2000
 **********
 COVARIANCE MATRIX CALCULATED SUCCESSFULLY
 FCN=10560.4 FROM HESSE     STATUS=OK             23 CALLS         205 TOTAL
                     EDM=7.54443e-05    STRATEGY= 1      ERROR MATRIX ACCURATE 
  EXT PARAMETER                                INTERNAL      INTERNAL  
  NO.   NAME      VALUE            ERROR       STEP SIZE       VALUE   
   1  sg_p0        6.61397e+02   5.45454e-01   2.68492e-04   2.58749e-01
   2  sg_p1        1.90727e+01   5.66991e-01   1.38746e-04   2.11267e-01
   3  sg_p2        1.41469e+00   8.76116e-02   8.63490e-05  -4.49065e-01
   4  sg_p3        1.12865e+00   7.42730e-02   2.68425e-04  -7.44396e-01
                               ERR DEF= 0.5
 EXTERNAL ERROR MATRIX.    NDIM=  25    NPAR=  4    ERR DEF=0.5
  2.976e-01 -9.125e-02  2.820e-03 -1.942e-02 
 -9.125e-02  3.221e-01  2.831e-02  2.890e-02 
  2.820e-03  2.831e-02  7.680e-03  2.324e-03 
 -1.942e-02  2.890e-02  2.324e-03  5.518e-03 
 PARAMETER  CORRELATION COEFFICIENTS  
       NO.  GLOBAL      1      2      3      4
        1  0.54492   1.000 -0.295  0.059 -0.479
        2  0.77092  -0.295  1.000  0.569  0.685
        3  0.61896   0.059  0.569  1.000  0.357
        4  0.74573  -0.479  0.685  0.357  1.000
[#1] INFO:Minization -- RooMinuit::optimizeConst: deactivating const optimization
650
661.397 +- 0.545454
19.0727 +- 0.566991
[#1] INFO:InputArguments -- RooAbsData::plotOn(signalHistogram) INFO: dataset has non-integer weights, auto-selecting SumW2 errors instead of Poisson errors
[#1] INFO:Plotting -- RooAbsPdf::plotOn(signal) p.d.f was fitted in range and no explicit plot,norm range was specified, using fit range as default
[#1] INFO:Plotting -- RooAbsPdf::plotOn(signal) only plotting range 'fit_nll_signal_signalHistogram'
[#1] INFO:Plotting -- RooAbsPdf::plotOn(signal) p.d.f. curve is normalized using explicit choice of ranges 'fit_nll_signal_signalHistogram'
[#1] INFO:NumericIntegration -- RooRealIntegral::init(signal_Int[x]) using numeric integrator RooIntegrator1D to calculate Int(x)
[#1] INFO:NumericIntegration -- RooRealIntegral::init(signal_Int[x|fit_nll_signal_signalHistogram]_Norm[x]) using numeric integrator RooIntegrator1D to calculate Int(x)
[#1] INFO:DataHandling -- RooDataHist::adjustBinning(signalHistogram): fit range of variable x expanded to nearest bin boundaries: [480,850] --> [480,850]
[#0] WARNING:InputArguments -- RooAbsPdf::fitTo(signal) WARNING: a likelihood fit is request of what appears to be weighted data. 
       While the estimated values of the parameters will always be calculated taking the weights into account, 
       there are multiple ways to estimate the errors on these parameter values. You are advised to make an 
       explicit choice on the error calculation: 
           - Either provide SumW2Error(kTRUE), to calculate a sum-of-weights corrected HESSE error matrix 
             (error will be proportional to the number of events)
           - Or provide SumW2Error(kFALSE), to return errors from original HESSE error matrix
             (which will be proportional to the sum of the weights)
       If you want the errors to reflect the information contained in the provided dataset, choose kTRUE. 
       If you want the errors to reflect the precision you would be able to obtain with an unweighted dataset 
       with 'sum-of-weights' events, choose kFALSE.
[#1] INFO:Eval -- RooRealVar::setRange(x) new range named 'fit' created with bounds [580,750]
[#1] INFO:Fitting -- RooAbsOptTestStatistic::ctor(nll_signal_signalHistogram) constructing test statistic for sub-range named fit
[#1] INFO:Eval -- RooRealVar::setRange(x) new range named 'NormalizationRangeForfit' created with bounds [480,850]
[#1] INFO:Eval -- RooRealVar::setRange(x) new range named 'fit_nll_signal_signalHistogram' created with bounds [580,750]
[#1] INFO:Fitting -- RooAbsOptTestStatistic::ctor(nll_signal_signalHistogram) fixing interpretation of coefficients of any RooAddPdf to full domain of observables 
[#1] INFO:NumericIntegration -- RooRealIntegral::init(signal_Int[x]) using numeric integrator RooIntegrator1D to calculate Int(x)
[#1] INFO:Minization -- RooMinuit::optimizeConst: activating const optimization
 **********
 **   13 **MIGRAD        2000           1
 **********
 FIRST CALL TO USER FUNCTION AT NEW START POINT, WITH IFLAG=4.
 START MIGRAD MINIMIZATION.  STRATEGY  1.  CONVERGENCE WHEN EDM .LT. 1.00e-03
 FCN=10830.7 FROM MIGRAD    STATUS=INITIATE       54 CALLS          55 TOTAL
                     EDM= unknown      STRATEGY= 1      NO ERROR MATRIX       
  EXT PARAMETER               CURRENT GUESS       STEP         FIRST   
  NO.   NAME      VALUE            ERROR          SIZE      DERIVATIVE 
   1  sg_p0        6.55000e+02   5.00000e+00   0.00000e+00  -4.44740e+02
   2  sg_p1        1.75000e+01   1.50000e+00   0.00000e+00  -4.26729e+01
   3  sg_p2        1.00225e+00   5.00000e-01   0.00000e+00   7.37985e+01
   4  sg_p3        1.39341e+00   7.00000e-01  -6.45856e-01   4.14284e+01
                               ERR DEF= 0.5
 MIGRAD MINIMIZATION HAS CONVERGED.
 MIGRAD WILL VERIFY CONVERGENCE AND ERROR MATRIX.
 COVARIANCE MATRIX CALCULATED SUCCESSFULLY
 FCN=10770.7 FROM MIGRAD    STATUS=CONVERGED     158 CALLS         159 TOTAL
                     EDM=5.54438e-05    STRATEGY= 1      ERROR MATRIX ACCURATE 
  EXT PARAMETER                                   STEP         FIRST   
  NO.   NAME      VALUE            ERROR          SIZE      DERIVATIVE 
   1  sg_p0        6.61183e+02   5.58601e-01   1.30703e-03   7.27339e-02
   2  sg_p1        1.87556e+01   6.26067e-01   3.36619e-03   1.16170e-01
   3  sg_p2        1.45666e+00   9.85527e-02   2.30722e-03  -2.01954e-01
   4  sg_p3        1.14103e+00   8.65798e-02   1.35416e-03  -1.57200e-01
                               ERR DEF= 0.5
 EXTERNAL ERROR MATRIX.    NDIM=  25    NPAR=  4    ERR DEF=0.5
  3.121e-01 -1.357e-01 -1.260e-03 -2.677e-02 
 -1.357e-01  3.929e-01  3.854e-02  4.159e-02 
 -1.260e-03  3.854e-02  9.719e-03  3.757e-03 
 -2.677e-02  4.159e-02  3.757e-03  7.499e-03 
 PARAMETER  CORRELATION COEFFICIENTS  
       NO.  GLOBAL      1      2      3      4
        1  0.61009   1.000 -0.388 -0.023 -0.553
        2  0.83171  -0.388  1.000  0.624  0.766
        3  0.66919  -0.023  0.624  1.000  0.440
        4  0.81600  -0.553  0.766  0.440  1.000
 **********
 **   18 **HESSE        2000
 **********
 COVARIANCE MATRIX CALCULATED SUCCESSFULLY
 FCN=10770.7 FROM HESSE     STATUS=OK             23 CALLS         182 TOTAL
                     EDM=5.46307e-05    STRATEGY= 1      ERROR MATRIX ACCURATE 
  EXT PARAMETER                                INTERNAL      INTERNAL  
  NO.   NAME      VALUE            ERROR       STEP SIZE       VALUE   
   1  sg_p0        6.61183e+02   5.24911e-01   5.22814e-05   2.49922e-01
   2  sg_p1        1.87556e+01   5.52841e-01   6.73237e-04   1.68209e-01
   3  sg_p2        1.45666e+00   9.52773e-02   4.61444e-04  -4.30514e-01
   4  sg_p3        1.14103e+00   7.38096e-02   5.41663e-05  -7.39598e-01
                               ERR DEF= 0.5
 EXTERNAL ERROR MATRIX.    NDIM=  25    NPAR=  4    ERR DEF=0.5
  2.756e-01 -7.938e-02  3.701e-03 -1.800e-02 
 -7.938e-02  3.062e-01  3.107e-02  2.800e-02 
  3.701e-03  3.107e-02  9.083e-03  2.581e-03 
 -1.800e-02  2.800e-02  2.581e-03  5.449e-03 
 PARAMETER  CORRELATION COEFFICIENTS  
       NO.  GLOBAL      1      2      3      4
        1  0.53953   1.000 -0.273  0.074 -0.465
        2  0.77793  -0.273  1.000  0.589  0.686
        3  0.63966   0.074  0.589  1.000  0.367
        4  0.74489  -0.465  0.686  0.367  1.000
[#1] INFO:Minization -- RooMinuit::optimizeConst: deactivating const optimization
650
661.183 +- 0.524911
18.7556 +- 0.552841
[#1] INFO:InputArguments -- RooAbsData::plotOn(signalHistogram) INFO: dataset has non-integer weights, auto-selecting SumW2 errors instead of Poisson errors
[#1] INFO:Plotting -- RooAbsPdf::plotOn(signal) p.d.f was fitted in range and no explicit plot,norm range was specified, using fit range as default
[#1] INFO:Plotting -- RooAbsPdf::plotOn(signal) only plotting range 'fit_nll_signal_signalHistogram'
[#1] INFO:Plotting -- RooAbsPdf::plotOn(signal) p.d.f. curve is normalized using explicit choice of ranges 'fit_nll_signal_signalHistogram'
[#1] INFO:NumericIntegration -- RooRealIntegral::init(signal_Int[x]) using numeric integrator RooIntegrator1D to calculate Int(x)
[#1] INFO:NumericIntegration -- RooRealIntegral::init(signal_Int[x|fit_nll_signal_signalHistogram]_Norm[x]) using numeric integrator RooIntegrator1D to calculate Int(x)
[#1] INFO:DataHandling -- RooDataHist::adjustBinning(signalHistogram): fit range of variable x expanded to nearest bin boundaries: [480,850] --> [480,850]
[#0] WARNING:InputArguments -- RooAbsPdf::fitTo(signal) WARNING: a likelihood fit is request of what appears to be weighted data. 
       While the estimated values of the parameters will always be calculated taking the weights into account, 
       there are multiple ways to estimate the errors on these parameter values. You are advised to make an 
       explicit choice on the error calculation: 
           - Either provide SumW2Error(kTRUE), to calculate a sum-of-weights corrected HESSE error matrix 
             (error will be proportional to the number of events)
           - Or provide SumW2Error(kFALSE), to return errors from original HESSE error matrix
             (which will be proportional to the sum of the weights)
       If you want the errors to reflect the information contained in the provided dataset, choose kTRUE. 
       If you want the errors to reflect the precision you would be able to obtain with an unweighted dataset 
       with 'sum-of-weights' events, choose kFALSE.
[#1] INFO:Eval -- RooRealVar::setRange(x) new range named 'fit' created with bounds [580,750]
[#1] INFO:Fitting -- RooAbsOptTestStatistic::ctor(nll_signal_signalHistogram) constructing test statistic for sub-range named fit
[#1] INFO:Eval -- RooRealVar::setRange(x) new range named 'NormalizationRangeForfit' created with bounds [480,850]
[#1] INFO:Eval -- RooRealVar::setRange(x) new range named 'fit_nll_signal_signalHistogram' created with bounds [580,750]
[#1] INFO:Fitting -- RooAbsOptTestStatistic::ctor(nll_signal_signalHistogram) fixing interpretation of coefficients of any RooAddPdf to full domain of observables 
[#1] INFO:NumericIntegration -- RooRealIntegral::init(signal_Int[x]) using numeric integrator RooIntegrator1D to calculate Int(x)
[#1] INFO:Minization -- RooMinuit::optimizeConst: activating const optimization
 **********
 **   13 **MIGRAD        2000           1
 **********
 FIRST CALL TO USER FUNCTION AT NEW START POINT, WITH IFLAG=4.
 START MIGRAD MINIMIZATION.  STRATEGY  1.  CONVERGENCE WHEN EDM .LT. 1.00e-03
 FCN=9992.6 FROM MIGRAD    STATUS=INITIATE       54 CALLS          55 TOTAL
                     EDM= unknown      STRATEGY= 1      NO ERROR MATRIX       
  EXT PARAMETER               CURRENT GUESS       STEP         FIRST   
  NO.   NAME      VALUE            ERROR          SIZE      DERIVATIVE 
   1  sg_p0        6.55000e+02   5.00000e+00   0.00000e+00  -3.62893e+02
   2  sg_p1        1.75000e+01   1.50000e+00   0.00000e+00  -5.90807e+01
   3  sg_p2        9.83939e-01   5.00000e-01   0.00000e+00   6.33616e+01
   4  sg_p3        1.46565e+00   7.00000e-01  -6.20255e-01   8.16516e+01
                               ERR DEF= 0.5
 MIGRAD MINIMIZATION HAS CONVERGED.
 MIGRAD WILL VERIFY CONVERGENCE AND ERROR MATRIX.
 COVARIANCE MATRIX CALCULATED SUCCESSFULLY
 FCN=9935.37 FROM MIGRAD    STATUS=CONVERGED     169 CALLS         170 TOTAL
                     EDM=0.000159227    STRATEGY= 1      ERROR MATRIX ACCURATE 
  EXT PARAMETER                                   STEP         FIRST   
  NO.   NAME      VALUE            ERROR          SIZE      DERIVATIVE 
   1  sg_p0        6.61178e+02   7.39572e-01   1.34451e-03  -1.70686e-01
   2  sg_p1        1.89964e+01   8.67158e-01   3.47868e-03   7.20693e-02
   3  sg_p2        1.45598e+00   1.10743e-01   2.29383e-03  -2.60727e-02
   4  sg_p3        1.13815e+00   1.28466e-01   1.46277e-03  -4.42263e-01
                               ERR DEF= 0.5
 EXTERNAL ERROR MATRIX.    NDIM=  25    NPAR=  4    ERR DEF=0.5
  5.471e-01 -4.069e-01 -2.161e-02 -7.041e-02 
 -4.069e-01  7.555e-01  6.659e-02  9.706e-02 
 -2.161e-02  6.659e-02  1.227e-02  8.055e-03 
 -7.041e-02  9.706e-02  8.055e-03  1.652e-02 
 PARAMETER  CORRELATION COEFFICIENTS  
       NO.  GLOBAL      1      2      3      4
        1  0.76850   1.000 -0.633 -0.264 -0.741
        2  0.90376  -0.633  1.000  0.692  0.869
        3  0.72860  -0.264  0.692  1.000  0.566
        4  0.90364  -0.741  0.869  0.566  1.000
 **********
 **   18 **HESSE        2000
 **********
 COVARIANCE MATRIX CALCULATED SUCCESSFULLY
 FCN=9935.37 FROM HESSE     STATUS=OK             23 CALLS         193 TOTAL
                     EDM=0.000158903    STRATEGY= 1      ERROR MATRIX ACCURATE 
  EXT PARAMETER                                INTERNAL      INTERNAL  
  NO.   NAME      VALUE            ERROR       STEP SIZE       VALUE   
   1  sg_p0        6.61178e+02   7.43466e-01   2.68901e-04   2.49690e-01
   2  sg_p1        1.89964e+01   8.64124e-01   6.95735e-04   2.00873e-01
   3  sg_p2        1.45598e+00   1.09398e-01   9.17533e-05  -4.30811e-01
   4  sg_p3        1.13815e+00   1.28692e-01   2.92554e-04  -7.40712e-01
                               ERR DEF= 0.5
 EXTERNAL ERROR MATRIX.    NDIM=  25    NPAR=  4    ERR DEF=0.5
  5.529e-01 -4.125e-01 -2.195e-02 -7.136e-02 
 -4.125e-01  7.502e-01  6.495e-02  9.696e-02 
 -2.195e-02  6.495e-02  1.198e-02  7.923e-03 
 -7.136e-02  9.696e-02  7.923e-03  1.658e-02 
 PARAMETER  CORRELATION COEFFICIENTS  
       NO.  GLOBAL      1      2      3      4
        1  0.77128   1.000 -0.641 -0.270 -0.745
        2  0.90304  -0.641  1.000  0.685  0.870
        3  0.72136  -0.270  0.685  1.000  0.562
        4  0.90400  -0.745  0.870  0.562  1.000
[#1] INFO:Minization -- RooMinuit::optimizeConst: deactivating const optimization
650
661.178 +- 0.743466
18.9964 +- 0.864124
[#1] INFO:InputArguments -- RooAbsData::plotOn(signalHistogram) INFO: dataset has non-integer weights, auto-selecting SumW2 errors instead of Poisson errors
[#1] INFO:Plotting -- RooAbsPdf::plotOn(signal) p.d.f was fitted in range and no explicit plot,norm range was specified, using fit range as default
[#1] INFO:Plotting -- RooAbsPdf::plotOn(signal) only plotting range 'fit_nll_signal_signalHistogram'
[#1] INFO:Plotting -- RooAbsPdf::plotOn(signal) p.d.f. curve is normalized using explicit choice of ranges 'fit_nll_signal_signalHistogram'
[#1] INFO:NumericIntegration -- RooRealIntegral::init(signal_Int[x]) using numeric integrator RooIntegrator1D to calculate Int(x)
[#1] INFO:NumericIntegration -- RooRealIntegral::init(signal_Int[x|fit_nll_signal_signalHistogram]_Norm[x]) using numeric integrator RooIntegrator1D to calculate Int(x)
[#1] INFO:DataHandling -- RooDataHist::adjustBinning(signalHistogram): fit range of variable x expanded to nearest bin boundaries: [480,850] --> [480,850]
[#0] WARNING:InputArguments -- RooAbsPdf::fitTo(signal) WARNING: a likelihood fit is request of what appears to be weighted data. 
       While the estimated values of the parameters will always be calculated taking the weights into account, 
       there are multiple ways to estimate the errors on these parameter values. You are advised to make an 
       explicit choice on the error calculation: 
           - Either provide SumW2Error(kTRUE), to calculate a sum-of-weights corrected HESSE error matrix 
             (error will be proportional to the number of events)
           - Or provide SumW2Error(kFALSE), to return errors from original HESSE error matrix
             (which will be proportional to the sum of the weights)
       If you want the errors to reflect the information contained in the provided dataset, choose kTRUE. 
       If you want the errors to reflect the precision you would be able to obtain with an unweighted dataset 
       with 'sum-of-weights' events, choose kFALSE.
[#1] INFO:Eval -- RooRealVar::setRange(x) new range named 'fit' created with bounds [580,750]
[#1] INFO:Fitting -- RooAbsOptTestStatistic::ctor(nll_signal_signalHistogram) constructing test statistic for sub-range named fit
[#1] INFO:Eval -- RooRealVar::setRange(x) new range named 'NormalizationRangeForfit' created with bounds [480,850]
[#1] INFO:Eval -- RooRealVar::setRange(x) new range named 'fit_nll_signal_signalHistogram' created with bounds [580,750]
[#1] INFO:Fitting -- RooAbsOptTestStatistic::ctor(nll_signal_signalHistogram) fixing interpretation of coefficients of any RooAddPdf to full domain of observables 
[#1] INFO:NumericIntegration -- RooRealIntegral::init(signal_Int[x]) using numeric integrator RooIntegrator1D to calculate Int(x)
[#1] INFO:Minization -- RooMinuit::optimizeConst: activating const optimization
 **********
 **   13 **MIGRAD        2000           1
 **********
 FIRST CALL TO USER FUNCTION AT NEW START POINT, WITH IFLAG=4.
 START MIGRAD MINIMIZATION.  STRATEGY  1.  CONVERGENCE WHEN EDM .LT. 1.00e-03
 FCN=11483.6 FROM MIGRAD    STATUS=INITIATE       55 CALLS          56 TOTAL
                     EDM= unknown      STRATEGY= 1      NO ERROR MATRIX       
  EXT PARAMETER               CURRENT GUESS       STEP         FIRST   
  NO.   NAME      VALUE            ERROR          SIZE      DERIVATIVE 
   1  sg_p0        6.55000e+02   5.00000e+00   0.00000e+00  -2.74697e+02
   2  sg_p1        1.75000e+01   1.50000e+00   0.00000e+00   4.72491e+01
   3  sg_p2        7.99758e-01   5.00000e-01   0.00000e+00  -2.45884e+02
   4  sg_p3        1.30853e+00   7.00000e-01  -6.76585e-01   3.62491e+01
                               ERR DEF= 0.5
 MIGRAD FAILS TO FIND IMPROVEMENT
 COVARIANCE MATRIX CALCULATED SUCCESSFULLY
 FCN=11413.9 FROM HESSE     STATUS=OK             31 CALLS         214 TOTAL
                     EDM=0.000179347    STRATEGY= 1      ERROR MATRIX ACCURATE 
  EXT PARAMETER                                   STEP         FIRST   
  NO.   NAME      VALUE            ERROR          SIZE      DERIVATIVE 
   1  sg_p0        6.61256e+02   8.07788e-01   1.02475e-03   4.77630e-01
   2  sg_p1        1.89964e+01   1.08091e+00   3.49772e-03   1.37583e-01
   3  sg_p2        1.45364e+00   1.98903e-01   2.28196e-03  -3.12364e-01
   4  sg_p3        1.13104e+00   1.04915e-01   1.45795e-03   2.20302e-01
                               ERR DEF= 0.5
 MIGRAD MINIMIZATION HAS CONVERGED.
 FCN=11413.9 FROM MIGRAD    STATUS=CONVERGED     223 CALLS         224 TOTAL
                     EDM=4.35241e-05    STRATEGY= 1  ERROR MATRIX UNCERTAINTY 100.0 per cent
  EXT PARAMETER                                   STEP         FIRST   
  NO.   NAME      VALUE            ERROR          SIZE      DERIVATIVE 
   1  sg_p0        6.61254e+02   3.21033e-01  -6.85513e-05   2.09409e-01
   2  sg_p1        1.89941e+01   4.43174e-01  -3.15216e-04   9.14503e-02
   3  sg_p2        1.45327e+00   7.44907e-02  -1.59636e-04  -3.27444e-01
   4  sg_p3        1.13082e+00   4.34031e-02  -8.50837e-05   8.12827e-02
                               ERR DEF= 0.5
 EXTERNAL ERROR MATRIX.    NDIM=  25    NPAR=  4    ERR DEF=0.5
  1.031e-01  3.647e-02  1.175e-02  3.896e-03 
  3.647e-02  1.966e-01  1.850e-02  1.029e-02 
  1.175e-02  1.850e-02  5.551e-03  1.469e-03 
  3.896e-03  1.029e-02  1.469e-03  1.884e-03 
 PARAMETER  CORRELATION COEFFICIENTS  
       NO.  GLOBAL      1      2      3      4
        1  0.49775   1.000  0.256  0.491  0.280
        2  0.64400   0.256  1.000  0.560  0.535
        3  0.67669   0.491  0.560  1.000  0.454
        4  0.57117   0.280  0.535  0.454  1.000
 **********
 **   18 **HESSE        2000
 **********
 EIGENVALUES OF SECOND-DERIVATIVE MATRIX:
        -4.6515e+00  2.2931e-01  1.6841e+00  6.7381e+00
 MINUIT WARNING IN HESSE   
 ============== MATRIX FORCED POS-DEF BY ADDING 4.658200 TO DIAGONAL.
 FCN=11413.9 FROM HESSE     STATUS=NOT POSDEF     25 CALLS         249 TOTAL
                     EDM=0.0178461    STRATEGY= 1      ERR MATRIX NOT POS-DEF
  EXT PARAMETER                APPROXIMATE     INTERNAL      INTERNAL  
  NO.   NAME      VALUE            ERROR       STEP SIZE       VALUE   
   1  sg_p0        6.61254e+02   3.25109e+00   4.09899e-04   2.52855e-01
   2  sg_p1        1.89941e+01   1.45159e+00   1.39909e-03   2.00554e-01
   3  sg_p2        1.45327e+00   6.02184e-01   9.12783e-04  -4.32003e-01
   4  sg_p3        1.13082e+00   2.35099e-02   5.83181e-04  -7.43554e-01
                               ERR DEF= 0.5
 EXTERNAL ERROR MATRIX.    NDIM=  25    NPAR=  4    ERR DEF=0.5
  1.063e+01  4.733e+00 -1.984e+00 -3.774e-02 
  4.733e+00  2.135e+00 -8.861e-01 -1.641e-02 
 -1.984e+00 -8.861e-01  3.715e-01  7.009e-03 
 -3.774e-02 -1.641e-02  7.009e-03  5.527e-04 
ERR MATRIX NOT POS-DEF
 PARAMETER  CORRELATION COEFFICIENTS  
       NO.  GLOBAL      1      2      3      4
        1  0.99842   1.000  0.993 -0.998 -0.492
        2  0.99509   0.993  1.000 -0.995 -0.478
        3  0.99882  -0.998 -0.995  1.000  0.489
        4  0.50219  -0.492 -0.478  0.489  1.000
 ERR MATRIX NOT POS-DEF
[#1] INFO:Minization -- RooMinuit::optimizeConst: deactivating const optimization
650
661.254 +- 3.25109
18.9941 +- 1.45159
[#1] INFO:InputArguments -- RooAbsData::plotOn(signalHistogram) INFO: dataset has non-integer weights, auto-selecting SumW2 errors instead of Poisson errors
[#1] INFO:Plotting -- RooAbsPdf::plotOn(signal) p.d.f was fitted in range and no explicit plot,norm range was specified, using fit range as default
[#1] INFO:Plotting -- RooAbsPdf::plotOn(signal) only plotting range 'fit_nll_signal_signalHistogram'
[#1] INFO:Plotting -- RooAbsPdf::plotOn(signal) p.d.f. curve is normalized using explicit choice of ranges 'fit_nll_signal_signalHistogram'
[#1] INFO:NumericIntegration -- RooRealIntegral::init(signal_Int[x]) using numeric integrator RooIntegrator1D to calculate Int(x)
[#1] INFO:NumericIntegration -- RooRealIntegral::init(signal_Int[x|fit_nll_signal_signalHistogram]_Norm[x]) using numeric integrator RooIntegrator1D to calculate Int(x)
35.9 fb^{-1} (13 TeV)
   Uncertainty on sg_p0 = 661.215 +- 0.720486 (stat) - 1.92885 + 1.27271 (syst); -1.96221/+1.32271 (total)
   Uncertainty on sg_p1 = 18.9981 +- 0.837759 (stat) - 0.242524 + 0.595022 (syst); -0.484023/+0.727675 (total)
   Uncertainty on sg_p2 = 1.45525 +- 0.105708 (stat) - 0.0405567 + 0.0276059 (syst); -0.0666212/+0.0596291 (total)
   Uncertainty on sg_p3 = 1.13503 +- 0.12401 (stat) - 0.00638242 + 0.168157 (syst); -0.0623326/+0.179225 (total)
   === Baseline plot === </br>
   norm = 172.355
JEC     lnN   1.021  -
JER     lnN   1.01174  -
btag    lnN   1.06923  -
sg_p0   param   661.215 -1.96221/+1.32271
sg_p1   param   18.9981 -0.484023/+0.727675
sg_p2   param   1.45525  -0.0666212/+0.0596291
sg_p3   param   1.13503  -0.0623326/+0.179225
