>>> including systematics
>>> method used to compute upper limit is Asymptotic
>>> random number generator seed is 123456
[?1034hComputing limit starting from observation
Will compute both limit(s) using minimizer Minuit2 with strategy 0 and tolerance 0.01
Constraints of type RooGaussian: 4
Constraints of type SimpleGaussianConstraint: 6
Median for expected limits: 0.0698242
Sigma  for expected limits: 0.0356253
Constraints of type RooGaussian: 4
Constraints of type SimpleGaussianConstraint: 6
Constraints of type RooGaussian: 4
Constraints of type SimpleGaussianConstraint: 6
Restricting r to positive values.

Make global fit of real data
NLL at global minimum of data: -1115.65 (r = 3.31342e-09)

Make global fit of asimov data
NLL at global minimum of asimov: -1051.34 (r = 4.23388e-06)
At r = 1.200000:	q_mu = 285.14763	q_A  = 235.91970	CLsb = 0.00000	CLb  = 0.05452	CLs  = 0.00000
At r = 0.600000:	q_mu = 152.38726	q_A  = 115.11763	CLsb = 0.00000	CLb  = 0.04121	CLs  = 0.00000
At r = 0.300000:	q_mu = 73.42168	q_A  = 46.87270	CLsb = 0.00000	CLb  = 0.02626	CLs  = 0.00000
At r = 0.150000:	q_mu = 32.39242	q_A  = 15.61560	CLsb = 0.00000	CLb  = 0.01689	CLs  = 0.00000
At r = 0.075000:	q_mu = 13.90828	q_A  = 4.44947	CLsb = 0.00001	CLb  = 0.01248	CLs  = 0.00054
At r = 0.037500:	q_mu = 6.14541	q_A  = 1.17253	CLsb = 0.00036	CLb  = 0.01083	CLs  = 0.03358
At r = 0.018750:	q_mu = 2.83743	q_A  = 0.30126	CLsb = 0.00212	CLb  = 0.01043	CLs  = 0.20350
At r = 0.028125:	q_mu = 4.43670	q_A  = 0.66791	CLsb = 0.00090	CLb  = 0.01056	CLs  = 0.08474
At r = 0.032399:	q_mu = 5.20260	q_A  = 0.88116	CLsb = 0.00060	CLb  = 0.01067	CLs  = 0.05590
At r = 0.034312:	q_mu = 5.55263	q_A  = 0.98590	CLsb = 0.00050	CLb  = 0.01073	CLs  = 0.04624
At r = 0.033299:	q_mu = 5.36669	q_A  = 0.92970	CLsb = 0.00055	CLb  = 0.01070	CLs  = 0.05114
At r = 0.033683:	q_mu = 5.43705	q_A  = 0.95080	CLsb = 0.00053	CLb  = 0.01071	CLs  = 0.04923
At r = 0.033481:	q_mu = 5.39999	q_A  = 0.93966	CLsb = 0.00054	CLb  = 0.01071	CLs  = 0.05023

 -- Asymptotic -- 
Observed Limit: r < 0.0335
Expected  2.5%: r < 0.0368
Expected 16.0%: r < 0.0495
Expected 50.0%: r < 0.0698
Expected 84.0%: r < 0.0985
Expected 97.5%: r < 0.1354

Done in 0.01 min (cpu), 0.01 min (real)
