>>> including systematics
>>> method used to compute upper limit is Asymptotic
>>> random number generator seed is 123456
[?1034hComputing limit starting from observation
Will compute both limit(s) using minimizer Minuit2 with strategy 0 and tolerance 0.01
Constraints of type RooGaussian: 4
Constraints of type SimpleGaussianConstraint: 6
Median for expected limits: 0.871094
Sigma  for expected limits: 0.444444
Constraints of type RooGaussian: 4
Constraints of type SimpleGaussianConstraint: 6
Constraints of type RooGaussian: 4
Constraints of type SimpleGaussianConstraint: 6
Restricting r to positive values.

Make global fit of real data
NLL at global minimum of data: -5.71368 (r = 1.91789e-07)

Make global fit of asimov data
NLL at global minimum of asimov: -13.4967 (r = 2.09092e-06)
At r = 7.211620:	q_mu = 97.96093	q_A  = 97.77406	CLsb = 0.00000	CLb  = 0.49623	CLs  = 0.00000
At r = 3.605810:	q_mu = 41.37959	q_A  = 40.76230	CLsb = 0.00000	CLb  = 0.48072	CLs  = 0.00000
At r = 1.802905:	q_mu = 14.00170	q_A  = 13.94649	CLsb = 0.00009	CLb  = 0.49705	CLs  = 0.00018
At r = 0.901453:	q_mu = 4.14169	q_A  = 4.11476	CLsb = 0.02092	CLb  = 0.49735	CLs  = 0.04206
At r = 0.450726:	q_mu = 1.16602	q_A  = 1.15302	CLsb = 0.14011	CLb  = 0.49759	CLs  = 0.28157
At r = 0.676090:	q_mu = 2.44910	q_A  = 2.42921	CLsb = 0.05879	CLb  = 0.49745	CLs  = 0.11819
At r = 0.826209:	q_mu = 3.53413	q_A  = 3.50956	CLsb = 0.03006	CLb  = 0.49738	CLs  = 0.06043
At r = 0.857685:	q_mu = 3.78331	q_A  = 3.75775	CLsb = 0.02588	CLb  = 0.49737	CLs  = 0.05204
At r = 0.873012:	q_mu = 3.90724	q_A  = 3.88120	CLsb = 0.02404	CLb  = 0.49736	CLs  = 0.04833
At r = 0.864316:	q_mu = 3.83671	q_A  = 3.81095	CLsb = 0.02507	CLb  = 0.49737	CLs  = 0.05041
At r = 0.867394:	q_mu = 3.86161	q_A  = 3.83575	CLsb = 0.02470	CLb  = 0.49737	CLs  = 0.04966
At r = 0.865657:	q_mu = 3.84755	q_A  = 3.82174	CLsb = 0.02491	CLb  = 0.49737	CLs  = 0.05008

 -- Asymptotic -- 
Observed Limit: r < 0.8657
Expected  2.5%: r < 0.4458
Expected 16.0%: r < 0.6069
Expected 50.0%: r < 0.8711
Expected 84.0%: r < 1.2496
Expected 97.5%: r < 1.7360

Done in 0.00 min (cpu), 0.00 min (real)
