>>> including systematics
>>> method used to compute upper limit is Asymptotic
>>> random number generator seed is 123456
[?1034hComputing limit starting from observation
Will compute both limit(s) using minimizer Minuit2 with strategy 0 and tolerance 0.01
Constraints of type RooGaussian: 4
Constraints of type SimpleGaussianConstraint: 6
Median for expected limits: 0.321289
Sigma  for expected limits: 0.163926
Constraints of type RooGaussian: 4
Constraints of type SimpleGaussianConstraint: 6
Constraints of type RooGaussian: 4
Constraints of type SimpleGaussianConstraint: 6
Restricting r to positive values.

Make global fit of real data
NLL at global minimum of data: -89.6741 (r = 6.70164e-08)

Make global fit of asimov data
NLL at global minimum of asimov: -73.1303 (r = 0.00143978)
At r = 1.200000:	q_mu = 50.55844	q_A  = 36.41552	CLsb = 0.00000	CLb  = 0.12063	CLs  = 0.00000
At r = 0.600000:	q_mu = 20.84441	q_A  = 12.00542	CLsb = 0.00000	CLb  = 0.10106	CLs  = 0.00001
At r = 0.300000:	q_mu = 8.29293	q_A  = 3.36981	CLsb = 0.00074	CLb  = 0.08997	CLs  = 0.00828
At r = 0.150000:	q_mu = 3.43402	q_A  = 0.86974	CLsb = 0.01052	CLb  = 0.08460	CLs  = 0.12431
At r = 0.225000:	q_mu = 5.70867	q_A  = 1.93345	CLsb = 0.00300	CLb  = 0.08731	CLs  = 0.03434
At r = 0.192475:	q_mu = 4.68139	q_A  = 1.42405	CLsb = 0.00526	CLb  = 0.08616	CLs  = 0.06107
At r = 0.208018:	q_mu = 5.16498	q_A  = 1.65872	CLsb = 0.00403	CLb  = 0.08672	CLs  = 0.04653
At r = 0.201619:	q_mu = 4.96413	q_A  = 1.56004	CLsb = 0.00450	CLb  = 0.08649	CLs  = 0.05208
At r = 0.204750:	q_mu = 5.06209	q_A  = 1.60795	CLsb = 0.00427	CLb  = 0.08660	CLs  = 0.04929
At r = 0.203475:	q_mu = 5.02213	q_A  = 1.58835	CLsb = 0.00436	CLb  = 0.08655	CLs  = 0.05041
At r = 0.204102:	q_mu = 5.04177	q_A  = 1.59797	CLsb = 0.00432	CLb  = 0.08658	CLs  = 0.04986

 -- Asymptotic -- 
Observed Limit: r < 0.2041
Expected  2.5%: r < 0.1713
Expected 16.0%: r < 0.2293
Expected 50.0%: r < 0.3213
Expected 84.0%: r < 0.4583
Expected 97.5%: r < 0.6305

Done in 0.01 min (cpu), 0.01 min (real)
