>>> including systematics
>>> method used to compute upper limit is Asymptotic
>>> random number generator seed is 123456
[?1034hComputing limit starting from observation
Will compute both limit(s) using minimizer Minuit2 with strategy 0 and tolerance 0.01
Constraints of type RooGaussian: 4
Constraints of type SimpleGaussianConstraint: 6
Median for expected limits: 0.855469
Sigma  for expected limits: 0.436472
Constraints of type RooGaussian: 4
Constraints of type SimpleGaussianConstraint: 6
Constraints of type RooGaussian: 4
Constraints of type SimpleGaussianConstraint: 6
Restricting r to positive values.

Make global fit of real data
NLL at global minimum of data: -13.6439 (r = 1.37555e-08)

Make global fit of asimov data
NLL at global minimum of asimov: -12.5786 (r = 1.18461e-12)
At r = 1.200000:	q_mu = 16.67565	q_A  = 6.98851	CLsb = 0.00000	CLb  = 0.03346	CLs  = 0.00011
At r = 0.600000:	q_mu = 7.24584	q_A  = 2.05539	CLsb = 0.00059	CLb  = 0.03513	CLs  = 0.01678
At r = 0.300000:	q_mu = 3.29063	q_A  = 0.62600	CLsb = 0.00666	CLb  = 0.04610	CLs  = 0.14446
At r = 0.478289:	q_mu = 5.56866	q_A  = 1.38297	CLsb = 0.00156	CLb  = 0.03757	CLs  = 0.04153
At r = 0.421391:	q_mu = 4.81768	q_A  = 1.11135	CLsb = 0.00246	CLb  = 0.03938	CLs  = 0.06249
At r = 0.446230:	q_mu = 5.14283	q_A  = 1.22651	CLsb = 0.00202	CLb  = 0.03852	CLs  = 0.05234
At r = 0.457717:	q_mu = 5.29463	q_A  = 1.28157	CLsb = 0.00184	CLb  = 0.03816	CLs  = 0.04819
At r = 0.451327:	q_mu = 5.21008	q_A  = 1.25080	CLsb = 0.00194	CLb  = 0.03836	CLs  = 0.05046
At r = 0.453630:	q_mu = 5.24051	q_A  = 1.26185	CLsb = 0.00190	CLb  = 0.03829	CLs  = 0.04963
At r = 0.452352:	q_mu = 5.22363	q_A  = 1.25572	CLsb = 0.00192	CLb  = 0.03833	CLs  = 0.05009

 -- Asymptotic -- 
Observed Limit: r < 0.4524
Expected  2.5%: r < 0.4261
Expected 16.0%: r < 0.5921
Expected 50.0%: r < 0.8555
Expected 84.0%: r < 1.2408
Expected 97.5%: r < 1.7244

Done in 0.00 min (cpu), 0.00 min (real)
