>>> including systematics
>>> method used to compute upper limit is Asymptotic
>>> random number generator seed is 123456
[?1034hComputing limit starting from observation
Will compute both limit(s) using minimizer Minuit2 with strategy 0 and tolerance 0.01
Constraints of type RooGaussian: 4
Constraints of type SimpleGaussianConstraint: 6
Median for expected limits: 0.0629883
Sigma  for expected limits: 0.0321375
Constraints of type RooGaussian: 4
Constraints of type SimpleGaussianConstraint: 6
Constraints of type RooGaussian: 4
Constraints of type SimpleGaussianConstraint: 6
Restricting r to positive values.

Make global fit of real data
NLL at global minimum of data: -1239.31 (r = 2.25578e-10)

Make global fit of asimov data
NLL at global minimum of asimov: -1176.17 (r = 3.52923e-06)
At r = 1.200000:	q_mu = 301.67404	q_A  = 258.04014	CLsb = 0.00000	CLb  = 0.08721	CLs  = 0.00000
At r = 0.600000:	q_mu = 159.98470	q_A  = 128.09808	CLsb = 0.00000	CLb  = 0.07947	CLs  = 0.00000
At r = 0.300000:	q_mu = 76.50399	q_A  = 53.64744	CLsb = 0.00000	CLb  = 0.05935	CLs  = 0.00000
At r = 0.150000:	q_mu = 32.94684	q_A  = 18.38196	CLsb = 0.00000	CLb  = 0.04470	CLs  = 0.00000
At r = 0.075000:	q_mu = 13.59647	q_A  = 5.34155	CLsb = 0.00002	CLb  = 0.03706	CLs  = 0.00056
At r = 0.037500:	q_mu = 5.76783	q_A  = 1.42472	CLsb = 0.00129	CLb  = 0.03443	CLs  = 0.03757
At r = 0.018750:	q_mu = 2.58330	q_A  = 0.37042	CLsb = 0.00762	CLb  = 0.03454	CLs  = 0.22067
At r = 0.028125:	q_mu = 4.10567	q_A  = 0.81524	CLsb = 0.00321	CLb  = 0.03422	CLs  = 0.09395
At r = 0.033287:	q_mu = 5.00421	q_A  = 1.13090	CLsb = 0.00196	CLb  = 0.03429	CLs  = 0.05715
At r = 0.035203:	q_mu = 5.34835	q_A  = 1.26064	CLsb = 0.00162	CLb  = 0.03435	CLs  = 0.04729
At r = 0.034369:	q_mu = 5.19778	q_A  = 1.20331	CLsb = 0.00176	CLb  = 0.03433	CLs  = 0.05137
At r = 0.034754:	q_mu = 5.26711	q_A  = 1.22960	CLsb = 0.00170	CLb  = 0.03434	CLs  = 0.04945

 -- Asymptotic -- 
Observed Limit: r < 0.0348
Expected  2.5%: r < 0.0330
Expected 16.0%: r < 0.0447
Expected 50.0%: r < 0.0630
Expected 84.0%: r < 0.0894
Expected 97.5%: r < 0.1233

Done in 0.00 min (cpu), 0.00 min (real)
