>>> including systematics
>>> method used to compute upper limit is Asymptotic
>>> random number generator seed is 123456
[?1034hComputing limit starting from observation
Will compute both limit(s) using minimizer Minuit2 with strategy 0 and tolerance 0.01
Constraints of type RooGaussian: 4
Constraints of type SimpleGaussianConstraint: 6
Median for expected limits: 0.587891
Sigma  for expected limits: 0.29995
Constraints of type RooGaussian: 4
Constraints of type SimpleGaussianConstraint: 6
Constraints of type RooGaussian: 4
Constraints of type SimpleGaussianConstraint: 6
Restricting r to positive values.

Make global fit of real data
NLL at global minimum of data: -37.736 (r = 1.43291e-08)

Make global fit of asimov data
NLL at global minimum of asimov: -29.227 (r = 0.0161568)
At r = 1.200000:	q_mu = 23.36431	q_A  = 14.38713	CLsb = 0.00000	CLb  = 0.11833	CLs  = 0.00000
At r = 0.600000:	q_mu = 9.02474	q_A  = 3.98638	CLsb = 0.00056	CLb  = 0.10352	CLs  = 0.00541
At r = 0.300000:	q_mu = 3.61578	q_A  = 0.98556	CLsb = 0.01024	CLb  = 0.09263	CLs  = 0.11053
At r = 0.450000:	q_mu = 6.12596	q_A  = 2.25680	CLsb = 0.00264	CLb  = 0.09891	CLs  = 0.02664
At r = 0.366904:	q_mu = 4.68341	q_A  = 1.49255	CLsb = 0.00574	CLb  = 0.09579	CLs  = 0.05994
At r = 0.398391:	q_mu = 5.21541	q_A  = 1.76509	CLsb = 0.00431	CLb  = 0.09706	CLs  = 0.04437
At r = 0.382088:	q_mu = 4.93763	q_A  = 1.62130	CLsb = 0.00500	CLb  = 0.09641	CLs  = 0.05190
At r = 0.388450:	q_mu = 5.04544	q_A  = 1.67672	CLsb = 0.00472	CLb  = 0.09667	CLs  = 0.04883
At r = 0.385203:	q_mu = 4.99032	q_A  = 1.64833	CLsb = 0.00486	CLb  = 0.09654	CLs  = 0.05038
At r = 0.386478:	q_mu = 5.01194	q_A  = 1.65945	CLsb = 0.00481	CLb  = 0.09659	CLs  = 0.04976

 -- Asymptotic -- 
Observed Limit: r < 0.3865
Expected  2.5%: r < 0.3204
Expected 16.0%: r < 0.4228
Expected 50.0%: r < 0.5879
Expected 84.0%: r < 0.8293
Expected 97.5%: r < 1.1400

Done in 0.01 min (cpu), 0.01 min (real)
