
Processing test.c...
nSignal_init = 100000
[#1] INFO:DataHandling -- RooDataHist::adjustBinning(signalHistogram): fit range of variable x expanded to nearest bin boundaries: [350,750] --> [350,750]
[#0] WARNING:InputArguments -- RooAbsPdf::fitTo(signal) WARNING: a likelihood fit is request of what appears to be weighted data. 
       While the estimated values of the parameters will always be calculated taking the weights into account, 
       there are multiple ways to estimate the errors on these parameter values. You are advised to make an 
       explicit choice on the error calculation: 
           - Either provide SumW2Error(kTRUE), to calculate a sum-of-weights corrected HESSE error matrix 
             (error will be proportional to the number of events)
           - Or provide SumW2Error(kFALSE), to return errors from original HESSE error matrix
             (which will be proportional to the sum of the weights)
       If you want the errors to reflect the information contained in the provided dataset, choose kTRUE. 
       If you want the errors to reflect the precision you would be able to obtain with an unweighted dataset 
       with 'sum-of-weights' events, choose kFALSE.
[#1] INFO:Eval -- RooRealVar::setRange(x) new range named 'fit' created with bounds [450,650]
[#1] INFO:Fitting -- RooAbsOptTestStatistic::ctor(nll_signal_signalHistogram) constructing test statistic for sub-range named fit
[#1] INFO:Eval -- RooRealVar::setRange(x) new range named 'NormalizationRangeForfit' created with bounds [350,750]
[#1] INFO:Eval -- RooRealVar::setRange(x) new range named 'fit_nll_signal_signalHistogram' created with bounds [450,650]
[#1] INFO:Fitting -- RooAbsOptTestStatistic::ctor(nll_signal_signalHistogram) fixing interpretation of coefficients of any RooAddPdf to full domain of observables 
[#1] INFO:NumericIntegration -- RooRealIntegral::init(signal_Int[x]) using numeric integrator RooIntegrator1D to calculate Int(x)
[#1] INFO:Minization -- RooMinuit::optimizeConst: activating const optimization
 **********
 **   13 **MIGRAD        2000           1
 **********
 FIRST CALL TO USER FUNCTION AT NEW START POINT, WITH IFLAG=4.
 START MIGRAD MINIMIZATION.  STRATEGY  1.  CONVERGENCE WHEN EDM .LT. 1.00e-03
 FCN=16548.5 FROM MIGRAD    STATUS=INITIATE       59 CALLS          60 TOTAL
                     EDM= unknown      STRATEGY= 1      NO ERROR MATRIX       
  EXT PARAMETER               CURRENT GUESS       STEP         FIRST   
  NO.   NAME      VALUE            ERROR          SIZE      DERIVATIVE 
   1  sg_p0        5.40000e+02   6.00000e+00   0.00000e+00   8.36856e+01
   2  sg_p1        2.25000e+01   2.50000e+00   0.00000e+00  -2.13036e+02
   3  sg_p2        9.96389e-01   5.00000e-01   0.00000e+00  -2.10001e+01
   4  sg_p3        1.33793e+00   7.00000e-01  -6.65859e-01   1.43037e+02
                               ERR DEF= 0.5
 MINUIT WARNING IN MIGRAD  
 ============== Negative diagonal element 4 in Error Matrix
 MINUIT WARNING IN MIGRAD  
 ============== 1.05392 added to diagonal of error matrix
 MIGRAD MINIMIZATION HAS CONVERGED.
 MIGRAD WILL VERIFY CONVERGENCE AND ERROR MATRIX.
 COVARIANCE MATRIX CALCULATED SUCCESSFULLY
 FCN=16467.8 FROM MIGRAD    STATUS=CONVERGED     433 CALLS         434 TOTAL
                     EDM=1.19101e-06    STRATEGY= 1      ERROR MATRIX ACCURATE 
  EXT PARAMETER                                   STEP         FIRST   
  NO.   NAME      VALUE            ERROR          SIZE      DERIVATIVE 
   1  sg_p0        5.41842e+02   5.12497e-01   1.51068e-03   3.12657e-02
   2  sg_p1        2.95617e+01   3.82692e-01   3.23918e-03   3.18610e-03
   3  sg_p2        2.26823e+00   2.06532e-01   7.22656e-03  -7.81355e-04
   4  sg_p3        3.13392e+00   1.77814e+00   6.15202e-02  -1.76290e-03
                               ERR DEF= 0.5
 EXTERNAL ERROR MATRIX.    NDIM=  25    NPAR=  4    ERR DEF=0.5
  2.627e-01  2.925e-03  9.483e-03 -3.748e-10 
  2.925e-03  1.465e-01  1.367e-02 -4.881e-11 
  9.483e-03  1.367e-02  4.275e-02 -1.530e-10 
 -3.748e-10 -4.881e-11 -1.530e-10  3.483e+00 
 PARAMETER  CORRELATION COEFFICIENTS  
       NO.  GLOBAL      1      2      3      4
        1  0.08948   1.000  0.015  0.089 -0.000
        2  0.17277   0.015  1.000  0.173 -0.000
        3  0.19340   0.089  0.173  1.000 -0.000
        4  0.00000  -0.000 -0.000 -0.000  1.000
 **********
 **   18 **HESSE        2000
 **********
 COVARIANCE MATRIX CALCULATED SUCCESSFULLY
 FCN=16467.8 FROM HESSE     STATUS=OK             29 CALLS         463 TOTAL
                     EDM=3.87994e-07    STRATEGY= 1      ERROR MATRIX ACCURATE 
  EXT PARAMETER                                INTERNAL      INTERNAL  
  NO.   NAME      VALUE            ERROR       STEP SIZE       VALUE   
   1  sg_p0        5.41842e+02   5.12297e-01   3.02136e-04   6.14367e-02
   2  sg_p1        2.95617e+01   3.82068e-01   1.29567e-04   6.00358e-01
   3  sg_p2        2.26823e+00   2.05837e-01   2.89062e-04  -9.28432e-02
   4  sg_p3        3.13392e+00   6.62343e-01   3.58606e-01  -1.04787e-01
                               ERR DEF= 0.5
 EXTERNAL ERROR MATRIX.    NDIM=  25    NPAR=  4    ERR DEF=0.5
  2.625e-01  2.466e-03  8.976e-03  1.615e-11 
  2.466e-03  1.460e-01  1.286e-02  2.313e-11 
  8.976e-03  1.286e-02  4.247e-02  7.639e-11 
  1.615e-11  2.313e-11  7.639e-11  4.441e-01 
 PARAMETER  CORRELATION COEFFICIENTS  
       NO.  GLOBAL      1      2      3      4
        1  0.08503   1.000  0.013  0.085  0.000
        2  0.16331   0.013  1.000  0.163  0.000
        3  0.18317   0.085  0.163  1.000  0.000
        4  0.00000   0.000  0.000  0.000  1.000
[#1] INFO:Minization -- RooMinuit::optimizeConst: deactivating const optimization
550
541.842 +- 0.512297
29.5617 +- 0.382068
[#1] INFO:InputArguments -- RooAbsData::plotOn(signalHistogram) INFO: dataset has non-integer weights, auto-selecting SumW2 errors instead of Poisson errors
[#1] INFO:Plotting -- RooAbsPdf::plotOn(signal) p.d.f was fitted in range and no explicit plot,norm range was specified, using fit range as default
[#1] INFO:Plotting -- RooAbsPdf::plotOn(signal) only plotting range 'fit_nll_signal_signalHistogram'
[#1] INFO:Plotting -- RooAbsPdf::plotOn(signal) p.d.f. curve is normalized using explicit choice of ranges 'fit_nll_signal_signalHistogram'
[#1] INFO:NumericIntegration -- RooRealIntegral::init(signal_Int[x]) using numeric integrator RooIntegrator1D to calculate Int(x)
[#1] INFO:NumericIntegration -- RooRealIntegral::init(signal_Int[x|fit_nll_signal_signalHistogram]_Norm[x]) using numeric integrator RooIntegrator1D to calculate Int(x)
[#1] INFO:ObjectHandling -- RooWorkspace::import(HbbHbb) importing ExpGaussExp::signal_fixed
[#1] INFO:ObjectHandling -- RooWorkspace::import(HbbHbb) importing RooRealVar::x
[#1] INFO:ObjectHandling -- RooWorkspace::import(HbbHbb) importing RooRealVar::signal_p0
[#1] INFO:ObjectHandling -- RooWorkspace::import(HbbHbb) importing RooRealVar::signal_p1
[#1] INFO:ObjectHandling -- RooWorkspace::import(HbbHbb) importing RooRealVar::signal_p2
[#1] INFO:ObjectHandling -- RooWorkspace::import(HbbHbb) importing RooRealVar::signal_p3
[#1] INFO:DataHandling -- RooDataHist::adjustBinning(signalHistogram): fit range of variable x expanded to nearest bin boundaries: [350,750] --> [350,750]
[#0] WARNING:InputArguments -- RooAbsPdf::fitTo(signal) WARNING: a likelihood fit is request of what appears to be weighted data. 
       While the estimated values of the parameters will always be calculated taking the weights into account, 
       there are multiple ways to estimate the errors on these parameter values. You are advised to make an 
       explicit choice on the error calculation: 
           - Either provide SumW2Error(kTRUE), to calculate a sum-of-weights corrected HESSE error matrix 
             (error will be proportional to the number of events)
           - Or provide SumW2Error(kFALSE), to return errors from original HESSE error matrix
             (which will be proportional to the sum of the weights)
       If you want the errors to reflect the information contained in the provided dataset, choose kTRUE. 
       If you want the errors to reflect the precision you would be able to obtain with an unweighted dataset 
       with 'sum-of-weights' events, choose kFALSE.
[#1] INFO:Eval -- RooRealVar::setRange(x) new range named 'fit' created with bounds [450,650]
[#1] INFO:Fitting -- RooAbsOptTestStatistic::ctor(nll_signal_signalHistogram) constructing test statistic for sub-range named fit
[#1] INFO:Eval -- RooRealVar::setRange(x) new range named 'NormalizationRangeForfit' created with bounds [350,750]
[#1] INFO:Eval -- RooRealVar::setRange(x) new range named 'fit_nll_signal_signalHistogram' created with bounds [450,650]
[#1] INFO:Fitting -- RooAbsOptTestStatistic::ctor(nll_signal_signalHistogram) fixing interpretation of coefficients of any RooAddPdf to full domain of observables 
[#1] INFO:NumericIntegration -- RooRealIntegral::init(signal_Int[x]) using numeric integrator RooIntegrator1D to calculate Int(x)
[#1] INFO:Minization -- RooMinuit::optimizeConst: activating const optimization
 **********
 **   13 **MIGRAD        2000           1
 **********
 FIRST CALL TO USER FUNCTION AT NEW START POINT, WITH IFLAG=4.
 START MIGRAD MINIMIZATION.  STRATEGY  1.  CONVERGENCE WHEN EDM .LT. 1.00e-03
 FCN=16779.6 FROM MIGRAD    STATUS=INITIATE       54 CALLS          55 TOTAL
                     EDM= unknown      STRATEGY= 1      NO ERROR MATRIX       
  EXT PARAMETER               CURRENT GUESS       STEP         FIRST   
  NO.   NAME      VALUE            ERROR          SIZE      DERIVATIVE 
   1  sg_p0        5.40000e+02   6.00000e+00   0.00000e+00  -8.37041e+01
   2  sg_p1        2.25000e+01   2.50000e+00   0.00000e+00  -1.07475e+02
   3  sg_p2        8.65799e-01   5.00000e-01   0.00000e+00  -7.40551e+01
   4  sg_p3        1.35564e+00   7.00000e-01  -6.59439e-01   6.28488e+01
                               ERR DEF= 0.5
 MIGRAD FAILS TO FIND IMPROVEMENT
 COVARIANCE MATRIX CALCULATED SUCCESSFULLY
 FCN=16685.9 FROM HESSE     STATUS=OK             27 CALLS         282 TOTAL
                     EDM=0.102246    STRATEGY= 1      ERROR MATRIX ACCURATE 
  EXT PARAMETER                                   STEP         FIRST   
  NO.   NAME      VALUE            ERROR          SIZE      DERIVATIVE 
   1  sg_p0        5.44552e+02   5.08282e-01   1.52398e-03  -1.54852e-01
   2  sg_p1        2.95922e+01   3.76777e-01   3.22494e-03  -3.69769e-02
   3  sg_p2        2.45278e+00   3.27164e-01   1.16491e-02   1.26745e-02
   4  sg_p3        3.35460e+00   1.18039e+00   3.11390e-01  -1.31335e+00
                               ERR DEF= 0.5
 MIGRAD MINIMIZATION HAS CONVERGED.
 FCN=16685.9 FROM MIGRAD    STATUS=CONVERGED     295 CALLS         296 TOTAL
                     EDM=2.81269e-08    STRATEGY= 1  ERROR MATRIX UNCERTAINTY   0.0 per cent
  EXT PARAMETER                                   STEP         FIRST   
  NO.   NAME      VALUE            ERROR          SIZE      DERIVATIVE 
   1  sg_p0        5.44554e+02   5.08278e-01   4.34002e-05  -1.50856e-04
   2  sg_p1        2.95926e+01   3.76767e-01   4.09576e-05  -4.62961e-04
   3  sg_p2        2.45238e+00   3.27162e-01  -1.58660e-04  -1.77907e-03
   4  sg_p3        3.89863e+00   1.17372e+00   1.55695e-01   0.00000e+00
                               ERR DEF= 0.5
 EXTERNAL ERROR MATRIX.    NDIM=  25    NPAR=  4    ERR DEF=0.5
  2.584e-01  3.013e-03  1.443e-02  3.104e-05 
  3.013e-03  1.420e-01  2.058e-02  5.573e-05 
  1.443e-02  2.058e-02  1.077e-01  2.055e-04 
  3.104e-05  5.573e-05  2.055e-04  1.433e+00 
 PARAMETER  CORRELATION COEFFICIENTS  
       NO.  GLOBAL      1      2      3      4
        1  0.08655   1.000  0.016  0.087  0.000
        2  0.16643   0.016  1.000  0.166  0.000
        3  0.18640   0.087  0.166  1.000  0.001
        4  0.00052   0.000  0.000  0.001  1.000
 **********
 **   18 **HESSE        2000
 **********
 MINUIT WARNING IN HESSE
 ============== Second derivative enters zero, param 4
 COVARIANCE MATRIX CALCULATED SUCCESSFULLY
 FCN=16685.9 FROM HESSE     STATUS=OK             31 CALLS         327 TOTAL
                     EDM=0.378043    STRATEGY= 1      ERROR MATRIX ACCURATE 
  EXT PARAMETER                                INTERNAL      INTERNAL  
  NO.   NAME      VALUE            ERROR       STEP SIZE       VALUE   
   1  sg_p0        5.44554e+02   5.08418e-01   1.52334e-03   1.52374e-01
   2  sg_p1        2.95926e+01   3.77155e-01   1.28998e-03   6.03355e-01
   3  sg_p2        2.45238e+00   3.27373e-01   4.65962e-03  -1.90491e-02
   4  sg_p3        3.89863e+00   1.40113e+00   5.10000e-01   1.14141e-01
                               ERR DEF= 0.5
 EXTERNAL ERROR MATRIX.    NDIM=  25    NPAR=  4    ERR DEF=0.5
  2.585e-01  3.222e-03  1.491e-02  4.426e-12 
  3.222e-03  1.423e-01  2.127e-02 -3.793e-11 
  1.491e-02  2.127e-02  1.078e-01  3.265e-11 
  4.426e-12 -3.793e-11  3.265e-11  2.080e+00 
 PARAMETER  CORRELATION COEFFICIENTS  
       NO.  GLOBAL      1      2      3      4
        1  0.08933   1.000  0.017  0.089  0.000
        2  0.17177   0.017  1.000  0.172 -0.000
        3  0.19229   0.089  0.172  1.000  0.000
        4  0.00000   0.000 -0.000  0.000  1.000
[#1] INFO:Minization -- RooMinuit::optimizeConst: deactivating const optimization
550
544.554 +- 0.508418
29.5926 +- 0.377155
[#1] INFO:InputArguments -- RooAbsData::plotOn(signalHistogram) INFO: dataset has non-integer weights, auto-selecting SumW2 errors instead of Poisson errors
[#1] INFO:Plotting -- RooAbsPdf::plotOn(signal) p.d.f was fitted in range and no explicit plot,norm range was specified, using fit range as default
[#1] INFO:Plotting -- RooAbsPdf::plotOn(signal) only plotting range 'fit_nll_signal_signalHistogram'
[#1] INFO:Plotting -- RooAbsPdf::plotOn(signal) p.d.f. curve is normalized using explicit choice of ranges 'fit_nll_signal_signalHistogram'
[#1] INFO:NumericIntegration -- RooRealIntegral::init(signal_Int[x]) using numeric integrator RooIntegrator1D to calculate Int(x)
[#1] INFO:NumericIntegration -- RooRealIntegral::init(signal_Int[x|fit_nll_signal_signalHistogram]_Norm[x]) using numeric integrator RooIntegrator1D to calculate Int(x)
[#1] INFO:DataHandling -- RooDataHist::adjustBinning(signalHistogram): fit range of variable x expanded to nearest bin boundaries: [350,750] --> [350,750]
[#0] WARNING:InputArguments -- RooAbsPdf::fitTo(signal) WARNING: a likelihood fit is request of what appears to be weighted data. 
       While the estimated values of the parameters will always be calculated taking the weights into account, 
       there are multiple ways to estimate the errors on these parameter values. You are advised to make an 
       explicit choice on the error calculation: 
           - Either provide SumW2Error(kTRUE), to calculate a sum-of-weights corrected HESSE error matrix 
             (error will be proportional to the number of events)
           - Or provide SumW2Error(kFALSE), to return errors from original HESSE error matrix
             (which will be proportional to the sum of the weights)
       If you want the errors to reflect the information contained in the provided dataset, choose kTRUE. 
       If you want the errors to reflect the precision you would be able to obtain with an unweighted dataset 
       with 'sum-of-weights' events, choose kFALSE.
[#1] INFO:Eval -- RooRealVar::setRange(x) new range named 'fit' created with bounds [450,650]
[#1] INFO:Fitting -- RooAbsOptTestStatistic::ctor(nll_signal_signalHistogram) constructing test statistic for sub-range named fit
[#1] INFO:Eval -- RooRealVar::setRange(x) new range named 'NormalizationRangeForfit' created with bounds [350,750]
[#1] INFO:Eval -- RooRealVar::setRange(x) new range named 'fit_nll_signal_signalHistogram' created with bounds [450,650]
[#1] INFO:Fitting -- RooAbsOptTestStatistic::ctor(nll_signal_signalHistogram) fixing interpretation of coefficients of any RooAddPdf to full domain of observables 
[#1] INFO:NumericIntegration -- RooRealIntegral::init(signal_Int[x]) using numeric integrator RooIntegrator1D to calculate Int(x)
[#1] INFO:Minization -- RooMinuit::optimizeConst: activating const optimization
 **********
 **   13 **MIGRAD        2000           1
 **********
 FIRST CALL TO USER FUNCTION AT NEW START POINT, WITH IFLAG=4.
 START MIGRAD MINIMIZATION.  STRATEGY  1.  CONVERGENCE WHEN EDM .LT. 1.00e-03
 FCN=15773.3 FROM MIGRAD    STATUS=INITIATE       56 CALLS          57 TOTAL
                     EDM= unknown      STRATEGY= 1      NO ERROR MATRIX       
  EXT PARAMETER               CURRENT GUESS       STEP         FIRST   
  NO.   NAME      VALUE            ERROR          SIZE      DERIVATIVE 
   1  sg_p0        5.40000e+02   6.00000e+00   0.00000e+00   1.21147e+02
   2  sg_p1        2.25000e+01   2.50000e+00   0.00000e+00  -1.80759e+02
   3  sg_p2        1.10607e+00   5.00000e-01   0.00000e+00  -3.61854e+01
   4  sg_p3        1.15878e+00   7.00000e-01  -7.32755e-01   8.10605e+01
                               ERR DEF= 0.5
 MINUIT WARNING IN MIGRAD  
 ============== Negative diagonal element 4 in Error Matrix
 MINUIT WARNING IN MIGRAD  
 ============== 1.37034 added to diagonal of error matrix
 MIGRAD MINIMIZATION HAS CONVERGED.
 MIGRAD WILL VERIFY CONVERGENCE AND ERROR MATRIX.
 COVARIANCE MATRIX CALCULATED SUCCESSFULLY
 FCN=15704.6 FROM MIGRAD    STATUS=CONVERGED     357 CALLS         358 TOTAL
                     EDM=1.29397e-07    STRATEGY= 1      ERROR MATRIX ACCURATE 
  EXT PARAMETER                                   STEP         FIRST   
  NO.   NAME      VALUE            ERROR          SIZE      DERIVATIVE 
   1  sg_p0        5.39647e+02   5.17185e-01   1.48655e-03  -1.89345e-02
   2  sg_p1        2.91881e+01   3.85671e-01   3.11579e-03   3.89872e-03
   3  sg_p2        2.31906e+00   2.28533e-01   7.79945e-03  -3.76001e-04
   4  sg_p3        3.12530e+00   1.84829e+00   8.28757e-02  -7.72724e-05
                               ERR DEF= 0.5
 EXTERNAL ERROR MATRIX.    NDIM=  25    NPAR=  4    ERR DEF=0.5
  2.675e-01  1.706e-03  1.012e-02  1.242e-12 
  1.706e-03  1.488e-01  1.489e-02  1.083e-10 
  1.012e-02  1.489e-02  5.237e-02  1.084e-11 
  1.242e-12  1.083e-10  1.084e-11  3.797e+00 
 PARAMETER  CORRELATION COEFFICIENTS  
       NO.  GLOBAL      1      2      3      4
        1  0.08574   1.000  0.009  0.086  0.000
        2  0.16875   0.009  1.000  0.169  0.000
        3  0.18845   0.086  0.169  1.000  0.000
        4  0.00000   0.000  0.000  0.000  1.000
 **********
 **   18 **HESSE        2000
 **********
 COVARIANCE MATRIX CALCULATED SUCCESSFULLY
 FCN=15704.6 FROM HESSE     STATUS=OK             27 CALLS         385 TOTAL
                     EDM=0.802787    STRATEGY= 1      ERROR MATRIX ACCURATE 
  EXT PARAMETER                                INTERNAL      INTERNAL  
  NO.   NAME      VALUE            ERROR       STEP SIZE       VALUE   
   1  sg_p0        5.39647e+02   5.17333e-01   2.97309e-04  -1.17805e-02
   2  sg_p1        2.91881e+01   3.86088e-01   1.24632e-04   5.64568e-01
   3  sg_p2        2.31906e+00   2.28870e-01   3.11978e-04  -7.24379e-02
   4  sg_p3        3.12530e+00   7.00822e-01   3.63374e-01  -1.07263e-01
                               ERR DEF= 0.5
 EXTERNAL ERROR MATRIX.    NDIM=  25    NPAR=  4    ERR DEF=0.5
  2.677e-01  1.770e-03  1.052e-02  3.022e-11 
  1.770e-03  1.491e-01  1.546e-02 -6.678e-11 
  1.052e-02  1.546e-02  5.253e-02  4.080e-11 
  3.022e-11 -6.678e-11  4.080e-11  4.979e-01 
 PARAMETER  CORRELATION COEFFICIENTS  
       NO.  GLOBAL      1      2      3      4
        1  0.08899   1.000  0.009  0.089  0.000
        2  0.17483   0.009  1.000  0.175 -0.000
        3  0.19525   0.089  0.175  1.000  0.000
        4  0.00000   0.000 -0.000  0.000  1.000
[#1] INFO:Minization -- RooMinuit::optimizeConst: deactivating const optimization
550
539.647 +- 0.517333
29.1881 +- 0.386088
[#1] INFO:InputArguments -- RooAbsData::plotOn(signalHistogram) INFO: dataset has non-integer weights, auto-selecting SumW2 errors instead of Poisson errors
[#1] INFO:Plotting -- RooAbsPdf::plotOn(signal) p.d.f was fitted in range and no explicit plot,norm range was specified, using fit range as default
[#1] INFO:Plotting -- RooAbsPdf::plotOn(signal) only plotting range 'fit_nll_signal_signalHistogram'
[#1] INFO:Plotting -- RooAbsPdf::plotOn(signal) p.d.f. curve is normalized using explicit choice of ranges 'fit_nll_signal_signalHistogram'
[#1] INFO:NumericIntegration -- RooRealIntegral::init(signal_Int[x]) using numeric integrator RooIntegrator1D to calculate Int(x)
[#1] INFO:NumericIntegration -- RooRealIntegral::init(signal_Int[x|fit_nll_signal_signalHistogram]_Norm[x]) using numeric integrator RooIntegrator1D to calculate Int(x)
[#1] INFO:DataHandling -- RooDataHist::adjustBinning(signalHistogram): fit range of variable x expanded to nearest bin boundaries: [390,750] --> [390,750]
[#0] WARNING:InputArguments -- RooAbsPdf::fitTo(signal) WARNING: a likelihood fit is request of what appears to be weighted data. 
       While the estimated values of the parameters will always be calculated taking the weights into account, 
       there are multiple ways to estimate the errors on these parameter values. You are advised to make an 
       explicit choice on the error calculation: 
           - Either provide SumW2Error(kTRUE), to calculate a sum-of-weights corrected HESSE error matrix 
             (error will be proportional to the number of events)
           - Or provide SumW2Error(kFALSE), to return errors from original HESSE error matrix
             (which will be proportional to the sum of the weights)
       If you want the errors to reflect the information contained in the provided dataset, choose kTRUE. 
       If you want the errors to reflect the precision you would be able to obtain with an unweighted dataset 
       with 'sum-of-weights' events, choose kFALSE.
[#1] INFO:Eval -- RooRealVar::setRange(x) new range named 'fit' created with bounds [490,650]
[#1] INFO:Fitting -- RooAbsOptTestStatistic::ctor(nll_signal_signalHistogram) constructing test statistic for sub-range named fit
[#1] INFO:Eval -- RooRealVar::setRange(x) new range named 'NormalizationRangeForfit' created with bounds [390,750]
[#1] INFO:Eval -- RooRealVar::setRange(x) new range named 'fit_nll_signal_signalHistogram' created with bounds [490,650]
[#1] INFO:Fitting -- RooAbsOptTestStatistic::ctor(nll_signal_signalHistogram) fixing interpretation of coefficients of any RooAddPdf to full domain of observables 
[#1] INFO:NumericIntegration -- RooRealIntegral::init(signal_Int[x]) using numeric integrator RooIntegrator1D to calculate Int(x)
[#1] INFO:Minization -- RooMinuit::optimizeConst: activating const optimization
 **********
 **   13 **MIGRAD        2000           1
 **********
 FIRST CALL TO USER FUNCTION AT NEW START POINT, WITH IFLAG=4.
 START MIGRAD MINIMIZATION.  STRATEGY  1.  CONVERGENCE WHEN EDM .LT. 1.00e-03
 FCN=14837.3 FROM MIGRAD    STATUS=INITIATE       51 CALLS          52 TOTAL
                     EDM= unknown      STRATEGY= 1      NO ERROR MATRIX       
  EXT PARAMETER               CURRENT GUESS       STEP         FIRST   
  NO.   NAME      VALUE            ERROR          SIZE      DERIVATIVE 
   1  sg_p0        5.55000e+02   5.00000e+00   0.00000e+00  -5.62915e+02
   2  sg_p1        1.50000e+01   2.00000e+00   0.00000e+00  -2.92186e+02
   3  sg_p2        1.33485e+00   5.00000e-01   0.00000e+00   1.12519e+02
   4  sg_p3        1.63806e+00   7.00000e-01  -5.60940e-01   1.42255e+02
                               ERR DEF= 0.5
 MIGRAD MINIMIZATION HAS CONVERGED.
 MIGRAD WILL VERIFY CONVERGENCE AND ERROR MATRIX.
 COVARIANCE MATRIX CALCULATED SUCCESSFULLY
 FCN=14796.3 FROM MIGRAD    STATUS=CONVERGED     175 CALLS         176 TOTAL
                     EDM=1.79394e-05    STRATEGY= 1      ERROR MATRIX ACCURATE 
  EXT PARAMETER                                   STEP         FIRST   
  NO.   NAME      VALUE            ERROR          SIZE      DERIVATIVE 
   1  sg_p0        5.57153e+02   3.21384e-01   1.00803e-03  -2.87826e-01
   2  sg_p1        1.59907e+01   2.94249e-01   1.95331e-03  -7.46933e-02
   3  sg_p2        1.40719e+00   6.63431e-02   1.98696e-03   1.23037e-01
   4  sg_p3        1.40947e+00   6.04329e-02   1.61506e-03   3.47616e-02
                               ERR DEF= 0.5
 EXTERNAL ERROR MATRIX.    NDIM=  25    NPAR=  4    ERR DEF=0.5
  1.033e-01  1.010e-02  6.404e-03 -2.894e-03 
  1.010e-02  8.661e-02  1.063e-02  7.128e-03 
  6.404e-03  1.063e-02  4.403e-03  8.132e-04 
 -2.894e-03  7.128e-03  8.132e-04  3.653e-03 
 PARAMETER  CORRELATION COEFFICIENTS  
       NO.  GLOBAL      1      2      3      4
        1  0.36907   1.000  0.107  0.300 -0.149
        2  0.62006   0.107  1.000  0.545  0.401
        3  0.59757   0.300  0.545  1.000  0.203
        4  0.44647  -0.149  0.401  0.203  1.000
 **********
 **   18 **HESSE        2000
 **********
 COVARIANCE MATRIX CALCULATED SUCCESSFULLY
 FCN=14796.3 FROM HESSE     STATUS=OK             23 CALLS         199 TOTAL
                     EDM=1.79239e-05    STRATEGY= 1      ERROR MATRIX ACCURATE 
  EXT PARAMETER                                INTERNAL      INTERNAL  
  NO.   NAME      VALUE            ERROR       STEP SIZE       VALUE   
   1  sg_p0        5.57153e+02   3.21538e-01   2.01606e-04   8.62318e-02
   2  sg_p1        1.59907e+01   2.94927e-01   3.90662e-04   9.92360e-02
   3  sg_p2        1.40719e+00   6.64804e-02   7.94782e-05  -4.52397e-01
   4  sg_p3        1.40947e+00   6.05049e-02   6.46026e-05  -6.40123e-01
                               ERR DEF= 0.5
 EXTERNAL ERROR MATRIX.    NDIM=  25    NPAR=  4    ERR DEF=0.5
  1.034e-01  1.015e-02  6.439e-03 -2.895e-03 
  1.015e-02  8.701e-02  1.072e-02  7.193e-03 
  6.439e-03  1.072e-02  4.421e-03  8.247e-04 
 -2.895e-03  7.193e-03  8.247e-04  3.661e-03 
 PARAMETER  CORRELATION COEFFICIENTS  
       NO.  GLOBAL      1      2      3      4
        1  0.37018   1.000  0.107  0.301 -0.149
        2  0.62233   0.107  1.000  0.547  0.403
        3  0.59978   0.301  0.547  1.000  0.205
        4  0.44859  -0.149  0.403  0.205  1.000
[#1] INFO:Minization -- RooMinuit::optimizeConst: deactivating const optimization
550
557.153 +- 0.321538
15.9907 +- 0.294927
[#1] INFO:InputArguments -- RooAbsData::plotOn(signalHistogram) INFO: dataset has non-integer weights, auto-selecting SumW2 errors instead of Poisson errors
[#1] INFO:Plotting -- RooAbsPdf::plotOn(signal) p.d.f was fitted in range and no explicit plot,norm range was specified, using fit range as default
[#1] INFO:Plotting -- RooAbsPdf::plotOn(signal) only plotting range 'fit_nll_signal_signalHistogram'
[#1] INFO:Plotting -- RooAbsPdf::plotOn(signal) p.d.f. curve is normalized using explicit choice of ranges 'fit_nll_signal_signalHistogram'
[#1] INFO:NumericIntegration -- RooRealIntegral::init(signal_Int[x]) using numeric integrator RooIntegrator1D to calculate Int(x)
[#1] INFO:NumericIntegration -- RooRealIntegral::init(signal_Int[x|fit_nll_signal_signalHistogram]_Norm[x]) using numeric integrator RooIntegrator1D to calculate Int(x)
[#1] INFO:ObjectHandling -- RooWorkspace::import(HbbHbb) importing ExpGaussExp::signal_fixed
[#1] INFO:ObjectHandling -- RooWorkspace::import(HbbHbb) importing RooRealVar::x
[#1] INFO:ObjectHandling -- RooWorkspace::import(HbbHbb) importing RooRealVar::signal_p0
[#1] INFO:ObjectHandling -- RooWorkspace::import(HbbHbb) importing RooRealVar::signal_p1
[#1] INFO:ObjectHandling -- RooWorkspace::import(HbbHbb) importing RooRealVar::signal_p2
[#1] INFO:ObjectHandling -- RooWorkspace::import(HbbHbb) importing RooRealVar::signal_p3
 fit done 
[#1] INFO:DataHandling -- RooDataHist::adjustBinning(signalHistogram): fit range of variable x expanded to nearest bin boundaries: [390,750] --> [390,750]
[#0] WARNING:InputArguments -- RooAbsPdf::fitTo(signal) WARNING: a likelihood fit is request of what appears to be weighted data. 
       While the estimated values of the parameters will always be calculated taking the weights into account, 
       there are multiple ways to estimate the errors on these parameter values. You are advised to make an 
       explicit choice on the error calculation: 
           - Either provide SumW2Error(kTRUE), to calculate a sum-of-weights corrected HESSE error matrix 
             (error will be proportional to the number of events)
           - Or provide SumW2Error(kFALSE), to return errors from original HESSE error matrix
             (which will be proportional to the sum of the weights)
       If you want the errors to reflect the information contained in the provided dataset, choose kTRUE. 
       If you want the errors to reflect the precision you would be able to obtain with an unweighted dataset 
       with 'sum-of-weights' events, choose kFALSE.
[#1] INFO:Eval -- RooRealVar::setRange(x) new range named 'fit' created with bounds [490,650]
[#1] INFO:Fitting -- RooAbsOptTestStatistic::ctor(nll_signal_signalHistogram) constructing test statistic for sub-range named fit
[#1] INFO:Eval -- RooRealVar::setRange(x) new range named 'NormalizationRangeForfit' created with bounds [390,750]
[#1] INFO:Eval -- RooRealVar::setRange(x) new range named 'fit_nll_signal_signalHistogram' created with bounds [490,650]
[#1] INFO:Fitting -- RooAbsOptTestStatistic::ctor(nll_signal_signalHistogram) fixing interpretation of coefficients of any RooAddPdf to full domain of observables 
[#1] INFO:NumericIntegration -- RooRealIntegral::init(signal_Int[x]) using numeric integrator RooIntegrator1D to calculate Int(x)
[#1] INFO:Minization -- RooMinuit::optimizeConst: activating const optimization
 **********
 **   13 **MIGRAD        2000           1
 **********
 FIRST CALL TO USER FUNCTION AT NEW START POINT, WITH IFLAG=4.
 START MIGRAD MINIMIZATION.  STRATEGY  1.  CONVERGENCE WHEN EDM .LT. 1.00e-03
 FCN=15106.5 FROM MIGRAD    STATUS=INITIATE       55 CALLS          56 TOTAL
                     EDM= unknown      STRATEGY= 1      NO ERROR MATRIX       
  EXT PARAMETER               CURRENT GUESS       STEP         FIRST   
  NO.   NAME      VALUE            ERROR          SIZE      DERIVATIVE 
   1  sg_p0        5.55000e+02   5.00000e+00   0.00000e+00  -4.27508e+02
   2  sg_p1        1.50000e+01   2.00000e+00   0.00000e+00   5.60673e+01
   3  sg_p2        9.57872e-01   5.00000e-01   0.00000e+00  -1.96076e+02
   4  sg_p3        1.43385e+00   7.00000e-01  -6.31466e-01   3.52996e+01
                               ERR DEF= 0.5
 MIGRAD MINIMIZATION HAS CONVERGED.
 MIGRAD WILL VERIFY CONVERGENCE AND ERROR MATRIX.
 COVARIANCE MATRIX CALCULATED SUCCESSFULLY
 FCN=15049.6 FROM MIGRAD    STATUS=CONVERGED     145 CALLS         146 TOTAL
                     EDM=1.59039e-05    STRATEGY= 1      ERROR MATRIX ACCURATE 
  EXT PARAMETER                                   STEP         FIRST   
  NO.   NAME      VALUE            ERROR          SIZE      DERIVATIVE 
   1  sg_p0        5.58875e+02   3.28831e-01   1.01097e-03   2.51867e-01
   2  sg_p1        1.50106e+01   3.27326e-01   1.94006e-03  -7.48907e-02
   3  sg_p2        1.28146e+00   5.35843e-02   1.64296e-03  -7.25386e-02
   4  sg_p3        1.13283e+00   5.00773e-02   1.24085e-03   1.93411e-01
                               ERR DEF= 0.5
 EXTERNAL ERROR MATRIX.    NDIM=  25    NPAR=  4    ERR DEF=0.5
  1.081e-01 -1.435e-02  2.668e-03 -5.685e-03 
 -1.435e-02  1.072e-01  9.872e-03  9.778e-03 
  2.668e-03  9.872e-03  2.872e-03  8.529e-04 
 -5.685e-03  9.778e-03  8.529e-04  2.508e-03 
 PARAMETER  CORRELATION COEFFICIENTS  
       NO.  GLOBAL      1      2      3      4
        1  0.44454   1.000 -0.133  0.151 -0.345
        2  0.71564  -0.133  1.000  0.563  0.596
        3  0.61000   0.151  0.563  1.000  0.318
        4  0.65614  -0.345  0.596  0.318  1.000
 **********
 **   18 **HESSE        2000
 **********
 COVARIANCE MATRIX CALCULATED SUCCESSFULLY
 FCN=15049.6 FROM HESSE     STATUS=OK             23 CALLS         169 TOTAL
                     EDM=1.59031e-05    STRATEGY= 1      ERROR MATRIX ACCURATE 
  EXT PARAMETER                                INTERNAL      INTERNAL  
  NO.   NAME      VALUE            ERROR       STEP SIZE       VALUE   
   1  sg_p0        5.58875e+02   3.28953e-01   2.02195e-04   1.55611e-01
   2  sg_p1        1.50106e+01   3.28179e-01   3.88013e-04   1.06416e-03
   3  sg_p2        1.28146e+00   5.36907e-02   6.57184e-05  -5.09126e-01
   4  sg_p3        1.13283e+00   5.01651e-02   2.48171e-04  -7.42776e-01
                               ERR DEF= 0.5
 EXTERNAL ERROR MATRIX.    NDIM=  25    NPAR=  4    ERR DEF=0.5
  1.082e-01 -1.448e-02  2.668e-03 -5.699e-03 
 -1.448e-02  1.077e-01  9.953e-03  9.852e-03 
  2.668e-03  9.953e-03  2.883e-03  8.627e-04 
 -5.699e-03  9.852e-03  8.627e-04  2.517e-03 
 PARAMETER  CORRELATION COEFFICIENTS  
       NO.  GLOBAL      1      2      3      4
        1  0.44521   1.000 -0.134  0.151 -0.345
        2  0.71741  -0.134  1.000  0.565  0.598
        3  0.61203   0.151  0.565  1.000  0.320
        4  0.65766  -0.345  0.598  0.320  1.000
[#1] INFO:Minization -- RooMinuit::optimizeConst: deactivating const optimization
550
558.875 +- 0.328953
15.0106 +- 0.328179
[#1] INFO:InputArguments -- RooAbsData::plotOn(signalHistogram) INFO: dataset has non-integer weights, auto-selecting SumW2 errors instead of Poisson errors
[#1] INFO:Plotting -- RooAbsPdf::plotOn(signal) p.d.f was fitted in range and no explicit plot,norm range was specified, using fit range as default
[#1] INFO:Plotting -- RooAbsPdf::plotOn(signal) only plotting range 'fit_nll_signal_signalHistogram'
[#1] INFO:Plotting -- RooAbsPdf::plotOn(signal) p.d.f. curve is normalized using explicit choice of ranges 'fit_nll_signal_signalHistogram'
[#1] INFO:NumericIntegration -- RooRealIntegral::init(signal_Int[x]) using numeric integrator RooIntegrator1D to calculate Int(x)
[#1] INFO:NumericIntegration -- RooRealIntegral::init(signal_Int[x|fit_nll_signal_signalHistogram]_Norm[x]) using numeric integrator RooIntegrator1D to calculate Int(x)
[#1] INFO:DataHandling -- RooDataHist::adjustBinning(signalHistogram): fit range of variable x expanded to nearest bin boundaries: [390,750] --> [390,750]
[#0] WARNING:InputArguments -- RooAbsPdf::fitTo(signal) WARNING: a likelihood fit is request of what appears to be weighted data. 
       While the estimated values of the parameters will always be calculated taking the weights into account, 
       there are multiple ways to estimate the errors on these parameter values. You are advised to make an 
       explicit choice on the error calculation: 
           - Either provide SumW2Error(kTRUE), to calculate a sum-of-weights corrected HESSE error matrix 
             (error will be proportional to the number of events)
           - Or provide SumW2Error(kFALSE), to return errors from original HESSE error matrix
             (which will be proportional to the sum of the weights)
       If you want the errors to reflect the information contained in the provided dataset, choose kTRUE. 
       If you want the errors to reflect the precision you would be able to obtain with an unweighted dataset 
       with 'sum-of-weights' events, choose kFALSE.
[#1] INFO:Eval -- RooRealVar::setRange(x) new range named 'fit' created with bounds [490,650]
[#1] INFO:Fitting -- RooAbsOptTestStatistic::ctor(nll_signal_signalHistogram) constructing test statistic for sub-range named fit
[#1] INFO:Eval -- RooRealVar::setRange(x) new range named 'NormalizationRangeForfit' created with bounds [390,750]
[#1] INFO:Eval -- RooRealVar::setRange(x) new range named 'fit_nll_signal_signalHistogram' created with bounds [490,650]
[#1] INFO:Fitting -- RooAbsOptTestStatistic::ctor(nll_signal_signalHistogram) fixing interpretation of coefficients of any RooAddPdf to full domain of observables 
[#1] INFO:NumericIntegration -- RooRealIntegral::init(signal_Int[x]) using numeric integrator RooIntegrator1D to calculate Int(x)
[#1] INFO:Minization -- RooMinuit::optimizeConst: activating const optimization
 **********
 **   13 **MIGRAD        2000           1
 **********
 FIRST CALL TO USER FUNCTION AT NEW START POINT, WITH IFLAG=4.
 START MIGRAD MINIMIZATION.  STRATEGY  1.  CONVERGENCE WHEN EDM .LT. 1.00e-03
 FCN=14133.8 FROM MIGRAD    STATUS=INITIATE       57 CALLS          58 TOTAL
                     EDM= unknown      STRATEGY= 1      NO ERROR MATRIX       
  EXT PARAMETER               CURRENT GUESS       STEP         FIRST   
  NO.   NAME      VALUE            ERROR          SIZE      DERIVATIVE 
   1  sg_p0        5.55000e+02   5.00000e+00   0.00000e+00  -3.22550e+02
   2  sg_p1        1.50000e+01   2.00000e+00   0.00000e+00  -8.95889e+01
   3  sg_p2        1.26916e+00   5.00000e-01   0.00000e+00   3.67893e+01
   4  sg_p3        1.35775e+00   7.00000e-01  -6.58678e-01  -5.62243e+00
                               ERR DEF= 0.5
 MIGRAD MINIMIZATION HAS CONVERGED.
 MIGRAD WILL VERIFY CONVERGENCE AND ERROR MATRIX.
 COVARIANCE MATRIX CALCULATED SUCCESSFULLY
 FCN=14121.3 FROM MIGRAD    STATUS=CONVERGED     210 CALLS         211 TOTAL
                     EDM=0.000238073    STRATEGY= 1      ERROR MATRIX ACCURATE 
  EXT PARAMETER                                   STEP         FIRST   
  NO.   NAME      VALUE            ERROR          SIZE      DERIVATIVE 
   1  sg_p0        5.56327e+02   3.14482e-01   9.83418e-04   8.55741e-01
   2  sg_p1        1.57284e+01   2.76951e-01   1.90229e-03  -1.45089e-01
   3  sg_p2        1.38542e+00   5.70093e-02   1.81418e-03   3.93447e-01
   4  sg_p3        1.37775e+00   5.81896e-02   1.54738e-03   1.23982e-01
                               ERR DEF= 0.5
 EXTERNAL ERROR MATRIX.    NDIM=  25    NPAR=  4    ERR DEF=0.5
  9.890e-02  1.894e-03  3.842e-03 -3.325e-03 
  1.894e-03  7.672e-02  7.163e-03  6.201e-03 
  3.842e-03  7.163e-03  3.251e-03  5.637e-04 
 -3.325e-03  6.201e-03  5.637e-04  3.387e-03 
 PARAMETER  CORRELATION COEFFICIENTS  
       NO.  GLOBAL      1      2      3      4
        1  0.30810   1.000  0.022  0.214 -0.182
        2  0.55065   0.022  1.000  0.454  0.385
        3  0.49896   0.214  0.454  1.000  0.170
        4  0.43088  -0.182  0.385  0.170  1.000
 **********
 **   18 **HESSE        2000
 **********
 COVARIANCE MATRIX CALCULATED SUCCESSFULLY
 FCN=14121.3 FROM HESSE     STATUS=OK             23 CALLS         234 TOTAL
                     EDM=0.000238571    STRATEGY= 1      ERROR MATRIX ACCURATE 
  EXT PARAMETER                                INTERNAL      INTERNAL  
  NO.   NAME      VALUE            ERROR       STEP SIZE       VALUE   
   1  sg_p0        5.56327e+02   3.14566e-01   1.96684e-04   5.31070e-02
   2  sg_p1        1.57284e+01   2.77362e-01   3.80459e-04   7.29003e-02
   3  sg_p2        1.38542e+00   5.70763e-02   3.62837e-04  -4.62101e-01
   4  sg_p3        1.37775e+00   5.82399e-02   3.09477e-04  -6.51471e-01
                               ERR DEF= 0.5
 EXTERNAL ERROR MATRIX.    NDIM=  25    NPAR=  4    ERR DEF=0.5
  9.896e-02  1.863e-03  3.856e-03 -3.331e-03 
  1.863e-03  7.695e-02  7.208e-03  6.244e-03 
  3.856e-03  7.208e-03  3.258e-03  5.699e-04 
 -3.331e-03  6.244e-03  5.699e-04  3.392e-03 
 PARAMETER  CORRELATION COEFFICIENTS  
       NO.  GLOBAL      1      2      3      4
        1  0.30889   1.000  0.021  0.215 -0.182
        2  0.55252   0.021  1.000  0.455  0.386
        3  0.50072   0.215  0.455  1.000  0.171
        4  0.43251  -0.182  0.386  0.171  1.000
[#1] INFO:Minization -- RooMinuit::optimizeConst: deactivating const optimization
550
556.327 +- 0.314566
15.7284 +- 0.277362
[#1] INFO:InputArguments -- RooAbsData::plotOn(signalHistogram) INFO: dataset has non-integer weights, auto-selecting SumW2 errors instead of Poisson errors
[#1] INFO:Plotting -- RooAbsPdf::plotOn(signal) p.d.f was fitted in range and no explicit plot,norm range was specified, using fit range as default
[#1] INFO:Plotting -- RooAbsPdf::plotOn(signal) only plotting range 'fit_nll_signal_signalHistogram'
[#1] INFO:Plotting -- RooAbsPdf::plotOn(signal) p.d.f. curve is normalized using explicit choice of ranges 'fit_nll_signal_signalHistogram'
[#1] INFO:NumericIntegration -- RooRealIntegral::init(signal_Int[x]) using numeric integrator RooIntegrator1D to calculate Int(x)
[#1] INFO:NumericIntegration -- RooRealIntegral::init(signal_Int[x|fit_nll_signal_signalHistogram]_Norm[x]) using numeric integrator RooIntegrator1D to calculate Int(x)
[#1] INFO:DataHandling -- RooDataHist::adjustBinning(signalHistogram): fit range of variable x expanded to nearest bin boundaries: [390,750] --> [390,750]
[#0] WARNING:InputArguments -- RooAbsPdf::fitTo(signal) WARNING: a likelihood fit is request of what appears to be weighted data. 
       While the estimated values of the parameters will always be calculated taking the weights into account, 
       there are multiple ways to estimate the errors on these parameter values. You are advised to make an 
       explicit choice on the error calculation: 
           - Either provide SumW2Error(kTRUE), to calculate a sum-of-weights corrected HESSE error matrix 
             (error will be proportional to the number of events)
           - Or provide SumW2Error(kFALSE), to return errors from original HESSE error matrix
             (which will be proportional to the sum of the weights)
       If you want the errors to reflect the information contained in the provided dataset, choose kTRUE. 
       If you want the errors to reflect the precision you would be able to obtain with an unweighted dataset 
       with 'sum-of-weights' events, choose kFALSE.
[#1] INFO:Eval -- RooRealVar::setRange(x) new range named 'fit' created with bounds [490,650]
[#1] INFO:Fitting -- RooAbsOptTestStatistic::ctor(nll_signal_signalHistogram) constructing test statistic for sub-range named fit
[#1] INFO:Eval -- RooRealVar::setRange(x) new range named 'NormalizationRangeForfit' created with bounds [390,750]
[#1] INFO:Eval -- RooRealVar::setRange(x) new range named 'fit_nll_signal_signalHistogram' created with bounds [490,650]
[#1] INFO:Fitting -- RooAbsOptTestStatistic::ctor(nll_signal_signalHistogram) fixing interpretation of coefficients of any RooAddPdf to full domain of observables 
[#1] INFO:NumericIntegration -- RooRealIntegral::init(signal_Int[x]) using numeric integrator RooIntegrator1D to calculate Int(x)
[#1] INFO:Minization -- RooMinuit::optimizeConst: activating const optimization
 **********
 **   13 **MIGRAD        2000           1
 **********
 FIRST CALL TO USER FUNCTION AT NEW START POINT, WITH IFLAG=4.
 START MIGRAD MINIMIZATION.  STRATEGY  1.  CONVERGENCE WHEN EDM .LT. 1.00e-03
 FCN=14534.5 FROM MIGRAD    STATUS=INITIATE       58 CALLS          59 TOTAL
                     EDM= unknown      STRATEGY= 1      NO ERROR MATRIX       
  EXT PARAMETER               CURRENT GUESS       STEP         FIRST   
  NO.   NAME      VALUE            ERROR          SIZE      DERIVATIVE 
   1  sg_p0        5.55000e+02   5.00000e+00   0.00000e+00  -5.04994e+02
   2  sg_p1        1.50000e+01   2.00000e+00   0.00000e+00  -1.14427e+02
   3  sg_p2        1.18464e+00   5.00000e-01   0.00000e+00   9.96830e+01
   4  sg_p3        1.38937e+00   7.00000e-01  -6.47305e-01   1.30603e+00
                               ERR DEF= 0.5
 MIGRAD MINIMIZATION HAS CONVERGED.
 MIGRAD WILL VERIFY CONVERGENCE AND ERROR MATRIX.
 COVARIANCE MATRIX CALCULATED SUCCESSFULLY
 FCN=14500.5 FROM MIGRAD    STATUS=CONVERGED     185 CALLS         186 TOTAL
                     EDM=5.50119e-06    STRATEGY= 1      ERROR MATRIX ACCURATE 
  EXT PARAMETER                                   STEP         FIRST   
  NO.   NAME      VALUE            ERROR          SIZE      DERIVATIVE 
   1  sg_p0        5.58137e+02   3.32100e-01   9.95556e-04   1.68841e-01
   2  sg_p1        1.48812e+01   3.22440e-01   1.91611e-03   3.95624e-02
   3  sg_p2        1.27842e+00   5.09588e-02   1.60067e-03  -7.54823e-02
   4  sg_p3        1.11410e+00   4.98337e-02   1.21814e-03   6.18485e-02
                               ERR DEF= 0.5
 EXTERNAL ERROR MATRIX.    NDIM=  25    NPAR=  4    ERR DEF=0.5
  1.103e-01 -2.020e-02  1.794e-03 -6.256e-03 
 -2.020e-02  1.040e-01  8.614e-03  9.577e-03 
  1.794e-03  8.614e-03  2.597e-03  7.646e-04 
 -6.256e-03  9.577e-03  7.646e-04  2.484e-03 
 PARAMETER  CORRELATION COEFFICIENTS  
       NO.  GLOBAL      1      2      3      4
        1  0.44749   1.000 -0.189  0.106 -0.378
        2  0.69890  -0.189  1.000  0.524  0.596
        3  0.56724   0.106  0.524  1.000  0.301
        4  0.65666  -0.378  0.596  0.301  1.000
 **********
 **   18 **HESSE        2000
 **********
 COVARIANCE MATRIX CALCULATED SUCCESSFULLY
 FCN=14500.5 FROM HESSE     STATUS=OK             23 CALLS         209 TOTAL
                     EDM=5.49735e-06    STRATEGY= 1      ERROR MATRIX ACCURATE 
  EXT PARAMETER                                INTERNAL      INTERNAL  
  NO.   NAME      VALUE            ERROR       STEP SIZE       VALUE   
   1  sg_p0        5.58137e+02   3.32253e-01   1.99111e-04   1.25809e-01
   2  sg_p1        1.48812e+01   3.23301e-01   7.66446e-05  -1.18793e-02
   3  sg_p2        1.27842e+00   5.10516e-02   6.40269e-05  -5.10521e-01
   4  sg_p3        1.11410e+00   4.99281e-02   4.87255e-05  -7.50065e-01
                               ERR DEF= 0.5
 EXTERNAL ERROR MATRIX.    NDIM=  25    NPAR=  4    ERR DEF=0.5
  1.104e-01 -2.039e-02  1.786e-03 -6.279e-03 
 -2.039e-02  1.046e-01  8.688e-03  9.654e-03 
  1.786e-03  8.688e-03  2.607e-03  7.739e-04 
 -6.279e-03  9.654e-03  7.739e-04  2.493e-03 
 PARAMETER  CORRELATION COEFFICIENTS  
       NO.  GLOBAL      1      2      3      4
        1  0.44831   1.000 -0.190  0.105 -0.378
        2  0.70084  -0.190  1.000  0.526  0.598
        3  0.56941   0.105  0.526  1.000  0.304
        4  0.65830  -0.378  0.598  0.304  1.000
[#1] INFO:Minization -- RooMinuit::optimizeConst: deactivating const optimization
550
558.137 +- 0.332253
14.8812 +- 0.323301
[#1] INFO:InputArguments -- RooAbsData::plotOn(signalHistogram) INFO: dataset has non-integer weights, auto-selecting SumW2 errors instead of Poisson errors
[#1] INFO:Plotting -- RooAbsPdf::plotOn(signal) p.d.f was fitted in range and no explicit plot,norm range was specified, using fit range as default
[#1] INFO:Plotting -- RooAbsPdf::plotOn(signal) only plotting range 'fit_nll_signal_signalHistogram'
[#1] INFO:Plotting -- RooAbsPdf::plotOn(signal) p.d.f. curve is normalized using explicit choice of ranges 'fit_nll_signal_signalHistogram'
[#1] INFO:NumericIntegration -- RooRealIntegral::init(signal_Int[x]) using numeric integrator RooIntegrator1D to calculate Int(x)
[#1] INFO:NumericIntegration -- RooRealIntegral::init(signal_Int[x|fit_nll_signal_signalHistogram]_Norm[x]) using numeric integrator RooIntegrator1D to calculate Int(x)
[#1] INFO:DataHandling -- RooDataHist::adjustBinning(signalHistogram): fit range of variable x expanded to nearest bin boundaries: [390,750] --> [390,750]
[#0] WARNING:InputArguments -- RooAbsPdf::fitTo(signal) WARNING: a likelihood fit is request of what appears to be weighted data. 
       While the estimated values of the parameters will always be calculated taking the weights into account, 
       there are multiple ways to estimate the errors on these parameter values. You are advised to make an 
       explicit choice on the error calculation: 
           - Either provide SumW2Error(kTRUE), to calculate a sum-of-weights corrected HESSE error matrix 
             (error will be proportional to the number of events)
           - Or provide SumW2Error(kFALSE), to return errors from original HESSE error matrix
             (which will be proportional to the sum of the weights)
       If you want the errors to reflect the information contained in the provided dataset, choose kTRUE. 
       If you want the errors to reflect the precision you would be able to obtain with an unweighted dataset 
       with 'sum-of-weights' events, choose kFALSE.
[#1] INFO:Eval -- RooRealVar::setRange(x) new range named 'fit' created with bounds [490,650]
[#1] INFO:Fitting -- RooAbsOptTestStatistic::ctor(nll_signal_signalHistogram) constructing test statistic for sub-range named fit
[#1] INFO:Eval -- RooRealVar::setRange(x) new range named 'NormalizationRangeForfit' created with bounds [390,750]
[#1] INFO:Eval -- RooRealVar::setRange(x) new range named 'fit_nll_signal_signalHistogram' created with bounds [490,650]
[#1] INFO:Fitting -- RooAbsOptTestStatistic::ctor(nll_signal_signalHistogram) fixing interpretation of coefficients of any RooAddPdf to full domain of observables 
[#1] INFO:NumericIntegration -- RooRealIntegral::init(signal_Int[x]) using numeric integrator RooIntegrator1D to calculate Int(x)
[#1] INFO:Minization -- RooMinuit::optimizeConst: activating const optimization
 **********
 **   13 **MIGRAD        2000           1
 **********
 FIRST CALL TO USER FUNCTION AT NEW START POINT, WITH IFLAG=4.
 START MIGRAD MINIMIZATION.  STRATEGY  1.  CONVERGENCE WHEN EDM .LT. 1.00e-03
 FCN=14860.1 FROM MIGRAD    STATUS=INITIATE       55 CALLS          56 TOTAL
                     EDM= unknown      STRATEGY= 1      NO ERROR MATRIX       
  EXT PARAMETER               CURRENT GUESS       STEP         FIRST   
  NO.   NAME      VALUE            ERROR          SIZE      DERIVATIVE 
   1  sg_p0        5.55000e+02   5.00000e+00   0.00000e+00  -5.96476e+02
   2  sg_p1        1.50000e+01   2.00000e+00   0.00000e+00  -1.39102e+02
   3  sg_p2        1.31219e+00   5.00000e-01   0.00000e+00   8.51723e+01
   4  sg_p3        1.40309e+00   7.00000e-01  -6.42399e-01  -3.16309e+01
                               ERR DEF= 0.5
 MIGRAD MINIMIZATION HAS CONVERGED.
 MIGRAD WILL VERIFY CONVERGENCE AND ERROR MATRIX.
 COVARIANCE MATRIX CALCULATED SUCCESSFULLY
 FCN=14830.1 FROM MIGRAD    STATUS=CONVERGED     206 CALLS         207 TOTAL
                     EDM=2.32867e-07    STRATEGY= 1      ERROR MATRIX ACCURATE 
  EXT PARAMETER                                   STEP         FIRST   
  NO.   NAME      VALUE            ERROR          SIZE      DERIVATIVE 
   1  sg_p0        5.57839e+02   3.16310e-01   9.64235e-04  -9.53938e-03
   2  sg_p1        1.45911e+01   3.04213e-01   1.85567e-03  -1.11765e-02
   3  sg_p2        1.30884e+00   5.20626e-02   1.65224e-03   2.13112e-02
   4  sg_p3        1.13165e+00   4.90247e-02   1.22393e-03   1.25630e-02
                               ERR DEF= 0.5
 EXTERNAL ERROR MATRIX.    NDIM=  25    NPAR=  4    ERR DEF=0.5
  1.001e-01 -1.679e-02  1.892e-03 -5.645e-03 
 -1.679e-02  9.257e-02  8.162e-03  8.712e-03 
  1.892e-03  8.162e-03  2.711e-03  7.376e-04 
 -5.645e-03  8.712e-03  7.376e-04  2.404e-03 
 PARAMETER  CORRELATION COEFFICIENTS  
       NO.  GLOBAL      1      2      3      4
        1  0.43494   1.000 -0.174  0.115 -0.364
        2  0.68887  -0.174  1.000  0.515  0.584
        3  0.55849   0.115  0.515  1.000  0.289
        4  0.64393  -0.364  0.584  0.289  1.000
 **********
 **   18 **HESSE        2000
 **********
 COVARIANCE MATRIX CALCULATED SUCCESSFULLY
 FCN=14830.1 FROM HESSE     STATUS=OK             23 CALLS         230 TOTAL
                     EDM=2.3344e-07    STRATEGY= 1      ERROR MATRIX ACCURATE 
  EXT PARAMETER                                INTERNAL      INTERNAL  
  NO.   NAME      VALUE            ERROR       STEP SIZE       VALUE   
   1  sg_p0        5.57839e+02   3.16455e-01   3.85694e-05   1.13812e-01
   2  sg_p1        1.45911e+01   3.05011e-01   7.42270e-05  -4.09030e-02
   3  sg_p2        1.30884e+00   5.21549e-02   6.60897e-05  -4.96630e-01
   4  sg_p3        1.13165e+00   4.91147e-02   4.89571e-05  -7.43231e-01
                               ERR DEF= 0.5
 EXTERNAL ERROR MATRIX.    NDIM=  25    NPAR=  4    ERR DEF=0.5
  1.001e-01 -1.696e-02  1.886e-03 -5.665e-03 
 -1.696e-02  9.306e-02  8.232e-03  8.781e-03 
  1.886e-03  8.232e-03  2.721e-03  7.467e-04 
 -5.665e-03  8.781e-03  7.467e-04  2.413e-03 
 PARAMETER  CORRELATION COEFFICIENTS  
       NO.  GLOBAL      1      2      3      4
        1  0.43580   1.000 -0.176  0.114 -0.364
        2  0.69086  -0.176  1.000  0.517  0.586
        3  0.56066   0.114  0.517  1.000  0.291
        4  0.64559  -0.364  0.586  0.291  1.000
[#1] INFO:Minization -- RooMinuit::optimizeConst: deactivating const optimization
550
557.839 +- 0.316455
14.5911 +- 0.305011
[#1] INFO:InputArguments -- RooAbsData::plotOn(signalHistogram) INFO: dataset has non-integer weights, auto-selecting SumW2 errors instead of Poisson errors
[#1] INFO:Plotting -- RooAbsPdf::plotOn(signal) p.d.f was fitted in range and no explicit plot,norm range was specified, using fit range as default
[#1] INFO:Plotting -- RooAbsPdf::plotOn(signal) only plotting range 'fit_nll_signal_signalHistogram'
[#1] INFO:Plotting -- RooAbsPdf::plotOn(signal) p.d.f. curve is normalized using explicit choice of ranges 'fit_nll_signal_signalHistogram'
[#1] INFO:NumericIntegration -- RooRealIntegral::init(signal_Int[x]) using numeric integrator RooIntegrator1D to calculate Int(x)
[#1] INFO:NumericIntegration -- RooRealIntegral::init(signal_Int[x|fit_nll_signal_signalHistogram]_Norm[x]) using numeric integrator RooIntegrator1D to calculate Int(x)
[#1] INFO:DataHandling -- RooDataHist::adjustBinning(signalHistogram): fit range of variable x expanded to nearest bin boundaries: [390,750] --> [390,750]
[#0] WARNING:InputArguments -- RooAbsPdf::fitTo(signal) WARNING: a likelihood fit is request of what appears to be weighted data. 
       While the estimated values of the parameters will always be calculated taking the weights into account, 
       there are multiple ways to estimate the errors on these parameter values. You are advised to make an 
       explicit choice on the error calculation: 
           - Either provide SumW2Error(kTRUE), to calculate a sum-of-weights corrected HESSE error matrix 
             (error will be proportional to the number of events)
           - Or provide SumW2Error(kFALSE), to return errors from original HESSE error matrix
             (which will be proportional to the sum of the weights)
       If you want the errors to reflect the information contained in the provided dataset, choose kTRUE. 
       If you want the errors to reflect the precision you would be able to obtain with an unweighted dataset 
       with 'sum-of-weights' events, choose kFALSE.
[#1] INFO:Eval -- RooRealVar::setRange(x) new range named 'fit' created with bounds [490,650]
[#1] INFO:Fitting -- RooAbsOptTestStatistic::ctor(nll_signal_signalHistogram) constructing test statistic for sub-range named fit
[#1] INFO:Eval -- RooRealVar::setRange(x) new range named 'NormalizationRangeForfit' created with bounds [390,750]
[#1] INFO:Eval -- RooRealVar::setRange(x) new range named 'fit_nll_signal_signalHistogram' created with bounds [490,650]
[#1] INFO:Fitting -- RooAbsOptTestStatistic::ctor(nll_signal_signalHistogram) fixing interpretation of coefficients of any RooAddPdf to full domain of observables 
[#1] INFO:NumericIntegration -- RooRealIntegral::init(signal_Int[x]) using numeric integrator RooIntegrator1D to calculate Int(x)
[#1] INFO:Minization -- RooMinuit::optimizeConst: activating const optimization
 **********
 **   13 **MIGRAD        2000           1
 **********
 FIRST CALL TO USER FUNCTION AT NEW START POINT, WITH IFLAG=4.
 START MIGRAD MINIMIZATION.  STRATEGY  1.  CONVERGENCE WHEN EDM .LT. 1.00e-03
 FCN=13882.6 FROM MIGRAD    STATUS=INITIATE       72 CALLS          73 TOTAL
                     EDM= unknown      STRATEGY= 1      NO ERROR MATRIX       
  EXT PARAMETER               CURRENT GUESS       STEP         FIRST   
  NO.   NAME      VALUE            ERROR          SIZE      DERIVATIVE 
   1  sg_p0        5.55000e+02   5.00000e+00   0.00000e+00  -3.85565e+02
   2  sg_p1        1.50000e+01   2.00000e+00   0.00000e+00  -4.99994e+01
   3  sg_p2        1.14901e+00   5.00000e-01  -8.51477e-02   2.28635e+00
   4  sg_p3        1.41391e+00   7.00000e-01   0.00000e+00   1.79604e+01
                               ERR DEF= 0.5
 MIGRAD MINIMIZATION HAS CONVERGED.
 MIGRAD WILL VERIFY CONVERGENCE AND ERROR MATRIX.
 COVARIANCE MATRIX CALCULATED SUCCESSFULLY
 FCN=13854.1 FROM MIGRAD    STATUS=CONVERGED     182 CALLS         183 TOTAL
                     EDM=1.65564e-05    STRATEGY= 1      ERROR MATRIX ACCURATE 
  EXT PARAMETER                                   STEP         FIRST   
  NO.   NAME      VALUE            ERROR          SIZE      DERIVATIVE 
   1  sg_p0        5.57980e+02   3.34363e-01   9.81953e-04   6.44675e-02
   2  sg_p1        1.47979e+01   3.20681e-01   1.89110e-03   8.04335e-02
   3  sg_p2        1.31085e+00   5.36609e-02   1.65482e-03  -1.47147e-01
   4  sg_p3        1.12068e+00   5.06777e-02   1.22086e-03   1.27989e-01
                               ERR DEF= 0.5
 EXTERNAL ERROR MATRIX.    NDIM=  25    NPAR=  4    ERR DEF=0.5
  1.118e-01 -2.084e-02  1.817e-03 -6.408e-03 
 -2.084e-02  1.029e-01  8.748e-03  9.557e-03 
  1.817e-03  8.748e-03  2.880e-03  7.828e-04 
 -6.408e-03  9.557e-03  7.828e-04  2.569e-03 
 PARAMETER  CORRELATION COEFFICIENTS  
       NO.  GLOBAL      1      2      3      4
        1  0.44246   1.000 -0.194  0.101 -0.378
        2  0.68849  -0.194  1.000  0.508  0.588
        3  0.55062   0.101  0.508  1.000  0.288
        4  0.64866  -0.378  0.588  0.288  1.000
 **********
 **   18 **HESSE        2000
 **********
 COVARIANCE MATRIX CALCULATED SUCCESSFULLY
 FCN=13854.1 FROM HESSE     STATUS=OK             23 CALLS         206 TOTAL
                     EDM=1.65875e-05    STRATEGY= 1      ERROR MATRIX ACCURATE 
  EXT PARAMETER                                INTERNAL      INTERNAL  
  NO.   NAME      VALUE            ERROR       STEP SIZE       VALUE   
   1  sg_p0        5.57980e+02   3.34499e-01   1.96391e-04   1.19503e-01
   2  sg_p1        1.47979e+01   3.21384e-01   3.78219e-04  -2.02134e-02
   3  sg_p2        1.31085e+00   5.37405e-02   3.30963e-04  -4.95716e-01
   4  sg_p3        1.12068e+00   5.07549e-02   2.44171e-04  -7.47499e-01
                               ERR DEF= 0.5
 EXTERNAL ERROR MATRIX.    NDIM=  25    NPAR=  4    ERR DEF=0.5
  1.119e-01 -2.101e-02  1.811e-03 -6.428e-03 
 -2.101e-02  1.033e-01  8.812e-03  9.620e-03 
  1.811e-03  8.812e-03  2.889e-03  7.908e-04 
 -6.428e-03  9.620e-03  7.908e-04  2.576e-03 
 PARAMETER  CORRELATION COEFFICIENTS  
       NO.  GLOBAL      1      2      3      4
        1  0.44320   1.000 -0.195  0.101 -0.379
        2  0.69016  -0.195  1.000  0.510  0.590
        3  0.55249   0.101  0.510  1.000  0.290
        4  0.65002  -0.379  0.590  0.290  1.000
[#1] INFO:Minization -- RooMinuit::optimizeConst: deactivating const optimization
550
557.98 +- 0.334499
14.7979 +- 0.321384
[#1] INFO:InputArguments -- RooAbsData::plotOn(signalHistogram) INFO: dataset has non-integer weights, auto-selecting SumW2 errors instead of Poisson errors
[#1] INFO:Plotting -- RooAbsPdf::plotOn(signal) p.d.f was fitted in range and no explicit plot,norm range was specified, using fit range as default
[#1] INFO:Plotting -- RooAbsPdf::plotOn(signal) only plotting range 'fit_nll_signal_signalHistogram'
[#1] INFO:Plotting -- RooAbsPdf::plotOn(signal) p.d.f. curve is normalized using explicit choice of ranges 'fit_nll_signal_signalHistogram'
[#1] INFO:NumericIntegration -- RooRealIntegral::init(signal_Int[x]) using numeric integrator RooIntegrator1D to calculate Int(x)
[#1] INFO:NumericIntegration -- RooRealIntegral::init(signal_Int[x|fit_nll_signal_signalHistogram]_Norm[x]) using numeric integrator RooIntegrator1D to calculate Int(x)
[#1] INFO:DataHandling -- RooDataHist::adjustBinning(signalHistogram): fit range of variable x expanded to nearest bin boundaries: [390,750] --> [390,750]
[#0] WARNING:InputArguments -- RooAbsPdf::fitTo(signal) WARNING: a likelihood fit is request of what appears to be weighted data. 
       While the estimated values of the parameters will always be calculated taking the weights into account, 
       there are multiple ways to estimate the errors on these parameter values. You are advised to make an 
       explicit choice on the error calculation: 
           - Either provide SumW2Error(kTRUE), to calculate a sum-of-weights corrected HESSE error matrix 
             (error will be proportional to the number of events)
           - Or provide SumW2Error(kFALSE), to return errors from original HESSE error matrix
             (which will be proportional to the sum of the weights)
       If you want the errors to reflect the information contained in the provided dataset, choose kTRUE. 
       If you want the errors to reflect the precision you would be able to obtain with an unweighted dataset 
       with 'sum-of-weights' events, choose kFALSE.
[#1] INFO:Eval -- RooRealVar::setRange(x) new range named 'fit' created with bounds [490,650]
[#1] INFO:Fitting -- RooAbsOptTestStatistic::ctor(nll_signal_signalHistogram) constructing test statistic for sub-range named fit
[#1] INFO:Eval -- RooRealVar::setRange(x) new range named 'NormalizationRangeForfit' created with bounds [390,750]
[#1] INFO:Eval -- RooRealVar::setRange(x) new range named 'fit_nll_signal_signalHistogram' created with bounds [490,650]
[#1] INFO:Fitting -- RooAbsOptTestStatistic::ctor(nll_signal_signalHistogram) fixing interpretation of coefficients of any RooAddPdf to full domain of observables 
[#1] INFO:NumericIntegration -- RooRealIntegral::init(signal_Int[x]) using numeric integrator RooIntegrator1D to calculate Int(x)
[#1] INFO:Minization -- RooMinuit::optimizeConst: activating const optimization
 **********
 **   13 **MIGRAD        2000           1
 **********
 FIRST CALL TO USER FUNCTION AT NEW START POINT, WITH IFLAG=4.
 START MIGRAD MINIMIZATION.  STRATEGY  1.  CONVERGENCE WHEN EDM .LT. 1.00e-03
 FCN=15819.8 FROM MIGRAD    STATUS=INITIATE       54 CALLS          55 TOTAL
                     EDM= unknown      STRATEGY= 1      NO ERROR MATRIX       
  EXT PARAMETER               CURRENT GUESS       STEP         FIRST   
  NO.   NAME      VALUE            ERROR          SIZE      DERIVATIVE 
   1  sg_p0        5.55000e+02   5.00000e+00   0.00000e+00  -5.00618e+02
   2  sg_p1        1.50000e+01   2.00000e+00   0.00000e+00  -2.06424e+02
   3  sg_p2        1.24250e+00   5.00000e-01   0.00000e+00   8.72112e+01
   4  sg_p3        1.58707e+00   7.00000e-01  -5.78240e-01   1.36356e+02
                               ERR DEF= 0.5
 MIGRAD MINIMIZATION HAS CONVERGED.
 MIGRAD WILL VERIFY CONVERGENCE AND ERROR MATRIX.
 COVARIANCE MATRIX CALCULATED SUCCESSFULLY
 FCN=15779.8 FROM MIGRAD    STATUS=CONVERGED     201 CALLS         202 TOTAL
                     EDM=3.72733e-05    STRATEGY= 1      ERROR MATRIX ACCURATE 
  EXT PARAMETER                                   STEP         FIRST   
  NO.   NAME      VALUE            ERROR          SIZE      DERIVATIVE 
   1  sg_p0        5.57991e+02   3.13470e-01   9.81807e-04   1.43269e-02
   2  sg_p1        1.48025e+01   3.00871e-01   1.88933e-03   1.01623e-01
   3  sg_p2        1.30793e+00   5.01308e-02   1.66000e-03  -7.41075e-02
   4  sg_p3        1.12096e+00   4.75155e-02   1.22457e-03  -3.73256e-01
                               ERR DEF= 0.5
 EXTERNAL ERROR MATRIX.    NDIM=  25    NPAR=  4    ERR DEF=0.5
  9.827e-02 -1.818e-02  1.608e-03 -5.619e-03 
 -1.818e-02  9.055e-02  7.685e-03  8.406e-03 
  1.608e-03  7.685e-03  2.514e-03  6.873e-04 
 -5.619e-03  8.406e-03  6.873e-04  2.258e-03 
 PARAMETER  CORRELATION COEFFICIENTS  
       NO.  GLOBAL      1      2      3      4
        1  0.44218   1.000 -0.193  0.102 -0.377
        2  0.68889  -0.193  1.000  0.509  0.588
        3  0.55187   0.102  0.509  1.000  0.288
        4  0.64863  -0.377  0.588  0.288  1.000
 **********
 **   18 **HESSE        2000
 **********
 COVARIANCE MATRIX CALCULATED SUCCESSFULLY
 FCN=15779.8 FROM HESSE     STATUS=OK             23 CALLS         225 TOTAL
                     EDM=3.72671e-05    STRATEGY= 1      ERROR MATRIX ACCURATE 
  EXT PARAMETER                                INTERNAL      INTERNAL  
  NO.   NAME      VALUE            ERROR       STEP SIZE       VALUE   
   1  sg_p0        5.57991e+02   3.13600e-01   1.96361e-04   1.19946e-01
   2  sg_p1        1.48025e+01   3.01553e-01   3.77865e-04  -1.97513e-02
   3  sg_p2        1.30793e+00   5.02105e-02   6.64000e-05  -4.97043e-01
   4  sg_p3        1.12096e+00   4.75893e-02   2.44915e-04  -7.47388e-01
                               ERR DEF= 0.5
 EXTERNAL ERROR MATRIX.    NDIM=  25    NPAR=  4    ERR DEF=0.5
  9.835e-02 -1.832e-02  1.604e-03 -5.636e-03 
 -1.832e-02  9.096e-02  7.744e-03  8.463e-03 
  1.604e-03  7.744e-03  2.522e-03  6.946e-04 
 -5.636e-03  8.463e-03  6.946e-04  2.265e-03 
 PARAMETER  CORRELATION COEFFICIENTS  
       NO.  GLOBAL      1      2      3      4
        1  0.44293   1.000 -0.194  0.102 -0.378
        2  0.69061  -0.194  1.000  0.511  0.590
        3  0.55387   0.102  0.511  1.000  0.291
        4  0.65001  -0.378  0.590  0.291  1.000
[#1] INFO:Minization -- RooMinuit::optimizeConst: deactivating const optimization
550
557.991 +- 0.3136
14.8025 +- 0.301553
[#1] INFO:InputArguments -- RooAbsData::plotOn(signalHistogram) INFO: dataset has non-integer weights, auto-selecting SumW2 errors instead of Poisson errors
[#1] INFO:Plotting -- RooAbsPdf::plotOn(signal) p.d.f was fitted in range and no explicit plot,norm range was specified, using fit range as default
[#1] INFO:Plotting -- RooAbsPdf::plotOn(signal) only plotting range 'fit_nll_signal_signalHistogram'
[#1] INFO:Plotting -- RooAbsPdf::plotOn(signal) p.d.f. curve is normalized using explicit choice of ranges 'fit_nll_signal_signalHistogram'
[#1] INFO:NumericIntegration -- RooRealIntegral::init(signal_Int[x]) using numeric integrator RooIntegrator1D to calculate Int(x)
[#1] INFO:NumericIntegration -- RooRealIntegral::init(signal_Int[x|fit_nll_signal_signalHistogram]_Norm[x]) using numeric integrator RooIntegrator1D to calculate Int(x)
35.9 fb^{-1} (13 TeV)
   Uncertainty on sg_p0 = 557.153 +- 0.321538 (stat) - 0.826073 + 1.72147 (syst); -0.841572/+1.72896 (total)
   Uncertainty on sg_p1 = 15.9907 +- 0.294927 (stat) - 1.39965 + 0 (syst); -1.40739/+0.147463 (total)
   Uncertainty on sg_p2 = 1.40719 +- 0.0664804 (stat) - 0.128774 + 0 (syst); -0.132995/+0.0332402 (total)
   Uncertainty on sg_p3 = 1.40947 +- 0.0605049 (stat) - 0.295372 + 0 (syst); -0.296917/+0.0302524 (total)
   === Baseline plot === </br>
   norm = 123.788
JEC     lnN   1.02905  -
JER     lnN   1.01484  -
btag    lnN   1.06518  -
sg_p0   param   557.153 -0.841572/+1.72896
sg_p1   param   15.9907 -1.40739/+0.147463
sg_p2   param   1.40719  -0.132995/+0.0332402
sg_p3   param   1.40947  -0.296917/+0.0302524
