>>> including systematics
>>> method used to compute upper limit is Asymptotic
>>> random number generator seed is 123456
[?1034hComputing limit starting from observation
Will compute both limit(s) using minimizer Minuit2 with strategy 0 and tolerance 0.01
Constraints of type RooGaussian: 4
Constraints of type SimpleGaussianConstraint: 6
Median for expected limits: 8.34375
Sigma  for expected limits: 4.25709
Constraints of type RooGaussian: 4
Constraints of type SimpleGaussianConstraint: 6
Constraints of type RooGaussian: 4
Constraints of type SimpleGaussianConstraint: 6
Restricting r to positive values.

Make global fit of real data
NLL at global minimum of data: 7.66222 (r = 5.26868e-06)

Make global fit of asimov data
NLL at global minimum of asimov: -0.158146 (r = 2.1183e-05)
At r = 13.728106:	q_mu = 11.38179	q_A  = 9.35243	CLsb = 0.00035	CLb  = 0.37002	CLs  = 0.00094
At r = 6.864056:	q_mu = 3.83187	q_A  = 2.69958	CLsb = 0.02343	CLb  = 0.36521	CLs  = 0.06415
At r = 10.296081:	q_mu = 7.25828	q_A  = 5.64925	CLsb = 0.00331	CLb  = 0.36750	CLs  = 0.00901
At r = 8.580068:	q_mu = 5.44492	q_A  = 4.06684	CLsb = 0.00918	CLb  = 0.36630	CLs  = 0.02506
At r = 7.571166:	q_mu = 4.47046	q_A  = 3.23504	CLsb = 0.01609	CLb  = 0.36564	CLs  = 0.04402
At r = 7.238331:	q_mu = 4.16541	q_A  = 2.97823	CLsb = 0.01924	CLb  = 0.36544	CLs  = 0.05265
At r = 7.381642:	q_mu = 4.29567	q_A  = 3.08765	CLsb = 0.01782	CLb  = 0.36552	CLs  = 0.04876
At r = 7.315538:	q_mu = 4.23538	q_A  = 3.03695	CLsb = 0.01847	CLb  = 0.36548	CLs  = 0.05052
At r = 7.344297:	q_mu = 4.26156	q_A  = 3.05896	CLsb = 0.01818	CLb  = 0.36550	CLs  = 0.04975

 -- Asymptotic -- 
Observed Limit: r < 7.3443
Expected  2.5%: r < 4.3185
Expected 16.0%: r < 5.8437
Expected 50.0%: r < 8.3438
Expected 84.0%: r < 12.0354
Expected 97.5%: r < 16.7762

Done in 0.01 min (cpu), 0.01 min (real)
