
Processing test.c...
nSignal_init = 99200
[#1] INFO:DataHandling -- RooDataHist::adjustBinning(signalHistogram): fit range of variable x expanded to nearest bin boundaries: [480,930] --> [480,930]
[#0] WARNING:InputArguments -- RooAbsPdf::fitTo(signal) WARNING: a likelihood fit is request of what appears to be weighted data. 
       While the estimated values of the parameters will always be calculated taking the weights into account, 
       there are multiple ways to estimate the errors on these parameter values. You are advised to make an 
       explicit choice on the error calculation: 
           - Either provide SumW2Error(kTRUE), to calculate a sum-of-weights corrected HESSE error matrix 
             (error will be proportional to the number of events)
           - Or provide SumW2Error(kFALSE), to return errors from original HESSE error matrix
             (which will be proportional to the sum of the weights)
       If you want the errors to reflect the information contained in the provided dataset, choose kTRUE. 
       If you want the errors to reflect the precision you would be able to obtain with an unweighted dataset 
       with 'sum-of-weights' events, choose kFALSE.
[#1] INFO:Eval -- RooRealVar::setRange(x) new range named 'fit' created with bounds [580,830]
[#1] INFO:Fitting -- RooAbsOptTestStatistic::ctor(nll_signal_signalHistogram) constructing test statistic for sub-range named fit
[#1] INFO:Eval -- RooRealVar::setRange(x) new range named 'NormalizationRangeForfit' created with bounds [480,930]
[#1] INFO:Eval -- RooRealVar::setRange(x) new range named 'fit_nll_signal_signalHistogram' created with bounds [580,830]
[#1] INFO:Fitting -- RooAbsOptTestStatistic::ctor(nll_signal_signalHistogram) fixing interpretation of coefficients of any RooAddPdf to full domain of observables 
[#1] INFO:NumericIntegration -- RooRealIntegral::init(signal_Int[x]) using numeric integrator RooIntegrator1D to calculate Int(x)
[#1] INFO:Minization -- RooMinuit::optimizeConst: activating const optimization
 **********
 **   13 **MIGRAD        2000           1
 **********
 FIRST CALL TO USER FUNCTION AT NEW START POINT, WITH IFLAG=4.
 START MIGRAD MINIMIZATION.  STRATEGY  1.  CONVERGENCE WHEN EDM .LT. 1.00e-03
 FCN=28581.6 FROM MIGRAD    STATUS=INITIATE       39 CALLS          40 TOTAL
                     EDM= unknown      STRATEGY= 1      NO ERROR MATRIX       
  EXT PARAMETER               CURRENT GUESS       STEP         FIRST   
  NO.   NAME      VALUE            ERROR          SIZE      DERIVATIVE 
   1  sg_p0        7.45000e+02   7.00000e+00   0.00000e+00  -1.97285e+02
   2  sg_p1        3.25000e+01   2.50000e+00   0.00000e+00  -5.26336e+01
   3  sg_p2        2.50000e+00   5.00000e-01   0.00000e+00  -1.34034e+00
   4  sg_p3        8.83623e-01   7.00000e-01  -8.44345e-01  -8.85145e+02
                               ERR DEF= 0.5
 MIGRAD MINIMIZATION HAS CONVERGED.
 MIGRAD WILL VERIFY CONVERGENCE AND ERROR MATRIX.
 MINUIT WARNING IN HESSE
 ============== Second derivative enters zero, param 3
 COVARIANCE MATRIX CALCULATED SUCCESSFULLY
 FCN=28481.9 FROM HESSE     STATUS=OK             29 CALLS         226 TOTAL
                     EDM=0.176135    STRATEGY= 1      ERROR MATRIX ACCURATE 
  EXT PARAMETER                                   STEP         FIRST   
  NO.   NAME      VALUE            ERROR          SIZE      DERIVATIVE 
   1  sg_p0        7.41076e+02   5.65606e-01   1.82652e-03   1.78201e-02
   2  sg_p1        3.85553e+01   5.02370e-01   4.68920e-03  -1.33549e-02
   3  sg_p2        2.98442e+00   1.00281e+00   5.00000e-01  -1.40904e+00
   4  sg_p3        1.76206e+00   9.56239e-02   3.11054e-03   1.18363e-01
                               ERR DEF= 0.5
 MIGRAD MINIMIZATION HAS CONVERGED.
 FCN=28481.9 FROM MIGRAD    STATUS=CONVERGED     237 CALLS         238 TOTAL
                     EDM=7.28057e-09    STRATEGY= 1  ERROR MATRIX UNCERTAINTY   0.0 per cent
  EXT PARAMETER                                   STEP         FIRST   
  NO.   NAME      VALUE            ERROR          SIZE      DERIVATIVE 
   1  sg_p0        7.41076e+02   5.65607e-01   1.02030e-05  -2.48246e-04
   2  sg_p1        3.85547e+01   5.02385e-01  -5.28821e-05  -6.46421e-04
   3  sg_p2        3.57615e+00   9.22634e-01   2.50000e-01   0.00000e+00
   4  sg_p3        1.76174e+00   9.56180e-02  -1.05757e-04  -3.32008e-03
                               ERR DEF= 0.5
 EXTERNAL ERROR MATRIX.    NDIM=  25    NPAR=  4    ERR DEF=0.5
  3.199e-01 -1.433e-02 -2.179e-05 -1.376e-02 
 -1.433e-02  2.526e-01  6.391e-05  2.295e-02 
 -2.179e-05  6.391e-05  9.034e-01  1.802e-05 
 -1.376e-02  2.295e-02  1.802e-05  9.146e-03 
 PARAMETER  CORRELATION COEFFICIENTS  
       NO.  GLOBAL      1      2      3      4
        1  0.26700   1.000 -0.050 -0.000 -0.254
        2  0.48307  -0.050  1.000  0.000  0.477
        3  0.00020  -0.000  0.000  1.000  0.000
        4  0.53025  -0.254  0.477  0.000  1.000
 **********
 **   18 **HESSE        2000
 **********
 MINUIT WARNING IN HESSE
 ============== Second derivative enters zero, param 3
 MINUIT WARNING IN HESSE
 ============== Second derivative zero for parameter3
  MNHESS FAILS AND WILL RETURN DIAGONAL MATRIX. 
 FCN=28481.9 FROM HESSE     STATUS=FAILED          7 CALLS         245 TOTAL
                     EDM=7.28057e-09    STRATEGY= 1  ERROR MATRIX UNCERTAINTY 100.0 per cent
  EXT PARAMETER                APPROXIMATE     INTERNAL      INTERNAL  
  NO.   NAME      VALUE            ERROR       STEP SIZE       VALUE   
   1  sg_p0        7.41076e+02   5.45075e-01   1.82653e-03  -1.12350e-01
   2  sg_p1        3.85547e+01   4.39914e-01   1.87568e-03   5.05653e-01
   3  sg_p2        2.36258e+00   1.23330e+00   2.50000e-01   4.45003e-01
   4  sg_p3        1.76174e+00   8.10352e-02  -1.05757e-04  -5.19731e-01
                               ERR DEF= 0.5
 EXTERNAL ERROR MATRIX.    NDIM=  25    NPAR=  4    ERR DEF=0.5
  2.971e-01  0.000e+00  0.000e+00  0.000e+00 
  0.000e+00  1.936e-01  0.000e+00  0.000e+00 
  0.000e+00  0.000e+00  1.703e+00  0.000e+00 
  0.000e+00  0.000e+00  0.000e+00  6.568e-03 
ERR MATRIX APPROXIMATE
 PARAMETER  CORRELATION COEFFICIENTS  
       NO.  GLOBAL      1      2      3      4
        1  0.00000   1.000  0.000  0.000  0.000
        2  0.00000   0.000  1.000  0.000  0.000
        3  0.00000   0.000  0.000  1.000  0.000
        4  0.00000   0.000  0.000  0.000  1.000
 ERR MATRIX APPROXIMATE
[#1] INFO:Minization -- RooMinuit::optimizeConst: deactivating const optimization
750
741.076 +- 0.545075
38.5547 +- 0.439914
[#1] INFO:InputArguments -- RooAbsData::plotOn(signalHistogram) INFO: dataset has non-integer weights, auto-selecting SumW2 errors instead of Poisson errors
[#1] INFO:Plotting -- RooAbsPdf::plotOn(signal) p.d.f was fitted in range and no explicit plot,norm range was specified, using fit range as default
[#1] INFO:Plotting -- RooAbsPdf::plotOn(signal) only plotting range 'fit_nll_signal_signalHistogram'
[#1] INFO:Plotting -- RooAbsPdf::plotOn(signal) p.d.f. curve is normalized using explicit choice of ranges 'fit_nll_signal_signalHistogram'
[#1] INFO:NumericIntegration -- RooRealIntegral::init(signal_Int[x]) using numeric integrator RooIntegrator1D to calculate Int(x)
[#1] INFO:NumericIntegration -- RooRealIntegral::init(signal_Int[x|fit_nll_signal_signalHistogram]_Norm[x]) using numeric integrator RooIntegrator1D to calculate Int(x)
[#1] INFO:ObjectHandling -- RooWorkspace::import(HbbHbb) importing ExpGaussExp::signal_fixed
[#1] INFO:ObjectHandling -- RooWorkspace::import(HbbHbb) importing RooRealVar::x
[#1] INFO:ObjectHandling -- RooWorkspace::import(HbbHbb) importing RooRealVar::signal_p0
[#1] INFO:ObjectHandling -- RooWorkspace::import(HbbHbb) importing RooRealVar::signal_p1
[#1] INFO:ObjectHandling -- RooWorkspace::import(HbbHbb) importing RooRealVar::signal_p2
[#1] INFO:ObjectHandling -- RooWorkspace::import(HbbHbb) importing RooRealVar::signal_p3
[#1] INFO:DataHandling -- RooDataHist::adjustBinning(signalHistogram): fit range of variable x expanded to nearest bin boundaries: [480,930] --> [480,930]
[#0] WARNING:InputArguments -- RooAbsPdf::fitTo(signal) WARNING: a likelihood fit is request of what appears to be weighted data. 
       While the estimated values of the parameters will always be calculated taking the weights into account, 
       there are multiple ways to estimate the errors on these parameter values. You are advised to make an 
       explicit choice on the error calculation: 
           - Either provide SumW2Error(kTRUE), to calculate a sum-of-weights corrected HESSE error matrix 
             (error will be proportional to the number of events)
           - Or provide SumW2Error(kFALSE), to return errors from original HESSE error matrix
             (which will be proportional to the sum of the weights)
       If you want the errors to reflect the information contained in the provided dataset, choose kTRUE. 
       If you want the errors to reflect the precision you would be able to obtain with an unweighted dataset 
       with 'sum-of-weights' events, choose kFALSE.
[#1] INFO:Eval -- RooRealVar::setRange(x) new range named 'fit' created with bounds [580,830]
[#1] INFO:Fitting -- RooAbsOptTestStatistic::ctor(nll_signal_signalHistogram) constructing test statistic for sub-range named fit
[#1] INFO:Eval -- RooRealVar::setRange(x) new range named 'NormalizationRangeForfit' created with bounds [480,930]
[#1] INFO:Eval -- RooRealVar::setRange(x) new range named 'fit_nll_signal_signalHistogram' created with bounds [580,830]
[#1] INFO:Fitting -- RooAbsOptTestStatistic::ctor(nll_signal_signalHistogram) fixing interpretation of coefficients of any RooAddPdf to full domain of observables 
[#1] INFO:NumericIntegration -- RooRealIntegral::init(signal_Int[x]) using numeric integrator RooIntegrator1D to calculate Int(x)
[#1] INFO:Minization -- RooMinuit::optimizeConst: activating const optimization
 **********
 **   13 **MIGRAD        2000           1
 **********
 FIRST CALL TO USER FUNCTION AT NEW START POINT, WITH IFLAG=4.
 START MIGRAD MINIMIZATION.  STRATEGY  1.  CONVERGENCE WHEN EDM .LT. 1.00e-03
 FCN=28878.9 FROM MIGRAD    STATUS=INITIATE      112 CALLS         113 TOTAL
                     EDM= unknown      STRATEGY= 1      NO ERROR MATRIX       
  EXT PARAMETER               CURRENT GUESS       STEP         FIRST   
  NO.   NAME      VALUE            ERROR          SIZE      DERIVATIVE 
   1  sg_p0        7.45000e+02   7.00000e+00   0.00000e+00  -1.25454e+02
   2  sg_p1        3.56130e+01   2.50000e+00   0.00000e+00   6.94117e+01
   3  sg_p2        1.20743e+00   5.00000e-01  -5.43373e-01  -2.30464e+01
   4  sg_p3        1.10042e+00   7.00000e-01   0.00000e+00  -5.72255e+02
                               ERR DEF= 0.5
 MIGRAD FAILS TO FIND IMPROVEMENT
 COVARIANCE MATRIX CALCULATED SUCCESSFULLY
 FCN=28834.9 FROM HESSE     STATUS=OK             29 CALLS         423 TOTAL
                     EDM=0.262248    STRATEGY= 1      ERROR MATRIX ACCURATE 
  EXT PARAMETER                                   STEP         FIRST   
  NO.   NAME      VALUE            ERROR          SIZE      DERIVATIVE 
   1  sg_p0        7.44466e+02   5.73304e-01   1.86583e-03  -3.18372e-03
   2  sg_p1        3.93530e+01   5.09571e-01   5.09296e-03   1.74419e-02
   3  sg_p2        2.25372e+00   5.17025e-01   3.03226e-01  -3.45943e+00
   4  sg_p3        1.81743e+00   9.76205e-02   3.26395e-03  -1.13200e-02
                               ERR DEF= 0.5
 MIGRAD MINIMIZATION HAS CONVERGED.
 FCN=28834.9 FROM MIGRAD    STATUS=CONVERGED     436 CALLS         437 TOTAL
                     EDM=1.01318e-08    STRATEGY= 1  ERROR MATRIX UNCERTAINTY   0.0 per cent
  EXT PARAMETER                                   STEP         FIRST   
  NO.   NAME      VALUE            ERROR          SIZE      DERIVATIVE 
   1  sg_p0        7.44466e+02   5.73304e-01  -7.43401e-07  -1.39873e-04
   2  sg_p1        3.93527e+01   5.09582e-01  -3.36925e-05  -1.24591e-03
   3  sg_p2        2.63229e+00   5.18825e-01   1.51613e-01   0.00000e+00
   4  sg_p3        1.81743e+00   9.76204e-02  -7.43797e-07  -3.30431e-03
                               ERR DEF= 0.5
 EXTERNAL ERROR MATRIX.    NDIM=  25    NPAR=  4    ERR DEF=0.5
  3.287e-01  8.912e-03 -6.933e-06 -1.113e-02 
  8.912e-03  2.599e-01  3.934e-05  2.184e-02 
 -6.933e-06  3.934e-05  2.731e-01  9.253e-06 
 -1.113e-02  2.184e-02  9.253e-06  9.533e-03 
 PARAMETER  CORRELATION COEFFICIENTS  
       NO.  GLOBAL      1      2      3      4
        1  0.23810   1.000  0.030 -0.000 -0.199
        2  0.45486   0.030  1.000  0.000  0.439
        3  0.00020  -0.000  0.000  1.000  0.000
        4  0.48738  -0.199  0.439  0.000  1.000
 **********
 **   18 **HESSE        2000
 **********
 MINUIT WARNING IN HESSE
 ============== Second derivative enters zero, param 3
 COVARIANCE MATRIX CALCULATED SUCCESSFULLY
 FCN=28834.9 FROM HESSE     STATUS=OK             31 CALLS         468 TOTAL
                     EDM=0.968431    STRATEGY= 1      ERROR MATRIX ACCURATE 
  EXT PARAMETER                                INTERNAL      INTERNAL  
  NO.   NAME      VALUE            ERROR       STEP SIZE       VALUE   
   1  sg_p0        7.44466e+02   5.73402e-01   7.46332e-04  -1.52619e-02
   2  sg_p1        3.93527e+01   5.10469e-01   2.03719e-03   5.80225e-01
   3  sg_p2        2.63229e+00   6.39685e-01   5.10000e-01   5.29399e-02
   4  sg_p3        1.81743e+00   9.78361e-02   1.30558e-03  -5.01491e-01
                               ERR DEF= 0.5
 EXTERNAL ERROR MATRIX.    NDIM=  25    NPAR=  4    ERR DEF=0.5
  3.288e-01  8.226e-03  3.816e-12 -1.124e-02 
  8.226e-03  2.608e-01  8.047e-12  2.210e-02 
  3.816e-12  8.047e-12  4.185e-01 -1.617e-12 
 -1.124e-02  2.210e-02 -1.617e-12  9.575e-03 
 PARAMETER  CORRELATION COEFFICIENTS  
       NO.  GLOBAL      1      2      3      4
        1  0.23882   1.000  0.028  0.000 -0.200
        2  0.45797   0.028  1.000  0.000  0.442
        3  0.00000   0.000  0.000  1.000 -0.000
        4  0.49076  -0.200  0.442 -0.000  1.000
[#1] INFO:Minization -- RooMinuit::optimizeConst: deactivating const optimization
750
744.466 +- 0.573402
39.3527 +- 0.510469
[#1] INFO:InputArguments -- RooAbsData::plotOn(signalHistogram) INFO: dataset has non-integer weights, auto-selecting SumW2 errors instead of Poisson errors
[#1] INFO:Plotting -- RooAbsPdf::plotOn(signal) p.d.f was fitted in range and no explicit plot,norm range was specified, using fit range as default
[#1] INFO:Plotting -- RooAbsPdf::plotOn(signal) only plotting range 'fit_nll_signal_signalHistogram'
[#1] INFO:Plotting -- RooAbsPdf::plotOn(signal) p.d.f. curve is normalized using explicit choice of ranges 'fit_nll_signal_signalHistogram'
[#1] INFO:NumericIntegration -- RooRealIntegral::init(signal_Int[x]) using numeric integrator RooIntegrator1D to calculate Int(x)
[#1] INFO:NumericIntegration -- RooRealIntegral::init(signal_Int[x|fit_nll_signal_signalHistogram]_Norm[x]) using numeric integrator RooIntegrator1D to calculate Int(x)
[#1] INFO:DataHandling -- RooDataHist::adjustBinning(signalHistogram): fit range of variable x expanded to nearest bin boundaries: [480,930] --> [480,930]
[#0] WARNING:InputArguments -- RooAbsPdf::fitTo(signal) WARNING: a likelihood fit is request of what appears to be weighted data. 
       While the estimated values of the parameters will always be calculated taking the weights into account, 
       there are multiple ways to estimate the errors on these parameter values. You are advised to make an 
       explicit choice on the error calculation: 
           - Either provide SumW2Error(kTRUE), to calculate a sum-of-weights corrected HESSE error matrix 
             (error will be proportional to the number of events)
           - Or provide SumW2Error(kFALSE), to return errors from original HESSE error matrix
             (which will be proportional to the sum of the weights)
       If you want the errors to reflect the information contained in the provided dataset, choose kTRUE. 
       If you want the errors to reflect the precision you would be able to obtain with an unweighted dataset 
       with 'sum-of-weights' events, choose kFALSE.
[#1] INFO:Eval -- RooRealVar::setRange(x) new range named 'fit' created with bounds [580,830]
[#1] INFO:Fitting -- RooAbsOptTestStatistic::ctor(nll_signal_signalHistogram) constructing test statistic for sub-range named fit
[#1] INFO:Eval -- RooRealVar::setRange(x) new range named 'NormalizationRangeForfit' created with bounds [480,930]
[#1] INFO:Eval -- RooRealVar::setRange(x) new range named 'fit_nll_signal_signalHistogram' created with bounds [580,830]
[#1] INFO:Fitting -- RooAbsOptTestStatistic::ctor(nll_signal_signalHistogram) fixing interpretation of coefficients of any RooAddPdf to full domain of observables 
[#1] INFO:NumericIntegration -- RooRealIntegral::init(signal_Int[x]) using numeric integrator RooIntegrator1D to calculate Int(x)
[#1] INFO:Minization -- RooMinuit::optimizeConst: activating const optimization
 **********
 **   13 **MIGRAD        2000           1
 **********
 FIRST CALL TO USER FUNCTION AT NEW START POINT, WITH IFLAG=4.
 START MIGRAD MINIMIZATION.  STRATEGY  1.  CONVERGENCE WHEN EDM .LT. 1.00e-03
 FCN=28016 FROM MIGRAD    STATUS=INITIATE       72 CALLS          73 TOTAL
                     EDM= unknown      STRATEGY= 1      NO ERROR MATRIX       
  EXT PARAMETER               CURRENT GUESS       STEP         FIRST   
  NO.   NAME      VALUE            ERROR          SIZE      DERIVATIVE 
   1  sg_p0        7.45000e+02   7.00000e+00   0.00000e+00   3.75442e+02
   2  sg_p1        3.34297e+01   2.50000e+00   7.44428e-02  -3.45085e+00
   3  sg_p2        2.50000e+00   5.00000e-01   0.00000e+00  -3.67110e-01
   4  sg_p3        9.50531e-01   7.00000e-01   0.00000e+00  -4.25357e+02
                               ERR DEF= 0.5
 MIGRAD FAILS TO FIND IMPROVEMENT
 EIGENVALUES OF SECOND-DERIVATIVE MATRIX:
        -1.1257e+00  1.0000e+00  1.0212e+00  3.1045e+00
 MINUIT WARNING IN HESSE   
 ============== MATRIX FORCED POS-DEF BY ADDING 1.128794 TO DIAGONAL.
 FCN=27907.7 FROM HESSE     STATUS=NOT POSDEF     25 CALLS         189 TOTAL
                     EDM=0.288891    STRATEGY= 1      ERR MATRIX NOT POS-DEF
  EXT PARAMETER                APPROXIMATE        STEP         FIRST   
  NO.   NAME      VALUE            ERROR          SIZE      DERIVATIVE 
   1  sg_p0        7.37485e+02   6.72582e+00   1.83947e-03   6.18860e+00
   2  sg_p1        3.83510e+01   1.04522e+00   4.63621e-03   1.08179e+00
   3  sg_p2        3.44126e+00   3.98936e+00   5.00000e-01  -6.55275e-02
   4  sg_p3        1.83188e+00   4.34020e-01   3.32682e-03  -4.03275e+00
                               ERR DEF= 0.5
 MIGRAD FAILS TO FIND IMPROVEMENT
 MIGRAD MINIMIZATION HAS CONVERGED.
 MIGRAD WILL VERIFY CONVERGENCE AND ERROR MATRIX.
 COVARIANCE MATRIX CALCULATED SUCCESSFULLY
 MIGRAD TERMINATED WITHOUT CONVERGENCE.
 FCN=27907.7 FROM MIGRAD    STATUS=FAILED        299 CALLS         300 TOTAL
                     EDM=0.0114055    STRATEGY= 1      ERR MATRIX APPROXIMATE
  EXT PARAMETER                APPROXIMATE        STEP         FIRST   
  NO.   NAME      VALUE            ERROR          SIZE      DERIVATIVE 
   1  sg_p0        7.37435e+02   5.50832e-01   1.82376e-03   7.13141e-01
   2  sg_p1        3.83308e+01   4.54574e-01   4.46650e-03  -6.17184e-02
   3  sg_p2        3.40751e+00   3.90281e+00   5.00000e-01  -3.55749e-02
   4  sg_p3        1.83269e+00   3.76328e-02   3.32811e-03  -3.75326e+00
                               ERR DEF= 0.5
 EXTERNAL ERROR MATRIX.    NDIM=  25    NPAR=  4    ERR DEF=0.5
  3.034e-01  1.043e-03  0.000e+00 -3.749e-03 
  1.043e-03  2.068e-01  0.000e+00  5.570e-03 
  0.000e+00  0.000e+00  3.813e+01  0.000e+00 
 -3.749e-03  5.570e-03  0.000e+00  1.416e-03 
ERR MATRIX APPROXIMATE
 PARAMETER  CORRELATION COEFFICIENTS  
       NO.  GLOBAL      1      2      3      4
        1  0.19272   1.000  0.004  0.000 -0.181
        2  0.33174   0.004  1.000  0.000  0.325
        3  0.00000   0.000  0.000  1.000  0.000
        4  0.37301  -0.181  0.325  0.000  1.000
 ERR MATRIX APPROXIMATE
 **********
 **   18 **HESSE        2000
 **********
 COVARIANCE MATRIX CALCULATED SUCCESSFULLY
 FCN=27907.7 FROM HESSE     STATUS=OK             29 CALLS         329 TOTAL
                     EDM=0.0259975    STRATEGY= 1      ERROR MATRIX ACCURATE 
  EXT PARAMETER                                INTERNAL      INTERNAL  
  NO.   NAME      VALUE            ERROR       STEP SIZE       VALUE   
   1  sg_p0        7.37435e+02   5.53707e-01   3.64751e-04  -2.17856e-01
   2  sg_p1        3.83308e+01   4.70224e-01   1.78660e-04   4.85291e-01
   3  sg_p2        3.40751e+00   3.90281e+00   5.00000e-01   3.71491e-01
   4  sg_p3        1.83269e+00   1.03955e-01   8.87511e-02  -4.96528e-01
                               ERR DEF= 0.5
 EXTERNAL ERROR MATRIX.    NDIM=  25    NPAR=  4    ERR DEF=0.5
  3.066e-01 -6.417e-03  3.317e-09 -1.192e-02 
 -6.417e-03  2.212e-01 -1.340e-08  1.984e-02 
  3.317e-09 -1.340e-08  3.813e+01 -1.310e-09 
 -1.192e-02  1.984e-02 -1.310e-09  1.081e-02 
 PARAMETER  CORRELATION COEFFICIENTS  
       NO.  GLOBAL      1      2      3      4
        1  0.21706   1.000 -0.025  0.000 -0.207
        2  0.41028  -0.025  1.000 -0.000  0.406
        3  0.00000   0.000 -0.000  1.000 -0.000
        4  0.45113  -0.207  0.406 -0.000  1.000
[#1] INFO:Minization -- RooMinuit::optimizeConst: deactivating const optimization
750
737.435 +- 0.553707
38.3308 +- 0.470224
[#1] INFO:InputArguments -- RooAbsData::plotOn(signalHistogram) INFO: dataset has non-integer weights, auto-selecting SumW2 errors instead of Poisson errors
[#1] INFO:Plotting -- RooAbsPdf::plotOn(signal) p.d.f was fitted in range and no explicit plot,norm range was specified, using fit range as default
[#1] INFO:Plotting -- RooAbsPdf::plotOn(signal) only plotting range 'fit_nll_signal_signalHistogram'
[#1] INFO:Plotting -- RooAbsPdf::plotOn(signal) p.d.f. curve is normalized using explicit choice of ranges 'fit_nll_signal_signalHistogram'
[#1] INFO:NumericIntegration -- RooRealIntegral::init(signal_Int[x]) using numeric integrator RooIntegrator1D to calculate Int(x)
[#1] INFO:NumericIntegration -- RooRealIntegral::init(signal_Int[x|fit_nll_signal_signalHistogram]_Norm[x]) using numeric integrator RooIntegrator1D to calculate Int(x)
[#1] INFO:DataHandling -- RooDataHist::adjustBinning(signalHistogram): fit range of variable x expanded to nearest bin boundaries: [520,930] --> [520,930]
[#0] WARNING:InputArguments -- RooAbsPdf::fitTo(signal) WARNING: a likelihood fit is request of what appears to be weighted data. 
       While the estimated values of the parameters will always be calculated taking the weights into account, 
       there are multiple ways to estimate the errors on these parameter values. You are advised to make an 
       explicit choice on the error calculation: 
           - Either provide SumW2Error(kTRUE), to calculate a sum-of-weights corrected HESSE error matrix 
             (error will be proportional to the number of events)
           - Or provide SumW2Error(kFALSE), to return errors from original HESSE error matrix
             (which will be proportional to the sum of the weights)
       If you want the errors to reflect the information contained in the provided dataset, choose kTRUE. 
       If you want the errors to reflect the precision you would be able to obtain with an unweighted dataset 
       with 'sum-of-weights' events, choose kFALSE.
[#1] INFO:Eval -- RooRealVar::setRange(x) new range named 'fit' created with bounds [620,830]
[#1] INFO:Fitting -- RooAbsOptTestStatistic::ctor(nll_signal_signalHistogram) constructing test statistic for sub-range named fit
[#1] INFO:Eval -- RooRealVar::setRange(x) new range named 'NormalizationRangeForfit' created with bounds [520,930]
[#1] INFO:Eval -- RooRealVar::setRange(x) new range named 'fit_nll_signal_signalHistogram' created with bounds [620,830]
[#1] INFO:Fitting -- RooAbsOptTestStatistic::ctor(nll_signal_signalHistogram) fixing interpretation of coefficients of any RooAddPdf to full domain of observables 
[#1] INFO:NumericIntegration -- RooRealIntegral::init(signal_Int[x]) using numeric integrator RooIntegrator1D to calculate Int(x)
[#1] INFO:Minization -- RooMinuit::optimizeConst: activating const optimization
 **********
 **   13 **MIGRAD        2000           1
 **********
 FIRST CALL TO USER FUNCTION AT NEW START POINT, WITH IFLAG=4.
 START MIGRAD MINIMIZATION.  STRATEGY  1.  CONVERGENCE WHEN EDM .LT. 1.00e-03
 FCN=26875.6 FROM MIGRAD    STATUS=INITIATE       56 CALLS          57 TOTAL
                     EDM= unknown      STRATEGY= 1      NO ERROR MATRIX       
  EXT PARAMETER               CURRENT GUESS       STEP         FIRST   
  NO.   NAME      VALUE            ERROR          SIZE      DERIVATIVE 
   1  sg_p0        7.50000e+02   6.00000e+00   0.00000e+00  -1.68092e+03
   2  sg_p1        2.75000e+01   1.50000e+00   0.00000e+00   1.28555e+02
   3  sg_p2        9.73975e-01   5.00000e-01   0.00000e+00   1.06582e+02
   4  sg_p3        1.78677e+00   7.00000e-01  -5.11511e-01  -3.22236e+01
                               ERR DEF= 0.5
 MIGRAD MINIMIZATION HAS CONVERGED.
 MIGRAD WILL VERIFY CONVERGENCE AND ERROR MATRIX.
 COVARIANCE MATRIX CALCULATED SUCCESSFULLY
 FCN=26474.3 FROM MIGRAD    STATUS=CONVERGED     164 CALLS         165 TOTAL
                     EDM=2.25921e-05    STRATEGY= 1      ERROR MATRIX ACCURATE 
  EXT PARAMETER                                   STEP         FIRST   
  NO.   NAME      VALUE            ERROR          SIZE      DERIVATIVE 
   1  sg_p0        7.62526e+02   3.87529e-01   1.47757e-03   1.66856e-01
   2  sg_p1        2.37778e+01   3.73075e-01   5.01466e-03   1.71102e-02
   3  sg_p2        1.45537e+00   7.21350e-02   3.19921e-03  -4.87398e-02
   4  sg_p3        1.20603e+00   3.81131e-02   1.25918e-03  -2.52445e-01
                               ERR DEF= 0.5
 EXTERNAL ERROR MATRIX.    NDIM=  25    NPAR=  4    ERR DEF=0.5
  1.502e-01 -1.364e-02  4.886e-03 -4.422e-03 
 -1.364e-02  1.393e-01  9.457e-03  8.215e-03 
  4.886e-03  9.457e-03  5.205e-03  5.123e-04 
 -4.422e-03  8.215e-03  5.123e-04  1.453e-03 
 PARAMETER  CORRELATION COEFFICIENTS  
       NO.  GLOBAL      1      2      3      4
        1  0.38125   1.000 -0.094  0.175 -0.299
        2  0.62877  -0.094  1.000  0.351  0.577
        3  0.41098   0.175  0.351  1.000  0.186
        4  0.62880  -0.299  0.577  0.186  1.000
 **********
 **   18 **HESSE        2000
 **********
 COVARIANCE MATRIX CALCULATED SUCCESSFULLY
 FCN=26474.3 FROM HESSE     STATUS=OK             23 CALLS         188 TOTAL
                     EDM=2.25799e-05    STRATEGY= 1      ERROR MATRIX ACCURATE 
  EXT PARAMETER                                INTERNAL      INTERNAL  
  NO.   NAME      VALUE            ERROR       STEP SIZE       VALUE   
   1  sg_p0        7.62526e+02   3.86914e-01   2.95513e-04   4.30739e-01
   2  sg_p1        2.37778e+01   3.70943e-01   2.00586e-04  -5.19330e-01
   3  sg_p2        1.45537e+00   7.09082e-02   1.27968e-04  -4.31078e-01
   4  sg_p3        1.20603e+00   3.81052e-02   2.51836e-04  -7.14737e-01
                               ERR DEF= 0.5
 EXTERNAL ERROR MATRIX.    NDIM=  25    NPAR=  4    ERR DEF=0.5
  1.497e-01 -1.520e-02  4.447e-03 -4.507e-03 
 -1.520e-02  1.377e-01  8.786e-03  8.163e-03 
  4.447e-03  8.786e-03  5.030e-03  4.843e-04 
 -4.507e-03  8.163e-03  4.843e-04  1.452e-03 
 PARAMETER  CORRELATION COEFFICIENTS  
       NO.  GLOBAL      1      2      3      4
        1  0.37767   1.000 -0.106  0.162 -0.306
        2  0.62321  -0.106  1.000  0.334  0.577
        3  0.39101   0.162  0.334  1.000  0.179
        4  0.62860  -0.306  0.577  0.179  1.000
[#1] INFO:Minization -- RooMinuit::optimizeConst: deactivating const optimization
750
762.526 +- 0.386914
23.7778 +- 0.370943
[#1] INFO:InputArguments -- RooAbsData::plotOn(signalHistogram) INFO: dataset has non-integer weights, auto-selecting SumW2 errors instead of Poisson errors
[#1] INFO:Plotting -- RooAbsPdf::plotOn(signal) p.d.f was fitted in range and no explicit plot,norm range was specified, using fit range as default
[#1] INFO:Plotting -- RooAbsPdf::plotOn(signal) only plotting range 'fit_nll_signal_signalHistogram'
[#1] INFO:Plotting -- RooAbsPdf::plotOn(signal) p.d.f. curve is normalized using explicit choice of ranges 'fit_nll_signal_signalHistogram'
[#1] INFO:NumericIntegration -- RooRealIntegral::init(signal_Int[x]) using numeric integrator RooIntegrator1D to calculate Int(x)
[#1] INFO:NumericIntegration -- RooRealIntegral::init(signal_Int[x|fit_nll_signal_signalHistogram]_Norm[x]) using numeric integrator RooIntegrator1D to calculate Int(x)
[#1] INFO:ObjectHandling -- RooWorkspace::import(HbbHbb) importing ExpGaussExp::signal_fixed
[#1] INFO:ObjectHandling -- RooWorkspace::import(HbbHbb) importing RooRealVar::x
[#1] INFO:ObjectHandling -- RooWorkspace::import(HbbHbb) importing RooRealVar::signal_p0
[#1] INFO:ObjectHandling -- RooWorkspace::import(HbbHbb) importing RooRealVar::signal_p1
[#1] INFO:ObjectHandling -- RooWorkspace::import(HbbHbb) importing RooRealVar::signal_p2
[#1] INFO:ObjectHandling -- RooWorkspace::import(HbbHbb) importing RooRealVar::signal_p3
 fit done 
[#1] INFO:DataHandling -- RooDataHist::adjustBinning(signalHistogram): fit range of variable x expanded to nearest bin boundaries: [520,930] --> [520,930]
[#0] WARNING:InputArguments -- RooAbsPdf::fitTo(signal) WARNING: a likelihood fit is request of what appears to be weighted data. 
       While the estimated values of the parameters will always be calculated taking the weights into account, 
       there are multiple ways to estimate the errors on these parameter values. You are advised to make an 
       explicit choice on the error calculation: 
           - Either provide SumW2Error(kTRUE), to calculate a sum-of-weights corrected HESSE error matrix 
             (error will be proportional to the number of events)
           - Or provide SumW2Error(kFALSE), to return errors from original HESSE error matrix
             (which will be proportional to the sum of the weights)
       If you want the errors to reflect the information contained in the provided dataset, choose kTRUE. 
       If you want the errors to reflect the precision you would be able to obtain with an unweighted dataset 
       with 'sum-of-weights' events, choose kFALSE.
[#1] INFO:Eval -- RooRealVar::setRange(x) new range named 'fit' created with bounds [620,830]
[#1] INFO:Fitting -- RooAbsOptTestStatistic::ctor(nll_signal_signalHistogram) constructing test statistic for sub-range named fit
[#1] INFO:Eval -- RooRealVar::setRange(x) new range named 'NormalizationRangeForfit' created with bounds [520,930]
[#1] INFO:Eval -- RooRealVar::setRange(x) new range named 'fit_nll_signal_signalHistogram' created with bounds [620,830]
[#1] INFO:Fitting -- RooAbsOptTestStatistic::ctor(nll_signal_signalHistogram) fixing interpretation of coefficients of any RooAddPdf to full domain of observables 
[#1] INFO:NumericIntegration -- RooRealIntegral::init(signal_Int[x]) using numeric integrator RooIntegrator1D to calculate Int(x)
[#1] INFO:Minization -- RooMinuit::optimizeConst: activating const optimization
 **********
 **   13 **MIGRAD        2000           1
 **********
 FIRST CALL TO USER FUNCTION AT NEW START POINT, WITH IFLAG=4.
 START MIGRAD MINIMIZATION.  STRATEGY  1.  CONVERGENCE WHEN EDM .LT. 1.00e-03
 FCN=27294.4 FROM MIGRAD    STATUS=INITIATE       57 CALLS          58 TOTAL
                     EDM= unknown      STRATEGY= 1      NO ERROR MATRIX       
  EXT PARAMETER               CURRENT GUESS       STEP         FIRST   
  NO.   NAME      VALUE            ERROR          SIZE      DERIVATIVE 
   1  sg_p0        7.50000e+02   6.00000e+00   0.00000e+00  -1.46095e+03
   2  sg_p1        2.75000e+01   1.50000e+00   0.00000e+00   1.72944e+02
   3  sg_p2        7.03339e-01   5.00000e-01   0.00000e+00   4.74696e+01
   4  sg_p3        1.99296e+00   7.00000e-01  -4.45137e-01   5.15362e+01
                               ERR DEF= 0.5
 MIGRAD MINIMIZATION HAS CONVERGED.
 MIGRAD WILL VERIFY CONVERGENCE AND ERROR MATRIX.
 COVARIANCE MATRIX CALCULATED SUCCESSFULLY
 FCN=26829.4 FROM MIGRAD    STATUS=CONVERGED     184 CALLS         185 TOTAL
                     EDM=3.95104e-05    STRATEGY= 1      ERROR MATRIX ACCURATE 
  EXT PARAMETER                                   STEP         FIRST   
  NO.   NAME      VALUE            ERROR          SIZE      DERIVATIVE 
   1  sg_p0        7.64393e+02   4.66702e-01   1.57008e-03  -7.87347e-02
   2  sg_p1        2.18741e+01   6.89309e-01   6.78283e-03   4.79306e-02
   3  sg_p2        1.13032e+00   8.74630e-02   2.49913e-03  -1.65710e-02
   4  sg_p3        1.03518e+00   4.60093e-02   1.05785e-03  -5.74757e-01
                               ERR DEF= 0.5
 EXTERNAL ERROR MATRIX.    NDIM=  25    NPAR=  4    ERR DEF=0.5
  2.178e-01  6.647e-02  1.847e-02 -1.062e-03 
  6.647e-02  4.782e-01  4.788e-02  2.645e-02 
  1.847e-02  4.788e-02  7.654e-03  2.499e-03 
 -1.062e-03  2.645e-02  2.499e-03  2.117e-03 
 PARAMETER  CORRELATION COEFFICIENTS  
       NO.  GLOBAL      1      2      3      4
        1  0.62194   1.000  0.206  0.452 -0.049
        2  0.90325   0.206  1.000  0.791  0.831
        3  0.84679   0.452  0.791  1.000  0.621
        4  0.86298  -0.049  0.831  0.621  1.000
 **********
 **   18 **HESSE        2000
 **********
 COVARIANCE MATRIX CALCULATED SUCCESSFULLY
 FCN=26829.4 FROM HESSE     STATUS=OK             23 CALLS         208 TOTAL
                     EDM=3.92733e-05    STRATEGY= 1      ERROR MATRIX ACCURATE 
  EXT PARAMETER                                INTERNAL      INTERNAL  
  NO.   NAME      VALUE            ERROR       STEP SIZE       VALUE   
   1  sg_p0        7.64393e+02   4.66923e-01   3.14016e-04   5.00390e-01
   2  sg_p1        2.18741e+01   6.85574e-01   2.71313e-04  -8.48247e-01
   3  sg_p2        1.13032e+00   8.71717e-02   9.99652e-05  -5.79816e-01
   4  sg_p3        1.03518e+00   4.58105e-02   2.11569e-04  -7.81343e-01
                               ERR DEF= 0.5
 EXTERNAL ERROR MATRIX.    NDIM=  25    NPAR=  4    ERR DEF=0.5
  2.180e-01  6.562e-02  1.843e-02 -1.114e-03 
  6.562e-02  4.730e-01  4.734e-02  2.614e-02 
  1.843e-02  4.734e-02  7.603e-03  2.467e-03 
 -1.114e-03  2.614e-02  2.467e-03  2.099e-03 
 PARAMETER  CORRELATION COEFFICIENTS  
       NO.  GLOBAL      1      2      3      4
        1  0.62241   1.000  0.204  0.453 -0.052
        2  0.90213   0.204  1.000  0.789  0.830
        3  0.84567   0.453  0.789  1.000  0.617
        4  0.86169  -0.052  0.830  0.617  1.000
[#1] INFO:Minization -- RooMinuit::optimizeConst: deactivating const optimization
750
764.393 +- 0.466923
21.8741 +- 0.685574
[#1] INFO:InputArguments -- RooAbsData::plotOn(signalHistogram) INFO: dataset has non-integer weights, auto-selecting SumW2 errors instead of Poisson errors
[#1] INFO:Plotting -- RooAbsPdf::plotOn(signal) p.d.f was fitted in range and no explicit plot,norm range was specified, using fit range as default
[#1] INFO:Plotting -- RooAbsPdf::plotOn(signal) only plotting range 'fit_nll_signal_signalHistogram'
[#1] INFO:Plotting -- RooAbsPdf::plotOn(signal) p.d.f. curve is normalized using explicit choice of ranges 'fit_nll_signal_signalHistogram'
[#1] INFO:NumericIntegration -- RooRealIntegral::init(signal_Int[x]) using numeric integrator RooIntegrator1D to calculate Int(x)
[#1] INFO:NumericIntegration -- RooRealIntegral::init(signal_Int[x|fit_nll_signal_signalHistogram]_Norm[x]) using numeric integrator RooIntegrator1D to calculate Int(x)
[#1] INFO:DataHandling -- RooDataHist::adjustBinning(signalHistogram): fit range of variable x expanded to nearest bin boundaries: [520,930] --> [520,930]
[#0] WARNING:InputArguments -- RooAbsPdf::fitTo(signal) WARNING: a likelihood fit is request of what appears to be weighted data. 
       While the estimated values of the parameters will always be calculated taking the weights into account, 
       there are multiple ways to estimate the errors on these parameter values. You are advised to make an 
       explicit choice on the error calculation: 
           - Either provide SumW2Error(kTRUE), to calculate a sum-of-weights corrected HESSE error matrix 
             (error will be proportional to the number of events)
           - Or provide SumW2Error(kFALSE), to return errors from original HESSE error matrix
             (which will be proportional to the sum of the weights)
       If you want the errors to reflect the information contained in the provided dataset, choose kTRUE. 
       If you want the errors to reflect the precision you would be able to obtain with an unweighted dataset 
       with 'sum-of-weights' events, choose kFALSE.
[#1] INFO:Eval -- RooRealVar::setRange(x) new range named 'fit' created with bounds [620,830]
[#1] INFO:Fitting -- RooAbsOptTestStatistic::ctor(nll_signal_signalHistogram) constructing test statistic for sub-range named fit
[#1] INFO:Eval -- RooRealVar::setRange(x) new range named 'NormalizationRangeForfit' created with bounds [520,930]
[#1] INFO:Eval -- RooRealVar::setRange(x) new range named 'fit_nll_signal_signalHistogram' created with bounds [620,830]
[#1] INFO:Fitting -- RooAbsOptTestStatistic::ctor(nll_signal_signalHistogram) fixing interpretation of coefficients of any RooAddPdf to full domain of observables 
[#1] INFO:NumericIntegration -- RooRealIntegral::init(signal_Int[x]) using numeric integrator RooIntegrator1D to calculate Int(x)
[#1] INFO:Minization -- RooMinuit::optimizeConst: activating const optimization
 **********
 **   13 **MIGRAD        2000           1
 **********
 FIRST CALL TO USER FUNCTION AT NEW START POINT, WITH IFLAG=4.
 START MIGRAD MINIMIZATION.  STRATEGY  1.  CONVERGENCE WHEN EDM .LT. 1.00e-03
 FCN=26264.2 FROM MIGRAD    STATUS=INITIATE       52 CALLS          53 TOTAL
                     EDM= unknown      STRATEGY= 1      NO ERROR MATRIX       
  EXT PARAMETER               CURRENT GUESS       STEP         FIRST   
  NO.   NAME      VALUE            ERROR          SIZE      DERIVATIVE 
   1  sg_p0        7.50000e+02   6.00000e+00   0.00000e+00  -1.46794e+03
   2  sg_p1        2.75000e+01   1.50000e+00   0.00000e+00   1.17400e+02
   3  sg_p2        1.05302e+00   5.00000e-01   0.00000e+00   5.34210e+01
   4  sg_p3        2.10879e+00   7.00000e-01  -4.08780e-01   9.24467e+01
                               ERR DEF= 0.5
 MIGRAD MINIMIZATION HAS CONVERGED.
 MIGRAD WILL VERIFY CONVERGENCE AND ERROR MATRIX.
 COVARIANCE MATRIX CALCULATED SUCCESSFULLY
 FCN=25933.1 FROM MIGRAD    STATUS=CONVERGED     173 CALLS         174 TOTAL
                     EDM=5.02008e-06    STRATEGY= 1      ERROR MATRIX ACCURATE 
  EXT PARAMETER                                   STEP         FIRST   
  NO.   NAME      VALUE            ERROR          SIZE      DERIVATIVE 
   1  sg_p0        7.60633e+02   4.10250e-01   1.42251e-03   1.29588e-01
   2  sg_p1        2.27934e+01   4.40097e-01   5.56534e-03  -9.52994e-03
   3  sg_p2        1.26768e+00   7.07747e-02   2.70462e-03  -3.34938e-03
   4  sg_p3        1.17410e+00   3.88711e-02   1.21241e-03  -3.97072e-02
                               ERR DEF= 0.5
 EXTERNAL ERROR MATRIX.    NDIM=  25    NPAR=  4    ERR DEF=0.5
  1.683e-01  2.199e-02  1.072e-02 -2.580e-03 
  2.199e-02  1.941e-01  1.837e-02  1.084e-02 
  1.072e-02  1.837e-02  5.011e-03  9.405e-04 
 -2.580e-03  1.084e-02  9.405e-04  1.511e-03 
 PARAMETER  CORRELATION COEFFICIENTS  
       NO.  GLOBAL      1      2      3      4
        1  0.48460   1.000  0.122  0.369 -0.162
        2  0.74869   0.122  1.000  0.589  0.633
        3  0.66331   0.369  0.589  1.000  0.342
        4  0.67935  -0.162  0.633  0.342  1.000
 **********
 **   18 **HESSE        2000
 **********
 COVARIANCE MATRIX CALCULATED SUCCESSFULLY
 FCN=25933.1 FROM HESSE     STATUS=OK             23 CALLS         197 TOTAL
                     EDM=5.03332e-06    STRATEGY= 1      ERROR MATRIX ACCURATE 
  EXT PARAMETER                                INTERNAL      INTERNAL  
  NO.   NAME      VALUE            ERROR       STEP SIZE       VALUE   
   1  sg_p0        7.60633e+02   4.10594e-01   2.84502e-04   3.62318e-01
   2  sg_p1        2.27934e+01   4.40772e-01   2.22614e-04  -6.78399e-01
   3  sg_p2        1.26768e+00   7.09147e-02   1.08185e-04  -5.15453e-01
   4  sg_p3        1.17410e+00   3.89135e-02   4.84963e-05  -7.26883e-01
                               ERR DEF= 0.5
 EXTERNAL ERROR MATRIX.    NDIM=  25    NPAR=  4    ERR DEF=0.5
  1.686e-01  2.210e-02  1.079e-02 -2.577e-03 
  2.210e-02  1.946e-01  1.847e-02  1.088e-02 
  1.079e-02  1.847e-02  5.031e-03  9.476e-04 
 -2.577e-03  1.088e-02  9.476e-04  1.514e-03 
 PARAMETER  CORRELATION COEFFICIENTS  
       NO.  GLOBAL      1      2      3      4
        1  0.48592   1.000  0.122  0.371 -0.161
        2  0.74959   0.122  1.000  0.590  0.634
        3  0.66497   0.371  0.590  1.000  0.343
        4  0.68021  -0.161  0.634  0.343  1.000
[#1] INFO:Minization -- RooMinuit::optimizeConst: deactivating const optimization
750
760.633 +- 0.410594
22.7934 +- 0.440772
[#1] INFO:InputArguments -- RooAbsData::plotOn(signalHistogram) INFO: dataset has non-integer weights, auto-selecting SumW2 errors instead of Poisson errors
[#1] INFO:Plotting -- RooAbsPdf::plotOn(signal) p.d.f was fitted in range and no explicit plot,norm range was specified, using fit range as default
[#1] INFO:Plotting -- RooAbsPdf::plotOn(signal) only plotting range 'fit_nll_signal_signalHistogram'
[#1] INFO:Plotting -- RooAbsPdf::plotOn(signal) p.d.f. curve is normalized using explicit choice of ranges 'fit_nll_signal_signalHistogram'
[#1] INFO:NumericIntegration -- RooRealIntegral::init(signal_Int[x]) using numeric integrator RooIntegrator1D to calculate Int(x)
[#1] INFO:NumericIntegration -- RooRealIntegral::init(signal_Int[x|fit_nll_signal_signalHistogram]_Norm[x]) using numeric integrator RooIntegrator1D to calculate Int(x)
[#1] INFO:DataHandling -- RooDataHist::adjustBinning(signalHistogram): fit range of variable x expanded to nearest bin boundaries: [520,930] --> [520,930]
[#0] WARNING:InputArguments -- RooAbsPdf::fitTo(signal) WARNING: a likelihood fit is request of what appears to be weighted data. 
       While the estimated values of the parameters will always be calculated taking the weights into account, 
       there are multiple ways to estimate the errors on these parameter values. You are advised to make an 
       explicit choice on the error calculation: 
           - Either provide SumW2Error(kTRUE), to calculate a sum-of-weights corrected HESSE error matrix 
             (error will be proportional to the number of events)
           - Or provide SumW2Error(kFALSE), to return errors from original HESSE error matrix
             (which will be proportional to the sum of the weights)
       If you want the errors to reflect the information contained in the provided dataset, choose kTRUE. 
       If you want the errors to reflect the precision you would be able to obtain with an unweighted dataset 
       with 'sum-of-weights' events, choose kFALSE.
[#1] INFO:Eval -- RooRealVar::setRange(x) new range named 'fit' created with bounds [620,830]
[#1] INFO:Fitting -- RooAbsOptTestStatistic::ctor(nll_signal_signalHistogram) constructing test statistic for sub-range named fit
[#1] INFO:Eval -- RooRealVar::setRange(x) new range named 'NormalizationRangeForfit' created with bounds [520,930]
[#1] INFO:Eval -- RooRealVar::setRange(x) new range named 'fit_nll_signal_signalHistogram' created with bounds [620,830]
[#1] INFO:Fitting -- RooAbsOptTestStatistic::ctor(nll_signal_signalHistogram) fixing interpretation of coefficients of any RooAddPdf to full domain of observables 
[#1] INFO:NumericIntegration -- RooRealIntegral::init(signal_Int[x]) using numeric integrator RooIntegrator1D to calculate Int(x)
[#1] INFO:Minization -- RooMinuit::optimizeConst: activating const optimization
 **********
 **   13 **MIGRAD        2000           1
 **********
 FIRST CALL TO USER FUNCTION AT NEW START POINT, WITH IFLAG=4.
 START MIGRAD MINIMIZATION.  STRATEGY  1.  CONVERGENCE WHEN EDM .LT. 1.00e-03
 FCN=26499.7 FROM MIGRAD    STATUS=INITIATE       54 CALLS          55 TOTAL
                     EDM= unknown      STRATEGY= 1      NO ERROR MATRIX       
  EXT PARAMETER               CURRENT GUESS       STEP         FIRST   
  NO.   NAME      VALUE            ERROR          SIZE      DERIVATIVE 
   1  sg_p0        7.50000e+02   6.00000e+00   0.00000e+00  -1.41562e+03
   2  sg_p1        2.75000e+01   1.50000e+00   0.00000e+00   1.39733e+02
   3  sg_p2        8.25062e-01   5.00000e-01   0.00000e+00   1.45082e+01
   4  sg_p3        2.10061e+00   7.00000e-01  -4.11326e-01   8.60481e+01
                               ERR DEF= 0.5
 MIGRAD FAILS TO FIND IMPROVEMENT
 EIGENVALUES OF SECOND-DERIVATIVE MATRIX:
        -1.2210e+00  1.2206e+00  2.0001e+00  2.0003e+00
 MINUIT WARNING IN HESSE   
 ============== MATRIX FORCED POS-DEF BY ADDING 1.223025 TO DIAGONAL.
 FCN=26111.1 FROM HESSE     STATUS=NOT POSDEF     29 CALLS         181 TOTAL
                     EDM=41.1386    STRATEGY= 1      ERR MATRIX NOT POS-DEF
  EXT PARAMETER                APPROXIMATE        STEP         FIRST   
  NO.   NAME      VALUE            ERROR          SIZE      DERIVATIVE 
   1  sg_p0        7.62134e+02   2.03776e-03   1.58217e-05   4.03447e+01
   2  sg_p1        2.29588e+01   1.67018e-03   5.95918e-05   2.08825e+01
   3  sg_p2        1.19457e+00   2.72680e-04   2.72376e-05   7.30730e+01
   4  sg_p3        1.16508e+00   2.68104e-01   1.29100e-06   8.78813e+01
                               ERR DEF= 0.5
 MINUIT WARNING IN MIGRAD  
 ============== Negative diagonal element 4 in Error Matrix
 MINUIT WARNING IN MIGRAD  
 ============== 1.00425 added to diagonal of error matrix
 EIGENVALUES OF SECOND-DERIVATIVE MATRIX:
        -4.5660e-01 -1.6788e-04  2.0585e-14  4.4568e+00
 MINUIT WARNING IN MIGRAD  
 ============== MATRIX FORCED POS-DEF BY ADDING 0.461061 TO DIAGONAL.
 MIGRAD FAILS TO FIND IMPROVEMENT
 MIGRAD TERMINATED WITHOUT CONVERGENCE.
 FCN=26110.6 FROM MIGRAD    STATUS=FAILED        468 CALLS         469 TOTAL
                     EDM=1.25872e+08    STRATEGY= 1      ERR MATRIX NOT POS-DEF
  EXT PARAMETER                APPROXIMATE        STEP         FIRST   
  NO.   NAME      VALUE            ERROR          SIZE      DERIVATIVE 
   1  sg_p0        7.62214e+02   1.17532e-01  -0.00000e+00  -5.57867e+04
   2  sg_p1        2.29537e+01   1.01617e-02   0.00000e+00  -1.48052e+04
   3  sg_p2        1.18371e+00   1.47620e-02   0.00000e+00  -3.24026e+04
   4  sg_p3        1.15581e+00   5.85135e-04   0.00000e+00  -2.25593e+04
                               ERR DEF= 0.5
 EXTERNAL ERROR MATRIX.    NDIM=  25    NPAR=  4    ERR DEF=0.5
  1.381e-02 -5.016e-04 -1.726e-03 -6.872e-05 
 -5.016e-04  1.033e-04  4.890e-05  2.365e-06 
 -1.726e-03  4.890e-05  2.179e-04  8.608e-06 
 -6.872e-05  2.365e-06  8.608e-06  3.424e-07 
ERR MATRIX NOT POS-DEF
 PARAMETER  CORRELATION COEFFICIENTS  
       NO.  GLOBAL      1      2      3      4
        1  0.99999   1.000 -0.420 -0.995 -0.999
        2  0.99909  -0.420  1.000  0.326  0.398
        3  0.99999  -0.995  0.326  1.000  0.997
        4  0.99958  -0.999  0.398  0.997  1.000
 ERR MATRIX NOT POS-DEF
 **********
 **   18 **HESSE        2000
 **********
 COVARIANCE MATRIX CALCULATED SUCCESSFULLY
 FCN=26110.6 FROM HESSE     STATUS=OK             31 CALLS         500 TOTAL
                     EDM=4.07569e-05    STRATEGY= 1      ERROR MATRIX ACCURATE 
  EXT PARAMETER                                INTERNAL      INTERNAL  
  NO.   NAME      VALUE            ERROR       STEP SIZE       VALUE   
   1  sg_p0        7.62214e+02   6.72563e-04   6.72704e-05   4.19323e-01
   2  sg_p1        2.29537e+01   5.51296e-04   2.53393e-04  -6.51238e-01
   3  sg_p2        1.18371e+00   8.97773e-05   1.15823e-04  -5.54498e-01
   4  sg_p3        1.15581e+00   1.57378e-04   1.66079e-04  -7.33896e-01
                               ERR DEF= 0.5
 EXTERNAL ERROR MATRIX.    NDIM=  25    NPAR=  4    ERR DEF=0.5
  4.523e-07 -1.618e-13  9.783e-15 -6.573e-13 
 -1.618e-13  3.039e-07  2.059e-14  7.746e-13 
  9.783e-15  2.059e-14  8.060e-09  1.090e-14 
 -6.573e-13  7.746e-13  1.090e-14  2.477e-08 
 PARAMETER  CORRELATION COEFFICIENTS  
       NO.  GLOBAL      1      2      3      4
        1  0.00001   1.000 -0.000  0.000 -0.000
        2  0.00001  -0.000  1.000  0.000  0.000
        3  0.00000   0.000  0.000  1.000  0.000
        4  0.00001  -0.000  0.000  0.000  1.000
[#1] INFO:Minization -- RooMinuit::optimizeConst: deactivating const optimization
750
762.214 +- 0.000672563
22.9537 +- 0.000551296
[#1] INFO:InputArguments -- RooAbsData::plotOn(signalHistogram) INFO: dataset has non-integer weights, auto-selecting SumW2 errors instead of Poisson errors
[#1] INFO:Plotting -- RooAbsPdf::plotOn(signal) p.d.f was fitted in range and no explicit plot,norm range was specified, using fit range as default
[#1] INFO:Plotting -- RooAbsPdf::plotOn(signal) only plotting range 'fit_nll_signal_signalHistogram'
[#1] INFO:Plotting -- RooAbsPdf::plotOn(signal) p.d.f. curve is normalized using explicit choice of ranges 'fit_nll_signal_signalHistogram'
[#1] INFO:NumericIntegration -- RooRealIntegral::init(signal_Int[x]) using numeric integrator RooIntegrator1D to calculate Int(x)
[#1] INFO:NumericIntegration -- RooRealIntegral::init(signal_Int[x|fit_nll_signal_signalHistogram]_Norm[x]) using numeric integrator RooIntegrator1D to calculate Int(x)
[#1] INFO:DataHandling -- RooDataHist::adjustBinning(signalHistogram): fit range of variable x expanded to nearest bin boundaries: [520,930] --> [520,930]
[#0] WARNING:InputArguments -- RooAbsPdf::fitTo(signal) WARNING: a likelihood fit is request of what appears to be weighted data. 
       While the estimated values of the parameters will always be calculated taking the weights into account, 
       there are multiple ways to estimate the errors on these parameter values. You are advised to make an 
       explicit choice on the error calculation: 
           - Either provide SumW2Error(kTRUE), to calculate a sum-of-weights corrected HESSE error matrix 
             (error will be proportional to the number of events)
           - Or provide SumW2Error(kFALSE), to return errors from original HESSE error matrix
             (which will be proportional to the sum of the weights)
       If you want the errors to reflect the information contained in the provided dataset, choose kTRUE. 
       If you want the errors to reflect the precision you would be able to obtain with an unweighted dataset 
       with 'sum-of-weights' events, choose kFALSE.
[#1] INFO:Eval -- RooRealVar::setRange(x) new range named 'fit' created with bounds [620,830]
[#1] INFO:Fitting -- RooAbsOptTestStatistic::ctor(nll_signal_signalHistogram) constructing test statistic for sub-range named fit
[#1] INFO:Eval -- RooRealVar::setRange(x) new range named 'NormalizationRangeForfit' created with bounds [520,930]
[#1] INFO:Eval -- RooRealVar::setRange(x) new range named 'fit_nll_signal_signalHistogram' created with bounds [620,830]
[#1] INFO:Fitting -- RooAbsOptTestStatistic::ctor(nll_signal_signalHistogram) fixing interpretation of coefficients of any RooAddPdf to full domain of observables 
[#1] INFO:NumericIntegration -- RooRealIntegral::init(signal_Int[x]) using numeric integrator RooIntegrator1D to calculate Int(x)
[#1] INFO:Minization -- RooMinuit::optimizeConst: activating const optimization
 **********
 **   13 **MIGRAD        2000           1
 **********
 FIRST CALL TO USER FUNCTION AT NEW START POINT, WITH IFLAG=4.
 START MIGRAD MINIMIZATION.  STRATEGY  1.  CONVERGENCE WHEN EDM .LT. 1.00e-03
 FCN=27208.5 FROM MIGRAD    STATUS=INITIATE       50 CALLS          51 TOTAL
                     EDM= unknown      STRATEGY= 1      NO ERROR MATRIX       
  EXT PARAMETER               CURRENT GUESS       STEP         FIRST   
  NO.   NAME      VALUE            ERROR          SIZE      DERIVATIVE 
   1  sg_p0        7.50000e+02   6.00000e+00   0.00000e+00  -1.71181e+03
   2  sg_p1        2.75000e+01   1.50000e+00   0.00000e+00   1.11815e+02
   3  sg_p2        9.86241e-01   5.00000e-01   0.00000e+00   8.13644e+01
   4  sg_p3        2.10880e+00   7.00000e-01  -4.08775e-01   8.43786e+01
                               ERR DEF= 0.5
 MIGRAD MINIMIZATION HAS CONVERGED.
 MIGRAD WILL VERIFY CONVERGENCE AND ERROR MATRIX.
 COVARIANCE MATRIX CALCULATED SUCCESSFULLY
 FCN=26768.5 FROM MIGRAD    STATUS=CONVERGED     251 CALLS         252 TOTAL
                     EDM=2.19426e-05    STRATEGY= 1      ERROR MATRIX ACCURATE 
  EXT PARAMETER                                   STEP         FIRST   
  NO.   NAME      VALUE            ERROR          SIZE      DERIVATIVE 
   1  sg_p0        7.62956e+02   4.19070e-01   1.45249e-03  -5.27598e-02
   2  sg_p1        2.12954e+01   4.98544e-01   7.45088e-03   6.83394e-02
   3  sg_p2        1.18806e+00   5.51337e-02   2.26922e-03  -3.48477e-02
   4  sg_p3        1.02393e+00   4.08580e-02   1.04829e-03  -3.83312e-01
                               ERR DEF= 0.5
 EXTERNAL ERROR MATRIX.    NDIM=  25    NPAR=  4    ERR DEF=0.5
  1.756e-01 -5.320e-02  2.758e-03 -7.610e-03 
 -5.320e-02  2.497e-01  1.564e-02  1.606e-02 
  2.758e-03  1.564e-02  3.040e-03  9.429e-04 
 -7.610e-03  1.606e-02  9.429e-04  1.670e-03 
 PARAMETER  CORRELATION COEFFICIENTS  
       NO.  GLOBAL      1      2      3      4
        1  0.55737   1.000 -0.254  0.119 -0.444
        2  0.82936  -0.254  1.000  0.568  0.787
        3  0.63378   0.119  0.568  1.000  0.419
        4  0.82799  -0.444  0.787  0.419  1.000
 **********
 **   18 **HESSE        2000
 **********
 COVARIANCE MATRIX CALCULATED SUCCESSFULLY
 FCN=26768.5 FROM HESSE     STATUS=OK             23 CALLS         275 TOTAL
                     EDM=2.19263e-05    STRATEGY= 1      ERROR MATRIX ACCURATE 
  EXT PARAMETER                                INTERNAL      INTERNAL  
  NO.   NAME      VALUE            ERROR       STEP SIZE       VALUE   
   1  sg_p0        7.62956e+02   4.19119e-01   5.80997e-05   4.46547e-01
   2  sg_p1        2.12954e+01   4.95694e-01   2.98035e-04  -9.74247e-01
   3  sg_p2        1.18806e+00   5.50237e-02   9.07687e-05  -5.52454e-01
   4  sg_p3        1.02393e+00   4.06459e-02   2.09657e-04  -7.85881e-01
                               ERR DEF= 0.5
 EXTERNAL ERROR MATRIX.    NDIM=  25    NPAR=  4    ERR DEF=0.5
  1.757e-01 -5.257e-02  2.838e-03 -7.560e-03 
 -5.257e-02  2.469e-01  1.543e-02  1.584e-02 
  2.838e-03  1.543e-02  3.028e-03  9.269e-04 
 -7.560e-03  1.584e-02  9.269e-04  1.652e-03 
 PARAMETER  CORRELATION COEFFICIENTS  
       NO.  GLOBAL      1      2      3      4
        1  0.55751   1.000 -0.252  0.123 -0.444
        2  0.82718  -0.252  1.000  0.564  0.784
        3  0.63189   0.123  0.564  1.000  0.414
        4  0.82600  -0.444  0.784  0.414  1.000
[#1] INFO:Minization -- RooMinuit::optimizeConst: deactivating const optimization
750
762.956 +- 0.419119
21.2954 +- 0.495694
[#1] INFO:InputArguments -- RooAbsData::plotOn(signalHistogram) INFO: dataset has non-integer weights, auto-selecting SumW2 errors instead of Poisson errors
[#1] INFO:Plotting -- RooAbsPdf::plotOn(signal) p.d.f was fitted in range and no explicit plot,norm range was specified, using fit range as default
[#1] INFO:Plotting -- RooAbsPdf::plotOn(signal) only plotting range 'fit_nll_signal_signalHistogram'
[#1] INFO:Plotting -- RooAbsPdf::plotOn(signal) p.d.f. curve is normalized using explicit choice of ranges 'fit_nll_signal_signalHistogram'
[#1] INFO:NumericIntegration -- RooRealIntegral::init(signal_Int[x]) using numeric integrator RooIntegrator1D to calculate Int(x)
[#1] INFO:NumericIntegration -- RooRealIntegral::init(signal_Int[x|fit_nll_signal_signalHistogram]_Norm[x]) using numeric integrator RooIntegrator1D to calculate Int(x)
[#1] INFO:DataHandling -- RooDataHist::adjustBinning(signalHistogram): fit range of variable x expanded to nearest bin boundaries: [520,930] --> [520,930]
[#0] WARNING:InputArguments -- RooAbsPdf::fitTo(signal) WARNING: a likelihood fit is request of what appears to be weighted data. 
       While the estimated values of the parameters will always be calculated taking the weights into account, 
       there are multiple ways to estimate the errors on these parameter values. You are advised to make an 
       explicit choice on the error calculation: 
           - Either provide SumW2Error(kTRUE), to calculate a sum-of-weights corrected HESSE error matrix 
             (error will be proportional to the number of events)
           - Or provide SumW2Error(kFALSE), to return errors from original HESSE error matrix
             (which will be proportional to the sum of the weights)
       If you want the errors to reflect the information contained in the provided dataset, choose kTRUE. 
       If you want the errors to reflect the precision you would be able to obtain with an unweighted dataset 
       with 'sum-of-weights' events, choose kFALSE.
[#1] INFO:Eval -- RooRealVar::setRange(x) new range named 'fit' created with bounds [620,830]
[#1] INFO:Fitting -- RooAbsOptTestStatistic::ctor(nll_signal_signalHistogram) constructing test statistic for sub-range named fit
[#1] INFO:Eval -- RooRealVar::setRange(x) new range named 'NormalizationRangeForfit' created with bounds [520,930]
[#1] INFO:Eval -- RooRealVar::setRange(x) new range named 'fit_nll_signal_signalHistogram' created with bounds [620,830]
[#1] INFO:Fitting -- RooAbsOptTestStatistic::ctor(nll_signal_signalHistogram) fixing interpretation of coefficients of any RooAddPdf to full domain of observables 
[#1] INFO:NumericIntegration -- RooRealIntegral::init(signal_Int[x]) using numeric integrator RooIntegrator1D to calculate Int(x)
[#1] INFO:Minization -- RooMinuit::optimizeConst: activating const optimization
 **********
 **   13 **MIGRAD        2000           1
 **********
 FIRST CALL TO USER FUNCTION AT NEW START POINT, WITH IFLAG=4.
 START MIGRAD MINIMIZATION.  STRATEGY  1.  CONVERGENCE WHEN EDM .LT. 1.00e-03
 FCN=24938.9 FROM MIGRAD    STATUS=INITIATE       78 CALLS          79 TOTAL
                     EDM= unknown      STRATEGY= 1      NO ERROR MATRIX       
  EXT PARAMETER               CURRENT GUESS       STEP         FIRST   
  NO.   NAME      VALUE            ERROR          SIZE      DERIVATIVE 
   1  sg_p0        7.50000e+02   6.00000e+00   0.00000e+00  -1.47220e+03
   2  sg_p1        2.75000e+01   1.50000e+00   0.00000e+00   1.27544e+02
   3  sg_p2        9.01698e-01   5.00000e-01   1.92174e-02  -8.96650e-02
   4  sg_p3        1.90374e+00   7.00000e-01   0.00000e+00   2.84089e+01
                               ERR DEF= 0.5
 MIGRAD MINIMIZATION HAS CONVERGED.
 MIGRAD WILL VERIFY CONVERGENCE AND ERROR MATRIX.
 COVARIANCE MATRIX CALCULATED SUCCESSFULLY
 FCN=24568.6 FROM MIGRAD    STATUS=CONVERGED     280 CALLS         281 TOTAL
                     EDM=9.56937e-06    STRATEGY= 1      ERROR MATRIX ACCURATE 
  EXT PARAMETER                                   STEP         FIRST   
  NO.   NAME      VALUE            ERROR          SIZE      DERIVATIVE 
   1  sg_p0        7.62504e+02   4.01949e-01   1.47474e-03  -4.25141e-02
   2  sg_p1        2.37637e+01   3.86910e-01   5.01010e-03  -4.75722e-02
   3  sg_p2        1.45752e+00   7.51498e-02   3.25318e-03   8.87634e-02
   4  sg_p3        1.20613e+00   3.95609e-02   1.25939e-03   3.14350e-02
                               ERR DEF= 0.5
 EXTERNAL ERROR MATRIX.    NDIM=  25    NPAR=  4    ERR DEF=0.5
  1.616e-01 -1.460e-02  5.296e-03 -4.757e-03 
 -1.460e-02  1.499e-01  1.026e-02  8.842e-03 
  5.296e-03  1.026e-02  5.650e-03  5.555e-04 
 -4.757e-03  8.842e-03  5.555e-04  1.565e-03 
 PARAMETER  CORRELATION COEFFICIENTS  
       NO.  GLOBAL      1      2      3      4
        1  0.38149   1.000 -0.094  0.175 -0.299
        2  0.62911  -0.094  1.000  0.352  0.577
        3  0.41238   0.175  0.352  1.000  0.187
        4  0.62872  -0.299  0.577  0.187  1.000
 **********
 **   18 **HESSE        2000
 **********
 COVARIANCE MATRIX CALCULATED SUCCESSFULLY
 FCN=24568.6 FROM HESSE     STATUS=OK             23 CALLS         304 TOTAL
                     EDM=9.61039e-06    STRATEGY= 1      ERROR MATRIX ACCURATE 
  EXT PARAMETER                                INTERNAL      INTERNAL  
  NO.   NAME      VALUE            ERROR       STEP SIZE       VALUE   
   1  sg_p0        7.62504e+02   4.01306e-01   5.89896e-05   4.29922e-01
   2  sg_p1        2.37637e+01   3.84472e-01   1.00202e-03  -5.21496e-01
   3  sg_p2        1.45752e+00   7.37104e-02   1.30127e-04  -4.30134e-01
   4  sg_p3        1.20613e+00   3.95531e-02   5.03756e-05  -7.14699e-01
                               ERR DEF= 0.5
 EXTERNAL ERROR MATRIX.    NDIM=  25    NPAR=  4    ERR DEF=0.5
  1.611e-01 -1.655e-02  4.777e-03 -4.865e-03 
 -1.655e-02  1.480e-01  9.452e-03  8.781e-03 
  4.777e-03  9.452e-03  5.435e-03  5.216e-04 
 -4.865e-03  8.781e-03  5.216e-04  1.565e-03 
 PARAMETER  CORRELATION COEFFICIENTS  
       NO.  GLOBAL      1      2      3      4
        1  0.37788   1.000 -0.107  0.161 -0.306
        2  0.62297  -0.107  1.000  0.333  0.577
        3  0.39044   0.161  0.333  1.000  0.179
        4  0.62853  -0.306  0.577  0.179  1.000
[#1] INFO:Minization -- RooMinuit::optimizeConst: deactivating const optimization
750
762.504 +- 0.401306
23.7637 +- 0.384472
[#1] INFO:InputArguments -- RooAbsData::plotOn(signalHistogram) INFO: dataset has non-integer weights, auto-selecting SumW2 errors instead of Poisson errors
[#1] INFO:Plotting -- RooAbsPdf::plotOn(signal) p.d.f was fitted in range and no explicit plot,norm range was specified, using fit range as default
[#1] INFO:Plotting -- RooAbsPdf::plotOn(signal) only plotting range 'fit_nll_signal_signalHistogram'
[#1] INFO:Plotting -- RooAbsPdf::plotOn(signal) p.d.f. curve is normalized using explicit choice of ranges 'fit_nll_signal_signalHistogram'
[#1] INFO:NumericIntegration -- RooRealIntegral::init(signal_Int[x]) using numeric integrator RooIntegrator1D to calculate Int(x)
[#1] INFO:NumericIntegration -- RooRealIntegral::init(signal_Int[x|fit_nll_signal_signalHistogram]_Norm[x]) using numeric integrator RooIntegrator1D to calculate Int(x)
[#1] INFO:DataHandling -- RooDataHist::adjustBinning(signalHistogram): fit range of variable x expanded to nearest bin boundaries: [520,930] --> [520,930]
[#0] WARNING:InputArguments -- RooAbsPdf::fitTo(signal) WARNING: a likelihood fit is request of what appears to be weighted data. 
       While the estimated values of the parameters will always be calculated taking the weights into account, 
       there are multiple ways to estimate the errors on these parameter values. You are advised to make an 
       explicit choice on the error calculation: 
           - Either provide SumW2Error(kTRUE), to calculate a sum-of-weights corrected HESSE error matrix 
             (error will be proportional to the number of events)
           - Or provide SumW2Error(kFALSE), to return errors from original HESSE error matrix
             (which will be proportional to the sum of the weights)
       If you want the errors to reflect the information contained in the provided dataset, choose kTRUE. 
       If you want the errors to reflect the precision you would be able to obtain with an unweighted dataset 
       with 'sum-of-weights' events, choose kFALSE.
[#1] INFO:Eval -- RooRealVar::setRange(x) new range named 'fit' created with bounds [620,830]
[#1] INFO:Fitting -- RooAbsOptTestStatistic::ctor(nll_signal_signalHistogram) constructing test statistic for sub-range named fit
[#1] INFO:Eval -- RooRealVar::setRange(x) new range named 'NormalizationRangeForfit' created with bounds [520,930]
[#1] INFO:Eval -- RooRealVar::setRange(x) new range named 'fit_nll_signal_signalHistogram' created with bounds [620,830]
[#1] INFO:Fitting -- RooAbsOptTestStatistic::ctor(nll_signal_signalHistogram) fixing interpretation of coefficients of any RooAddPdf to full domain of observables 
[#1] INFO:NumericIntegration -- RooRealIntegral::init(signal_Int[x]) using numeric integrator RooIntegrator1D to calculate Int(x)
[#1] INFO:Minization -- RooMinuit::optimizeConst: activating const optimization
 **********
 **   13 **MIGRAD        2000           1
 **********
 FIRST CALL TO USER FUNCTION AT NEW START POINT, WITH IFLAG=4.
 START MIGRAD MINIMIZATION.  STRATEGY  1.  CONVERGENCE WHEN EDM .LT. 1.00e-03
 FCN=28920.4 FROM MIGRAD    STATUS=INITIATE       56 CALLS          57 TOTAL
                     EDM= unknown      STRATEGY= 1      NO ERROR MATRIX       
  EXT PARAMETER               CURRENT GUESS       STEP         FIRST   
  NO.   NAME      VALUE            ERROR          SIZE      DERIVATIVE 
   1  sg_p0        7.50000e+02   6.00000e+00   0.00000e+00  -1.80937e+03
   2  sg_p1        2.75000e+01   1.50000e+00   0.00000e+00   1.38006e+02
   3  sg_p2        9.71765e-01   5.00000e-01   0.00000e+00   1.16073e+02
   4  sg_p3        1.78443e+00   7.00000e-01  -5.12276e-01  -3.52605e+01
                               ERR DEF= 0.5
 MIGRAD MINIMIZATION HAS CONVERGED.
 MIGRAD WILL VERIFY CONVERGENCE AND ERROR MATRIX.
 COVARIANCE MATRIX CALCULATED SUCCESSFULLY
 FCN=28488.2 FROM MIGRAD    STATUS=CONVERGED     163 CALLS         164 TOTAL
                     EDM=3.69493e-06    STRATEGY= 1      ERROR MATRIX ACCURATE 
  EXT PARAMETER                                   STEP         FIRST   
  NO.   NAME      VALUE            ERROR          SIZE      DERIVATIVE 
   1  sg_p0        7.62545e+02   3.73878e-01   1.47900e-03   5.87554e-02
   2  sg_p1        2.37920e+01   3.60128e-01   5.01141e-03  -3.15083e-02
   3  sg_p2        1.45371e+00   6.94889e-02   3.21558e-03   3.10664e-02
   4  sg_p3        1.20626e+00   3.67580e-02   1.25830e-03   1.44527e-01
                               ERR DEF= 0.5
 EXTERNAL ERROR MATRIX.    NDIM=  25    NPAR=  4    ERR DEF=0.5
  1.398e-01 -1.256e-02  4.559e-03 -4.105e-03 
 -1.256e-02  1.298e-01  8.802e-03  7.648e-03 
  4.559e-03  8.802e-03  4.830e-03  4.765e-04 
 -4.105e-03  7.648e-03  4.765e-04  1.351e-03 
 PARAMETER  CORRELATION COEFFICIENTS  
       NO.  GLOBAL      1      2      3      4
        1  0.38118   1.000 -0.093  0.175 -0.299
        2  0.62894  -0.093  1.000  0.352  0.577
        3  0.41146   0.175  0.352  1.000  0.187
        4  0.62883  -0.299  0.577  0.187  1.000
 **********
 **   18 **HESSE        2000
 **********
 COVARIANCE MATRIX CALCULATED SUCCESSFULLY
 FCN=28488.2 FROM HESSE     STATUS=OK             23 CALLS         187 TOTAL
                     EDM=3.68603e-06    STRATEGY= 1      ERROR MATRIX ACCURATE 
  EXT PARAMETER                                INTERNAL      INTERNAL  
  NO.   NAME      VALUE            ERROR       STEP SIZE       VALUE   
   1  sg_p0        7.62545e+02   3.73300e-01   5.91598e-05   4.31441e-01
   2  sg_p1        2.37920e+01   3.58022e-01   1.00228e-03  -5.17141e-01
   3  sg_p2        1.45371e+00   6.82924e-02   1.28623e-04  -4.31812e-01
   4  sg_p3        1.20626e+00   3.67501e-02   5.03319e-05  -7.14653e-01
                               ERR DEF= 0.5
 EXTERNAL ERROR MATRIX.    NDIM=  25    NPAR=  4    ERR DEF=0.5
  1.394e-01 -1.405e-02  4.150e-03 -4.188e-03 
 -1.405e-02  1.283e-01  8.166e-03  7.599e-03 
  4.150e-03  8.166e-03  4.665e-03  4.498e-04 
 -4.188e-03  7.599e-03  4.498e-04  1.351e-03 
 PARAMETER  CORRELATION COEFFICIENTS  
       NO.  GLOBAL      1      2      3      4
        1  0.37769   1.000 -0.105  0.163 -0.305
        2  0.62325  -0.105  1.000  0.334  0.577
        3  0.39121   0.163  0.334  1.000  0.179
        4  0.62862  -0.305  0.577  0.179  1.000
[#1] INFO:Minization -- RooMinuit::optimizeConst: deactivating const optimization
750
762.545 +- 0.3733
23.792 +- 0.358022
[#1] INFO:InputArguments -- RooAbsData::plotOn(signalHistogram) INFO: dataset has non-integer weights, auto-selecting SumW2 errors instead of Poisson errors
[#1] INFO:Plotting -- RooAbsPdf::plotOn(signal) p.d.f was fitted in range and no explicit plot,norm range was specified, using fit range as default
[#1] INFO:Plotting -- RooAbsPdf::plotOn(signal) only plotting range 'fit_nll_signal_signalHistogram'
[#1] INFO:Plotting -- RooAbsPdf::plotOn(signal) p.d.f. curve is normalized using explicit choice of ranges 'fit_nll_signal_signalHistogram'
[#1] INFO:NumericIntegration -- RooRealIntegral::init(signal_Int[x]) using numeric integrator RooIntegrator1D to calculate Int(x)
[#1] INFO:NumericIntegration -- RooRealIntegral::init(signal_Int[x|fit_nll_signal_signalHistogram]_Norm[x]) using numeric integrator RooIntegrator1D to calculate Int(x)
35.9 fb^{-1} (13 TeV)
   Uncertainty on sg_p0 = 762.526 +- 0.386914 (stat) - 1.89298 + 1.86678 (syst); -1.90284/+1.87677 (total)
   Uncertainty on sg_p1 = 23.7778 +- 0.370943 (stat) - 2.48235 + 0.0142669 (syst); -2.48927/+0.18602 (total)
   Uncertainty on sg_p2 = 1.45537 +- 0.0709082 (stat) - 0.32505 + 0.00214348 (syst); -0.326977/+0.0355188 (total)
   Uncertainty on sg_p3 = 1.20603 +- 0.0381052 (stat) - 0.182102 + 0.000222545 (syst); -0.183096/+0.0190539 (total)
   === Baseline plot === </br>
   norm = 206.504
JEC     lnN   1.01674  -
JER     lnN   1.01351  -
btag    lnN   1.07417  -
sg_p0   param   762.526 -1.90284/+1.87677
sg_p1   param   23.7778 -2.48927/+0.18602
sg_p2   param   1.45537  -0.326977/+0.0355188
sg_p3   param   1.20603  -0.183096/+0.0190539
