>>> including systematics
>>> method used to compute upper limit is Asymptotic
>>> random number generator seed is 123456
[?1034hComputing limit starting from observation
Will compute both limit(s) using minimizer Minuit2 with strategy 0 and tolerance 0.01
Constraints of type RooGaussian: 4
Constraints of type SimpleGaussianConstraint: 6
Median for expected limits: 8.96875
Sigma  for expected limits: 4.57598
Constraints of type RooGaussian: 4
Constraints of type SimpleGaussianConstraint: 6
Constraints of type RooGaussian: 4
Constraints of type SimpleGaussianConstraint: 6
Restricting r to positive values.

Make global fit of real data
NLL at global minimum of data: 7.71563 (r = 5.27332)

Make global fit of asimov data
NLL at global minimum of asimov: -0.169492 (r = 0.00944538)
At r = 18.889224:	q_mu = 7.05923	q_A  = 14.35939	CLsb = 0.00394	CLb  = 0.87128	CLs  = 0.00453
At r = 12.081272:	q_mu = 1.98294	q_A  = 6.61555	CLsb = 0.07954	CLb  = 0.87777	CLs  = 0.09062
At r = 15.485248:	q_mu = 4.21196	q_A  = 10.24511	CLsb = 0.02007	CLb  = 0.87462	CLs  = 0.02295
At r = 13.941030:	q_mu = 3.11557	q_A  = 8.53056	CLsb = 0.03877	CLb  = 0.87608	CLs  = 0.04426
At r = 13.315815:	q_mu = 2.71083	q_A  = 7.86749	CLsb = 0.04983	CLb  = 0.87666	CLs  = 0.05685
At r = 13.572237:	q_mu = 2.87431	q_A  = 8.13740	CLsb = 0.04500	CLb  = 0.87641	CLs  = 0.05135
At r = 13.698811:	q_mu = 2.95598	q_A  = 8.27197	CLsb = 0.04278	CLb  = 0.87632	CLs  = 0.04882
At r = 13.625541:	q_mu = 2.90843	q_A  = 8.19394	CLsb = 0.04406	CLb  = 0.87638	CLs  = 0.05027

 -- Asymptotic -- 
Observed Limit: r < 13.6255
Expected  2.5%: r < 4.7121
Expected 16.0%: r < 6.3250
Expected 50.0%: r < 8.9688
Expected 84.0%: r < 12.8655
Expected 97.5%: r < 17.8742

Done in 0.00 min (cpu), 0.00 min (real)
