
Processing PreselectedWithRegressionDeepCSV/LMRSelection_chi2/fit_split.c...
[#1] INFO:DataHandling -- RooDataHist::adjustBinning(pred_1): fit range of variable x expanded to nearest bin boundaries: [252,330] --> [252,330]
[#1] INFO:DataHandling -- RooDataHist::adjustBinning(pred_2): fit range of variable x expanded to nearest bin boundaries: [285,624] --> [285,624]
[#0] WARNING:InputArguments -- RooAbsPdf::fitTo(f_crystal) WARNING: a likelihood fit is request of what appears to be weighted data. 
       While the estimated values of the parameters will always be calculated taking the weights into account, 
       there are multiple ways to estimate the errors on these parameter values. You are advised to make an 
       explicit choice on the error calculation: 
           - Either provide SumW2Error(kTRUE), to calculate a sum-of-weights corrected HESSE error matrix 
             (error will be proportional to the number of events)
           - Or provide SumW2Error(kFALSE), to return errors from original HESSE error matrix
             (which will be proportional to the sum of the weights)
       If you want the errors to reflect the information contained in the provided dataset, choose kTRUE. 
       If you want the errors to reflect the precision you would be able to obtain with an unweighted dataset 
       with 'sum-of-weights' events, choose kFALSE.
[#1] INFO:Eval -- RooRealVar::setRange(x) new range named 'fit' created with bounds [252,330]
[#1] INFO:Fitting -- RooAbsOptTestStatistic::ctor(nll_f_crystal_pred_1) constructing test statistic for sub-range named fit
[#1] INFO:Eval -- RooRealVar::setRange(x) new range named 'NormalizationRangeForfit' created with bounds [252,330]
[#1] INFO:Eval -- RooRealVar::setRange(x) new range named 'fit_nll_f_crystal_pred_1' created with bounds [252,330]
[#1] INFO:Fitting -- RooAbsOptTestStatistic::ctor(nll_f_crystal_pred_1) fixing interpretation of coefficients of any RooAddPdf to full domain of observables 
[#1] INFO:NumericIntegration -- RooRealIntegral::init(f_crystal_Int[x]) using numeric integrator RooIntegrator1D to calculate Int(x)
[#1] INFO:Minization -- RooMinuit::optimizeConst: activating const optimization
 **********
 **   13 **MIGRAD        2000           1
 **********
 FIRST CALL TO USER FUNCTION AT NEW START POINT, WITH IFLAG=4.
 START MIGRAD MINIMIZATION.  STRATEGY  1.  CONVERGENCE WHEN EDM .LT. 1.00e-03
 FCN=62921.6 FROM MIGRAD    STATUS=INITIATE       90 CALLS          91 TOTAL
                     EDM= unknown      STRATEGY= 1      NO ERROR MATRIX       
  EXT PARAMETER               CURRENT GUESS       STEP         FIRST   
  NO.   NAME      VALUE            ERROR          SIZE      DERIVATIVE 
   1  par_crystal_0   9.21879e-02   5.09000e-01   0.00000e+00  -9.80911e+02
   2  par_crystal_1   2.55500e+00   5.09000e-01   0.00000e+00  -1.28354e+01
   3  par_crystal_2   2.65669e+02   4.00000e+00   0.00000e+00   3.55320e+02
   4  par_crystal_3   1.06488e+01   2.70000e+00  -4.48284e-01  -2.33576e+01
                               ERR DEF= 0.5
 MIGRAD FAILS TO FIND IMPROVEMENT
 COVARIANCE MATRIX CALCULATED SUCCESSFULLY
 FCN=62883.4 FROM HESSE     STATUS=OK             29 CALLS         257 TOTAL
                     EDM=4.91113    STRATEGY= 1      ERROR MATRIX ACCURATE 
  EXT PARAMETER                                   STEP         FIRST   
  NO.   NAME      VALUE            ERROR          SIZE      DERIVATIVE 
   1  par_crystal_0   1.66060e-01   4.16121e-03   3.52377e-04  -4.74293e+00
   2  par_crystal_1   4.45375e+00   2.73731e+00   1.77223e-01   2.66184e-01
   3  par_crystal_2   2.67385e+02   2.04373e-01   8.29600e-04   2.81454e+02
   4  par_crystal_3   1.36851e+01   5.38888e-01   1.69331e-03  -1.62103e+00
                               ERR DEF= 0.5
 MIGRAD FAILS TO FIND IMPROVEMENT
 MIGRAD MINIMIZATION HAS CONVERGED.
 MIGRAD WILL VERIFY CONVERGENCE AND ERROR MATRIX.
 COVARIANCE MATRIX CALCULATED SUCCESSFULLY
 MIGRAD TERMINATED WITHOUT CONVERGENCE.
 FCN=62883.3 FROM MIGRAD    STATUS=FAILED        358 CALLS         359 TOTAL
                     EDM=0.00753244    STRATEGY= 1      ERR MATRIX APPROXIMATE
  EXT PARAMETER                APPROXIMATE        STEP         FIRST   
  NO.   NAME      VALUE            ERROR          SIZE      DERIVATIVE 
   1  par_crystal_0   1.65093e-01   8.39913e-03   1.31861e-03   5.42788e+00
   2  par_crystal_1   5.09910e+00   4.33634e+00   3.39194e-01  -6.59950e-03
   3  par_crystal_2   2.67339e+02   1.86486e-01   3.32550e-03  -8.58879e+00
   4  par_crystal_3   1.37140e+01   6.01780e-01   6.34807e-03   1.69258e-01
                               ERR DEF= 0.5
 EXTERNAL ERROR MATRIX.    NDIM=  25    NPAR=  4    ERR DEF=0.5
  7.055e-05  1.617e-04  4.699e-04  2.892e-03 
  1.617e-04  1.762e-02 -1.356e-04 -1.108e-03 
  4.699e-04 -1.356e-04  3.478e-02  3.255e-02 
  2.892e-03 -1.108e-03  3.255e-02  3.624e-01 
ERR MATRIX APPROXIMATE
 PARAMETER  CORRELATION COEFFICIENTS  
       NO.  GLOBAL      1      2      3      4
        1  0.60853   1.000  0.145  0.300  0.572
        2  0.19009   0.145  1.000 -0.005 -0.014
        3  0.33449   0.300 -0.005  1.000  0.290
        4  0.59243   0.572 -0.014  0.290  1.000
 ERR MATRIX APPROXIMATE
 **********
 **   18 **HESSE        2000
 **********
 EIGENVALUES OF SECOND-DERIVATIVE MATRIX:
        -1.7660e-01  8.1807e-01  1.6519e+00  1.7066e+00
 MINUIT WARNING IN HESSE   
 ============== MATRIX FORCED POS-DEF BY ADDING 0.178308 TO DIAGONAL.
 FCN=62883.3 FROM HESSE     STATUS=NOT POSDEF     33 CALLS         392 TOTAL
                     EDM=3.36849    STRATEGY= 1      ERR MATRIX NOT POS-DEF
  EXT PARAMETER                APPROXIMATE     INTERNAL      INTERNAL  
  NO.   NAME      VALUE            ERROR       STEP SIZE       VALUE   
   1  par_crystal_0   1.65093e-01   8.70034e-02   2.63722e-04  -1.21988e+00
   2  par_crystal_1   5.09910e+00   4.18121e+00   5.00000e-01   1.54425e+00
   3  par_crystal_2   2.67339e+02   5.27040e+00   9.57407e-02   3.75715e-01
   4  par_crystal_3   1.37140e+01   6.68546e+00   2.53923e-04  -2.07863e-01
                               ERR DEF= 0.5
 EXTERNAL ERROR MATRIX.    NDIM=  25    NPAR=  4    ERR DEF=0.5
  7.595e-03 -2.994e-03  4.642e-01  6.089e-01 
 -2.994e-03  1.536e-02 -1.944e-01 -2.569e-01 
  4.642e-01 -1.944e-01  2.855e+01  3.736e+01 
  6.089e-01 -2.569e-01  3.736e+01  4.914e+01 
ERR MATRIX NOT POS-DEF
 PARAMETER  CORRELATION COEFFICIENTS  
       NO.  GLOBAL      1      2      3      4
        1  0.99751   1.000 -0.277  0.997  0.997
        2  0.37560  -0.277  1.000 -0.293 -0.296
        3  0.99795   0.997 -0.293  1.000  0.997
        4  0.99797   0.997 -0.296  0.997  1.000
 ERR MATRIX NOT POS-DEF
[#1] INFO:Minization -- RooMinuit::optimizeConst: deactivating const optimization
[#1] INFO:InputArguments -- RooAbsData::plotOn(pred_1) INFO: dataset has non-integer weights, auto-selecting SumW2 errors instead of Poisson errors
[#1] INFO:Plotting -- RooAbsPdf::plotOn(f_crystal) p.d.f was fitted in range and no explicit plot,norm range was specified, using fit range as default
[#1] INFO:Plotting -- RooAbsPdf::plotOn(f_crystal) only plotting range 'fit_nll_f_crystal_pred_1'
[#1] INFO:Plotting -- RooAbsPdf::plotOn(f_crystal) p.d.f. curve is normalized using explicit choice of ranges 'fit_nll_f_crystal_pred_1'
[#1] INFO:Plotting -- RooAbsPdf::plotOn(f_crystal) only plotting range 'fit_nll_f_crystal_pred_1'
[#1] INFO:Plotting -- RooAbsPdf::plotOn(f_crystal) p.d.f. curve is normalized using explicit choice of ranges 'fit_nll_f_crystal_pred_1'
[#1] INFO:NumericIntegration -- RooRealIntegral::init(f_crystal_Int[x]) using numeric integrator RooIntegrator1D to calculate Int(x)
[#1] INFO:NumericIntegration -- RooRealIntegral::init(f_crystal_Int[x|fit_nll_f_crystal_pred_1]_Norm[x]) using numeric integrator RooIntegrator1D to calculate Int(x)
[#1] INFO:Plotting -- RooAbsPdf::plotOn(f_crystal) only plotting range 'fit_nll_f_crystal_pred_1'
[#1] INFO:Plotting -- RooAbsPdf::plotOn(f_crystal) p.d.f. curve is normalized using explicit choice of ranges 'fit_nll_f_crystal_pred_1'
[#1] INFO:NumericIntegration -- RooRealIntegral::init(f_crystal_Int[x]) using numeric integrator RooIntegrator1D to calculate Int(x)
[#1] INFO:NumericIntegration -- RooRealIntegral::init(f_crystal_Int[x|fit_nll_f_crystal_pred_1]_Norm[x]) using numeric integrator RooIntegrator1D to calculate Int(x)
[#1] INFO:Plotting -- RooAbsPdf::plotOn(f_crystal) only plotting range 'fit_nll_f_crystal_pred_1'
[#1] INFO:Plotting -- RooAbsPdf::plotOn(f_crystal) p.d.f. curve is normalized using explicit choice of ranges 'fit_nll_f_crystal_pred_1'
[#1] INFO:NumericIntegration -- RooRealIntegral::init(f_crystal_Int[x]) using numeric integrator RooIntegrator1D to calculate Int(x)
[#1] INFO:NumericIntegration -- RooRealIntegral::init(f_crystal_Int[x|fit_nll_f_crystal_pred_1]_Norm[x]) using numeric integrator RooIntegrator1D to calculate Int(x)
[#1] INFO:Plotting -- RooAbsPdf::plotOn(f_crystal) only plotting range 'fit_nll_f_crystal_pred_1'
[#1] INFO:Plotting -- RooAbsPdf::plotOn(f_crystal) p.d.f. curve is normalized using explicit choice of ranges 'fit_nll_f_crystal_pred_1'
[#1] INFO:NumericIntegration -- RooRealIntegral::init(f_crystal_Int[x]) using numeric integrator RooIntegrator1D to calculate Int(x)
[#1] INFO:NumericIntegration -- RooRealIntegral::init(f_crystal_Int[x|fit_nll_f_crystal_pred_1]_Norm[x]) using numeric integrator RooIntegrator1D to calculate Int(x)
[#1] INFO:Plotting -- RooAbsPdf::plotOn(f_crystal) only plotting range 'fit_nll_f_crystal_pred_1'
[#1] INFO:Plotting -- RooAbsPdf::plotOn(f_crystal) p.d.f. curve is normalized using explicit choice of ranges 'fit_nll_f_crystal_pred_1'
[#1] INFO:NumericIntegration -- RooRealIntegral::init(f_crystal_Int[x]) using numeric integrator RooIntegrator1D to calculate Int(x)
[#1] INFO:NumericIntegration -- RooRealIntegral::init(f_crystal_Int[x|fit_nll_f_crystal_pred_1]_Norm[x]) using numeric integrator RooIntegrator1D to calculate Int(x)
[#1] INFO:Plotting -- RooAbsPdf::plotOn(f_crystal) only plotting range 'fit_nll_f_crystal_pred_1'
[#1] INFO:Plotting -- RooAbsPdf::plotOn(f_crystal) p.d.f. curve is normalized using explicit choice of ranges 'fit_nll_f_crystal_pred_1'
[#1] INFO:NumericIntegration -- RooRealIntegral::init(f_crystal_Int[x]) using numeric integrator RooIntegrator1D to calculate Int(x)
[#1] INFO:NumericIntegration -- RooRealIntegral::init(f_crystal_Int[x|fit_nll_f_crystal_pred_1]_Norm[x]) using numeric integrator RooIntegrator1D to calculate Int(x)
[#1] INFO:Plotting -- RooAbsPdf::plotOn(f_crystal) only plotting range 'fit_nll_f_crystal_pred_1'
[#1] INFO:Plotting -- RooAbsPdf::plotOn(f_crystal) p.d.f. curve is normalized using explicit choice of ranges 'fit_nll_f_crystal_pred_1'
[#1] INFO:NumericIntegration -- RooRealIntegral::init(f_crystal_Int[x]) using numeric integrator RooIntegrator1D to calculate Int(x)
[#1] INFO:NumericIntegration -- RooRealIntegral::init(f_crystal_Int[x|fit_nll_f_crystal_pred_1]_Norm[x]) using numeric integrator RooIntegrator1D to calculate Int(x)
[#1] INFO:Plotting -- RooAbsPdf::plotOn(f_crystal) only plotting range 'fit_nll_f_crystal_pred_1'
[#1] INFO:Plotting -- RooAbsPdf::plotOn(f_crystal) p.d.f. curve is normalized using explicit choice of ranges 'fit_nll_f_crystal_pred_1'
[#1] INFO:NumericIntegration -- RooRealIntegral::init(f_crystal_Int[x]) using numeric integrator RooIntegrator1D to calculate Int(x)
[#1] INFO:NumericIntegration -- RooRealIntegral::init(f_crystal_Int[x|fit_nll_f_crystal_pred_1]_Norm[x]) using numeric integrator RooIntegrator1D to calculate Int(x)
[#1] INFO:Plotting -- RooAbsPdf::plotOn(f_crystal) only plotting range 'fit_nll_f_crystal_pred_1'
[#1] INFO:Plotting -- RooAbsPdf::plotOn(f_crystal) p.d.f. curve is normalized using explicit choice of ranges 'fit_nll_f_crystal_pred_1'
[#1] INFO:NumericIntegration -- RooRealIntegral::init(f_crystal_Int[x]) using numeric integrator RooIntegrator1D to calculate Int(x)
[#1] INFO:NumericIntegration -- RooRealIntegral::init(f_crystal_Int[x|fit_nll_f_crystal_pred_1]_Norm[x]) using numeric integrator RooIntegrator1D to calculate Int(x)
[#1] INFO:Plotting -- RooAbsPdf::plotOn(f_crystal) p.d.f was fitted in range and no explicit plot,norm range was specified, using fit range as default
[#1] INFO:Plotting -- RooAbsPdf::plotOn(f_crystal) only plotting range 'fit_nll_f_crystal_pred_1'
[#1] INFO:Plotting -- RooAbsPdf::plotOn(f_crystal) p.d.f. curve is normalized using explicit choice of ranges 'fit_nll_f_crystal_pred_1'
[#1] INFO:NumericIntegration -- RooRealIntegral::init(f_crystal_Int[x]) using numeric integrator RooIntegrator1D to calculate Int(x)
[#1] INFO:NumericIntegration -- RooRealIntegral::init(f_crystal_Int[x|fit_nll_f_crystal_pred_1]_Norm[x]) using numeric integrator RooIntegrator1D to calculate Int(x)
[#1] INFO:NumericIntegration -- RooRealIntegral::init(f_crystal_Int[x]) using numeric integrator RooIntegrator1D to calculate Int(x)
[#0] WARNING:InputArguments -- RooAbsPdf::fitTo(f_gaus_exp) WARNING: a likelihood fit is request of what appears to be weighted data. 
       While the estimated values of the parameters will always be calculated taking the weights into account, 
       there are multiple ways to estimate the errors on these parameter values. You are advised to make an 
       explicit choice on the error calculation: 
           - Either provide SumW2Error(kTRUE), to calculate a sum-of-weights corrected HESSE error matrix 
             (error will be proportional to the number of events)
           - Or provide SumW2Error(kFALSE), to return errors from original HESSE error matrix
             (which will be proportional to the sum of the weights)
       If you want the errors to reflect the information contained in the provided dataset, choose kTRUE. 
       If you want the errors to reflect the precision you would be able to obtain with an unweighted dataset 
       with 'sum-of-weights' events, choose kFALSE.
[#1] INFO:Fitting -- RooAbsOptTestStatistic::ctor(nll_f_gaus_exp_pred_1) constructing test statistic for sub-range named fit
[#1] INFO:Eval -- RooRealVar::setRange(x) new range named 'fit_nll_f_gaus_exp_pred_1' created with bounds [252,330]
[#1] INFO:Fitting -- RooAbsOptTestStatistic::ctor(nll_f_gaus_exp_pred_1) fixing interpretation of coefficients of any RooAddPdf to full domain of observables 
[#1] INFO:NumericIntegration -- RooRealIntegral::init(f_gaus_exp_Int[x]) using numeric integrator RooIntegrator1D to calculate Int(x)
[#1] INFO:Minization -- RooMinuit::optimizeConst: activating const optimization
 **********
 **   13 **MIGRAD        1500           1
 **********
 FIRST CALL TO USER FUNCTION AT NEW START POINT, WITH IFLAG=4.
 START MIGRAD MINIMIZATION.  STRATEGY  1.  CONVERGENCE WHEN EDM .LT. 1.00e-03
 FCN=62983.1 FROM MIGRAD    STATUS=INITIATE       29 CALLS          30 TOTAL
                     EDM= unknown      STRATEGY= 1      NO ERROR MATRIX       
  EXT PARAMETER               CURRENT GUESS       STEP         FIRST   
  NO.   NAME      VALUE            ERROR          SIZE      DERIVATIVE 
   1  par_gaus_exp_0   2.80000e+02   4.00000e+00   0.00000e+00   6.05383e+02
   2  par_gaus_exp_1   2.45000e+01   3.10000e+00   0.00000e+00  -1.33666e+02
   3  par_gaus_exp_2   3.19008e-01   3.05000e-01  -9.67731e-01  -3.33619e+02
                               ERR DEF= 0.5
 MINUIT WARNING IN MIGRAD  
 ============== Negative diagonal element 1 in Error Matrix
 MINUIT WARNING IN MIGRAD  
 ============== Negative diagonal element 3 in Error Matrix
 MINUIT WARNING IN MIGRAD  
 ============== 1.00383 added to diagonal of error matrix
 MIGRAD MINIMIZATION HAS CONVERGED.
 MIGRAD WILL VERIFY CONVERGENCE AND ERROR MATRIX.
 COVARIANCE MATRIX CALCULATED SUCCESSFULLY
 FCN=62882.7 FROM MIGRAD    STATUS=CONVERGED     228 CALLS         229 TOTAL
                     EDM=4.4408e-06    STRATEGY= 1      ERROR MATRIX ACCURATE 
  EXT PARAMETER                                   STEP         FIRST   
  NO.   NAME      VALUE            ERROR          SIZE      DERIVATIVE 
   1  par_gaus_exp_0   2.69095e+02   7.01852e-01   4.07755e-03   2.89794e-02
   2  par_gaus_exp_1   1.61044e+01   1.09719e+00   7.43010e-03  -1.84784e-02
   3  par_gaus_exp_2   1.90527e-01   1.58774e-02   1.98778e-03  -6.23432e-02
                               ERR DEF= 0.5
 EXTERNAL ERROR MATRIX.    NDIM=  25    NPAR=  3    ERR DEF=0.5
  4.929e-01  5.914e-01  9.067e-03 
  5.914e-01  1.207e+00  1.483e-02 
  9.067e-03  1.483e-02  2.521e-04 
 PARAMETER  CORRELATION COEFFICIENTS  
       NO.  GLOBAL      1      2      3
        1  0.82590   1.000  0.767  0.813
        2  0.85979   0.767  1.000  0.850
        3  0.88644   0.813  0.850  1.000
 **********
 **   18 **HESSE        1500
 **********
 COVARIANCE MATRIX CALCULATED SUCCESSFULLY
 FCN=62882.7 FROM HESSE     STATUS=OK             16 CALLS         245 TOTAL
                     EDM=4.28199e-06    STRATEGY= 1      ERROR MATRIX ACCURATE 
  EXT PARAMETER                                INTERNAL      INTERNAL  
  NO.   NAME      VALUE            ERROR       STEP SIZE       VALUE   
   1  par_gaus_exp_0   2.69095e+02   6.86832e-01   1.63102e-04  -5.76704e-01
   2  par_gaus_exp_1   1.61044e+01   1.07335e+00   2.97204e-04  -5.72398e-01
   3  par_gaus_exp_2   1.90527e-01   1.55212e-02   7.95110e-05  -1.13813e+00
                               ERR DEF= 0.5
 EXTERNAL ERROR MATRIX.    NDIM=  25    NPAR=  3    ERR DEF=0.5
  4.720e-01  5.579e-01  8.580e-03 
  5.579e-01  1.155e+00  1.406e-02 
  8.580e-03  1.406e-02  2.410e-04 
 PARAMETER  CORRELATION COEFFICIENTS  
       NO.  GLOBAL      1      2      3
        1  0.81734   1.000  0.756  0.805
        2  0.85292   0.756  1.000  0.843
        3  0.88081   0.805  0.843  1.000
[#1] INFO:Minization -- RooMinuit::optimizeConst: deactivating const optimization
[#1] INFO:InputArguments -- RooAbsData::plotOn(pred_1) INFO: dataset has non-integer weights, auto-selecting SumW2 errors instead of Poisson errors
[#1] INFO:Plotting -- RooAbsPdf::plotOn(f_gaus_exp) p.d.f was fitted in range and no explicit plot,norm range was specified, using fit range as default
[#1] INFO:Plotting -- RooAbsPdf::plotOn(f_gaus_exp) only plotting range 'fit_nll_f_gaus_exp_pred_1'
[#1] INFO:Plotting -- RooAbsPdf::plotOn(f_gaus_exp) p.d.f. curve is normalized using explicit choice of ranges 'fit_nll_f_gaus_exp_pred_1'
[#1] INFO:Plotting -- RooAbsPdf::plotOn(f_gaus_exp) only plotting range 'fit_nll_f_gaus_exp_pred_1'
[#1] INFO:Plotting -- RooAbsPdf::plotOn(f_gaus_exp) p.d.f. curve is normalized using explicit choice of ranges 'fit_nll_f_gaus_exp_pred_1'
[#1] INFO:NumericIntegration -- RooRealIntegral::init(f_gaus_exp_Int[x]) using numeric integrator RooIntegrator1D to calculate Int(x)
[#1] INFO:NumericIntegration -- RooRealIntegral::init(f_gaus_exp_Int[x|fit_nll_f_gaus_exp_pred_1]_Norm[x]) using numeric integrator RooIntegrator1D to calculate Int(x)
[#1] INFO:Plotting -- RooAbsPdf::plotOn(f_gaus_exp) only plotting range 'fit_nll_f_gaus_exp_pred_1'
[#1] INFO:Plotting -- RooAbsPdf::plotOn(f_gaus_exp) p.d.f. curve is normalized using explicit choice of ranges 'fit_nll_f_gaus_exp_pred_1'
[#1] INFO:NumericIntegration -- RooRealIntegral::init(f_gaus_exp_Int[x]) using numeric integrator RooIntegrator1D to calculate Int(x)
[#1] INFO:NumericIntegration -- RooRealIntegral::init(f_gaus_exp_Int[x|fit_nll_f_gaus_exp_pred_1]_Norm[x]) using numeric integrator RooIntegrator1D to calculate Int(x)
[#1] INFO:Plotting -- RooAbsPdf::plotOn(f_gaus_exp) only plotting range 'fit_nll_f_gaus_exp_pred_1'
[#1] INFO:Plotting -- RooAbsPdf::plotOn(f_gaus_exp) p.d.f. curve is normalized using explicit choice of ranges 'fit_nll_f_gaus_exp_pred_1'
[#1] INFO:NumericIntegration -- RooRealIntegral::init(f_gaus_exp_Int[x]) using numeric integrator RooIntegrator1D to calculate Int(x)
[#1] INFO:NumericIntegration -- RooRealIntegral::init(f_gaus_exp_Int[x|fit_nll_f_gaus_exp_pred_1]_Norm[x]) using numeric integrator RooIntegrator1D to calculate Int(x)
[#1] INFO:Plotting -- RooAbsPdf::plotOn(f_gaus_exp) only plotting range 'fit_nll_f_gaus_exp_pred_1'
[#1] INFO:Plotting -- RooAbsPdf::plotOn(f_gaus_exp) p.d.f. curve is normalized using explicit choice of ranges 'fit_nll_f_gaus_exp_pred_1'
[#1] INFO:NumericIntegration -- RooRealIntegral::init(f_gaus_exp_Int[x]) using numeric integrator RooIntegrator1D to calculate Int(x)
[#1] INFO:NumericIntegration -- RooRealIntegral::init(f_gaus_exp_Int[x|fit_nll_f_gaus_exp_pred_1]_Norm[x]) using numeric integrator RooIntegrator1D to calculate Int(x)
[#1] INFO:Plotting -- RooAbsPdf::plotOn(f_gaus_exp) only plotting range 'fit_nll_f_gaus_exp_pred_1'
[#1] INFO:Plotting -- RooAbsPdf::plotOn(f_gaus_exp) p.d.f. curve is normalized using explicit choice of ranges 'fit_nll_f_gaus_exp_pred_1'
[#1] INFO:NumericIntegration -- RooRealIntegral::init(f_gaus_exp_Int[x]) using numeric integrator RooIntegrator1D to calculate Int(x)
[#1] INFO:NumericIntegration -- RooRealIntegral::init(f_gaus_exp_Int[x|fit_nll_f_gaus_exp_pred_1]_Norm[x]) using numeric integrator RooIntegrator1D to calculate Int(x)
[#1] INFO:Plotting -- RooAbsPdf::plotOn(f_gaus_exp) only plotting range 'fit_nll_f_gaus_exp_pred_1'
[#1] INFO:Plotting -- RooAbsPdf::plotOn(f_gaus_exp) p.d.f. curve is normalized using explicit choice of ranges 'fit_nll_f_gaus_exp_pred_1'
[#1] INFO:NumericIntegration -- RooRealIntegral::init(f_gaus_exp_Int[x]) using numeric integrator RooIntegrator1D to calculate Int(x)
[#1] INFO:NumericIntegration -- RooRealIntegral::init(f_gaus_exp_Int[x|fit_nll_f_gaus_exp_pred_1]_Norm[x]) using numeric integrator RooIntegrator1D to calculate Int(x)
[#1] INFO:Plotting -- RooAbsPdf::plotOn(f_gaus_exp) only plotting range 'fit_nll_f_gaus_exp_pred_1'
[#1] INFO:Plotting -- RooAbsPdf::plotOn(f_gaus_exp) p.d.f. curve is normalized using explicit choice of ranges 'fit_nll_f_gaus_exp_pred_1'
[#1] INFO:NumericIntegration -- RooRealIntegral::init(f_gaus_exp_Int[x]) using numeric integrator RooIntegrator1D to calculate Int(x)
[#1] INFO:NumericIntegration -- RooRealIntegral::init(f_gaus_exp_Int[x|fit_nll_f_gaus_exp_pred_1]_Norm[x]) using numeric integrator RooIntegrator1D to calculate Int(x)
[#1] INFO:Plotting -- RooAbsPdf::plotOn(f_gaus_exp) p.d.f was fitted in range and no explicit plot,norm range was specified, using fit range as default
[#1] INFO:Plotting -- RooAbsPdf::plotOn(f_gaus_exp) only plotting range 'fit_nll_f_gaus_exp_pred_1'
[#1] INFO:Plotting -- RooAbsPdf::plotOn(f_gaus_exp) p.d.f. curve is normalized using explicit choice of ranges 'fit_nll_f_gaus_exp_pred_1'
[#1] INFO:NumericIntegration -- RooRealIntegral::init(f_gaus_exp_Int[x]) using numeric integrator RooIntegrator1D to calculate Int(x)
[#1] INFO:NumericIntegration -- RooRealIntegral::init(f_gaus_exp_Int[x|fit_nll_f_gaus_exp_pred_1]_Norm[x]) using numeric integrator RooIntegrator1D to calculate Int(x)
[#1] INFO:NumericIntegration -- RooRealIntegral::init(f_gaus_exp_Int[x]) using numeric integrator RooIntegrator1D to calculate Int(x)
[#0] WARNING:InputArguments -- RooAbsPdf::fitTo(f_novo) WARNING: a likelihood fit is request of what appears to be weighted data. 
       While the estimated values of the parameters will always be calculated taking the weights into account, 
       there are multiple ways to estimate the errors on these parameter values. You are advised to make an 
       explicit choice on the error calculation: 
           - Either provide SumW2Error(kTRUE), to calculate a sum-of-weights corrected HESSE error matrix 
             (error will be proportional to the number of events)
           - Or provide SumW2Error(kFALSE), to return errors from original HESSE error matrix
             (which will be proportional to the sum of the weights)
       If you want the errors to reflect the information contained in the provided dataset, choose kTRUE. 
       If you want the errors to reflect the precision you would be able to obtain with an unweighted dataset 
       with 'sum-of-weights' events, choose kFALSE.
[#1] INFO:Eval -- RooRealVar::setRange(x) new range named 'fit' created with bounds [285,624]
[#1] INFO:Fitting -- RooAbsOptTestStatistic::ctor(nll_f_novo_pred_2) constructing test statistic for sub-range named fit
[#1] INFO:Eval -- RooRealVar::setRange(x) new range named 'NormalizationRangeForfit' created with bounds [285,624]
[#1] INFO:Eval -- RooRealVar::setRange(x) new range named 'fit_nll_f_novo_pred_2' created with bounds [285,624]
[#1] INFO:Fitting -- RooAbsOptTestStatistic::ctor(nll_f_novo_pred_2) fixing interpretation of coefficients of any RooAddPdf to full domain of observables 
[#1] INFO:Minization -- RooMinuit::optimizeConst: activating const optimization
 **********
 **   13 **MIGRAD        1500           1
 **********
 FIRST CALL TO USER FUNCTION AT NEW START POINT, WITH IFLAG=4.
 START MIGRAD MINIMIZATION.  STRATEGY  1.  CONVERGENCE WHEN EDM .LT. 1.00e-03
[#0] WARNING:Minization -- RooFitGlue: Minimized function has error status.
Returning maximum FCN so far (312278) to force MIGRAD to back out of this region. Error log follows
Parameter values: par_novo_0=275.5, par_novo_1=27, par_novo_2=7.3296
RooNLLVar::nll_f_novo_pred_2[ paramSet=(par_novo_0,par_novo_1,par_novo_2) ]
     function value is NAN @ paramSet=(par_novo_0 = 275.5,par_novo_1 = 27,par_novo_2 = 7.3296)
RooNovosibirsk::f_novo[ x=x width=par_novo_1 peak=par_novo_0 tail=par_novo_2 ]
     p.d.f normalization integral is zero or negative @ x=x=286.5, width=par_novo_1=27, peak=par_novo_0=275.5, tail=par_novo_2=7.3296
     getLogVal() top-level p.d.f evaluates to zero @ x=x=286.5, width=par_novo_1=27, peak=par_novo_0=275.5, tail=par_novo_2=7.3296
     p.d.f normalization integral is zero or negative @ x=x=289.5, width=par_novo_1=27, peak=par_novo_0=275.5, tail=par_novo_2=7.3296
     getLogVal() top-level p.d.f evaluates to zero @ x=x=289.5, width=par_novo_1=27, peak=par_novo_0=275.5, tail=par_novo_2=7.3296
     p.d.f normalization integral is zero or negative @ x=x=292.5, width=par_novo_1=27, peak=par_novo_0=275.5, tail=par_novo_2=7.3296
     getLogVal() top-level p.d.f evaluates to zero @ x=x=292.5, width=par_novo_1=27, peak=par_novo_0=275.5, tail=par_novo_2=7.3296
     p.d.f normalization integral is zero or negative @ x=x=295.5, width=par_novo_1=27, peak=par_novo_0=275.5, tail=par_novo_2=7.3296
     getLogVal() top-level p.d.f evaluates to zero @ x=x=295.5, width=par_novo_1=27, peak=par_novo_0=275.5, tail=par_novo_2=7.3296
     p.d.f normalization integral is zero or negative @ x=x=298.5, width=par_novo_1=27, peak=par_novo_0=275.5, tail=par_novo_2=7.3296
     getLogVal() top-level p.d.f evaluates to zero @ x=x=298.5, width=par_novo_1=27, peak=par_novo_0=275.5, tail=par_novo_2=7.3296
     p.d.f normalization integral is zero or negative @ x=x=301.5, width=par_novo_1=27, peak=par_novo_0=275.5, tail=par_novo_2=7.3296
     getLogVal() top-level p.d.f evaluates to zero @ x=x=301.5, width=par_novo_1=27, peak=par_novo_0=275.5, tail=par_novo_2=7.3296
    ... (remaining 216 messages suppressed)

[#0] WARNING:Minization -- RooFitGlue: Minimized function has error status.
Returning maximum FCN so far (312278) to force MIGRAD to back out of this region. Error log follows
Parameter values: par_novo_0=275.5, par_novo_1=27, par_novo_2=0.733611
RooNLLVar::nll_f_novo_pred_2[ paramSet=(par_novo_0,par_novo_1,par_novo_2) ]
     function value is NAN @ paramSet=(par_novo_0 = 275.5,par_novo_1 = 27,par_novo_2 = 0.733611)
RooNovosibirsk::f_novo[ x=x width=par_novo_1 peak=par_novo_0 tail=par_novo_2 ]
     getLogVal() top-level p.d.f evaluates to zero @ x=x=313.5, width=par_novo_1=27, peak=par_novo_0=275.5, tail=par_novo_2=0.733611
     getLogVal() top-level p.d.f evaluates to zero @ x=x=316.5, width=par_novo_1=27, peak=par_novo_0=275.5, tail=par_novo_2=0.733611
     getLogVal() top-level p.d.f evaluates to zero @ x=x=319.5, width=par_novo_1=27, peak=par_novo_0=275.5, tail=par_novo_2=0.733611
     getLogVal() top-level p.d.f evaluates to zero @ x=x=322.5, width=par_novo_1=27, peak=par_novo_0=275.5, tail=par_novo_2=0.733611
     getLogVal() top-level p.d.f evaluates to zero @ x=x=325.5, width=par_novo_1=27, peak=par_novo_0=275.5, tail=par_novo_2=0.733611
     getLogVal() top-level p.d.f evaluates to zero @ x=x=328.5, width=par_novo_1=27, peak=par_novo_0=275.5, tail=par_novo_2=0.733611
     getLogVal() top-level p.d.f evaluates to zero @ x=x=331.5, width=par_novo_1=27, peak=par_novo_0=275.5, tail=par_novo_2=0.733611
     getLogVal() top-level p.d.f evaluates to zero @ x=x=334.5, width=par_novo_1=27, peak=par_novo_0=275.5, tail=par_novo_2=0.733611
     getLogVal() top-level p.d.f evaluates to zero @ x=x=337.5, width=par_novo_1=27, peak=par_novo_0=275.5, tail=par_novo_2=0.733611
     getLogVal() top-level p.d.f evaluates to zero @ x=x=340.5, width=par_novo_1=27, peak=par_novo_0=275.5, tail=par_novo_2=0.733611
     getLogVal() top-level p.d.f evaluates to zero @ x=x=343.5, width=par_novo_1=27, peak=par_novo_0=275.5, tail=par_novo_2=0.733611
     getLogVal() top-level p.d.f evaluates to zero @ x=x=346.5, width=par_novo_1=27, peak=par_novo_0=275.5, tail=par_novo_2=0.733611
    ... (remaining 94 messages suppressed)

[#0] WARNING:Minization -- RooFitGlue: Minimized function has error status.
Returning maximum FCN so far (312278) to force MIGRAD to back out of this region. Error log follows
Parameter values: par_novo_0=275.5, par_novo_1=27, par_novo_2=0.0733618
RooNovosibirsk::f_novo[ x=x width=par_novo_1 peak=par_novo_0 tail=par_novo_2 ]
     getLogVal() top-level p.d.f evaluates to zero @ x=x=622.5, width=par_novo_1=27, peak=par_novo_0=275.5, tail=par_novo_2=0.0733618

 FCN=103426 FROM MIGRAD    STATUS=INITIATE       49 CALLS          50 TOTAL
                     EDM= unknown      STRATEGY= 1      NO ERROR MATRIX       
  EXT PARAMETER               CURRENT GUESS       STEP         FIRST   
  NO.   NAME      VALUE            ERROR          SIZE      DERIVATIVE 
   1  par_novo_0   2.50000e+02   5.10000e+00  -1.57146e+00** at limit **
   2  par_novo_1   2.70000e+01   5.40000e+00   0.00000e+00  -1.55551e+03
   3  par_novo_2  -1.33526e+00   2.00000e+01   0.00000e+00   1.53308e+05
                               ERR DEF= 0.5
 MIGRAD MINIMIZATION HAS CONVERGED.
 MIGRAD WILL VERIFY CONVERGENCE AND ERROR MATRIX.
 COVARIANCE MATRIX CALCULATED SUCCESSFULLY
 FCN=103192 FROM MIGRAD    STATUS=CONVERGED     126 CALLS         127 TOTAL
                     EDM=1.07924e-05    STRATEGY= 1      ERROR MATRIX ACCURATE 
  EXT PARAMETER                                   STEP         FIRST   
  NO.   NAME      VALUE            ERROR          SIZE      DERIVATIVE 
   1  par_novo_0   2.50000e+02   3.17697e+01   1.69443e-01** at limit **
   2  par_novo_1   3.87878e+01   2.27475e+00   4.96100e-03  -6.14249e-02
   3  par_novo_2  -1.26766e+00   7.00630e-02   3.67886e-05   3.77179e+00
                               ERR DEF= 0.5
 EXTERNAL ERROR MATRIX.    NDIM=  25    NPAR=  3    ERR DEF=0.5
  2.244e-10 -2.632e-07 -1.276e-07 
 -2.632e-07  5.190e+00  1.540e-01 
 -1.276e-07  1.540e-01  4.909e-03 
 PARAMETER  CORRELATION COEFFICIENTS  
       NO.  GLOBAL      1      2      3
        1  0.43392   1.000 -0.008 -0.122
        2  0.97109  -0.008  1.000  0.965
        3  0.97152  -0.122  0.965  1.000
 **********
 **   18 **HESSE        1500
 **********
 COVARIANCE MATRIX CALCULATED SUCCESSFULLY
 FCN=103192 FROM HESSE     STATUS=OK             20 CALLS         147 TOTAL
                     EDM=1.23299e-05    STRATEGY= 1      ERROR MATRIX ACCURATE 
  EXT PARAMETER                                INTERNAL      INTERNAL  
  NO.   NAME      VALUE            ERROR       STEP SIZE       VALUE   
   1  par_novo_0   2.50000e+02   3.15107e+01   5.00000e-01  -1.57080e+00
                                 WARNING -   - ABOVE PARAMETER IS AT LIMIT.
   2  par_novo_1   3.87878e+01   2.30410e+00   1.98440e-04   4.51799e-01
   3  par_novo_2  -1.26766e+00   7.13892e-02   1.47154e-06  -1.26769e-02
                               ERR DEF= 0.5
 EXTERNAL ERROR MATRIX.    NDIM=  25    NPAR=  3    ERR DEF=0.5
  2.143e-10  3.996e-06 -2.087e-07 
  3.996e-06  5.325e+00  1.518e-01 
 -2.087e-07  1.518e-01  5.096e-03 
 PARAMETER  CORRELATION COEFFICIENTS  
       NO.  GLOBAL      1      2      3
        1  0.80390   1.000  0.118 -0.200
        2  0.97183   0.118  1.000  0.922
        3  0.97258  -0.200  0.922  1.000
[#1] INFO:Minization -- RooMinuit::optimizeConst: deactivating const optimization
[#1] INFO:InputArguments -- RooAbsData::plotOn(pred_2) INFO: dataset has non-integer weights, auto-selecting SumW2 errors instead of Poisson errors
[#1] INFO:Plotting -- RooAbsPdf::plotOn(f_novo) p.d.f was fitted in range and no explicit plot,norm range was specified, using fit range as default
[#1] INFO:Plotting -- RooAbsPdf::plotOn(f_novo) only plotting range 'fit_nll_f_novo_pred_2'
[#1] INFO:Plotting -- RooAbsPdf::plotOn(f_novo) p.d.f. curve is normalized using explicit choice of ranges 'fit_nll_f_novo_pred_2'
[#1] INFO:Plotting -- RooAbsPdf::plotOn(f_novo) only plotting range 'fit_nll_f_novo_pred_2'
[#1] INFO:Plotting -- RooAbsPdf::plotOn(f_novo) p.d.f. curve is normalized using explicit choice of ranges 'fit_nll_f_novo_pred_2'
[#1] INFO:Plotting -- RooAbsPdf::plotOn(f_novo) only plotting range 'fit_nll_f_novo_pred_2'
[#1] INFO:Plotting -- RooAbsPdf::plotOn(f_novo) p.d.f. curve is normalized using explicit choice of ranges 'fit_nll_f_novo_pred_2'
[#1] INFO:Plotting -- RooAbsPdf::plotOn(f_novo) only plotting range 'fit_nll_f_novo_pred_2'
[#1] INFO:Plotting -- RooAbsPdf::plotOn(f_novo) p.d.f. curve is normalized using explicit choice of ranges 'fit_nll_f_novo_pred_2'
[#1] INFO:Plotting -- RooAbsPdf::plotOn(f_novo) only plotting range 'fit_nll_f_novo_pred_2'
[#1] INFO:Plotting -- RooAbsPdf::plotOn(f_novo) p.d.f. curve is normalized using explicit choice of ranges 'fit_nll_f_novo_pred_2'
[#1] INFO:Plotting -- RooAbsPdf::plotOn(f_novo) only plotting range 'fit_nll_f_novo_pred_2'
[#1] INFO:Plotting -- RooAbsPdf::plotOn(f_novo) p.d.f. curve is normalized using explicit choice of ranges 'fit_nll_f_novo_pred_2'
[#1] INFO:Plotting -- RooAbsPdf::plotOn(f_novo) only plotting range 'fit_nll_f_novo_pred_2'
[#1] INFO:Plotting -- RooAbsPdf::plotOn(f_novo) p.d.f. curve is normalized using explicit choice of ranges 'fit_nll_f_novo_pred_2'
[#1] INFO:Plotting -- RooAbsPdf::plotOn(f_novo) only plotting range 'fit_nll_f_novo_pred_2'
[#1] INFO:Plotting -- RooAbsPdf::plotOn(f_novo) p.d.f. curve is normalized using explicit choice of ranges 'fit_nll_f_novo_pred_2'
[#1] INFO:Plotting -- RooAbsPdf::plotOn(f_novo) p.d.f was fitted in range and no explicit plot,norm range was specified, using fit range as default
[#1] INFO:Plotting -- RooAbsPdf::plotOn(f_novo) only plotting range 'fit_nll_f_novo_pred_2'
[#1] INFO:Plotting -- RooAbsPdf::plotOn(f_novo) p.d.f. curve is normalized using explicit choice of ranges 'fit_nll_f_novo_pred_2'
[#0] WARNING:InputArguments -- RooAbsPdf::fitTo(f_crystal_1) WARNING: a likelihood fit is request of what appears to be weighted data. 
       While the estimated values of the parameters will always be calculated taking the weights into account, 
       there are multiple ways to estimate the errors on these parameter values. You are advised to make an 
       explicit choice on the error calculation: 
           - Either provide SumW2Error(kTRUE), to calculate a sum-of-weights corrected HESSE error matrix 
             (error will be proportional to the number of events)
           - Or provide SumW2Error(kFALSE), to return errors from original HESSE error matrix
             (which will be proportional to the sum of the weights)
       If you want the errors to reflect the information contained in the provided dataset, choose kTRUE. 
       If you want the errors to reflect the precision you would be able to obtain with an unweighted dataset 
       with 'sum-of-weights' events, choose kFALSE.
[#1] INFO:Fitting -- RooAbsOptTestStatistic::ctor(nll_f_crystal_1_pred_2) constructing test statistic for sub-range named fit
[#1] INFO:Eval -- RooRealVar::setRange(x) new range named 'fit_nll_f_crystal_1_pred_2' created with bounds [285,624]
[#1] INFO:Fitting -- RooAbsOptTestStatistic::ctor(nll_f_crystal_1_pred_2) fixing interpretation of coefficients of any RooAddPdf to full domain of observables 
[#1] INFO:NumericIntegration -- RooRealIntegral::init(f_crystal_1_Int[x]) using numeric integrator RooIntegrator1D to calculate Int(x)
[#1] INFO:Minization -- RooMinuit::optimizeConst: activating const optimization
 **********
 **   13 **MIGRAD        2000           1
 **********
 FIRST CALL TO USER FUNCTION AT NEW START POINT, WITH IFLAG=4.
 START MIGRAD MINIMIZATION.  STRATEGY  1.  CONVERGENCE WHEN EDM .LT. 1.00e-03
 FCN=107617 FROM MIGRAD    STATUS=INITIATE       36 CALLS          37 TOTAL
                     EDM= unknown      STRATEGY= 1      NO ERROR MATRIX       
  EXT PARAMETER               CURRENT GUESS       STEP         FIRST   
  NO.   NAME      VALUE            ERROR          SIZE      DERIVATIVE 
   1  par_crystal_1_0   2.55500e+00   5.09000e-01   0.00000e+00   6.60405e+03
   2  par_crystal_1_1   7.90153e-02   5.09000e-01  -1.80421e+00   3.05679e+03
   3  par_crystal_1_2   2.60000e+02   4.00000e+00   0.00000e+00   1.48888e+03
   4  par_crystal_1_3   1.65000e+01   2.70000e+00   0.00000e+00   6.99071e+02
                               ERR DEF= 0.5
 MINUIT WARNING IN MIGRAD  
 ============== Negative diagonal element 1 in Error Matrix
 MINUIT WARNING IN MIGRAD  
 ============== Negative diagonal element 2 in Error Matrix
 MINUIT WARNING IN MIGRAD  
 ============== Negative diagonal element 3 in Error Matrix
 MINUIT WARNING IN MIGRAD  
 ============== Negative diagonal element 4 in Error Matrix
 MINUIT WARNING IN MIGRAD  
 ============== 1.17529 added to diagonal of error matrix
 MIGRAD FAILS TO FIND IMPROVEMENT
 MIGRAD MINIMIZATION HAS CONVERGED.
 MIGRAD WILL VERIFY CONVERGENCE AND ERROR MATRIX.
 EIGENVALUES OF SECOND-DERIVATIVE MATRIX:
        -2.7903e-03  5.8606e-02  5.0897e-01  3.4352e+00
 MINUIT WARNING IN HESSE   
 ============== MATRIX FORCED POS-DEF BY ADDING 0.006225 TO DIAGONAL.
 FCN=103191 FROM MIGRAD    STATUS=CONVERGED     353 CALLS         354 TOTAL
                     EDM=3.7306e-06    STRATEGY= 1      ERR MATRIX NOT POS-DEF
  EXT PARAMETER                APPROXIMATE        STEP         FIRST   
  NO.   NAME      VALUE            ERROR          SIZE      DERIVATIVE 
   1  par_crystal_1_0   2.37913e-01   3.41139e-02   6.19492e-04   4.10204e-01
   2  par_crystal_1_1   4.44737e+00   5.69760e-01   2.21494e-02   9.88736e-03
   3  par_crystal_1_2   2.79979e+02   3.40482e+01   2.79535e-01  -2.97577e-04
   4  par_crystal_1_3   1.87584e+01   2.98857e+00   3.96232e-03  -6.40797e-02
                               ERR DEF= 0.5
 EXTERNAL ERROR MATRIX.    NDIM=  25    NPAR=  4    ERR DEF=0.5
  1.164e-03  3.582e-03  3.594e-03  9.898e-02 
  3.582e-03  3.375e-01 -1.052e-02  7.382e-01 
  3.594e-03 -1.052e-02  3.148e+00  6.243e-01 
  9.898e-02  7.382e-01  6.243e-01  9.086e+00 
ERR MATRIX NOT POS-DEF
 PARAMETER  CORRELATION COEFFICIENTS  
       NO.  GLOBAL      1      2      3      4
        1  0.99630   1.000  0.181  0.059  0.962
        2  0.95650   0.181  1.000 -0.010  0.422
        3  0.63948   0.059 -0.010  1.000  0.117
        4  0.99690   0.962  0.422  0.117  1.000
 ERR MATRIX NOT POS-DEF
 **********
 **   18 **HESSE        2000
 **********
 COVARIANCE MATRIX CALCULATED SUCCESSFULLY
 FCN=103191 FROM HESSE     STATUS=OK             27 CALLS         381 TOTAL
                     EDM=6.06842e-06    STRATEGY= 1      ERROR MATRIX ACCURATE 
  EXT PARAMETER                                INTERNAL      INTERNAL  
  NO.   NAME      VALUE            ERROR       STEP SIZE       VALUE   
   1  par_crystal_1_0   2.37913e-01   2.12502e-01   1.23898e-04  -8.36786e+01
   2  par_crystal_1_1   4.44737e+00   5.06952e-01   8.85975e-04  -1.65463e+01
   3  par_crystal_1_2   2.79979e+02   2.96341e+01   5.00000e-01   7.80831e+00
   4  par_crystal_1_3   1.87584e+01   1.90925e+01   1.58493e-04   2.18231e+01
                               ERR DEF= 0.5
 EXTERNAL ERROR MATRIX.    NDIM=  25    NPAR=  4    ERR DEF=0.5
  4.578e-02  1.663e-02  2.427e-02  3.730e+00 
  1.663e-02  2.650e-01 -4.299e-02  1.684e+00 
  2.427e-02 -4.299e-02  1.850e+00  2.341e+00 
  3.730e+00  1.684e+00  2.341e+00  3.045e+02 
 PARAMETER  CORRELATION COEFFICIENTS  
       NO.  GLOBAL      1      2      3      4
        1  0.99991   1.000  0.151  0.083  0.999
        2  0.94385   0.151  1.000 -0.061  0.187
        3  0.80384   0.083 -0.061  1.000  0.099
        4  0.99991   0.999  0.187  0.099  1.000
[#1] INFO:Minization -- RooMinuit::optimizeConst: deactivating const optimization
[#1] INFO:InputArguments -- RooAbsData::plotOn(pred_2) INFO: dataset has non-integer weights, auto-selecting SumW2 errors instead of Poisson errors
[#1] INFO:Plotting -- RooAbsPdf::plotOn(f_crystal_1) p.d.f was fitted in range and no explicit plot,norm range was specified, using fit range as default
[#1] INFO:Plotting -- RooAbsPdf::plotOn(f_crystal_1) only plotting range 'fit_nll_f_crystal_1_pred_2'
[#1] INFO:Plotting -- RooAbsPdf::plotOn(f_crystal_1) p.d.f. curve is normalized using explicit choice of ranges 'fit_nll_f_crystal_1_pred_2'
[#1] INFO:Plotting -- RooAbsPdf::plotOn(f_crystal_1) only plotting range 'fit_nll_f_crystal_1_pred_2'
[#1] INFO:Plotting -- RooAbsPdf::plotOn(f_crystal_1) p.d.f. curve is normalized using explicit choice of ranges 'fit_nll_f_crystal_1_pred_2'
[#1] INFO:NumericIntegration -- RooRealIntegral::init(f_crystal_1_Int[x]) using numeric integrator RooIntegrator1D to calculate Int(x)
[#1] INFO:NumericIntegration -- RooRealIntegral::init(f_crystal_1_Int[x|fit_nll_f_crystal_1_pred_2]_Norm[x]) using numeric integrator RooIntegrator1D to calculate Int(x)
[#1] INFO:Plotting -- RooAbsPdf::plotOn(f_crystal_1) only plotting range 'fit_nll_f_crystal_1_pred_2'
[#1] INFO:Plotting -- RooAbsPdf::plotOn(f_crystal_1) p.d.f. curve is normalized using explicit choice of ranges 'fit_nll_f_crystal_1_pred_2'
[#1] INFO:NumericIntegration -- RooRealIntegral::init(f_crystal_1_Int[x]) using numeric integrator RooIntegrator1D to calculate Int(x)
[#1] INFO:NumericIntegration -- RooRealIntegral::init(f_crystal_1_Int[x|fit_nll_f_crystal_1_pred_2]_Norm[x]) using numeric integrator RooIntegrator1D to calculate Int(x)
[#1] INFO:Plotting -- RooAbsPdf::plotOn(f_crystal_1) only plotting range 'fit_nll_f_crystal_1_pred_2'
[#1] INFO:Plotting -- RooAbsPdf::plotOn(f_crystal_1) p.d.f. curve is normalized using explicit choice of ranges 'fit_nll_f_crystal_1_pred_2'
[#1] INFO:NumericIntegration -- RooRealIntegral::init(f_crystal_1_Int[x]) using numeric integrator RooIntegrator1D to calculate Int(x)
[#1] INFO:NumericIntegration -- RooRealIntegral::init(f_crystal_1_Int[x|fit_nll_f_crystal_1_pred_2]_Norm[x]) using numeric integrator RooIntegrator1D to calculate Int(x)
[#1] INFO:Plotting -- RooAbsPdf::plotOn(f_crystal_1) only plotting range 'fit_nll_f_crystal_1_pred_2'
[#1] INFO:Plotting -- RooAbsPdf::plotOn(f_crystal_1) p.d.f. curve is normalized using explicit choice of ranges 'fit_nll_f_crystal_1_pred_2'
[#1] INFO:NumericIntegration -- RooRealIntegral::init(f_crystal_1_Int[x]) using numeric integrator RooIntegrator1D to calculate Int(x)
[#1] INFO:NumericIntegration -- RooRealIntegral::init(f_crystal_1_Int[x|fit_nll_f_crystal_1_pred_2]_Norm[x]) using numeric integrator RooIntegrator1D to calculate Int(x)
[#1] INFO:Plotting -- RooAbsPdf::plotOn(f_crystal_1) only plotting range 'fit_nll_f_crystal_1_pred_2'
[#1] INFO:Plotting -- RooAbsPdf::plotOn(f_crystal_1) p.d.f. curve is normalized using explicit choice of ranges 'fit_nll_f_crystal_1_pred_2'
[#1] INFO:NumericIntegration -- RooRealIntegral::init(f_crystal_1_Int[x]) using numeric integrator RooIntegrator1D to calculate Int(x)
[#1] INFO:NumericIntegration -- RooRealIntegral::init(f_crystal_1_Int[x|fit_nll_f_crystal_1_pred_2]_Norm[x]) using numeric integrator RooIntegrator1D to calculate Int(x)
[#1] INFO:Plotting -- RooAbsPdf::plotOn(f_crystal_1) only plotting range 'fit_nll_f_crystal_1_pred_2'
[#1] INFO:Plotting -- RooAbsPdf::plotOn(f_crystal_1) p.d.f. curve is normalized using explicit choice of ranges 'fit_nll_f_crystal_1_pred_2'
[#1] INFO:NumericIntegration -- RooRealIntegral::init(f_crystal_1_Int[x]) using numeric integrator RooIntegrator1D to calculate Int(x)
[#1] INFO:NumericIntegration -- RooRealIntegral::init(f_crystal_1_Int[x|fit_nll_f_crystal_1_pred_2]_Norm[x]) using numeric integrator RooIntegrator1D to calculate Int(x)
[#1] INFO:Plotting -- RooAbsPdf::plotOn(f_crystal_1) only plotting range 'fit_nll_f_crystal_1_pred_2'
[#1] INFO:Plotting -- RooAbsPdf::plotOn(f_crystal_1) p.d.f. curve is normalized using explicit choice of ranges 'fit_nll_f_crystal_1_pred_2'
[#1] INFO:NumericIntegration -- RooRealIntegral::init(f_crystal_1_Int[x]) using numeric integrator RooIntegrator1D to calculate Int(x)
[#1] INFO:NumericIntegration -- RooRealIntegral::init(f_crystal_1_Int[x|fit_nll_f_crystal_1_pred_2]_Norm[x]) using numeric integrator RooIntegrator1D to calculate Int(x)
[#1] INFO:Plotting -- RooAbsPdf::plotOn(f_crystal_1) only plotting range 'fit_nll_f_crystal_1_pred_2'
[#1] INFO:Plotting -- RooAbsPdf::plotOn(f_crystal_1) p.d.f. curve is normalized using explicit choice of ranges 'fit_nll_f_crystal_1_pred_2'
[#1] INFO:NumericIntegration -- RooRealIntegral::init(f_crystal_1_Int[x]) using numeric integrator RooIntegrator1D to calculate Int(x)
[#1] INFO:NumericIntegration -- RooRealIntegral::init(f_crystal_1_Int[x|fit_nll_f_crystal_1_pred_2]_Norm[x]) using numeric integrator RooIntegrator1D to calculate Int(x)
[#1] INFO:Plotting -- RooAbsPdf::plotOn(f_crystal_1) only plotting range 'fit_nll_f_crystal_1_pred_2'
[#1] INFO:Plotting -- RooAbsPdf::plotOn(f_crystal_1) p.d.f. curve is normalized using explicit choice of ranges 'fit_nll_f_crystal_1_pred_2'
[#1] INFO:NumericIntegration -- RooRealIntegral::init(f_crystal_1_Int[x]) using numeric integrator RooIntegrator1D to calculate Int(x)
[#1] INFO:NumericIntegration -- RooRealIntegral::init(f_crystal_1_Int[x|fit_nll_f_crystal_1_pred_2]_Norm[x]) using numeric integrator RooIntegrator1D to calculate Int(x)
[#1] INFO:Plotting -- RooAbsPdf::plotOn(f_crystal_1) p.d.f was fitted in range and no explicit plot,norm range was specified, using fit range as default
[#1] INFO:Plotting -- RooAbsPdf::plotOn(f_crystal_1) only plotting range 'fit_nll_f_crystal_1_pred_2'
[#1] INFO:Plotting -- RooAbsPdf::plotOn(f_crystal_1) p.d.f. curve is normalized using explicit choice of ranges 'fit_nll_f_crystal_1_pred_2'
[#1] INFO:NumericIntegration -- RooRealIntegral::init(f_crystal_1_Int[x]) using numeric integrator RooIntegrator1D to calculate Int(x)
[#1] INFO:NumericIntegration -- RooRealIntegral::init(f_crystal_1_Int[x|fit_nll_f_crystal_1_pred_2]_Norm[x]) using numeric integrator RooIntegrator1D to calculate Int(x)
[#1] INFO:NumericIntegration -- RooRealIntegral::init(f_crystal_1_Int[x]) using numeric integrator RooIntegrator1D to calculate Int(x)
[#1] INFO:NumericIntegration -- RooRealIntegral::init(f_gaus_exp_Int[x]) using numeric integrator RooIntegrator1D to calculate Int(x)
[#1] INFO:NumericIntegration -- RooRealIntegral::init(f_crystal_Int[x]) using numeric integrator RooIntegrator1D to calculate Int(x)
[#1] INFO:NumericIntegration -- RooRealIntegral::init(f_gaus_exp_Int[x]) using numeric integrator RooIntegrator1D to calculate Int(x)
[#1] INFO:NumericIntegration -- RooRealIntegral::init(f_gaus_exp_Int[x]) using numeric integrator RooIntegrator1D to calculate Int(x)
[#1] INFO:NumericIntegration -- RooRealIntegral::init(f_gaus_exp_Int[x]) using numeric integrator RooIntegrator1D to calculate Int(x)
[#1] INFO:NumericIntegration -- RooRealIntegral::init(f_crystal_1_Int[x]) using numeric integrator RooIntegrator1D to calculate Int(x)
[#1] INFO:InputArguments -- RooAbsData::plotOn(pred_1) INFO: dataset has non-integer weights, auto-selecting SumW2 errors instead of Poisson errors
[#1] INFO:Plotting -- RooAbsPdf::plotOn(f_gaus_exp) p.d.f was fitted in range and no explicit plot,norm range was specified, using fit range as default
[#1] INFO:Plotting -- RooAbsPdf::plotOn(f_gaus_exp) only plotting range 'fit_nll_f_gaus_exp_pred_1'
[#1] INFO:Plotting -- RooAbsPdf::plotOn(f_gaus_exp) p.d.f. curve is normalized using explicit choice of ranges 'fit_nll_f_gaus_exp_pred_1'
[#1] INFO:Plotting -- RooAbsPdf::plotOn(f_gaus_exp) only plotting range 'fit_nll_f_gaus_exp_pred_1'
[#1] INFO:Plotting -- RooAbsPdf::plotOn(f_gaus_exp) p.d.f. curve is normalized using explicit choice of ranges 'fit_nll_f_gaus_exp_pred_1'
[#1] INFO:NumericIntegration -- RooRealIntegral::init(f_gaus_exp_Int[x]) using numeric integrator RooIntegrator1D to calculate Int(x)
[#1] INFO:NumericIntegration -- RooRealIntegral::init(f_gaus_exp_Int[x|fit_nll_f_gaus_exp_pred_1]_Norm[x]) using numeric integrator RooIntegrator1D to calculate Int(x)
[#1] INFO:Plotting -- RooAbsPdf::plotOn(f_gaus_exp) only plotting range 'fit_nll_f_gaus_exp_pred_1'
[#1] INFO:Plotting -- RooAbsPdf::plotOn(f_gaus_exp) p.d.f. curve is normalized using explicit choice of ranges 'fit_nll_f_gaus_exp_pred_1'
[#1] INFO:NumericIntegration -- RooRealIntegral::init(f_gaus_exp_Int[x]) using numeric integrator RooIntegrator1D to calculate Int(x)
[#1] INFO:NumericIntegration -- RooRealIntegral::init(f_gaus_exp_Int[x|fit_nll_f_gaus_exp_pred_1]_Norm[x]) using numeric integrator RooIntegrator1D to calculate Int(x)
[#1] INFO:Plotting -- RooAbsPdf::plotOn(f_gaus_exp) only plotting range 'fit_nll_f_gaus_exp_pred_1'
[#1] INFO:Plotting -- RooAbsPdf::plotOn(f_gaus_exp) p.d.f. curve is normalized using explicit choice of ranges 'fit_nll_f_gaus_exp_pred_1'
[#1] INFO:NumericIntegration -- RooRealIntegral::init(f_gaus_exp_Int[x]) using numeric integrator RooIntegrator1D to calculate Int(x)
[#1] INFO:NumericIntegration -- RooRealIntegral::init(f_gaus_exp_Int[x|fit_nll_f_gaus_exp_pred_1]_Norm[x]) using numeric integrator RooIntegrator1D to calculate Int(x)
[#1] INFO:Plotting -- RooAbsPdf::plotOn(f_gaus_exp) only plotting range 'fit_nll_f_gaus_exp_pred_1'
[#1] INFO:Plotting -- RooAbsPdf::plotOn(f_gaus_exp) p.d.f. curve is normalized using explicit choice of ranges 'fit_nll_f_gaus_exp_pred_1'
[#1] INFO:NumericIntegration -- RooRealIntegral::init(f_gaus_exp_Int[x]) using numeric integrator RooIntegrator1D to calculate Int(x)
[#1] INFO:NumericIntegration -- RooRealIntegral::init(f_gaus_exp_Int[x|fit_nll_f_gaus_exp_pred_1]_Norm[x]) using numeric integrator RooIntegrator1D to calculate Int(x)
[#1] INFO:Plotting -- RooAbsPdf::plotOn(f_gaus_exp) only plotting range 'fit_nll_f_gaus_exp_pred_1'
[#1] INFO:Plotting -- RooAbsPdf::plotOn(f_gaus_exp) p.d.f. curve is normalized using explicit choice of ranges 'fit_nll_f_gaus_exp_pred_1'
[#1] INFO:NumericIntegration -- RooRealIntegral::init(f_gaus_exp_Int[x]) using numeric integrator RooIntegrator1D to calculate Int(x)
[#1] INFO:NumericIntegration -- RooRealIntegral::init(f_gaus_exp_Int[x|fit_nll_f_gaus_exp_pred_1]_Norm[x]) using numeric integrator RooIntegrator1D to calculate Int(x)
[#1] INFO:Plotting -- RooAbsPdf::plotOn(f_gaus_exp) only plotting range 'fit_nll_f_gaus_exp_pred_1'
[#1] INFO:Plotting -- RooAbsPdf::plotOn(f_gaus_exp) p.d.f. curve is normalized using explicit choice of ranges 'fit_nll_f_gaus_exp_pred_1'
[#1] INFO:NumericIntegration -- RooRealIntegral::init(f_gaus_exp_Int[x]) using numeric integrator RooIntegrator1D to calculate Int(x)
[#1] INFO:NumericIntegration -- RooRealIntegral::init(f_gaus_exp_Int[x|fit_nll_f_gaus_exp_pred_1]_Norm[x]) using numeric integrator RooIntegrator1D to calculate Int(x)
[#1] INFO:Plotting -- RooAbsPdf::plotOn(f_gaus_exp) only plotting range 'fit_nll_f_gaus_exp_pred_1'
[#1] INFO:Plotting -- RooAbsPdf::plotOn(f_gaus_exp) p.d.f. curve is normalized using explicit choice of ranges 'fit_nll_f_gaus_exp_pred_1'
[#1] INFO:NumericIntegration -- RooRealIntegral::init(f_gaus_exp_Int[x]) using numeric integrator RooIntegrator1D to calculate Int(x)
[#1] INFO:NumericIntegration -- RooRealIntegral::init(f_gaus_exp_Int[x|fit_nll_f_gaus_exp_pred_1]_Norm[x]) using numeric integrator RooIntegrator1D to calculate Int(x)
[#1] INFO:Plotting -- RooAbsPdf::plotOn(f_crystal) p.d.f was fitted in range and no explicit plot,norm range was specified, using fit range as default
[#1] INFO:Plotting -- RooAbsPdf::plotOn(f_crystal) only plotting range 'fit_nll_f_crystal_pred_1'
[#1] INFO:Plotting -- RooAbsPdf::plotOn(f_crystal) p.d.f. curve is normalized using explicit choice of ranges 'fit_nll_f_crystal_pred_1'
[#1] INFO:Plotting -- RooAbsPdf::plotOn(f_crystal) only plotting range 'fit_nll_f_crystal_pred_1'
[#1] INFO:Plotting -- RooAbsPdf::plotOn(f_crystal) p.d.f. curve is normalized using explicit choice of ranges 'fit_nll_f_crystal_pred_1'
[#1] INFO:NumericIntegration -- RooRealIntegral::init(f_crystal_Int[x]) using numeric integrator RooIntegrator1D to calculate Int(x)
[#1] INFO:NumericIntegration -- RooRealIntegral::init(f_crystal_Int[x|fit_nll_f_crystal_pred_1]_Norm[x]) using numeric integrator RooIntegrator1D to calculate Int(x)
[#1] INFO:Plotting -- RooAbsPdf::plotOn(f_crystal) only plotting range 'fit_nll_f_crystal_pred_1'
[#1] INFO:Plotting -- RooAbsPdf::plotOn(f_crystal) p.d.f. curve is normalized using explicit choice of ranges 'fit_nll_f_crystal_pred_1'
[#1] INFO:NumericIntegration -- RooRealIntegral::init(f_crystal_Int[x]) using numeric integrator RooIntegrator1D to calculate Int(x)
[#1] INFO:NumericIntegration -- RooRealIntegral::init(f_crystal_Int[x|fit_nll_f_crystal_pred_1]_Norm[x]) using numeric integrator RooIntegrator1D to calculate Int(x)
[#1] INFO:Plotting -- RooAbsPdf::plotOn(f_crystal) only plotting range 'fit_nll_f_crystal_pred_1'
[#1] INFO:Plotting -- RooAbsPdf::plotOn(f_crystal) p.d.f. curve is normalized using explicit choice of ranges 'fit_nll_f_crystal_pred_1'
[#1] INFO:NumericIntegration -- RooRealIntegral::init(f_crystal_Int[x]) using numeric integrator RooIntegrator1D to calculate Int(x)
[#1] INFO:NumericIntegration -- RooRealIntegral::init(f_crystal_Int[x|fit_nll_f_crystal_pred_1]_Norm[x]) using numeric integrator RooIntegrator1D to calculate Int(x)
[#1] INFO:Plotting -- RooAbsPdf::plotOn(f_crystal) only plotting range 'fit_nll_f_crystal_pred_1'
[#1] INFO:Plotting -- RooAbsPdf::plotOn(f_crystal) p.d.f. curve is normalized using explicit choice of ranges 'fit_nll_f_crystal_pred_1'
[#1] INFO:NumericIntegration -- RooRealIntegral::init(f_crystal_Int[x]) using numeric integrator RooIntegrator1D to calculate Int(x)
[#1] INFO:NumericIntegration -- RooRealIntegral::init(f_crystal_Int[x|fit_nll_f_crystal_pred_1]_Norm[x]) using numeric integrator RooIntegrator1D to calculate Int(x)
[#1] INFO:Plotting -- RooAbsPdf::plotOn(f_crystal) only plotting range 'fit_nll_f_crystal_pred_1'
[#1] INFO:Plotting -- RooAbsPdf::plotOn(f_crystal) p.d.f. curve is normalized using explicit choice of ranges 'fit_nll_f_crystal_pred_1'
[#1] INFO:NumericIntegration -- RooRealIntegral::init(f_crystal_Int[x]) using numeric integrator RooIntegrator1D to calculate Int(x)
[#1] INFO:NumericIntegration -- RooRealIntegral::init(f_crystal_Int[x|fit_nll_f_crystal_pred_1]_Norm[x]) using numeric integrator RooIntegrator1D to calculate Int(x)
[#1] INFO:Plotting -- RooAbsPdf::plotOn(f_crystal) only plotting range 'fit_nll_f_crystal_pred_1'
[#1] INFO:Plotting -- RooAbsPdf::plotOn(f_crystal) p.d.f. curve is normalized using explicit choice of ranges 'fit_nll_f_crystal_pred_1'
[#1] INFO:NumericIntegration -- RooRealIntegral::init(f_crystal_Int[x]) using numeric integrator RooIntegrator1D to calculate Int(x)
[#1] INFO:NumericIntegration -- RooRealIntegral::init(f_crystal_Int[x|fit_nll_f_crystal_pred_1]_Norm[x]) using numeric integrator RooIntegrator1D to calculate Int(x)
[#1] INFO:Plotting -- RooAbsPdf::plotOn(f_crystal) only plotting range 'fit_nll_f_crystal_pred_1'
[#1] INFO:Plotting -- RooAbsPdf::plotOn(f_crystal) p.d.f. curve is normalized using explicit choice of ranges 'fit_nll_f_crystal_pred_1'
[#1] INFO:NumericIntegration -- RooRealIntegral::init(f_crystal_Int[x]) using numeric integrator RooIntegrator1D to calculate Int(x)
[#1] INFO:NumericIntegration -- RooRealIntegral::init(f_crystal_Int[x|fit_nll_f_crystal_pred_1]_Norm[x]) using numeric integrator RooIntegrator1D to calculate Int(x)
[#1] INFO:Plotting -- RooAbsPdf::plotOn(f_crystal) only plotting range 'fit_nll_f_crystal_pred_1'
[#1] INFO:Plotting -- RooAbsPdf::plotOn(f_crystal) p.d.f. curve is normalized using explicit choice of ranges 'fit_nll_f_crystal_pred_1'
[#1] INFO:NumericIntegration -- RooRealIntegral::init(f_crystal_Int[x]) using numeric integrator RooIntegrator1D to calculate Int(x)
[#1] INFO:NumericIntegration -- RooRealIntegral::init(f_crystal_Int[x|fit_nll_f_crystal_pred_1]_Norm[x]) using numeric integrator RooIntegrator1D to calculate Int(x)
[#1] INFO:Plotting -- RooAbsPdf::plotOn(f_crystal) only plotting range 'fit_nll_f_crystal_pred_1'
[#1] INFO:Plotting -- RooAbsPdf::plotOn(f_crystal) p.d.f. curve is normalized using explicit choice of ranges 'fit_nll_f_crystal_pred_1'
[#1] INFO:NumericIntegration -- RooRealIntegral::init(f_crystal_Int[x]) using numeric integrator RooIntegrator1D to calculate Int(x)
[#1] INFO:NumericIntegration -- RooRealIntegral::init(f_crystal_Int[x|fit_nll_f_crystal_pred_1]_Norm[x]) using numeric integrator RooIntegrator1D to calculate Int(x)
[#1] INFO:Plotting -- RooAbsPdf::plotOn(f_gaus_exp) p.d.f was fitted in range and no explicit plot,norm range was specified, using fit range as default
[#1] INFO:Plotting -- RooAbsPdf::plotOn(f_gaus_exp) only plotting range 'fit_nll_f_gaus_exp_pred_1'
[#1] INFO:Plotting -- RooAbsPdf::plotOn(f_gaus_exp) p.d.f. curve is normalized using explicit choice of ranges 'fit_nll_f_gaus_exp_pred_1'
[#1] INFO:NumericIntegration -- RooRealIntegral::init(f_gaus_exp_Int[x]) using numeric integrator RooIntegrator1D to calculate Int(x)
[#1] INFO:NumericIntegration -- RooRealIntegral::init(f_gaus_exp_Int[x|fit_nll_f_gaus_exp_pred_1]_Norm[x]) using numeric integrator RooIntegrator1D to calculate Int(x)
[#1] INFO:Plotting -- RooAbsPdf::plotOn(f_crystal) p.d.f was fitted in range and no explicit plot,norm range was specified, using fit range as default
[#1] INFO:Plotting -- RooAbsPdf::plotOn(f_crystal) only plotting range 'fit_nll_f_crystal_pred_1'
[#1] INFO:Plotting -- RooAbsPdf::plotOn(f_crystal) p.d.f. curve is normalized using explicit choice of ranges 'fit_nll_f_crystal_pred_1'
[#1] INFO:NumericIntegration -- RooRealIntegral::init(f_crystal_Int[x]) using numeric integrator RooIntegrator1D to calculate Int(x)
[#1] INFO:NumericIntegration -- RooRealIntegral::init(f_crystal_Int[x|fit_nll_f_crystal_pred_1]_Norm[x]) using numeric integrator RooIntegrator1D to calculate Int(x)
35.9 fb^{-1} (13 TeV)
[#1] INFO:InputArguments -- RooAbsData::plotOn(pred_2) INFO: dataset has non-integer weights, auto-selecting SumW2 errors instead of Poisson errors
[#1] INFO:Plotting -- RooAbsPdf::plotOn(f_crystal_1) p.d.f was fitted in range and no explicit plot,norm range was specified, using fit range as default
[#1] INFO:Plotting -- RooAbsPdf::plotOn(f_crystal_1) only plotting range 'fit_nll_f_crystal_1_pred_2'
[#1] INFO:Plotting -- RooAbsPdf::plotOn(f_crystal_1) p.d.f. curve is normalized using explicit choice of ranges 'fit_nll_f_crystal_1_pred_2'
[#1] INFO:Plotting -- RooAbsPdf::plotOn(f_crystal_1) only plotting range 'fit_nll_f_crystal_1_pred_2'
[#1] INFO:Plotting -- RooAbsPdf::plotOn(f_crystal_1) p.d.f. curve is normalized using explicit choice of ranges 'fit_nll_f_crystal_1_pred_2'
[#1] INFO:NumericIntegration -- RooRealIntegral::init(f_crystal_1_Int[x]) using numeric integrator RooIntegrator1D to calculate Int(x)
[#1] INFO:NumericIntegration -- RooRealIntegral::init(f_crystal_1_Int[x|fit_nll_f_crystal_1_pred_2]_Norm[x]) using numeric integrator RooIntegrator1D to calculate Int(x)
[#1] INFO:Plotting -- RooAbsPdf::plotOn(f_crystal_1) only plotting range 'fit_nll_f_crystal_1_pred_2'
[#1] INFO:Plotting -- RooAbsPdf::plotOn(f_crystal_1) p.d.f. curve is normalized using explicit choice of ranges 'fit_nll_f_crystal_1_pred_2'
[#1] INFO:NumericIntegration -- RooRealIntegral::init(f_crystal_1_Int[x]) using numeric integrator RooIntegrator1D to calculate Int(x)
[#1] INFO:NumericIntegration -- RooRealIntegral::init(f_crystal_1_Int[x|fit_nll_f_crystal_1_pred_2]_Norm[x]) using numeric integrator RooIntegrator1D to calculate Int(x)
[#1] INFO:Plotting -- RooAbsPdf::plotOn(f_crystal_1) only plotting range 'fit_nll_f_crystal_1_pred_2'
[#1] INFO:Plotting -- RooAbsPdf::plotOn(f_crystal_1) p.d.f. curve is normalized using explicit choice of ranges 'fit_nll_f_crystal_1_pred_2'
[#1] INFO:NumericIntegration -- RooRealIntegral::init(f_crystal_1_Int[x]) using numeric integrator RooIntegrator1D to calculate Int(x)
[#1] INFO:NumericIntegration -- RooRealIntegral::init(f_crystal_1_Int[x|fit_nll_f_crystal_1_pred_2]_Norm[x]) using numeric integrator RooIntegrator1D to calculate Int(x)
[#1] INFO:Plotting -- RooAbsPdf::plotOn(f_crystal_1) only plotting range 'fit_nll_f_crystal_1_pred_2'
[#1] INFO:Plotting -- RooAbsPdf::plotOn(f_crystal_1) p.d.f. curve is normalized using explicit choice of ranges 'fit_nll_f_crystal_1_pred_2'
[#1] INFO:NumericIntegration -- RooRealIntegral::init(f_crystal_1_Int[x]) using numeric integrator RooIntegrator1D to calculate Int(x)
[#1] INFO:NumericIntegration -- RooRealIntegral::init(f_crystal_1_Int[x|fit_nll_f_crystal_1_pred_2]_Norm[x]) using numeric integrator RooIntegrator1D to calculate Int(x)
[#1] INFO:Plotting -- RooAbsPdf::plotOn(f_crystal_1) only plotting range 'fit_nll_f_crystal_1_pred_2'
[#1] INFO:Plotting -- RooAbsPdf::plotOn(f_crystal_1) p.d.f. curve is normalized using explicit choice of ranges 'fit_nll_f_crystal_1_pred_2'
[#1] INFO:NumericIntegration -- RooRealIntegral::init(f_crystal_1_Int[x]) using numeric integrator RooIntegrator1D to calculate Int(x)
[#1] INFO:NumericIntegration -- RooRealIntegral::init(f_crystal_1_Int[x|fit_nll_f_crystal_1_pred_2]_Norm[x]) using numeric integrator RooIntegrator1D to calculate Int(x)
[#1] INFO:Plotting -- RooAbsPdf::plotOn(f_crystal_1) only plotting range 'fit_nll_f_crystal_1_pred_2'
[#1] INFO:Plotting -- RooAbsPdf::plotOn(f_crystal_1) p.d.f. curve is normalized using explicit choice of ranges 'fit_nll_f_crystal_1_pred_2'
[#1] INFO:NumericIntegration -- RooRealIntegral::init(f_crystal_1_Int[x]) using numeric integrator RooIntegrator1D to calculate Int(x)
[#1] INFO:NumericIntegration -- RooRealIntegral::init(f_crystal_1_Int[x|fit_nll_f_crystal_1_pred_2]_Norm[x]) using numeric integrator RooIntegrator1D to calculate Int(x)
[#1] INFO:Plotting -- RooAbsPdf::plotOn(f_crystal_1) only plotting range 'fit_nll_f_crystal_1_pred_2'
[#1] INFO:Plotting -- RooAbsPdf::plotOn(f_crystal_1) p.d.f. curve is normalized using explicit choice of ranges 'fit_nll_f_crystal_1_pred_2'
[#1] INFO:NumericIntegration -- RooRealIntegral::init(f_crystal_1_Int[x]) using numeric integrator RooIntegrator1D to calculate Int(x)
[#1] INFO:NumericIntegration -- RooRealIntegral::init(f_crystal_1_Int[x|fit_nll_f_crystal_1_pred_2]_Norm[x]) using numeric integrator RooIntegrator1D to calculate Int(x)
[#1] INFO:Plotting -- RooAbsPdf::plotOn(f_crystal_1) only plotting range 'fit_nll_f_crystal_1_pred_2'
[#1] INFO:Plotting -- RooAbsPdf::plotOn(f_crystal_1) p.d.f. curve is normalized using explicit choice of ranges 'fit_nll_f_crystal_1_pred_2'
[#1] INFO:NumericIntegration -- RooRealIntegral::init(f_crystal_1_Int[x]) using numeric integrator RooIntegrator1D to calculate Int(x)
[#1] INFO:NumericIntegration -- RooRealIntegral::init(f_crystal_1_Int[x|fit_nll_f_crystal_1_pred_2]_Norm[x]) using numeric integrator RooIntegrator1D to calculate Int(x)
[#1] INFO:Plotting -- RooAbsPdf::plotOn(f_crystal_1) only plotting range 'fit_nll_f_crystal_1_pred_2'
[#1] INFO:Plotting -- RooAbsPdf::plotOn(f_crystal_1) p.d.f. curve is normalized using explicit choice of ranges 'fit_nll_f_crystal_1_pred_2'
[#1] INFO:NumericIntegration -- RooRealIntegral::init(f_crystal_1_Int[x]) using numeric integrator RooIntegrator1D to calculate Int(x)
[#1] INFO:NumericIntegration -- RooRealIntegral::init(f_crystal_1_Int[x|fit_nll_f_crystal_1_pred_2]_Norm[x]) using numeric integrator RooIntegrator1D to calculate Int(x)
[#1] INFO:Plotting -- RooAbsPdf::plotOn(f_novo) p.d.f was fitted in range and no explicit plot,norm range was specified, using fit range as default
[#1] INFO:Plotting -- RooAbsPdf::plotOn(f_novo) only plotting range 'fit_nll_f_novo_pred_2'
[#1] INFO:Plotting -- RooAbsPdf::plotOn(f_novo) p.d.f. curve is normalized using explicit choice of ranges 'fit_nll_f_novo_pred_2'
[#1] INFO:Plotting -- RooAbsPdf::plotOn(f_novo) only plotting range 'fit_nll_f_novo_pred_2'
[#1] INFO:Plotting -- RooAbsPdf::plotOn(f_novo) p.d.f. curve is normalized using explicit choice of ranges 'fit_nll_f_novo_pred_2'
[#1] INFO:Plotting -- RooAbsPdf::plotOn(f_novo) only plotting range 'fit_nll_f_novo_pred_2'
[#1] INFO:Plotting -- RooAbsPdf::plotOn(f_novo) p.d.f. curve is normalized using explicit choice of ranges 'fit_nll_f_novo_pred_2'
[#1] INFO:Plotting -- RooAbsPdf::plotOn(f_novo) only plotting range 'fit_nll_f_novo_pred_2'
[#1] INFO:Plotting -- RooAbsPdf::plotOn(f_novo) p.d.f. curve is normalized using explicit choice of ranges 'fit_nll_f_novo_pred_2'
[#1] INFO:Plotting -- RooAbsPdf::plotOn(f_novo) only plotting range 'fit_nll_f_novo_pred_2'
[#1] INFO:Plotting -- RooAbsPdf::plotOn(f_novo) p.d.f. curve is normalized using explicit choice of ranges 'fit_nll_f_novo_pred_2'
[#1] INFO:Plotting -- RooAbsPdf::plotOn(f_novo) only plotting range 'fit_nll_f_novo_pred_2'
[#1] INFO:Plotting -- RooAbsPdf::plotOn(f_novo) p.d.f. curve is normalized using explicit choice of ranges 'fit_nll_f_novo_pred_2'
[#1] INFO:Plotting -- RooAbsPdf::plotOn(f_novo) only plotting range 'fit_nll_f_novo_pred_2'
[#1] INFO:Plotting -- RooAbsPdf::plotOn(f_novo) p.d.f. curve is normalized using explicit choice of ranges 'fit_nll_f_novo_pred_2'
[#1] INFO:Plotting -- RooAbsPdf::plotOn(f_novo) only plotting range 'fit_nll_f_novo_pred_2'
[#1] INFO:Plotting -- RooAbsPdf::plotOn(f_novo) p.d.f. curve is normalized using explicit choice of ranges 'fit_nll_f_novo_pred_2'
[#1] INFO:Plotting -- RooAbsPdf::plotOn(f_crystal_1) p.d.f was fitted in range and no explicit plot,norm range was specified, using fit range as default
[#1] INFO:Plotting -- RooAbsPdf::plotOn(f_crystal_1) only plotting range 'fit_nll_f_crystal_1_pred_2'
[#1] INFO:Plotting -- RooAbsPdf::plotOn(f_crystal_1) p.d.f. curve is normalized using explicit choice of ranges 'fit_nll_f_crystal_1_pred_2'
[#1] INFO:NumericIntegration -- RooRealIntegral::init(f_crystal_1_Int[x]) using numeric integrator RooIntegrator1D to calculate Int(x)
[#1] INFO:NumericIntegration -- RooRealIntegral::init(f_crystal_1_Int[x|fit_nll_f_crystal_1_pred_2]_Norm[x]) using numeric integrator RooIntegrator1D to calculate Int(x)
[#1] INFO:Plotting -- RooAbsPdf::plotOn(f_novo) p.d.f was fitted in range and no explicit plot,norm range was specified, using fit range as default
[#1] INFO:Plotting -- RooAbsPdf::plotOn(f_novo) only plotting range 'fit_nll_f_novo_pred_2'
[#1] INFO:Plotting -- RooAbsPdf::plotOn(f_novo) p.d.f. curve is normalized using explicit choice of ranges 'fit_nll_f_novo_pred_2'
35.9 fb^{-1} (13 TeV)
[#1] INFO:DataHandling -- RooDataHist::adjustBinning(data_obs_crystal_252_330): fit range of variable x expanded to nearest bin boundaries: [252,330] --> [252,330]
[#1] INFO:DataHandling -- RooDataHist::adjustBinning(data_obs_gaus_exp_252_330): fit range of variable x expanded to nearest bin boundaries: [252,330] --> [252,330]
[#1] INFO:DataHandling -- RooDataHist::adjustBinning(data_obs_novo_285_624): fit range of variable x expanded to nearest bin boundaries: [285,624] --> [285,624]
[#1] INFO:DataHandling -- RooDataHist::adjustBinning(data_obs_crystal_1_285_624): fit range of variable x expanded to nearest bin boundaries: [285,624] --> [285,624]
[#1] INFO:ObjectHandling -- RooWorkspace::import(HbbHbb) importing dataset data_obs_crystal_252_330
[#1] INFO:ObjectHandling -- RooWorkspace::import(HbbHbb) importing RooRealVar::x
[#1] INFO:ObjectHandling -- RooWorkspace::import(HbbHbb) importing RevCrystalBall::f_crystal
[#1] INFO:ObjectHandling -- RooWorkspace::import(HbbHbb) importing RooRealVar::par_crystal_0
[#1] INFO:ObjectHandling -- RooWorkspace::import(HbbHbb) importing RooRealVar::par_crystal_1
[#1] INFO:ObjectHandling -- RooWorkspace::import(HbbHbb) importing RooRealVar::par_crystal_2
[#1] INFO:ObjectHandling -- RooWorkspace::import(HbbHbb) importing RooRealVar::par_crystal_3
[#1] INFO:ObjectHandling -- RooWorkspace::import(HbbHbb) importing dataset data_obs_gaus_exp_252_330
[#1] INFO:ObjectHandling -- RooWorkspace::import(HbbHbb) importing RooRealVar::x
[#1] INFO:ObjectHandling -- RooWorkspace::import(HbbHbb) importing GaussExp::f_gaus_exp
[#1] INFO:ObjectHandling -- RooWorkspace::import(HbbHbb) importing RooRealVar::par_gaus_exp_0
[#1] INFO:ObjectHandling -- RooWorkspace::import(HbbHbb) importing RooRealVar::par_gaus_exp_1
[#1] INFO:ObjectHandling -- RooWorkspace::import(HbbHbb) importing RooRealVar::par_gaus_exp_2
[#1] INFO:ObjectHandling -- RooWorkspace::import(HbbHbb) importing dataset data_obs_novo_285_624
[#1] INFO:ObjectHandling -- RooWorkspace::import(HbbHbb) importing RooRealVar::x
[#1] INFO:ObjectHandling -- RooWorkspace::import(HbbHbb) importing RooNovosibirsk::f_novo
[#1] INFO:ObjectHandling -- RooWorkspace::import(HbbHbb) importing RooRealVar::par_novo_1
[#1] INFO:ObjectHandling -- RooWorkspace::import(HbbHbb) importing RooRealVar::par_novo_0
[#1] INFO:ObjectHandling -- RooWorkspace::import(HbbHbb) importing RooRealVar::par_novo_2
[#1] INFO:ObjectHandling -- RooWorkspace::import(HbbHbb) importing dataset data_obs_crystal_1_285_624
[#1] INFO:ObjectHandling -- RooWorkspace::import(HbbHbb) importing RooRealVar::x
[#1] INFO:ObjectHandling -- RooWorkspace::import(HbbHbb) importing RevCrystalBall::f_crystal_1
[#1] INFO:ObjectHandling -- RooWorkspace::import(HbbHbb) importing RooRealVar::par_crystal_1_0
[#1] INFO:ObjectHandling -- RooWorkspace::import(HbbHbb) importing RooRealVar::par_crystal_1_1
[#1] INFO:ObjectHandling -- RooWorkspace::import(HbbHbb) importing RooRealVar::par_crystal_1_2
[#1] INFO:ObjectHandling -- RooWorkspace::import(HbbHbb) importing RooRealVar::par_crystal_1_3
 === RooFit data fit result to be entered in datacard === 
 Background number of crystal_252_330 = 13889.7
 Background number of gaus_exp_252_330 = 13889.7
 Background number of novo_285_624 = 17637.2
 Background number of crystal_1_285_624 = 17637.2
 Background number of gaus_bern_285_624 = 17637.2
 Background number of landau_285_624 = 17637.2
par_crystal_0   param   0.165093 0.0870034
par_crystal_1   param   5.0991 4.18121
par_crystal_2   param   267.339 5.2704
par_crystal_3   param   13.714 6.68546
par_crystal_1_0   param   0.237913 0.212502
par_crystal_1_1   param   4.44737 0.506952
par_crystal_1_2   param   279.979 29.6341
par_crystal_1_3   param   18.7584 19.0925
par_gaus_exp_0   param   269.095 0.686832
par_gaus_exp_1   param   16.1044 1.07335
par_gaus_exp_2   param   0.190527 0.0155212
par_novo_0   param   250 31.5107
par_novo_1   param   38.7878 2.3041
par_novo_2   param   -1.26766 0.0713892
