>>> including systematics
>>> method used to compute upper limit is Asymptotic
>>> random number generator seed is 123456
[?1034hComputing limit starting from observation
Will compute both limit(s) using minimizer Minuit2 with strategy 0 and tolerance 0.01
Constraints of type RooGaussian: 4
Constraints of type SimpleGaussianConstraint: 6
Median for expected limits: 9.90625
Sigma  for expected limits: 5.0543
Constraints of type RooGaussian: 4
Constraints of type SimpleGaussianConstraint: 6
Constraints of type RooGaussian: 4
Constraints of type SimpleGaussianConstraint: 6
Restricting r to positive values.

Make global fit of real data
NLL at global minimum of data: 7.86048 (r = 4.54466)

Make global fit of asimov data
NLL at global minimum of asimov: -0.16756 (r = 0.000753632)
At r = 19.113986:	q_mu = 6.99479	q_A  = 12.48890	CLsb = 0.00409	CLb  = 0.81305	CLs  = 0.00503
At r = 11.829324:	q_mu = 1.94808	q_A  = 5.34524	CLsb = 0.08140	CLb  = 0.82023	CLs  = 0.09924
At r = 15.471655:	q_mu = 4.15768	q_A  = 8.65511	CLsb = 0.02072	CLb  = 0.81672	CLs  = 0.02537
At r = 13.293924:	q_mu = 2.75223	q_A  = 6.60474	CLsb = 0.04856	CLb  = 0.81885	CLs  = 0.05930
At r = 14.079618:	q_mu = 3.23161	q_A  = 7.32118	CLsb = 0.03611	CLb  = 0.81809	CLs  = 0.04415
At r = 13.657273:	q_mu = 2.97057	q_A  = 6.93320	CLsb = 0.04240	CLb  = 0.81847	CLs  = 0.05180
At r = 13.816441:	q_mu = 3.06769	q_A  = 7.07836	CLsb = 0.03993	CLb  = 0.81833	CLs  = 0.04880
At r = 13.732639:	q_mu = 3.01634	q_A  = 7.00175	CLsb = 0.04121	CLb  = 0.81841	CLs  = 0.05036
At r = 13.764627:	q_mu = 3.03588	q_A  = 7.03094	CLsb = 0.04072	CLb  = 0.81838	CLs  = 0.04976

 -- Asymptotic -- 
Observed Limit: r < 13.7646
Expected  2.5%: r < 5.2047
Expected 16.0%: r < 6.9861
Expected 50.0%: r < 9.9062
Expected 84.0%: r < 14.2103
Expected 97.5%: r < 19.6183

Done in 0.01 min (cpu), 0.01 min (real)
