
Processing PreselectedWithRegressionDeepCSV/MMRSelection_chi2/fit_split.c...
[#1] INFO:DataHandling -- RooDataHist::adjustBinning(pred_1): fit range of variable x expanded to nearest bin boundaries: [550,1200] --> [550,1200]
[#1] INFO:DataHandling -- RooDataHist::adjustBinning(pred_2): fit range of variable x expanded to nearest bin boundaries: [550,1200] --> [550,1200]
[#1] INFO:Eval -- RooRealVar::setRange(x) new range named 'fit' created with bounds [550,1200]
[#1] INFO:Fitting -- RooAbsOptTestStatistic::ctor(nll_f_crystal_pred_1) constructing test statistic for sub-range named fit
[#1] INFO:Eval -- RooRealVar::setRange(x) new range named 'NormalizationRangeForfit' created with bounds [550,1200]
[#1] INFO:Eval -- RooRealVar::setRange(x) new range named 'fit_nll_f_crystal_pred_1' created with bounds [550,1200]
[#1] INFO:Fitting -- RooAbsOptTestStatistic::ctor(nll_f_crystal_pred_1) fixing interpretation of coefficients of any RooAddPdf to full domain of observables 
[#1] INFO:NumericIntegration -- RooRealIntegral::init(f_crystal_Int[x]) using numeric integrator RooIntegrator1D to calculate Int(x)
[#1] INFO:Minization -- RooMinuit::optimizeConst: activating const optimization
 **********
 **   13 **MIGRAD        2000           1
 **********
 FIRST CALL TO USER FUNCTION AT NEW START POINT, WITH IFLAG=4.
 START MIGRAD MINIMIZATION.  STRATEGY  1.  CONVERGENCE WHEN EDM .LT. 1.00e-03
 FCN=10879.7 FROM MIGRAD    STATUS=INITIATE       39 CALLS          40 TOTAL
                     EDM= unknown      STRATEGY= 1      NO ERROR MATRIX       
  EXT PARAMETER               CURRENT GUESS       STEP         FIRST   
  NO.   NAME      VALUE            ERROR          SIZE      DERIVATIVE 
   1  par_crystal_0   6.74624e-01   5.09000e-01  -8.31364e-01  -1.01971e+02
   2  par_crystal_1   2.55500e+00   5.09000e-01   0.00000e+00  -3.20610e+01
   3  par_crystal_2   5.00000e+02   2.00000e+01   0.00000e+00  -9.48837e+00
   4  par_crystal_3   1.05000e+02   1.90000e+01   0.00000e+00   2.45317e+01
                               ERR DEF= 0.5
 MIGRAD FAILS TO FIND IMPROVEMENT
 EIGENVALUES OF SECOND-DERIVATIVE MATRIX:
        -1.7116e+01  9.9978e-01  1.9597e+00  1.8156e+01
 MINUIT WARNING IN HESSE   
 ============== MATRIX FORCED POS-DEF BY ADDING 17.134017 TO DIAGONAL.
 FCN=10866.8 FROM HESSE     STATUS=NOT POSDEF     27 CALLS         314 TOTAL
                     EDM=0.131054    STRATEGY= 1      ERR MATRIX NOT POS-DEF
  EXT PARAMETER                APPROXIMATE        STEP         FIRST   
  NO.   NAME      VALUE            ERROR          SIZE      DERIVATIVE 
   1  par_crystal_0   1.06594e+00   6.09301e-02   1.43210e-03  -8.77809e-01
   2  par_crystal_1   5.09576e+00   7.69298e-02   8.09031e-02  -5.13188e-02
   3  par_crystal_2   4.95224e+02   7.91481e+01   2.17679e-03  -5.43249e-01
   4  par_crystal_3   1.90900e+02   9.54958e+00   1.13079e-02   4.60762e-02
                               ERR DEF= 0.5
 MIGRAD FAILS TO FIND IMPROVEMENT
 MIGRAD TERMINATED WITHOUT CONVERGENCE.
 FCN=10866.8 FROM MIGRAD    STATUS=FAILED        477 CALLS         478 TOTAL
                     EDM=0.0370129    STRATEGY= 1      ERR MATRIX NOT POS-DEF
  EXT PARAMETER                APPROXIMATE        STEP         FIRST   
  NO.   NAME      VALUE            ERROR          SIZE      DERIVATIVE 
   1  par_crystal_0   1.11079e+00   8.93309e-02   0.00000e+00  -4.75984e-01
   2  par_crystal_1   5.08061e+00   3.60144e-01   0.00000e+00  -1.14416e-01
   3  par_crystal_2   4.76040e+02   1.75614e+01   0.00000e+00  -2.32451e-01
   4  par_crystal_3   1.99914e+02   2.77391e+01   0.00000e+00  -7.67572e-02
                               ERR DEF= 0.5
 EXTERNAL ERROR MATRIX.    NDIM=  25    NPAR=  4    ERR DEF=0.5
  7.985e-03 -2.091e-03  1.499e+00  2.820e-01 
 -2.091e-03  2.873e-02 -7.387e-01 -2.900e-02 
  1.499e+00 -7.387e-01  3.118e+02  5.244e+01 
  2.820e-01 -2.900e-02  5.244e+01  1.008e+01 
ERR MATRIX NOT POS-DEF
 PARAMETER  CORRELATION COEFFICIENTS  
       NO.  GLOBAL      1      2      3      4
        1  0.99775   1.000 -0.138  0.950  0.994
        2  0.79882  -0.138  1.000 -0.247 -0.054
        3  0.95717   0.950 -0.247  1.000  0.935
        4  0.99764   0.994 -0.054  0.935  1.000
 ERR MATRIX NOT POS-DEF
 **********
 **   18 **HESSE        2000
 **********
 COVARIANCE MATRIX CALCULATED SUCCESSFULLY
 FCN=10866.8 FROM HESSE     STATUS=OK             27 CALLS         505 TOTAL
                     EDM=0.0183624    STRATEGY= 1      ERROR MATRIX ACCURATE 
  EXT PARAMETER                                INTERNAL      INTERNAL  
  NO.   NAME      VALUE            ERROR       STEP SIZE       VALUE   
   1  par_crystal_0   1.11079e+00   4.31984e-02   1.44775e-03  -6.03431e-01
   2  par_crystal_1   5.08061e+00   3.28337e+00   6.64371e-02   1.44728e+00
   3  par_crystal_2   4.76040e+02   8.02153e+00   1.45036e-02   3.38355e+00
   4  par_crystal_3   1.99914e+02   2.26294e+01   4.50606e-02   1.52819e+00
                               ERR DEF= 0.5
 EXTERNAL ERROR MATRIX.    NDIM=  25    NPAR=  4    ERR DEF=0.5
  1.866e-03 -1.951e-03 -2.584e-03  1.946e-02 
 -1.951e-03  1.028e-01  6.675e-04  3.793e-04 
 -2.584e-03  6.675e-04  6.449e+01  1.116e+00 
  1.946e-02  3.793e-04  1.116e+00  8.140e+00 
 PARAMETER  CORRELATION COEFFICIENTS  
       NO.  GLOBAL      1      2      3      4
        1  0.21215   1.000 -0.141 -0.007  0.158
        2  0.14274  -0.141  1.000  0.000  0.000
        3  0.05109  -0.007  0.000  1.000  0.049
        4  0.16712   0.158  0.000  0.049  1.000
[#1] INFO:Minization -- RooMinuit::optimizeConst: deactivating const optimization
[#1] INFO:Plotting -- RooAbsPdf::plotOn(f_crystal) p.d.f was fitted in range and no explicit plot,norm range was specified, using fit range as default
[#1] INFO:Plotting -- RooAbsPdf::plotOn(f_crystal) only plotting range 'fit_nll_f_crystal_pred_1'
[#1] INFO:Plotting -- RooAbsPdf::plotOn(f_crystal) p.d.f. curve is normalized using explicit choice of ranges 'fit_nll_f_crystal_pred_1'
[#1] INFO:Plotting -- RooAbsPdf::plotOn(f_crystal) only plotting range 'fit_nll_f_crystal_pred_1'
[#1] INFO:Plotting -- RooAbsPdf::plotOn(f_crystal) p.d.f. curve is normalized using explicit choice of ranges 'fit_nll_f_crystal_pred_1'
[#1] INFO:NumericIntegration -- RooRealIntegral::init(f_crystal_Int[x]) using numeric integrator RooIntegrator1D to calculate Int(x)
[#1] INFO:NumericIntegration -- RooRealIntegral::init(f_crystal_Int[x|fit_nll_f_crystal_pred_1]_Norm[x]) using numeric integrator RooIntegrator1D to calculate Int(x)
[#1] INFO:Plotting -- RooAbsPdf::plotOn(f_crystal) only plotting range 'fit_nll_f_crystal_pred_1'
[#1] INFO:Plotting -- RooAbsPdf::plotOn(f_crystal) p.d.f. curve is normalized using explicit choice of ranges 'fit_nll_f_crystal_pred_1'
[#1] INFO:NumericIntegration -- RooRealIntegral::init(f_crystal_Int[x]) using numeric integrator RooIntegrator1D to calculate Int(x)
[#1] INFO:NumericIntegration -- RooRealIntegral::init(f_crystal_Int[x|fit_nll_f_crystal_pred_1]_Norm[x]) using numeric integrator RooIntegrator1D to calculate Int(x)
[#1] INFO:Plotting -- RooAbsPdf::plotOn(f_crystal) only plotting range 'fit_nll_f_crystal_pred_1'
[#1] INFO:Plotting -- RooAbsPdf::plotOn(f_crystal) p.d.f. curve is normalized using explicit choice of ranges 'fit_nll_f_crystal_pred_1'
[#1] INFO:NumericIntegration -- RooRealIntegral::init(f_crystal_Int[x]) using numeric integrator RooIntegrator1D to calculate Int(x)
[#1] INFO:NumericIntegration -- RooRealIntegral::init(f_crystal_Int[x|fit_nll_f_crystal_pred_1]_Norm[x]) using numeric integrator RooIntegrator1D to calculate Int(x)
[#1] INFO:Plotting -- RooAbsPdf::plotOn(f_crystal) only plotting range 'fit_nll_f_crystal_pred_1'
[#1] INFO:Plotting -- RooAbsPdf::plotOn(f_crystal) p.d.f. curve is normalized using explicit choice of ranges 'fit_nll_f_crystal_pred_1'
[#1] INFO:NumericIntegration -- RooRealIntegral::init(f_crystal_Int[x]) using numeric integrator RooIntegrator1D to calculate Int(x)
[#1] INFO:NumericIntegration -- RooRealIntegral::init(f_crystal_Int[x|fit_nll_f_crystal_pred_1]_Norm[x]) using numeric integrator RooIntegrator1D to calculate Int(x)
[#1] INFO:Plotting -- RooAbsPdf::plotOn(f_crystal) only plotting range 'fit_nll_f_crystal_pred_1'
[#1] INFO:Plotting -- RooAbsPdf::plotOn(f_crystal) p.d.f. curve is normalized using explicit choice of ranges 'fit_nll_f_crystal_pred_1'
[#1] INFO:NumericIntegration -- RooRealIntegral::init(f_crystal_Int[x]) using numeric integrator RooIntegrator1D to calculate Int(x)
[#1] INFO:NumericIntegration -- RooRealIntegral::init(f_crystal_Int[x|fit_nll_f_crystal_pred_1]_Norm[x]) using numeric integrator RooIntegrator1D to calculate Int(x)
[#1] INFO:Plotting -- RooAbsPdf::plotOn(f_crystal) only plotting range 'fit_nll_f_crystal_pred_1'
[#1] INFO:Plotting -- RooAbsPdf::plotOn(f_crystal) p.d.f. curve is normalized using explicit choice of ranges 'fit_nll_f_crystal_pred_1'
[#1] INFO:NumericIntegration -- RooRealIntegral::init(f_crystal_Int[x]) using numeric integrator RooIntegrator1D to calculate Int(x)
[#1] INFO:NumericIntegration -- RooRealIntegral::init(f_crystal_Int[x|fit_nll_f_crystal_pred_1]_Norm[x]) using numeric integrator RooIntegrator1D to calculate Int(x)
[#1] INFO:Plotting -- RooAbsPdf::plotOn(f_crystal) only plotting range 'fit_nll_f_crystal_pred_1'
[#1] INFO:Plotting -- RooAbsPdf::plotOn(f_crystal) p.d.f. curve is normalized using explicit choice of ranges 'fit_nll_f_crystal_pred_1'
[#1] INFO:NumericIntegration -- RooRealIntegral::init(f_crystal_Int[x]) using numeric integrator RooIntegrator1D to calculate Int(x)
[#1] INFO:NumericIntegration -- RooRealIntegral::init(f_crystal_Int[x|fit_nll_f_crystal_pred_1]_Norm[x]) using numeric integrator RooIntegrator1D to calculate Int(x)
[#1] INFO:Plotting -- RooAbsPdf::plotOn(f_crystal) only plotting range 'fit_nll_f_crystal_pred_1'
[#1] INFO:Plotting -- RooAbsPdf::plotOn(f_crystal) p.d.f. curve is normalized using explicit choice of ranges 'fit_nll_f_crystal_pred_1'
[#1] INFO:NumericIntegration -- RooRealIntegral::init(f_crystal_Int[x]) using numeric integrator RooIntegrator1D to calculate Int(x)
[#1] INFO:NumericIntegration -- RooRealIntegral::init(f_crystal_Int[x|fit_nll_f_crystal_pred_1]_Norm[x]) using numeric integrator RooIntegrator1D to calculate Int(x)
[#1] INFO:Plotting -- RooAbsPdf::plotOn(f_crystal) only plotting range 'fit_nll_f_crystal_pred_1'
[#1] INFO:Plotting -- RooAbsPdf::plotOn(f_crystal) p.d.f. curve is normalized using explicit choice of ranges 'fit_nll_f_crystal_pred_1'
[#1] INFO:NumericIntegration -- RooRealIntegral::init(f_crystal_Int[x]) using numeric integrator RooIntegrator1D to calculate Int(x)
[#1] INFO:NumericIntegration -- RooRealIntegral::init(f_crystal_Int[x|fit_nll_f_crystal_pred_1]_Norm[x]) using numeric integrator RooIntegrator1D to calculate Int(x)
[#1] INFO:Plotting -- RooAbsPdf::plotOn(f_crystal) p.d.f was fitted in range and no explicit plot,norm range was specified, using fit range as default
[#1] INFO:Plotting -- RooAbsPdf::plotOn(f_crystal) only plotting range 'fit_nll_f_crystal_pred_1'
[#1] INFO:Plotting -- RooAbsPdf::plotOn(f_crystal) p.d.f. curve is normalized using explicit choice of ranges 'fit_nll_f_crystal_pred_1'
[#1] INFO:NumericIntegration -- RooRealIntegral::init(f_crystal_Int[x]) using numeric integrator RooIntegrator1D to calculate Int(x)
[#1] INFO:NumericIntegration -- RooRealIntegral::init(f_crystal_Int[x|fit_nll_f_crystal_pred_1]_Norm[x]) using numeric integrator RooIntegrator1D to calculate Int(x)
[#1] INFO:NumericIntegration -- RooRealIntegral::init(f_crystal_Int[x]) using numeric integrator RooIntegrator1D to calculate Int(x)
[#1] INFO:Fitting -- RooAbsOptTestStatistic::ctor(nll_f_gaus_exp_pred_1) constructing test statistic for sub-range named fit
[#1] INFO:Eval -- RooRealVar::setRange(x) new range named 'fit_nll_f_gaus_exp_pred_1' created with bounds [550,1200]
[#1] INFO:Fitting -- RooAbsOptTestStatistic::ctor(nll_f_gaus_exp_pred_1) fixing interpretation of coefficients of any RooAddPdf to full domain of observables 
[#1] INFO:NumericIntegration -- RooRealIntegral::init(f_gaus_exp_Int[x]) using numeric integrator RooIntegrator1D to calculate Int(x)
[#1] INFO:Minization -- RooMinuit::optimizeConst: activating const optimization
 **********
 **   13 **MIGRAD        1500           1
 **********
 FIRST CALL TO USER FUNCTION AT NEW START POINT, WITH IFLAG=4.
 START MIGRAD MINIMIZATION.  STRATEGY  1.  CONVERGENCE WHEN EDM .LT. 1.00e-03
 FCN=10978.6 FROM MIGRAD    STATUS=INITIATE       68 CALLS          69 TOTAL
                     EDM= unknown      STRATEGY= 1      NO ERROR MATRIX       
  EXT PARAMETER               CURRENT GUESS       STEP         FIRST   
  NO.   NAME      VALUE            ERROR          SIZE      DERIVATIVE 
   1  par_gaus_exp_0   6.03110e+02   3.00000e+01  -8.97402e-01  -6.52175e+01
   2  par_gaus_exp_1   5.45000e+01   9.10000e+00   0.00000e+00  -4.62060e+02
   3  par_gaus_exp_2   4.12114e-01   3.05000e-01   0.00000e+00   1.25553e+03
                               ERR DEF= 0.5
 MIGRAD FAILS TO FIND IMPROVEMENT
 MIGRAD MINIMIZATION HAS CONVERGED.
 MIGRAD WILL VERIFY CONVERGENCE AND ERROR MATRIX.
 COVARIANCE MATRIX CALCULATED SUCCESSFULLY
 FCN=10865.9 FROM HESSE     STATUS=OK             18 CALLS         182 TOTAL
                     EDM=0.000691453    STRATEGY= 1      ERROR MATRIX ACCURATE 
  EXT PARAMETER                                   STEP         FIRST   
  NO.   NAME      VALUE            ERROR          SIZE      DERIVATIVE 
   1  par_gaus_exp_0   5.46431e+02   6.06936e+00   3.17833e-03  -3.92855e-01
   2  par_gaus_exp_1   6.65716e+01   1.75685e+01   2.62647e-03   1.43349e-01
   3  par_gaus_exp_2   3.07505e-01   8.37981e-02   8.79822e-04  -3.06196e-01
                               ERR DEF= 0.5
 MIGRAD MINIMIZATION HAS CONVERGED.
 MIGRAD WILL VERIFY CONVERGENCE AND ERROR MATRIX.
 COVARIANCE MATRIX CALCULATED SUCCESSFULLY
 FCN=10865.6 FROM MIGRAD    STATUS=CONVERGED     316 CALLS         317 TOTAL
                     EDM=9.19369e-05    STRATEGY= 1      ERROR MATRIX ACCURATE 
  EXT PARAMETER                                   STEP         FIRST   
  NO.   NAME      VALUE            ERROR          SIZE      DERIVATIVE 
   1  par_gaus_exp_0   5.62504e+02   3.53152e+00   1.63243e-03  -1.66316e-01
   2  par_gaus_exp_1   2.46552e+01   1.25211e+01   1.75085e-03  -3.48771e-01
   3  par_gaus_exp_2   1.14604e-01   5.89219e-02   6.31447e-04   9.83138e-01
                               ERR DEF= 0.5
 EXTERNAL ERROR MATRIX.    NDIM=  25    NPAR=  3    ERR DEF=0.5
  1.247e+01 -1.544e+01 -6.961e-02 
 -1.544e+01  1.643e+02  7.558e-01 
 -6.961e-02  7.558e-01  3.493e-03 
 PARAMETER  CORRELATION COEFFICIENTS  
       NO.  GLOBAL      1      2      3
        1  0.35636   1.000 -0.341 -0.333
        2  0.99789  -0.341  1.000  0.998
        3  0.99788  -0.333  0.998  1.000
 **********
 **   18 **HESSE        1500
 **********
 COVARIANCE MATRIX CALCULATED SUCCESSFULLY
 FCN=10865.6 FROM HESSE     STATUS=OK             16 CALLS         333 TOTAL
                     EDM=9.89177e-05    STRATEGY= 1      ERROR MATRIX ACCURATE 
  EXT PARAMETER                                INTERNAL      INTERNAL  
  NO.   NAME      VALUE            ERROR       STEP SIZE       VALUE   
   1  par_gaus_exp_0   5.62504e+02   3.77274e+00   6.52972e-05   8.34552e-02
   2  par_gaus_exp_1   2.46552e+01   1.46349e+01   3.50170e-04  -7.15413e-01
   3  par_gaus_exp_2   1.14604e-01   6.93856e-02   1.26289e-04  -1.27868e+00
                               ERR DEF= 0.5
 EXTERNAL ERROR MATRIX.    NDIM=  25    NPAR=  3    ERR DEF=0.5
  1.424e+01 -2.545e+01 -1.157e-01 
 -2.545e+01  2.286e+02  1.052e+00 
 -1.157e-01  1.052e+00  4.855e-03 
 PARAMETER  CORRELATION COEFFICIENTS  
       NO.  GLOBAL      1      2      3
        1  0.45683   1.000 -0.446 -0.440
        2  0.99849  -0.446  1.000  0.998
        3  0.99848  -0.440  0.998  1.000
[#1] INFO:Minization -- RooMinuit::optimizeConst: deactivating const optimization
[#1] INFO:Plotting -- RooAbsPdf::plotOn(f_gaus_exp) p.d.f was fitted in range and no explicit plot,norm range was specified, using fit range as default
[#1] INFO:Plotting -- RooAbsPdf::plotOn(f_gaus_exp) only plotting range 'fit_nll_f_gaus_exp_pred_1'
[#1] INFO:Plotting -- RooAbsPdf::plotOn(f_gaus_exp) p.d.f. curve is normalized using explicit choice of ranges 'fit_nll_f_gaus_exp_pred_1'
[#1] INFO:Plotting -- RooAbsPdf::plotOn(f_gaus_exp) only plotting range 'fit_nll_f_gaus_exp_pred_1'
[#1] INFO:Plotting -- RooAbsPdf::plotOn(f_gaus_exp) p.d.f. curve is normalized using explicit choice of ranges 'fit_nll_f_gaus_exp_pred_1'
[#1] INFO:NumericIntegration -- RooRealIntegral::init(f_gaus_exp_Int[x]) using numeric integrator RooIntegrator1D to calculate Int(x)
[#1] INFO:NumericIntegration -- RooRealIntegral::init(f_gaus_exp_Int[x|fit_nll_f_gaus_exp_pred_1]_Norm[x]) using numeric integrator RooIntegrator1D to calculate Int(x)
[#1] INFO:Plotting -- RooAbsPdf::plotOn(f_gaus_exp) only plotting range 'fit_nll_f_gaus_exp_pred_1'
[#1] INFO:Plotting -- RooAbsPdf::plotOn(f_gaus_exp) p.d.f. curve is normalized using explicit choice of ranges 'fit_nll_f_gaus_exp_pred_1'
[#1] INFO:NumericIntegration -- RooRealIntegral::init(f_gaus_exp_Int[x]) using numeric integrator RooIntegrator1D to calculate Int(x)
[#1] INFO:NumericIntegration -- RooRealIntegral::init(f_gaus_exp_Int[x|fit_nll_f_gaus_exp_pred_1]_Norm[x]) using numeric integrator RooIntegrator1D to calculate Int(x)
[#1] INFO:Plotting -- RooAbsPdf::plotOn(f_gaus_exp) only plotting range 'fit_nll_f_gaus_exp_pred_1'
[#1] INFO:Plotting -- RooAbsPdf::plotOn(f_gaus_exp) p.d.f. curve is normalized using explicit choice of ranges 'fit_nll_f_gaus_exp_pred_1'
[#1] INFO:NumericIntegration -- RooRealIntegral::init(f_gaus_exp_Int[x]) using numeric integrator RooIntegrator1D to calculate Int(x)
[#1] INFO:NumericIntegration -- RooRealIntegral::init(f_gaus_exp_Int[x|fit_nll_f_gaus_exp_pred_1]_Norm[x]) using numeric integrator RooIntegrator1D to calculate Int(x)
[#1] INFO:Plotting -- RooAbsPdf::plotOn(f_gaus_exp) only plotting range 'fit_nll_f_gaus_exp_pred_1'
[#1] INFO:Plotting -- RooAbsPdf::plotOn(f_gaus_exp) p.d.f. curve is normalized using explicit choice of ranges 'fit_nll_f_gaus_exp_pred_1'
[#1] INFO:NumericIntegration -- RooRealIntegral::init(f_gaus_exp_Int[x]) using numeric integrator RooIntegrator1D to calculate Int(x)
[#1] INFO:NumericIntegration -- RooRealIntegral::init(f_gaus_exp_Int[x|fit_nll_f_gaus_exp_pred_1]_Norm[x]) using numeric integrator RooIntegrator1D to calculate Int(x)
[#1] INFO:Plotting -- RooAbsPdf::plotOn(f_gaus_exp) only plotting range 'fit_nll_f_gaus_exp_pred_1'
[#1] INFO:Plotting -- RooAbsPdf::plotOn(f_gaus_exp) p.d.f. curve is normalized using explicit choice of ranges 'fit_nll_f_gaus_exp_pred_1'
[#1] INFO:NumericIntegration -- RooRealIntegral::init(f_gaus_exp_Int[x]) using numeric integrator RooIntegrator1D to calculate Int(x)
[#1] INFO:NumericIntegration -- RooRealIntegral::init(f_gaus_exp_Int[x|fit_nll_f_gaus_exp_pred_1]_Norm[x]) using numeric integrator RooIntegrator1D to calculate Int(x)
[#1] INFO:Plotting -- RooAbsPdf::plotOn(f_gaus_exp) only plotting range 'fit_nll_f_gaus_exp_pred_1'
[#1] INFO:Plotting -- RooAbsPdf::plotOn(f_gaus_exp) p.d.f. curve is normalized using explicit choice of ranges 'fit_nll_f_gaus_exp_pred_1'
[#1] INFO:NumericIntegration -- RooRealIntegral::init(f_gaus_exp_Int[x]) using numeric integrator RooIntegrator1D to calculate Int(x)
[#1] INFO:NumericIntegration -- RooRealIntegral::init(f_gaus_exp_Int[x|fit_nll_f_gaus_exp_pred_1]_Norm[x]) using numeric integrator RooIntegrator1D to calculate Int(x)
[#1] INFO:Plotting -- RooAbsPdf::plotOn(f_gaus_exp) only plotting range 'fit_nll_f_gaus_exp_pred_1'
[#1] INFO:Plotting -- RooAbsPdf::plotOn(f_gaus_exp) p.d.f. curve is normalized using explicit choice of ranges 'fit_nll_f_gaus_exp_pred_1'
[#1] INFO:NumericIntegration -- RooRealIntegral::init(f_gaus_exp_Int[x]) using numeric integrator RooIntegrator1D to calculate Int(x)
[#1] INFO:NumericIntegration -- RooRealIntegral::init(f_gaus_exp_Int[x|fit_nll_f_gaus_exp_pred_1]_Norm[x]) using numeric integrator RooIntegrator1D to calculate Int(x)
[#1] INFO:Plotting -- RooAbsPdf::plotOn(f_gaus_exp) p.d.f was fitted in range and no explicit plot,norm range was specified, using fit range as default
[#1] INFO:Plotting -- RooAbsPdf::plotOn(f_gaus_exp) only plotting range 'fit_nll_f_gaus_exp_pred_1'
[#1] INFO:Plotting -- RooAbsPdf::plotOn(f_gaus_exp) p.d.f. curve is normalized using explicit choice of ranges 'fit_nll_f_gaus_exp_pred_1'
[#1] INFO:NumericIntegration -- RooRealIntegral::init(f_gaus_exp_Int[x]) using numeric integrator RooIntegrator1D to calculate Int(x)
[#1] INFO:NumericIntegration -- RooRealIntegral::init(f_gaus_exp_Int[x|fit_nll_f_gaus_exp_pred_1]_Norm[x]) using numeric integrator RooIntegrator1D to calculate Int(x)
[#1] INFO:NumericIntegration -- RooRealIntegral::init(f_gaus_exp_Int[x]) using numeric integrator RooIntegrator1D to calculate Int(x)
[#1] INFO:Eval -- RooRealVar::setRange(x) new range named 'fit' created with bounds [550,1200]
[#1] INFO:Fitting -- RooAbsOptTestStatistic::ctor(nll_f_novo_pred_2) constructing test statistic for sub-range named fit
[#1] INFO:Eval -- RooRealVar::setRange(x) new range named 'NormalizationRangeForfit' created with bounds [550,1200]
[#1] INFO:Eval -- RooRealVar::setRange(x) new range named 'fit_nll_f_novo_pred_2' created with bounds [550,1200]
[#1] INFO:Fitting -- RooAbsOptTestStatistic::ctor(nll_f_novo_pred_2) fixing interpretation of coefficients of any RooAddPdf to full domain of observables 
[#1] INFO:Minization -- RooMinuit::optimizeConst: activating const optimization
 **********
 **   13 **MIGRAD        1500           1
 **********
 FIRST CALL TO USER FUNCTION AT NEW START POINT, WITH IFLAG=4.
 START MIGRAD MINIMIZATION.  STRATEGY  1.  CONVERGENCE WHEN EDM .LT. 1.00e-03
[#0] WARNING:Minization -- RooFitGlue: Minimized function has error status.
Returning maximum FCN so far (13168.6) to force MIGRAD to back out of this region. Error log follows
Parameter values: par_novo_0=575, par_novo_1=100, par_novo_2=1.58864
RooNovosibirsk::f_novo[ x=x width=par_novo_1 peak=par_novo_0 tail=par_novo_2 ]
     getLogVal() top-level p.d.f evaluates to zero @ x=x=645, width=par_novo_1=100, peak=par_novo_0=575, tail=par_novo_2=1.58864
     getLogVal() top-level p.d.f evaluates to zero @ x=x=655, width=par_novo_1=100, peak=par_novo_0=575, tail=par_novo_2=1.58864
     getLogVal() top-level p.d.f evaluates to zero @ x=x=665, width=par_novo_1=100, peak=par_novo_0=575, tail=par_novo_2=1.58864
     getLogVal() top-level p.d.f evaluates to zero @ x=x=675, width=par_novo_1=100, peak=par_novo_0=575, tail=par_novo_2=1.58864
     getLogVal() top-level p.d.f evaluates to zero @ x=x=685, width=par_novo_1=100, peak=par_novo_0=575, tail=par_novo_2=1.58864
     getLogVal() top-level p.d.f evaluates to zero @ x=x=695, width=par_novo_1=100, peak=par_novo_0=575, tail=par_novo_2=1.58864
     getLogVal() top-level p.d.f evaluates to zero @ x=x=705, width=par_novo_1=100, peak=par_novo_0=575, tail=par_novo_2=1.58864
     getLogVal() top-level p.d.f evaluates to zero @ x=x=715, width=par_novo_1=100, peak=par_novo_0=575, tail=par_novo_2=1.58864
     getLogVal() top-level p.d.f evaluates to zero @ x=x=725, width=par_novo_1=100, peak=par_novo_0=575, tail=par_novo_2=1.58864
     getLogVal() top-level p.d.f evaluates to zero @ x=x=735, width=par_novo_1=100, peak=par_novo_0=575, tail=par_novo_2=1.58864
     getLogVal() top-level p.d.f evaluates to zero @ x=x=745, width=par_novo_1=100, peak=par_novo_0=575, tail=par_novo_2=1.58864
     getLogVal() top-level p.d.f evaluates to zero @ x=x=755, width=par_novo_1=100, peak=par_novo_0=575, tail=par_novo_2=1.58864
    ... (remaining 46 messages suppressed)
RooNLLVar::nll_f_novo_pred_2[ paramSet=(par_novo_0,par_novo_1,par_novo_2) ]
     function value is NAN @ paramSet=(par_novo_0 = 575,par_novo_1 = 100,par_novo_2 = 1.58864)

 FCN=13054.5 FROM MIGRAD    STATUS=INITIATE       14 CALLS          15 TOTAL
                     EDM= unknown      STRATEGY= 1      NO ERROR MATRIX       
  EXT PARAMETER               CURRENT GUESS       STEP         FIRST   
  NO.   NAME      VALUE            ERROR          SIZE      DERIVATIVE 
   1  par_novo_0   5.75000e+02   1.50000e+01   2.01358e-01  -1.22938e+03
   2  par_novo_1   1.00000e+02   2.00000e+01   2.01358e-01  -6.98326e+03
   3  par_novo_2   0.00000e+00   2.00000e+01   2.01358e-01   1.51249e+06
                               ERR DEF= 0.5
 MIGRAD MINIMIZATION HAS CONVERGED.
 MIGRAD WILL VERIFY CONVERGENCE AND ERROR MATRIX.
 COVARIANCE MATRIX CALCULATED SUCCESSFULLY
 FCN=10865.7 FROM MIGRAD    STATUS=CONVERGED     220 CALLS         221 TOTAL
                     EDM=2.09668e-06    STRATEGY= 1      ERROR MATRIX ACCURATE 
  EXT PARAMETER                                   STEP         FIRST   
  NO.   NAME      VALUE            ERROR          SIZE      DERIVATIVE 
   1  par_novo_0   5.00000e+02   1.21837e+02   1.25149e-01  -7.30463e-04
   2  par_novo_1   1.30637e+02   1.58558e+01   3.16845e-03  -1.76078e-02
   3  par_novo_2  -6.95187e-01   1.36663e-01   2.61078e-05   1.74080e+00
                               ERR DEF= 0.5
 EXTERNAL ERROR MATRIX.    NDIM=  25    NPAR=  3    ERR DEF=0.5
  1.121e-01 -9.460e-01 -6.449e-03 
 -9.460e-01  2.538e+02  2.099e+00 
 -6.449e-03  2.099e+00  1.868e-02 
 PARAMETER  CORRELATION COEFFICIENTS  
       NO.  GLOBAL      1      2      3
        1  0.21023   1.000 -0.177 -0.141
        2  0.96488  -0.177  1.000  0.964
        3  0.96445  -0.141  0.964  1.000
 **********
 **   18 **HESSE        1500
 **********
 COVARIANCE MATRIX CALCULATED SUCCESSFULLY
 FCN=10865.7 FROM HESSE     STATUS=OK             20 CALLS         241 TOTAL
                     EDM=1.01397e-06    STRATEGY= 1      ERROR MATRIX ACCURATE 
  EXT PARAMETER                                INTERNAL      INTERNAL  
  NO.   NAME      VALUE            ERROR       STEP SIZE       VALUE   
   1  par_novo_0   5.00000e+02   1.20312e+02   5.00000e-01  -1.57325e+00
   2  par_novo_1   1.30637e+02   2.01762e+01   1.26738e-04   3.11381e-01
   3  par_novo_2  -6.95187e-01   1.62575e-01   1.04431e-06  -6.95192e-03
                               ERR DEF= 0.5
 EXTERNAL ERROR MATRIX.    NDIM=  25    NPAR=  3    ERR DEF=0.5
  1.070e-01 -4.278e+00 -2.995e-02 
 -4.278e+00  4.133e+02  3.212e+00 
 -2.995e-02  3.212e+00  2.643e-02 
 PARAMETER  CORRELATION COEFFICIENTS  
       NO.  GLOBAL      1      2      3
        1  0.69436   1.000 -0.643 -0.563
        2  0.97859  -0.643  1.000  0.972
        3  0.97501  -0.563  0.972  1.000
[#1] INFO:Minization -- RooMinuit::optimizeConst: deactivating const optimization
[#1] INFO:Plotting -- RooAbsPdf::plotOn(f_novo) p.d.f was fitted in range and no explicit plot,norm range was specified, using fit range as default
[#1] INFO:Plotting -- RooAbsPdf::plotOn(f_novo) only plotting range 'fit_nll_f_novo_pred_2'
[#1] INFO:Plotting -- RooAbsPdf::plotOn(f_novo) p.d.f. curve is normalized using explicit choice of ranges 'fit_nll_f_novo_pred_2'
[#1] INFO:Plotting -- RooAbsPdf::plotOn(f_novo) only plotting range 'fit_nll_f_novo_pred_2'
[#1] INFO:Plotting -- RooAbsPdf::plotOn(f_novo) p.d.f. curve is normalized using explicit choice of ranges 'fit_nll_f_novo_pred_2'
[#1] INFO:Plotting -- RooAbsPdf::plotOn(f_novo) only plotting range 'fit_nll_f_novo_pred_2'
[#1] INFO:Plotting -- RooAbsPdf::plotOn(f_novo) p.d.f. curve is normalized using explicit choice of ranges 'fit_nll_f_novo_pred_2'
[#1] INFO:Plotting -- RooAbsPdf::plotOn(f_novo) only plotting range 'fit_nll_f_novo_pred_2'
[#1] INFO:Plotting -- RooAbsPdf::plotOn(f_novo) p.d.f. curve is normalized using explicit choice of ranges 'fit_nll_f_novo_pred_2'
[#1] INFO:Plotting -- RooAbsPdf::plotOn(f_novo) only plotting range 'fit_nll_f_novo_pred_2'
[#1] INFO:Plotting -- RooAbsPdf::plotOn(f_novo) p.d.f. curve is normalized using explicit choice of ranges 'fit_nll_f_novo_pred_2'
[#1] INFO:Plotting -- RooAbsPdf::plotOn(f_novo) only plotting range 'fit_nll_f_novo_pred_2'
[#1] INFO:Plotting -- RooAbsPdf::plotOn(f_novo) p.d.f. curve is normalized using explicit choice of ranges 'fit_nll_f_novo_pred_2'
[#1] INFO:Plotting -- RooAbsPdf::plotOn(f_novo) only plotting range 'fit_nll_f_novo_pred_2'
[#1] INFO:Plotting -- RooAbsPdf::plotOn(f_novo) p.d.f. curve is normalized using explicit choice of ranges 'fit_nll_f_novo_pred_2'
[#1] INFO:Plotting -- RooAbsPdf::plotOn(f_novo) only plotting range 'fit_nll_f_novo_pred_2'
[#1] INFO:Plotting -- RooAbsPdf::plotOn(f_novo) p.d.f. curve is normalized using explicit choice of ranges 'fit_nll_f_novo_pred_2'
[#1] INFO:Plotting -- RooAbsPdf::plotOn(f_novo) p.d.f was fitted in range and no explicit plot,norm range was specified, using fit range as default
[#1] INFO:Plotting -- RooAbsPdf::plotOn(f_novo) only plotting range 'fit_nll_f_novo_pred_2'
[#1] INFO:Plotting -- RooAbsPdf::plotOn(f_novo) p.d.f. curve is normalized using explicit choice of ranges 'fit_nll_f_novo_pred_2'
[#1] INFO:Fitting -- RooAbsOptTestStatistic::ctor(nll_f_crystal_1_pred_2) constructing test statistic for sub-range named fit
[#1] INFO:Eval -- RooRealVar::setRange(x) new range named 'fit_nll_f_crystal_1_pred_2' created with bounds [550,1200]
[#1] INFO:Fitting -- RooAbsOptTestStatistic::ctor(nll_f_crystal_1_pred_2) fixing interpretation of coefficients of any RooAddPdf to full domain of observables 
[#1] INFO:NumericIntegration -- RooRealIntegral::init(f_crystal_1_Int[x]) using numeric integrator RooIntegrator1D to calculate Int(x)
[#1] INFO:Minization -- RooMinuit::optimizeConst: activating const optimization
 **********
 **   13 **MIGRAD        2000           1
 **********
 FIRST CALL TO USER FUNCTION AT NEW START POINT, WITH IFLAG=4.
 START MIGRAD MINIMIZATION.  STRATEGY  1.  CONVERGENCE WHEN EDM .LT. 1.00e-03
 FCN=10877 FROM MIGRAD    STATUS=INITIATE       39 CALLS          40 TOTAL
                     EDM= unknown      STRATEGY= 1      NO ERROR MATRIX       
  EXT PARAMETER               CURRENT GUESS       STEP         FIRST   
  NO.   NAME      VALUE            ERROR          SIZE      DERIVATIVE 
   1  par_crystal_1_0   6.33849e-01   5.09000e-01  -8.55460e-01  -1.25390e+02
   2  par_crystal_1_1   2.55500e+00   5.09000e-01   0.00000e+00  -2.69495e+01
   3  par_crystal_1_2   5.50000e+02   3.00000e+01   0.00000e+00  -1.44080e+01
   4  par_crystal_1_3   1.04500e+02   1.91000e+01   0.00000e+00   3.07979e+01
                               ERR DEF= 0.5
 MINUIT WARNING IN MIGRAD  
 ============== Negative diagonal element 1 in Error Matrix
 MINUIT WARNING IN MIGRAD  
 ============== Negative diagonal element 2 in Error Matrix
 MINUIT WARNING IN MIGRAD  
 ============== Negative diagonal element 3 in Error Matrix
 MINUIT WARNING IN MIGRAD  
 ============== Negative diagonal element 4 in Error Matrix
 MINUIT WARNING IN MIGRAD  
 ============== 1.43469 added to diagonal of error matrix
 EIGENVALUES OF SECOND-DERIVATIVE MATRIX:
        -1.5401e+00  8.4221e-02  1.8087e+00  3.6472e+00
 MINUIT WARNING IN MIGRAD  
 ============== MATRIX FORCED POS-DEF BY ADDING 1.543714 TO DIAGONAL.
 MIGRAD MINIMIZATION HAS CONVERGED.
 MIGRAD WILL VERIFY CONVERGENCE AND ERROR MATRIX.
 COVARIANCE MATRIX CALCULATED SUCCESSFULLY
 FCN=10866.9 FROM HESSE     STATUS=OK             25 CALLS         485 TOTAL
                     EDM=0.0491336    STRATEGY= 1      ERROR MATRIX ACCURATE 
  EXT PARAMETER                                   STEP         FIRST   
  NO.   NAME      VALUE            ERROR          SIZE      DERIVATIVE 
   1  par_crystal_1_0   1.05623e+00   1.52463e-01   1.42446e-03  -1.90900e+00
   2  par_crystal_1_1   5.09988e+00   3.18944e+00   7.54811e-02  -8.93342e-03
   3  par_crystal_1_2   4.96280e+02   4.98347e+01   9.02051e-03   3.58498e-02
   4  par_crystal_1_3   1.89188e+02   2.78069e+01   1.02856e-02  -2.38185e-01
                               ERR DEF= 0.5
 MIGRAD FAILS TO FIND IMPROVEMENT
 MIGRAD TERMINATED WITHOUT CONVERGENCE.
 FCN=10866.8 FROM MIGRAD    STATUS=FAILED        538 CALLS         539 TOTAL
                     EDM=10.0867    STRATEGY= 1  ERROR MATRIX UNCERTAINTY  14.1 per cent
  EXT PARAMETER                APPROXIMATE        STEP         FIRST   
  NO.   NAME      VALUE            ERROR          SIZE      DERIVATIVE 
   1  par_crystal_1_0   1.09723e+00   3.02575e-02  -0.00000e+00   5.47416e+01
   2  par_crystal_1_1   5.09997e+00   3.18368e+00   0.00000e+00  -3.90351e-03
   3  par_crystal_1_2   4.83329e+02   2.76558e+01   0.00000e+00   7.05236e+00
   4  par_crystal_1_3   1.96552e+02   5.80629e+00  -0.00000e+00   4.39990e+00
                               ERR DEF= 0.5
 EXTERNAL ERROR MATRIX.    NDIM=  25    NPAR=  4    ERR DEF=0.5
  9.156e-04 -1.804e-07 -6.742e-01  1.111e-01 
 -1.804e-07  1.763e-04  7.888e-03 -2.154e-03 
 -6.742e-01  7.888e-03  7.759e+02 -1.463e+02 
  1.111e-01 -2.154e-03 -1.463e+02  3.432e+01 
ERR MATRIX APPROXIMATE
 PARAMETER  CORRELATION COEFFICIENTS  
       NO.  GLOBAL      1      2      3      4
        1  0.82553   1.000 -0.000 -0.800  0.627
        2  0.03650  -0.000  1.000  0.021 -0.028
        3  0.94703  -0.800  0.021  1.000 -0.896
        4  0.90888   0.627 -0.028 -0.896  1.000
 ERR MATRIX APPROXIMATE
 **********
 **   18 **HESSE        2000
 **********
 EIGENVALUES OF SECOND-DERIVATIVE MATRIX:
        -9.7852e-01  9.9996e-01  1.9836e+00  1.9949e+00
 MINUIT WARNING IN HESSE   
 ============== MATRIX FORCED POS-DEF BY ADDING 0.980510 TO DIAGONAL.
 FCN=10866.8 FROM HESSE     STATUS=NOT POSDEF     29 CALLS         568 TOTAL
                     EDM=238.514    STRATEGY= 1      ERR MATRIX NOT POS-DEF
  EXT PARAMETER                APPROXIMATE     INTERNAL      INTERNAL  
  NO.   NAME      VALUE            ERROR       STEP SIZE       VALUE   
   1  par_crystal_1_0   1.09723e+00   4.25322e-02   2.54943e-04  -6.09913e-01
   2  par_crystal_1_1   5.09997e+00   7.84798e-01   8.54763e-02   1.56580e+00
   3  par_crystal_1_2   4.83329e+02   1.87856e+01   1.76414e-03  -4.60588e-01
   4  par_crystal_1_3   1.96552e+02   5.33115e+00   2.63738e-03   1.30128e+00
                               ERR DEF= 0.5
 EXTERNAL ERROR MATRIX.    NDIM=  25    NPAR=  4    ERR DEF=0.5
  1.809e-03 -2.197e-07  8.001e-01  2.280e-01 
 -2.197e-07  1.053e-04 -1.173e-04 -3.665e-05 
  8.001e-01 -1.173e-04  3.552e+02  1.010e+02 
  2.280e-01 -3.665e-05  1.010e+02  2.885e+01 
ERR MATRIX NOT POS-DEF
 PARAMETER  CORRELATION COEFFICIENTS  
       NO.  GLOBAL      1      2      3      4
        1  0.99849   1.000 -0.001  0.998  0.998
        2  0.00265  -0.001  1.000 -0.001 -0.001
        3  0.99848   0.998 -0.001  1.000  0.998
        4  0.99849   0.998 -0.001  0.998  1.000
 ERR MATRIX NOT POS-DEF
[#1] INFO:Minization -- RooMinuit::optimizeConst: deactivating const optimization
[#1] INFO:Plotting -- RooAbsPdf::plotOn(f_crystal_1) p.d.f was fitted in range and no explicit plot,norm range was specified, using fit range as default
[#1] INFO:Plotting -- RooAbsPdf::plotOn(f_crystal_1) only plotting range 'fit_nll_f_crystal_1_pred_2'
[#1] INFO:Plotting -- RooAbsPdf::plotOn(f_crystal_1) p.d.f. curve is normalized using explicit choice of ranges 'fit_nll_f_crystal_1_pred_2'
[#1] INFO:Plotting -- RooAbsPdf::plotOn(f_crystal_1) only plotting range 'fit_nll_f_crystal_1_pred_2'
[#1] INFO:Plotting -- RooAbsPdf::plotOn(f_crystal_1) p.d.f. curve is normalized using explicit choice of ranges 'fit_nll_f_crystal_1_pred_2'
[#1] INFO:NumericIntegration -- RooRealIntegral::init(f_crystal_1_Int[x]) using numeric integrator RooIntegrator1D to calculate Int(x)
[#1] INFO:NumericIntegration -- RooRealIntegral::init(f_crystal_1_Int[x|fit_nll_f_crystal_1_pred_2]_Norm[x]) using numeric integrator RooIntegrator1D to calculate Int(x)
[#1] INFO:Plotting -- RooAbsPdf::plotOn(f_crystal_1) only plotting range 'fit_nll_f_crystal_1_pred_2'
[#1] INFO:Plotting -- RooAbsPdf::plotOn(f_crystal_1) p.d.f. curve is normalized using explicit choice of ranges 'fit_nll_f_crystal_1_pred_2'
[#1] INFO:NumericIntegration -- RooRealIntegral::init(f_crystal_1_Int[x]) using numeric integrator RooIntegrator1D to calculate Int(x)
[#1] INFO:NumericIntegration -- RooRealIntegral::init(f_crystal_1_Int[x|fit_nll_f_crystal_1_pred_2]_Norm[x]) using numeric integrator RooIntegrator1D to calculate Int(x)
[#1] INFO:Plotting -- RooAbsPdf::plotOn(f_crystal_1) only plotting range 'fit_nll_f_crystal_1_pred_2'
[#1] INFO:Plotting -- RooAbsPdf::plotOn(f_crystal_1) p.d.f. curve is normalized using explicit choice of ranges 'fit_nll_f_crystal_1_pred_2'
[#1] INFO:NumericIntegration -- RooRealIntegral::init(f_crystal_1_Int[x]) using numeric integrator RooIntegrator1D to calculate Int(x)
[#1] INFO:NumericIntegration -- RooRealIntegral::init(f_crystal_1_Int[x|fit_nll_f_crystal_1_pred_2]_Norm[x]) using numeric integrator RooIntegrator1D to calculate Int(x)
[#1] INFO:Plotting -- RooAbsPdf::plotOn(f_crystal_1) only plotting range 'fit_nll_f_crystal_1_pred_2'
[#1] INFO:Plotting -- RooAbsPdf::plotOn(f_crystal_1) p.d.f. curve is normalized using explicit choice of ranges 'fit_nll_f_crystal_1_pred_2'
[#1] INFO:NumericIntegration -- RooRealIntegral::init(f_crystal_1_Int[x]) using numeric integrator RooIntegrator1D to calculate Int(x)
[#1] INFO:NumericIntegration -- RooRealIntegral::init(f_crystal_1_Int[x|fit_nll_f_crystal_1_pred_2]_Norm[x]) using numeric integrator RooIntegrator1D to calculate Int(x)
[#1] INFO:Plotting -- RooAbsPdf::plotOn(f_crystal_1) only plotting range 'fit_nll_f_crystal_1_pred_2'
[#1] INFO:Plotting -- RooAbsPdf::plotOn(f_crystal_1) p.d.f. curve is normalized using explicit choice of ranges 'fit_nll_f_crystal_1_pred_2'
[#1] INFO:NumericIntegration -- RooRealIntegral::init(f_crystal_1_Int[x]) using numeric integrator RooIntegrator1D to calculate Int(x)
[#1] INFO:NumericIntegration -- RooRealIntegral::init(f_crystal_1_Int[x|fit_nll_f_crystal_1_pred_2]_Norm[x]) using numeric integrator RooIntegrator1D to calculate Int(x)
[#1] INFO:Plotting -- RooAbsPdf::plotOn(f_crystal_1) only plotting range 'fit_nll_f_crystal_1_pred_2'
[#1] INFO:Plotting -- RooAbsPdf::plotOn(f_crystal_1) p.d.f. curve is normalized using explicit choice of ranges 'fit_nll_f_crystal_1_pred_2'
[#1] INFO:NumericIntegration -- RooRealIntegral::init(f_crystal_1_Int[x]) using numeric integrator RooIntegrator1D to calculate Int(x)
[#1] INFO:NumericIntegration -- RooRealIntegral::init(f_crystal_1_Int[x|fit_nll_f_crystal_1_pred_2]_Norm[x]) using numeric integrator RooIntegrator1D to calculate Int(x)
[#1] INFO:Plotting -- RooAbsPdf::plotOn(f_crystal_1) only plotting range 'fit_nll_f_crystal_1_pred_2'
[#1] INFO:Plotting -- RooAbsPdf::plotOn(f_crystal_1) p.d.f. curve is normalized using explicit choice of ranges 'fit_nll_f_crystal_1_pred_2'
[#1] INFO:NumericIntegration -- RooRealIntegral::init(f_crystal_1_Int[x]) using numeric integrator RooIntegrator1D to calculate Int(x)
[#1] INFO:NumericIntegration -- RooRealIntegral::init(f_crystal_1_Int[x|fit_nll_f_crystal_1_pred_2]_Norm[x]) using numeric integrator RooIntegrator1D to calculate Int(x)
[#1] INFO:Plotting -- RooAbsPdf::plotOn(f_crystal_1) only plotting range 'fit_nll_f_crystal_1_pred_2'
[#1] INFO:Plotting -- RooAbsPdf::plotOn(f_crystal_1) p.d.f. curve is normalized using explicit choice of ranges 'fit_nll_f_crystal_1_pred_2'
[#1] INFO:NumericIntegration -- RooRealIntegral::init(f_crystal_1_Int[x]) using numeric integrator RooIntegrator1D to calculate Int(x)
[#1] INFO:NumericIntegration -- RooRealIntegral::init(f_crystal_1_Int[x|fit_nll_f_crystal_1_pred_2]_Norm[x]) using numeric integrator RooIntegrator1D to calculate Int(x)
[#1] INFO:Plotting -- RooAbsPdf::plotOn(f_crystal_1) only plotting range 'fit_nll_f_crystal_1_pred_2'
[#1] INFO:Plotting -- RooAbsPdf::plotOn(f_crystal_1) p.d.f. curve is normalized using explicit choice of ranges 'fit_nll_f_crystal_1_pred_2'
[#1] INFO:NumericIntegration -- RooRealIntegral::init(f_crystal_1_Int[x]) using numeric integrator RooIntegrator1D to calculate Int(x)
[#1] INFO:NumericIntegration -- RooRealIntegral::init(f_crystal_1_Int[x|fit_nll_f_crystal_1_pred_2]_Norm[x]) using numeric integrator RooIntegrator1D to calculate Int(x)
[#1] INFO:Plotting -- RooAbsPdf::plotOn(f_crystal_1) p.d.f was fitted in range and no explicit plot,norm range was specified, using fit range as default
[#1] INFO:Plotting -- RooAbsPdf::plotOn(f_crystal_1) only plotting range 'fit_nll_f_crystal_1_pred_2'
[#1] INFO:Plotting -- RooAbsPdf::plotOn(f_crystal_1) p.d.f. curve is normalized using explicit choice of ranges 'fit_nll_f_crystal_1_pred_2'
[#1] INFO:NumericIntegration -- RooRealIntegral::init(f_crystal_1_Int[x]) using numeric integrator RooIntegrator1D to calculate Int(x)
[#1] INFO:NumericIntegration -- RooRealIntegral::init(f_crystal_1_Int[x|fit_nll_f_crystal_1_pred_2]_Norm[x]) using numeric integrator RooIntegrator1D to calculate Int(x)
[#1] INFO:NumericIntegration -- RooRealIntegral::init(f_crystal_1_Int[x]) using numeric integrator RooIntegrator1D to calculate Int(x)
[#1] INFO:NumericIntegration -- RooRealIntegral::init(f_gaus_exp_Int[x]) using numeric integrator RooIntegrator1D to calculate Int(x)
[#1] INFO:NumericIntegration -- RooRealIntegral::init(f_crystal_Int[x]) using numeric integrator RooIntegrator1D to calculate Int(x)
[#1] INFO:NumericIntegration -- RooRealIntegral::init(f_gaus_exp_Int[x]) using numeric integrator RooIntegrator1D to calculate Int(x)
[#1] INFO:NumericIntegration -- RooRealIntegral::init(f_gaus_exp_Int[x]) using numeric integrator RooIntegrator1D to calculate Int(x)
[#1] INFO:NumericIntegration -- RooRealIntegral::init(f_gaus_exp_Int[x]) using numeric integrator RooIntegrator1D to calculate Int(x)
[#1] INFO:NumericIntegration -- RooRealIntegral::init(f_crystal_1_Int[x]) using numeric integrator RooIntegrator1D to calculate Int(x)
[#1] INFO:Plotting -- RooAbsPdf::plotOn(f_gaus_exp) p.d.f was fitted in range and no explicit plot,norm range was specified, using fit range as default
[#1] INFO:Plotting -- RooAbsPdf::plotOn(f_gaus_exp) only plotting range 'fit_nll_f_gaus_exp_pred_1'
[#1] INFO:Plotting -- RooAbsPdf::plotOn(f_gaus_exp) p.d.f. curve is normalized using explicit choice of ranges 'fit_nll_f_gaus_exp_pred_1'
[#1] INFO:Plotting -- RooAbsPdf::plotOn(f_gaus_exp) only plotting range 'fit_nll_f_gaus_exp_pred_1'
[#1] INFO:Plotting -- RooAbsPdf::plotOn(f_gaus_exp) p.d.f. curve is normalized using explicit choice of ranges 'fit_nll_f_gaus_exp_pred_1'
[#1] INFO:NumericIntegration -- RooRealIntegral::init(f_gaus_exp_Int[x]) using numeric integrator RooIntegrator1D to calculate Int(x)
[#1] INFO:NumericIntegration -- RooRealIntegral::init(f_gaus_exp_Int[x|fit_nll_f_gaus_exp_pred_1]_Norm[x]) using numeric integrator RooIntegrator1D to calculate Int(x)
[#1] INFO:Plotting -- RooAbsPdf::plotOn(f_gaus_exp) only plotting range 'fit_nll_f_gaus_exp_pred_1'
[#1] INFO:Plotting -- RooAbsPdf::plotOn(f_gaus_exp) p.d.f. curve is normalized using explicit choice of ranges 'fit_nll_f_gaus_exp_pred_1'
[#1] INFO:NumericIntegration -- RooRealIntegral::init(f_gaus_exp_Int[x]) using numeric integrator RooIntegrator1D to calculate Int(x)
[#1] INFO:NumericIntegration -- RooRealIntegral::init(f_gaus_exp_Int[x|fit_nll_f_gaus_exp_pred_1]_Norm[x]) using numeric integrator RooIntegrator1D to calculate Int(x)
[#1] INFO:Plotting -- RooAbsPdf::plotOn(f_gaus_exp) only plotting range 'fit_nll_f_gaus_exp_pred_1'
[#1] INFO:Plotting -- RooAbsPdf::plotOn(f_gaus_exp) p.d.f. curve is normalized using explicit choice of ranges 'fit_nll_f_gaus_exp_pred_1'
[#1] INFO:NumericIntegration -- RooRealIntegral::init(f_gaus_exp_Int[x]) using numeric integrator RooIntegrator1D to calculate Int(x)
[#1] INFO:NumericIntegration -- RooRealIntegral::init(f_gaus_exp_Int[x|fit_nll_f_gaus_exp_pred_1]_Norm[x]) using numeric integrator RooIntegrator1D to calculate Int(x)
[#1] INFO:Plotting -- RooAbsPdf::plotOn(f_gaus_exp) only plotting range 'fit_nll_f_gaus_exp_pred_1'
[#1] INFO:Plotting -- RooAbsPdf::plotOn(f_gaus_exp) p.d.f. curve is normalized using explicit choice of ranges 'fit_nll_f_gaus_exp_pred_1'
[#1] INFO:NumericIntegration -- RooRealIntegral::init(f_gaus_exp_Int[x]) using numeric integrator RooIntegrator1D to calculate Int(x)
[#1] INFO:NumericIntegration -- RooRealIntegral::init(f_gaus_exp_Int[x|fit_nll_f_gaus_exp_pred_1]_Norm[x]) using numeric integrator RooIntegrator1D to calculate Int(x)
[#1] INFO:Plotting -- RooAbsPdf::plotOn(f_gaus_exp) only plotting range 'fit_nll_f_gaus_exp_pred_1'
[#1] INFO:Plotting -- RooAbsPdf::plotOn(f_gaus_exp) p.d.f. curve is normalized using explicit choice of ranges 'fit_nll_f_gaus_exp_pred_1'
[#1] INFO:NumericIntegration -- RooRealIntegral::init(f_gaus_exp_Int[x]) using numeric integrator RooIntegrator1D to calculate Int(x)
[#1] INFO:NumericIntegration -- RooRealIntegral::init(f_gaus_exp_Int[x|fit_nll_f_gaus_exp_pred_1]_Norm[x]) using numeric integrator RooIntegrator1D to calculate Int(x)
[#1] INFO:Plotting -- RooAbsPdf::plotOn(f_gaus_exp) only plotting range 'fit_nll_f_gaus_exp_pred_1'
[#1] INFO:Plotting -- RooAbsPdf::plotOn(f_gaus_exp) p.d.f. curve is normalized using explicit choice of ranges 'fit_nll_f_gaus_exp_pred_1'
[#1] INFO:NumericIntegration -- RooRealIntegral::init(f_gaus_exp_Int[x]) using numeric integrator RooIntegrator1D to calculate Int(x)
[#1] INFO:NumericIntegration -- RooRealIntegral::init(f_gaus_exp_Int[x|fit_nll_f_gaus_exp_pred_1]_Norm[x]) using numeric integrator RooIntegrator1D to calculate Int(x)
[#1] INFO:Plotting -- RooAbsPdf::plotOn(f_gaus_exp) only plotting range 'fit_nll_f_gaus_exp_pred_1'
[#1] INFO:Plotting -- RooAbsPdf::plotOn(f_gaus_exp) p.d.f. curve is normalized using explicit choice of ranges 'fit_nll_f_gaus_exp_pred_1'
[#1] INFO:NumericIntegration -- RooRealIntegral::init(f_gaus_exp_Int[x]) using numeric integrator RooIntegrator1D to calculate Int(x)
[#1] INFO:NumericIntegration -- RooRealIntegral::init(f_gaus_exp_Int[x|fit_nll_f_gaus_exp_pred_1]_Norm[x]) using numeric integrator RooIntegrator1D to calculate Int(x)
[#1] INFO:Plotting -- RooAbsPdf::plotOn(f_crystal) p.d.f was fitted in range and no explicit plot,norm range was specified, using fit range as default
[#1] INFO:Plotting -- RooAbsPdf::plotOn(f_crystal) only plotting range 'fit_nll_f_crystal_pred_1'
[#1] INFO:Plotting -- RooAbsPdf::plotOn(f_crystal) p.d.f. curve is normalized using explicit choice of ranges 'fit_nll_f_crystal_pred_1'
[#1] INFO:Plotting -- RooAbsPdf::plotOn(f_crystal) only plotting range 'fit_nll_f_crystal_pred_1'
[#1] INFO:Plotting -- RooAbsPdf::plotOn(f_crystal) p.d.f. curve is normalized using explicit choice of ranges 'fit_nll_f_crystal_pred_1'
[#1] INFO:NumericIntegration -- RooRealIntegral::init(f_crystal_Int[x]) using numeric integrator RooIntegrator1D to calculate Int(x)
[#1] INFO:NumericIntegration -- RooRealIntegral::init(f_crystal_Int[x|fit_nll_f_crystal_pred_1]_Norm[x]) using numeric integrator RooIntegrator1D to calculate Int(x)
[#1] INFO:Plotting -- RooAbsPdf::plotOn(f_crystal) only plotting range 'fit_nll_f_crystal_pred_1'
[#1] INFO:Plotting -- RooAbsPdf::plotOn(f_crystal) p.d.f. curve is normalized using explicit choice of ranges 'fit_nll_f_crystal_pred_1'
[#1] INFO:NumericIntegration -- RooRealIntegral::init(f_crystal_Int[x]) using numeric integrator RooIntegrator1D to calculate Int(x)
[#1] INFO:NumericIntegration -- RooRealIntegral::init(f_crystal_Int[x|fit_nll_f_crystal_pred_1]_Norm[x]) using numeric integrator RooIntegrator1D to calculate Int(x)
[#1] INFO:Plotting -- RooAbsPdf::plotOn(f_crystal) only plotting range 'fit_nll_f_crystal_pred_1'
[#1] INFO:Plotting -- RooAbsPdf::plotOn(f_crystal) p.d.f. curve is normalized using explicit choice of ranges 'fit_nll_f_crystal_pred_1'
[#1] INFO:NumericIntegration -- RooRealIntegral::init(f_crystal_Int[x]) using numeric integrator RooIntegrator1D to calculate Int(x)
[#1] INFO:NumericIntegration -- RooRealIntegral::init(f_crystal_Int[x|fit_nll_f_crystal_pred_1]_Norm[x]) using numeric integrator RooIntegrator1D to calculate Int(x)
[#1] INFO:Plotting -- RooAbsPdf::plotOn(f_crystal) only plotting range 'fit_nll_f_crystal_pred_1'
[#1] INFO:Plotting -- RooAbsPdf::plotOn(f_crystal) p.d.f. curve is normalized using explicit choice of ranges 'fit_nll_f_crystal_pred_1'
[#1] INFO:NumericIntegration -- RooRealIntegral::init(f_crystal_Int[x]) using numeric integrator RooIntegrator1D to calculate Int(x)
[#1] INFO:NumericIntegration -- RooRealIntegral::init(f_crystal_Int[x|fit_nll_f_crystal_pred_1]_Norm[x]) using numeric integrator RooIntegrator1D to calculate Int(x)
[#1] INFO:Plotting -- RooAbsPdf::plotOn(f_crystal) only plotting range 'fit_nll_f_crystal_pred_1'
[#1] INFO:Plotting -- RooAbsPdf::plotOn(f_crystal) p.d.f. curve is normalized using explicit choice of ranges 'fit_nll_f_crystal_pred_1'
[#1] INFO:NumericIntegration -- RooRealIntegral::init(f_crystal_Int[x]) using numeric integrator RooIntegrator1D to calculate Int(x)
[#1] INFO:NumericIntegration -- RooRealIntegral::init(f_crystal_Int[x|fit_nll_f_crystal_pred_1]_Norm[x]) using numeric integrator RooIntegrator1D to calculate Int(x)
[#1] INFO:Plotting -- RooAbsPdf::plotOn(f_crystal) only plotting range 'fit_nll_f_crystal_pred_1'
[#1] INFO:Plotting -- RooAbsPdf::plotOn(f_crystal) p.d.f. curve is normalized using explicit choice of ranges 'fit_nll_f_crystal_pred_1'
[#1] INFO:NumericIntegration -- RooRealIntegral::init(f_crystal_Int[x]) using numeric integrator RooIntegrator1D to calculate Int(x)
[#1] INFO:NumericIntegration -- RooRealIntegral::init(f_crystal_Int[x|fit_nll_f_crystal_pred_1]_Norm[x]) using numeric integrator RooIntegrator1D to calculate Int(x)
[#1] INFO:Plotting -- RooAbsPdf::plotOn(f_crystal) only plotting range 'fit_nll_f_crystal_pred_1'
[#1] INFO:Plotting -- RooAbsPdf::plotOn(f_crystal) p.d.f. curve is normalized using explicit choice of ranges 'fit_nll_f_crystal_pred_1'
[#1] INFO:NumericIntegration -- RooRealIntegral::init(f_crystal_Int[x]) using numeric integrator RooIntegrator1D to calculate Int(x)
[#1] INFO:NumericIntegration -- RooRealIntegral::init(f_crystal_Int[x|fit_nll_f_crystal_pred_1]_Norm[x]) using numeric integrator RooIntegrator1D to calculate Int(x)
[#1] INFO:Plotting -- RooAbsPdf::plotOn(f_crystal) only plotting range 'fit_nll_f_crystal_pred_1'
[#1] INFO:Plotting -- RooAbsPdf::plotOn(f_crystal) p.d.f. curve is normalized using explicit choice of ranges 'fit_nll_f_crystal_pred_1'
[#1] INFO:NumericIntegration -- RooRealIntegral::init(f_crystal_Int[x]) using numeric integrator RooIntegrator1D to calculate Int(x)
[#1] INFO:NumericIntegration -- RooRealIntegral::init(f_crystal_Int[x|fit_nll_f_crystal_pred_1]_Norm[x]) using numeric integrator RooIntegrator1D to calculate Int(x)
[#1] INFO:Plotting -- RooAbsPdf::plotOn(f_crystal) only plotting range 'fit_nll_f_crystal_pred_1'
[#1] INFO:Plotting -- RooAbsPdf::plotOn(f_crystal) p.d.f. curve is normalized using explicit choice of ranges 'fit_nll_f_crystal_pred_1'
[#1] INFO:NumericIntegration -- RooRealIntegral::init(f_crystal_Int[x]) using numeric integrator RooIntegrator1D to calculate Int(x)
[#1] INFO:NumericIntegration -- RooRealIntegral::init(f_crystal_Int[x|fit_nll_f_crystal_pred_1]_Norm[x]) using numeric integrator RooIntegrator1D to calculate Int(x)
[#1] INFO:Plotting -- RooAbsPdf::plotOn(f_gaus_exp) p.d.f was fitted in range and no explicit plot,norm range was specified, using fit range as default
[#1] INFO:Plotting -- RooAbsPdf::plotOn(f_gaus_exp) only plotting range 'fit_nll_f_gaus_exp_pred_1'
[#1] INFO:Plotting -- RooAbsPdf::plotOn(f_gaus_exp) p.d.f. curve is normalized using explicit choice of ranges 'fit_nll_f_gaus_exp_pred_1'
[#1] INFO:NumericIntegration -- RooRealIntegral::init(f_gaus_exp_Int[x]) using numeric integrator RooIntegrator1D to calculate Int(x)
[#1] INFO:NumericIntegration -- RooRealIntegral::init(f_gaus_exp_Int[x|fit_nll_f_gaus_exp_pred_1]_Norm[x]) using numeric integrator RooIntegrator1D to calculate Int(x)
[#1] INFO:Plotting -- RooAbsPdf::plotOn(f_crystal) p.d.f was fitted in range and no explicit plot,norm range was specified, using fit range as default
[#1] INFO:Plotting -- RooAbsPdf::plotOn(f_crystal) only plotting range 'fit_nll_f_crystal_pred_1'
[#1] INFO:Plotting -- RooAbsPdf::plotOn(f_crystal) p.d.f. curve is normalized using explicit choice of ranges 'fit_nll_f_crystal_pred_1'
[#1] INFO:NumericIntegration -- RooRealIntegral::init(f_crystal_Int[x]) using numeric integrator RooIntegrator1D to calculate Int(x)
[#1] INFO:NumericIntegration -- RooRealIntegral::init(f_crystal_Int[x|fit_nll_f_crystal_pred_1]_Norm[x]) using numeric integrator RooIntegrator1D to calculate Int(x)
35.9 fb^{-1} (13 TeV)
[#1] INFO:Plotting -- RooAbsPdf::plotOn(f_crystal_1) p.d.f was fitted in range and no explicit plot,norm range was specified, using fit range as default
[#1] INFO:Plotting -- RooAbsPdf::plotOn(f_crystal_1) only plotting range 'fit_nll_f_crystal_1_pred_2'
[#1] INFO:Plotting -- RooAbsPdf::plotOn(f_crystal_1) p.d.f. curve is normalized using explicit choice of ranges 'fit_nll_f_crystal_1_pred_2'
[#1] INFO:Plotting -- RooAbsPdf::plotOn(f_crystal_1) only plotting range 'fit_nll_f_crystal_1_pred_2'
[#1] INFO:Plotting -- RooAbsPdf::plotOn(f_crystal_1) p.d.f. curve is normalized using explicit choice of ranges 'fit_nll_f_crystal_1_pred_2'
[#1] INFO:NumericIntegration -- RooRealIntegral::init(f_crystal_1_Int[x]) using numeric integrator RooIntegrator1D to calculate Int(x)
[#1] INFO:NumericIntegration -- RooRealIntegral::init(f_crystal_1_Int[x|fit_nll_f_crystal_1_pred_2]_Norm[x]) using numeric integrator RooIntegrator1D to calculate Int(x)
[#1] INFO:Plotting -- RooAbsPdf::plotOn(f_crystal_1) only plotting range 'fit_nll_f_crystal_1_pred_2'
[#1] INFO:Plotting -- RooAbsPdf::plotOn(f_crystal_1) p.d.f. curve is normalized using explicit choice of ranges 'fit_nll_f_crystal_1_pred_2'
[#1] INFO:NumericIntegration -- RooRealIntegral::init(f_crystal_1_Int[x]) using numeric integrator RooIntegrator1D to calculate Int(x)
[#1] INFO:NumericIntegration -- RooRealIntegral::init(f_crystal_1_Int[x|fit_nll_f_crystal_1_pred_2]_Norm[x]) using numeric integrator RooIntegrator1D to calculate Int(x)
[#1] INFO:Plotting -- RooAbsPdf::plotOn(f_crystal_1) only plotting range 'fit_nll_f_crystal_1_pred_2'
[#1] INFO:Plotting -- RooAbsPdf::plotOn(f_crystal_1) p.d.f. curve is normalized using explicit choice of ranges 'fit_nll_f_crystal_1_pred_2'
[#1] INFO:NumericIntegration -- RooRealIntegral::init(f_crystal_1_Int[x]) using numeric integrator RooIntegrator1D to calculate Int(x)
[#1] INFO:NumericIntegration -- RooRealIntegral::init(f_crystal_1_Int[x|fit_nll_f_crystal_1_pred_2]_Norm[x]) using numeric integrator RooIntegrator1D to calculate Int(x)
[#1] INFO:Plotting -- RooAbsPdf::plotOn(f_crystal_1) only plotting range 'fit_nll_f_crystal_1_pred_2'
[#1] INFO:Plotting -- RooAbsPdf::plotOn(f_crystal_1) p.d.f. curve is normalized using explicit choice of ranges 'fit_nll_f_crystal_1_pred_2'
[#1] INFO:NumericIntegration -- RooRealIntegral::init(f_crystal_1_Int[x]) using numeric integrator RooIntegrator1D to calculate Int(x)
[#1] INFO:NumericIntegration -- RooRealIntegral::init(f_crystal_1_Int[x|fit_nll_f_crystal_1_pred_2]_Norm[x]) using numeric integrator RooIntegrator1D to calculate Int(x)
[#1] INFO:Plotting -- RooAbsPdf::plotOn(f_crystal_1) only plotting range 'fit_nll_f_crystal_1_pred_2'
[#1] INFO:Plotting -- RooAbsPdf::plotOn(f_crystal_1) p.d.f. curve is normalized using explicit choice of ranges 'fit_nll_f_crystal_1_pred_2'
[#1] INFO:NumericIntegration -- RooRealIntegral::init(f_crystal_1_Int[x]) using numeric integrator RooIntegrator1D to calculate Int(x)
[#1] INFO:NumericIntegration -- RooRealIntegral::init(f_crystal_1_Int[x|fit_nll_f_crystal_1_pred_2]_Norm[x]) using numeric integrator RooIntegrator1D to calculate Int(x)
[#1] INFO:Plotting -- RooAbsPdf::plotOn(f_crystal_1) only plotting range 'fit_nll_f_crystal_1_pred_2'
[#1] INFO:Plotting -- RooAbsPdf::plotOn(f_crystal_1) p.d.f. curve is normalized using explicit choice of ranges 'fit_nll_f_crystal_1_pred_2'
[#1] INFO:NumericIntegration -- RooRealIntegral::init(f_crystal_1_Int[x]) using numeric integrator RooIntegrator1D to calculate Int(x)
[#1] INFO:NumericIntegration -- RooRealIntegral::init(f_crystal_1_Int[x|fit_nll_f_crystal_1_pred_2]_Norm[x]) using numeric integrator RooIntegrator1D to calculate Int(x)
[#1] INFO:Plotting -- RooAbsPdf::plotOn(f_crystal_1) only plotting range 'fit_nll_f_crystal_1_pred_2'
[#1] INFO:Plotting -- RooAbsPdf::plotOn(f_crystal_1) p.d.f. curve is normalized using explicit choice of ranges 'fit_nll_f_crystal_1_pred_2'
[#1] INFO:NumericIntegration -- RooRealIntegral::init(f_crystal_1_Int[x]) using numeric integrator RooIntegrator1D to calculate Int(x)
[#1] INFO:NumericIntegration -- RooRealIntegral::init(f_crystal_1_Int[x|fit_nll_f_crystal_1_pred_2]_Norm[x]) using numeric integrator RooIntegrator1D to calculate Int(x)
[#1] INFO:Plotting -- RooAbsPdf::plotOn(f_crystal_1) only plotting range 'fit_nll_f_crystal_1_pred_2'
[#1] INFO:Plotting -- RooAbsPdf::plotOn(f_crystal_1) p.d.f. curve is normalized using explicit choice of ranges 'fit_nll_f_crystal_1_pred_2'
[#1] INFO:NumericIntegration -- RooRealIntegral::init(f_crystal_1_Int[x]) using numeric integrator RooIntegrator1D to calculate Int(x)
[#1] INFO:NumericIntegration -- RooRealIntegral::init(f_crystal_1_Int[x|fit_nll_f_crystal_1_pred_2]_Norm[x]) using numeric integrator RooIntegrator1D to calculate Int(x)
[#1] INFO:Plotting -- RooAbsPdf::plotOn(f_crystal_1) only plotting range 'fit_nll_f_crystal_1_pred_2'
[#1] INFO:Plotting -- RooAbsPdf::plotOn(f_crystal_1) p.d.f. curve is normalized using explicit choice of ranges 'fit_nll_f_crystal_1_pred_2'
[#1] INFO:NumericIntegration -- RooRealIntegral::init(f_crystal_1_Int[x]) using numeric integrator RooIntegrator1D to calculate Int(x)
[#1] INFO:NumericIntegration -- RooRealIntegral::init(f_crystal_1_Int[x|fit_nll_f_crystal_1_pred_2]_Norm[x]) using numeric integrator RooIntegrator1D to calculate Int(x)
[#1] INFO:Plotting -- RooAbsPdf::plotOn(f_novo) p.d.f was fitted in range and no explicit plot,norm range was specified, using fit range as default
[#1] INFO:Plotting -- RooAbsPdf::plotOn(f_novo) only plotting range 'fit_nll_f_novo_pred_2'
[#1] INFO:Plotting -- RooAbsPdf::plotOn(f_novo) p.d.f. curve is normalized using explicit choice of ranges 'fit_nll_f_novo_pred_2'
[#1] INFO:Plotting -- RooAbsPdf::plotOn(f_novo) only plotting range 'fit_nll_f_novo_pred_2'
[#1] INFO:Plotting -- RooAbsPdf::plotOn(f_novo) p.d.f. curve is normalized using explicit choice of ranges 'fit_nll_f_novo_pred_2'
[#1] INFO:Plotting -- RooAbsPdf::plotOn(f_novo) only plotting range 'fit_nll_f_novo_pred_2'
[#1] INFO:Plotting -- RooAbsPdf::plotOn(f_novo) p.d.f. curve is normalized using explicit choice of ranges 'fit_nll_f_novo_pred_2'
[#1] INFO:Plotting -- RooAbsPdf::plotOn(f_novo) only plotting range 'fit_nll_f_novo_pred_2'
[#1] INFO:Plotting -- RooAbsPdf::plotOn(f_novo) p.d.f. curve is normalized using explicit choice of ranges 'fit_nll_f_novo_pred_2'
[#1] INFO:Plotting -- RooAbsPdf::plotOn(f_novo) only plotting range 'fit_nll_f_novo_pred_2'
[#1] INFO:Plotting -- RooAbsPdf::plotOn(f_novo) p.d.f. curve is normalized using explicit choice of ranges 'fit_nll_f_novo_pred_2'
[#1] INFO:Plotting -- RooAbsPdf::plotOn(f_novo) only plotting range 'fit_nll_f_novo_pred_2'
[#1] INFO:Plotting -- RooAbsPdf::plotOn(f_novo) p.d.f. curve is normalized using explicit choice of ranges 'fit_nll_f_novo_pred_2'
[#1] INFO:Plotting -- RooAbsPdf::plotOn(f_novo) only plotting range 'fit_nll_f_novo_pred_2'
[#1] INFO:Plotting -- RooAbsPdf::plotOn(f_novo) p.d.f. curve is normalized using explicit choice of ranges 'fit_nll_f_novo_pred_2'
[#1] INFO:Plotting -- RooAbsPdf::plotOn(f_novo) only plotting range 'fit_nll_f_novo_pred_2'
[#1] INFO:Plotting -- RooAbsPdf::plotOn(f_novo) p.d.f. curve is normalized using explicit choice of ranges 'fit_nll_f_novo_pred_2'
[#1] INFO:Plotting -- RooAbsPdf::plotOn(f_crystal_1) p.d.f was fitted in range and no explicit plot,norm range was specified, using fit range as default
[#1] INFO:Plotting -- RooAbsPdf::plotOn(f_crystal_1) only plotting range 'fit_nll_f_crystal_1_pred_2'
[#1] INFO:Plotting -- RooAbsPdf::plotOn(f_crystal_1) p.d.f. curve is normalized using explicit choice of ranges 'fit_nll_f_crystal_1_pred_2'
[#1] INFO:NumericIntegration -- RooRealIntegral::init(f_crystal_1_Int[x]) using numeric integrator RooIntegrator1D to calculate Int(x)
[#1] INFO:NumericIntegration -- RooRealIntegral::init(f_crystal_1_Int[x|fit_nll_f_crystal_1_pred_2]_Norm[x]) using numeric integrator RooIntegrator1D to calculate Int(x)
[#1] INFO:Plotting -- RooAbsPdf::plotOn(f_novo) p.d.f was fitted in range and no explicit plot,norm range was specified, using fit range as default
[#1] INFO:Plotting -- RooAbsPdf::plotOn(f_novo) only plotting range 'fit_nll_f_novo_pred_2'
[#1] INFO:Plotting -- RooAbsPdf::plotOn(f_novo) p.d.f. curve is normalized using explicit choice of ranges 'fit_nll_f_novo_pred_2'
35.9 fb^{-1} (13 TeV)
[#1] INFO:DataHandling -- RooDataHist::adjustBinning(data_obs_crystal_550_1200): fit range of variable x expanded to nearest bin boundaries: [550,1200] --> [550,1200]
[#1] INFO:DataHandling -- RooDataHist::adjustBinning(data_obs_gaus_exp_550_1200): fit range of variable x expanded to nearest bin boundaries: [550,1200] --> [550,1200]
[#1] INFO:DataHandling -- RooDataHist::adjustBinning(data_obs_novo_550_1200): fit range of variable x expanded to nearest bin boundaries: [550,1200] --> [550,1200]
[#1] INFO:DataHandling -- RooDataHist::adjustBinning(data_obs_crystal_1_550_1200): fit range of variable x expanded to nearest bin boundaries: [550,1200] --> [550,1200]
[#1] INFO:ObjectHandling -- RooWorkspace::import(HbbHbb) importing dataset data_obs_crystal_550_1200
[#1] INFO:ObjectHandling -- RooWorkspace::import(HbbHbb) importing RooRealVar::x
[#1] INFO:ObjectHandling -- RooWorkspace::import(HbbHbb) importing RevCrystalBall::f_crystal
[#1] INFO:ObjectHandling -- RooWorkspace::import(HbbHbb) importing RooRealVar::par_crystal_0
[#1] INFO:ObjectHandling -- RooWorkspace::import(HbbHbb) importing RooRealVar::par_crystal_1
[#1] INFO:ObjectHandling -- RooWorkspace::import(HbbHbb) importing RooRealVar::par_crystal_2
[#1] INFO:ObjectHandling -- RooWorkspace::import(HbbHbb) importing RooRealVar::par_crystal_3
[#1] INFO:ObjectHandling -- RooWorkspace::import(HbbHbb) importing dataset data_obs_gaus_exp_550_1200
[#1] INFO:ObjectHandling -- RooWorkspace::import(HbbHbb) importing RooRealVar::x
[#1] INFO:ObjectHandling -- RooWorkspace::import(HbbHbb) importing GaussExp::f_gaus_exp
[#1] INFO:ObjectHandling -- RooWorkspace::import(HbbHbb) importing RooRealVar::par_gaus_exp_0
[#1] INFO:ObjectHandling -- RooWorkspace::import(HbbHbb) importing RooRealVar::par_gaus_exp_1
[#1] INFO:ObjectHandling -- RooWorkspace::import(HbbHbb) importing RooRealVar::par_gaus_exp_2
[#1] INFO:ObjectHandling -- RooWorkspace::import(HbbHbb) importing dataset data_obs_novo_550_1200
[#1] INFO:ObjectHandling -- RooWorkspace::import(HbbHbb) importing RooRealVar::x
[#1] INFO:ObjectHandling -- RooWorkspace::import(HbbHbb) importing RooNovosibirsk::f_novo
[#1] INFO:ObjectHandling -- RooWorkspace::import(HbbHbb) importing RooRealVar::par_novo_1
[#1] INFO:ObjectHandling -- RooWorkspace::import(HbbHbb) importing RooRealVar::par_novo_0
[#1] INFO:ObjectHandling -- RooWorkspace::import(HbbHbb) importing RooRealVar::par_novo_2
[#1] INFO:ObjectHandling -- RooWorkspace::import(HbbHbb) importing dataset data_obs_crystal_1_550_1200
[#1] INFO:ObjectHandling -- RooWorkspace::import(HbbHbb) importing RooRealVar::x
[#1] INFO:ObjectHandling -- RooWorkspace::import(HbbHbb) importing RevCrystalBall::f_crystal_1
[#1] INFO:ObjectHandling -- RooWorkspace::import(HbbHbb) importing RooRealVar::par_crystal_1_0
[#1] INFO:ObjectHandling -- RooWorkspace::import(HbbHbb) importing RooRealVar::par_crystal_1_1
[#1] INFO:ObjectHandling -- RooWorkspace::import(HbbHbb) importing RooRealVar::par_crystal_1_2
[#1] INFO:ObjectHandling -- RooWorkspace::import(HbbHbb) importing RooRealVar::par_crystal_1_3
 === RooFit data fit result to be entered in datacard === 
 Background number of crystal_550_1200 = 1266.17
 Background number of gaus_exp_550_1200 = 1266.17
 Background number of novo_550_1200 = 1266.17
 Background number of crystal_1_550_1200 = 1266.17
 Background number of gaus_bern_550_1200 = 1266.17
 Background number of landau_550_1200 = 1266.17
par_crystal_0   param   1.11079 0.0431984
par_crystal_1   param   5.08061 3.28337
par_crystal_2   param   476.04 8.02153
par_crystal_3   param   199.914 22.6294
par_crystal_1_0   param   1.09723 0.0425322
par_crystal_1_1   param   5.09997 0.784798
par_crystal_1_2   param   483.329 18.7856
par_crystal_1_3   param   196.552 5.33115
par_gaus_exp_0   param   562.504 3.77274
par_gaus_exp_1   param   24.6552 14.6349
par_gaus_exp_2   param   0.114604 0.0693856
par_novo_0   param   500 120.312
par_novo_1   param   130.637 20.1762
par_novo_2   param   -0.695187 0.162575
