>>> including systematics
>>> method used to compute upper limit is Asymptotic
>>> random number generator seed is 123456
[?1034hComputing limit starting from observation
Will compute both limit(s) using minimizer Minuit2 with strategy 0 and tolerance 0.01
Constraints of type RooGaussian: 4
Constraints of type SimpleGaussianConstraint: 6
Median for expected limits: 0.419922
Sigma  for expected limits: 0.21425
Constraints of type RooGaussian: 4
Constraints of type SimpleGaussianConstraint: 6
Constraints of type RooGaussian: 4
Constraints of type SimpleGaussianConstraint: 6
Restricting r to positive values.

Make global fit of real data
NLL at global minimum of data: -79.8452 (r = 3.09587e-09)

Make global fit of asimov data
NLL at global minimum of asimov: -47.5701 (r = 0.00603225)
At r = 1.200000:	q_mu = 54.67755	q_A  = 24.58001	CLsb = 0.00000	CLb  = 0.00120	CLs  = 0.00000
At r = 0.600000:	q_mu = 25.60673	q_A  = 7.46739	CLsb = 0.00000	CLb  = 0.00045	CLs  = 0.00000
At r = 0.300000:	q_mu = 11.89483	q_A  = 1.98141	CLsb = 0.00000	CLb  = 0.00021	CLs  = 0.00193
At r = 0.150000:	q_mu = 5.63141	q_A  = 0.48833	CLsb = 0.00001	CLb  = 0.00012	CLs  = 0.05117
At r = 0.225000:	q_mu = 8.69682	q_A  = 1.11582	CLsb = 0.00000	CLb  = 0.00017	CLs  = 0.01024
At r = 0.187500:	q_mu = 7.14587	q_A  = 0.77145	CLsb = 0.00000	CLb  = 0.00014	CLs  = 0.02308
At r = 0.158369:	q_mu = 5.96613	q_A  = 0.54607	CLsb = 0.00001	CLb  = 0.00012	CLs  = 0.04290
At r = 0.152551:	q_mu = 5.73324	q_A  = 0.50560	CLsb = 0.00001	CLb  = 0.00012	CLs  = 0.04850
At r = 0.151389:	q_mu = 5.68681	q_A  = 0.49770	CLsb = 0.00001	CLb  = 0.00012	CLs  = 0.04970
At r = 0.150879:	q_mu = 5.66647	q_A  = 0.49425	CLsb = 0.00001	CLb  = 0.00012	CLs  = 0.05023

 -- Asymptotic -- 
Observed Limit: r < 0.1509
Expected  2.5%: r < 0.2272
Expected 16.0%: r < 0.3017
Expected 50.0%: r < 0.4199
Expected 84.0%: r < 0.5990
Expected 97.5%: r < 0.8188

Done in 0.00 min (cpu), 0.00 min (real)
