>>> including systematics
>>> method used to compute upper limit is Asymptotic
>>> random number generator seed is 123456
[?1034hComputing limit starting from observation
Will compute both limit(s) using minimizer Minuit2 with strategy 0 and tolerance 0.01
Constraints of type RooGaussian: 4
Constraints of type SimpleGaussianConstraint: 6
Median for expected limits: 0.0473633
Sigma  for expected limits: 0.0241654
Constraints of type RooGaussian: 4
Constraints of type SimpleGaussianConstraint: 6
Constraints of type RooGaussian: 4
Constraints of type SimpleGaussianConstraint: 6
Restricting r to positive values.

Make global fit of real data
NLL at global minimum of data: -1788.75 (r = 1.00242e-07)

Make global fit of asimov data
NLL at global minimum of asimov: -1732.84 (r = 0.00037987)
At r = 1.200000:	q_mu = 384.14696	q_A  = 350.36287	CLsb = 0.00000	CLb  = 0.18341	CLs  = 0.00000
At r = 0.600000:	q_mu = 199.54085	q_A  = 176.76095	CLsb = 0.00000	CLb  = 0.19581	CLs  = 0.00000
At r = 0.300000:	q_mu = 97.05166	q_A  = 80.20862	CLsb = 0.00000	CLb  = 0.17352	CLs  = 0.00000
At r = 0.150000:	q_mu = 41.12210	q_A  = 29.89494	CLsb = 0.00000	CLb  = 0.15228	CLs  = 0.00000
At r = 0.075000:	q_mu = 15.80493	q_A  = 9.19105	CLsb = 0.00002	CLb  = 0.13768	CLs  = 0.00014
At r = 0.037500:	q_mu = 6.02934	q_A  = 2.48367	CLsb = 0.00346	CLb  = 0.13031	CLs  = 0.02653
At r = 0.018750:	q_mu = 2.44635	q_A  = 0.62965	CLsb = 0.02630	CLb  = 0.12616	CLs  = 0.20844
At r = 0.028125:	q_mu = 4.10786	q_A  = 1.41272	CLsb = 0.01011	CLb  = 0.12845	CLs  = 0.07869
At r = 0.033129:	q_mu = 5.10269	q_A  = 1.94985	CLsb = 0.00578	CLb  = 0.12946	CLs  = 0.04464
At r = 0.031328:	q_mu = 4.73636	q_A  = 1.74761	CLsb = 0.00710	CLb  = 0.12915	CLs  = 0.05494
At r = 0.032342:	q_mu = 4.94170	q_A  = 1.86015	CLsb = 0.00632	CLb  = 0.12930	CLs  = 0.04890
At r = 0.031985:	q_mu = 4.86895	q_A  = 1.82006	CLsb = 0.00659	CLb  = 0.12924	CLs  = 0.05096
At r = 0.032188:	q_mu = 4.91030	q_A  = 1.84283	CLsb = 0.00644	CLb  = 0.12928	CLs  = 0.04978

 -- Asymptotic -- 
Observed Limit: r < 0.0322
Expected  2.5%: r < 0.0248
Expected 16.0%: r < 0.0336
Expected 50.0%: r < 0.0474
Expected 84.0%: r < 0.0666
Expected 97.5%: r < 0.0911

Done in 0.01 min (cpu), 0.01 min (real)
