>>> including systematics
>>> method used to compute upper limit is Asymptotic
>>> random number generator seed is 123456
[?1034hComputing limit starting from observation
Will compute both limit(s) using minimizer Minuit2 with strategy 0 and tolerance 0.01
Constraints of type RooGaussian: 4
Constraints of type SimpleGaussianConstraint: 6
Median for expected limits: 22.6875
Sigma  for expected limits: 11.5755
Constraints of type RooGaussian: 4
Constraints of type SimpleGaussianConstraint: 6
Constraints of type RooGaussian: 4
Constraints of type SimpleGaussianConstraint: 6
Restricting r to positive values.

Make global fit of real data
NLL at global minimum of data: -0.29609 (r = 12.9224)

Make global fit of asimov data
NLL at global minimum of asimov: -0.213106 (r = 0.0013257)
At r = 47.390711:	q_mu = 7.53506	q_A  = 14.34208	CLsb = 0.00303	CLb  = 0.85131	CLs  = 0.00355
At r = 30.156558:	q_mu = 2.09384	q_A  = 6.46977	CLsb = 0.07395	CLb  = 0.86358	CLs  = 0.08563
At r = 38.773635:	q_mu = 4.47571	q_A  = 10.14138	CLsb = 0.01719	CLb  = 0.85746	CLs  = 0.02005
At r = 34.434354:	q_mu = 3.18197	q_A  = 8.21768	CLsb = 0.03723	CLb  = 0.86056	CLs  = 0.04326
At r = 32.853022:	q_mu = 2.75701	q_A  = 7.55340	CLsb = 0.04841	CLb  = 0.86169	CLs  = 0.05619
At r = 33.733696:	q_mu = 2.99087	q_A  = 7.92113	CLsb = 0.04187	CLb  = 0.86105	CLs  = 0.04862
At r = 33.421561:	q_mu = 2.90698	q_A  = 7.78999	CLsb = 0.04410	CLb  = 0.86128	CLs  = 0.05120
At r = 33.598777:	q_mu = 2.95444	q_A  = 7.86431	CLsb = 0.04282	CLb  = 0.86115	CLs  = 0.04973

 -- Asymptotic -- 
Observed Limit: r < 33.5988
Expected  2.5%: r < 11.9198
Expected 16.0%: r < 16.0839
Expected 50.0%: r < 22.6875
Expected 84.0%: r < 32.5447
Expected 97.5%: r < 44.9302

Done in 0.01 min (cpu), 0.01 min (real)
