>>> including systematics
>>> method used to compute upper limit is Asymptotic
>>> random number generator seed is 123456
[?1034hComputing limit starting from observation
Will compute both limit(s) using minimizer Minuit2 with strategy 0 and tolerance 0.01
Constraints of type RooGaussian: 4
Constraints of type SimpleGaussianConstraint: 6
WARNING: Best fit of asimov dataset is at r = 0.852289 (0.042614 times rMax), while it should be at zero
Median for expected limits: 22.3125
Sigma  for expected limits: 11.3841
Constraints of type RooGaussian: 4
Constraints of type SimpleGaussianConstraint: 6
Constraints of type RooGaussian: 4
Constraints of type SimpleGaussianConstraint: 6
Restricting r to positive values.

Make global fit of real data
NLL at global minimum of data: -0.0998613 (r = 3.47039)

Make global fit of asimov data
NLL at global minimum of asimov: -0.172665 (r = 1.14361)
At r = 32.533543:	q_mu = 6.67018	q_A  = 7.96479	CLsb = 0.00490	CLb  = 0.59465	CLs  = 0.00824
At r = 18.001964:	q_mu = 1.80781	q_A  = 2.49577	CLsb = 0.08939	CLb  = 0.59299	CLs  = 0.15074
At r = 25.267754:	q_mu = 3.91767	q_A  = 4.91647	CLsb = 0.02389	CLb  = 0.59406	CLs  = 0.04022
At r = 21.634859:	q_mu = 2.77449	q_A  = 3.61944	CLsb = 0.04789	CLb  = 0.59359	CLs  = 0.08068
At r = 23.632067:	q_mu = 3.38214	q_A  = 4.31212	CLsb = 0.03295	CLb  = 0.59387	CLs  = 0.05549
At r = 24.382602:	q_mu = 3.62410	q_A  = 4.58573	CLsb = 0.02847	CLb  = 0.59395	CLs  = 0.04794
At r = 24.059764:	q_mu = 3.51909	q_A  = 4.46712	CLsb = 0.03033	CLb  = 0.59392	CLs  = 0.05107
At r = 24.210940:	q_mu = 3.56805	q_A  = 4.52246	CLsb = 0.02945	CLb  = 0.59393	CLs  = 0.04959
At r = 24.146645:	q_mu = 3.54717	q_A  = 4.49886	CLsb = 0.02982	CLb  = 0.59393	CLs  = 0.05021

 -- Asymptotic -- 
Observed Limit: r < 24.1466
Expected  2.5%: r < 12.3329
Expected 16.0%: r < 16.1532
Expected 50.0%: r < 22.3125
Expected 84.0%: r < 31.2953
Expected 97.5%: r < 42.8611

Done in 0.00 min (cpu), 0.00 min (real)
