>>> including systematics
>>> method used to compute upper limit is Asymptotic
>>> random number generator seed is 123456
[?1034hComputing limit starting from observation
Will compute both limit(s) using minimizer Minuit2 with strategy 0 and tolerance 0.01
Constraints of type RooGaussian: 4
Constraints of type SimpleGaussianConstraint: 6
Median for expected limits: 0.321289
Sigma  for expected limits: 0.163926
Constraints of type RooGaussian: 4
Constraints of type SimpleGaussianConstraint: 6
Constraints of type RooGaussian: 4
Constraints of type SimpleGaussianConstraint: 6
Restricting r to positive values.

Make global fit of real data
NLL at global minimum of data: -89.6741 (r = 1.01015e-07)

Make global fit of asimov data
NLL at global minimum of asimov: -73.1303 (r = 0.00149266)
At r = 1.200000:	q_mu = 50.49185	q_A  = 36.36571	CLsb = 0.00000	CLb  = 0.12075	CLs  = 0.00000
At r = 0.600000:	q_mu = 20.83083	q_A  = 11.99770	CLsb = 0.00000	CLb  = 0.10114	CLs  = 0.00001
At r = 0.300000:	q_mu = 8.29081	q_A  = 3.36908	CLsb = 0.00075	CLb  = 0.09001	CLs  = 0.00829
At r = 0.150000:	q_mu = 3.43370	q_A  = 0.86969	CLsb = 0.01052	CLb  = 0.08461	CLs  = 0.12433
At r = 0.225000:	q_mu = 5.70771	q_A  = 1.93320	CLsb = 0.00300	CLb  = 0.08733	CLs  = 0.03435
At r = 0.192493:	q_mu = 4.68132	q_A  = 1.42418	CLsb = 0.00526	CLb  = 0.08618	CLs  = 0.06107
At r = 0.208035:	q_mu = 5.16474	q_A  = 1.65879	CLsb = 0.00404	CLb  = 0.08675	CLs  = 0.04653
At r = 0.201639:	q_mu = 4.96406	q_A  = 1.56018	CLsb = 0.00451	CLb  = 0.08651	CLs  = 0.05208
At r = 0.204770:	q_mu = 5.06198	q_A  = 1.60808	CLsb = 0.00427	CLb  = 0.08662	CLs  = 0.04929
At r = 0.203496:	q_mu = 5.02205	q_A  = 1.58850	CLsb = 0.00436	CLb  = 0.08658	CLs  = 0.05041
At r = 0.204123:	q_mu = 5.04168	q_A  = 1.59812	CLsb = 0.00432	CLb  = 0.08660	CLs  = 0.04986

 -- Asymptotic -- 
Observed Limit: r < 0.2041
Expected  2.5%: r < 0.1713
Expected 16.0%: r < 0.2293
Expected 50.0%: r < 0.3213
Expected 84.0%: r < 0.4583
Expected 97.5%: r < 0.6305

Done in 0.01 min (cpu), 0.01 min (real)
