
Processing test.c...
nSignal_init = 100000
[#1] INFO:DataHandling -- RooDataHist::adjustBinning(signalHistogram): fit range of variable x expanded to nearest bin boundaries: [550,1000] --> [550,1000]
[#0] WARNING:InputArguments -- RooAbsPdf::fitTo(signal) WARNING: a likelihood fit is request of what appears to be weighted data. 
       While the estimated values of the parameters will always be calculated taking the weights into account, 
       there are multiple ways to estimate the errors on these parameter values. You are advised to make an 
       explicit choice on the error calculation: 
           - Either provide SumW2Error(kTRUE), to calculate a sum-of-weights corrected HESSE error matrix 
             (error will be proportional to the number of events)
           - Or provide SumW2Error(kFALSE), to return errors from original HESSE error matrix
             (which will be proportional to the sum of the weights)
       If you want the errors to reflect the information contained in the provided dataset, choose kTRUE. 
       If you want the errors to reflect the precision you would be able to obtain with an unweighted dataset 
       with 'sum-of-weights' events, choose kFALSE.
[#1] INFO:Eval -- RooRealVar::setRange(x) new range named 'fit' created with bounds [650,900]
[#1] INFO:Fitting -- RooAbsOptTestStatistic::ctor(nll_signal_signalHistogram) constructing test statistic for sub-range named fit
[#1] INFO:Eval -- RooRealVar::setRange(x) new range named 'NormalizationRangeForfit' created with bounds [550,1000]
[#1] INFO:Eval -- RooRealVar::setRange(x) new range named 'fit_nll_signal_signalHistogram' created with bounds [650,900]
[#1] INFO:Fitting -- RooAbsOptTestStatistic::ctor(nll_signal_signalHistogram) fixing interpretation of coefficients of any RooAddPdf to full domain of observables 
[#1] INFO:NumericIntegration -- RooRealIntegral::init(signal_Int[x]) using numeric integrator RooIntegrator1D to calculate Int(x)
[#1] INFO:Minization -- RooMinuit::optimizeConst: activating const optimization
 **********
 **   13 **MIGRAD        2000           1
 **********
 FIRST CALL TO USER FUNCTION AT NEW START POINT, WITH IFLAG=4.
 START MIGRAD MINIMIZATION.  STRATEGY  1.  CONVERGENCE WHEN EDM .LT. 1.00e-03
 FCN=30655.7 FROM MIGRAD    STATUS=INITIATE       50 CALLS          51 TOTAL
                     EDM= unknown      STRATEGY= 1      NO ERROR MATRIX       
  EXT PARAMETER               CURRENT GUESS       STEP         FIRST   
  NO.   NAME      VALUE            ERROR          SIZE      DERIVATIVE 
   1  sg_p0        7.90000e+02   6.00000e+00   0.00000e+00  -1.30426e+02
   2  sg_p1        3.75000e+01   2.50000e+00   0.00000e+00  -1.66737e+02
   3  sg_p2        2.94124e+00   5.00000e-01   0.00000e+00  -1.49475e-01
   4  sg_p3        1.57852e+00   7.00000e-01  -5.81159e-01   2.58563e+01
                               ERR DEF= 0.5
 MIGRAD MINIMIZATION HAS CONVERGED.
 MIGRAD WILL VERIFY CONVERGENCE AND ERROR MATRIX.
 MINUIT WARNING IN HESSE
 ============== Second derivative enters zero, param 3
 MINUIT WARNING IN HESSE
 ============== Second derivative zero for parameter3
  MNHESS FAILS AND WILL RETURN DIAGONAL MATRIX. 
 FCN=30638 FROM MIGRAD    STATUS=CONVERGED     151 CALLS         152 TOTAL
                     EDM=3.50906e-05    STRATEGY= 1  ERROR MATRIX UNCERTAINTY 100.0 per cent
  EXT PARAMETER                APPROXIMATE        STEP         FIRST   
  NO.   NAME      VALUE            ERROR          SIZE      DERIVATIVE 
   1  sg_p0        7.90259e+02   5.37023e-01   2.16671e-03   1.11551e-01
   2  sg_p1        4.03199e+01   4.16552e-01   4.14293e-03   1.05806e-01
   3  sg_p2        4.91276e+00   3.42658e+00  -3.03050e-03   0.00000e+00
   4  sg_p3        1.92775e+00   1.16850e-01  -5.45644e-04  -1.47920e-01
                               ERR DEF= 0.5
 EXTERNAL ERROR MATRIX.    NDIM=  25    NPAR=  4    ERR DEF=0.5
  2.884e-01  0.000e+00  0.000e+00  0.000e+00 
  0.000e+00  1.736e-01  0.000e+00  0.000e+00 
  0.000e+00  0.000e+00  5.000e-01  0.000e+00 
  0.000e+00  0.000e+00  0.000e+00  1.366e-02 
ERR MATRIX APPROXIMATE
 PARAMETER  CORRELATION COEFFICIENTS  
       NO.  GLOBAL      1      2      3      4
        1  0.00000   1.000  0.000  0.000  0.000
        2  0.00000   0.000  1.000  0.000  0.000
        3  0.00000   0.000  0.000  1.000  0.000
        4  0.00000   0.000  0.000  0.000  1.000
 ERR MATRIX APPROXIMATE
 **********
 **   18 **HESSE        2000
 **********
 MINUIT WARNING IN HESSE
 ============== Second derivative zero for parameter3
  MNHESS FAILS AND WILL RETURN DIAGONAL MATRIX. 
 FCN=30638 FROM HESSE     STATUS=FAILED          7 CALLS         159 TOTAL
                     EDM=3.50906e-05    STRATEGY= 1  ERROR MATRIX UNCERTAINTY 100.0 per cent
  EXT PARAMETER                APPROXIMATE     INTERNAL      INTERNAL  
  NO.   NAME      VALUE            ERROR       STEP SIZE       VALUE   
   1  sg_p0        7.90259e+02   5.37023e-01   2.16671e-03   8.63427e-03
   2  sg_p1        4.03199e+01   4.16552e-01   4.14293e-03   2.27549e-01
   3  sg_p2        4.30353e+00   3.12197e+00  -3.03050e-03   1.30584e+00
   4  sg_p3        1.92775e+00   1.16850e-01  -5.45644e-04  -4.65886e-01
                               ERR DEF= 0.5
 EXTERNAL ERROR MATRIX.    NDIM=  25    NPAR=  4    ERR DEF=0.5
  2.884e-01  0.000e+00  0.000e+00  0.000e+00 
  0.000e+00  1.736e-01  0.000e+00  0.000e+00 
  0.000e+00  0.000e+00  5.000e-01  0.000e+00 
  0.000e+00  0.000e+00  0.000e+00  1.366e-02 
ERR MATRIX APPROXIMATE
 PARAMETER  CORRELATION COEFFICIENTS  
       NO.  GLOBAL      1      2      3      4
        1  0.00000   1.000  0.000  0.000  0.000
        2  0.00000   0.000  1.000  0.000  0.000
        3  0.00000   0.000  0.000  1.000  0.000
        4  0.00000   0.000  0.000  0.000  1.000
 ERR MATRIX APPROXIMATE
[#1] INFO:Minization -- RooMinuit::optimizeConst: deactivating const optimization
800
790.259 +- 0.537023
40.3199 +- 0.416552
[#1] INFO:InputArguments -- RooAbsData::plotOn(signalHistogram) INFO: dataset has non-integer weights, auto-selecting SumW2 errors instead of Poisson errors
[#1] INFO:Plotting -- RooAbsPdf::plotOn(signal) p.d.f was fitted in range and no explicit plot,norm range was specified, using fit range as default
[#1] INFO:Plotting -- RooAbsPdf::plotOn(signal) only plotting range 'fit_nll_signal_signalHistogram'
[#1] INFO:Plotting -- RooAbsPdf::plotOn(signal) p.d.f. curve is normalized using explicit choice of ranges 'fit_nll_signal_signalHistogram'
[#1] INFO:NumericIntegration -- RooRealIntegral::init(signal_Int[x]) using numeric integrator RooIntegrator1D to calculate Int(x)
[#1] INFO:NumericIntegration -- RooRealIntegral::init(signal_Int[x|fit_nll_signal_signalHistogram]_Norm[x]) using numeric integrator RooIntegrator1D to calculate Int(x)
[#1] INFO:ObjectHandling -- RooWorkspace::import(HbbHbb) importing ExpGaussExp::signal_fixed
[#1] INFO:ObjectHandling -- RooWorkspace::import(HbbHbb) importing RooRealVar::x
[#1] INFO:ObjectHandling -- RooWorkspace::import(HbbHbb) importing RooRealVar::signal_p0
[#1] INFO:ObjectHandling -- RooWorkspace::import(HbbHbb) importing RooRealVar::signal_p1
[#1] INFO:ObjectHandling -- RooWorkspace::import(HbbHbb) importing RooRealVar::signal_p2
[#1] INFO:ObjectHandling -- RooWorkspace::import(HbbHbb) importing RooRealVar::signal_p3
[#1] INFO:DataHandling -- RooDataHist::adjustBinning(signalHistogram): fit range of variable x expanded to nearest bin boundaries: [550,1000] --> [550,1000]
[#0] WARNING:InputArguments -- RooAbsPdf::fitTo(signal) WARNING: a likelihood fit is request of what appears to be weighted data. 
       While the estimated values of the parameters will always be calculated taking the weights into account, 
       there are multiple ways to estimate the errors on these parameter values. You are advised to make an 
       explicit choice on the error calculation: 
           - Either provide SumW2Error(kTRUE), to calculate a sum-of-weights corrected HESSE error matrix 
             (error will be proportional to the number of events)
           - Or provide SumW2Error(kFALSE), to return errors from original HESSE error matrix
             (which will be proportional to the sum of the weights)
       If you want the errors to reflect the information contained in the provided dataset, choose kTRUE. 
       If you want the errors to reflect the precision you would be able to obtain with an unweighted dataset 
       with 'sum-of-weights' events, choose kFALSE.
[#1] INFO:Eval -- RooRealVar::setRange(x) new range named 'fit' created with bounds [650,900]
[#1] INFO:Fitting -- RooAbsOptTestStatistic::ctor(nll_signal_signalHistogram) constructing test statistic for sub-range named fit
[#1] INFO:Eval -- RooRealVar::setRange(x) new range named 'NormalizationRangeForfit' created with bounds [550,1000]
[#1] INFO:Eval -- RooRealVar::setRange(x) new range named 'fit_nll_signal_signalHistogram' created with bounds [650,900]
[#1] INFO:Fitting -- RooAbsOptTestStatistic::ctor(nll_signal_signalHistogram) fixing interpretation of coefficients of any RooAddPdf to full domain of observables 
[#1] INFO:NumericIntegration -- RooRealIntegral::init(signal_Int[x]) using numeric integrator RooIntegrator1D to calculate Int(x)
[#1] INFO:Minization -- RooMinuit::optimizeConst: activating const optimization
 **********
 **   13 **MIGRAD        2000           1
 **********
 FIRST CALL TO USER FUNCTION AT NEW START POINT, WITH IFLAG=4.
 START MIGRAD MINIMIZATION.  STRATEGY  1.  CONVERGENCE WHEN EDM .LT. 1.00e-03
 FCN=30957.8 FROM MIGRAD    STATUS=INITIATE       78 CALLS          79 TOTAL
                     EDM= unknown      STRATEGY= 1      NO ERROR MATRIX       
  EXT PARAMETER               CURRENT GUESS       STEP         FIRST   
  NO.   NAME      VALUE            ERROR          SIZE      DERIVATIVE 
   1  sg_p0        7.90000e+02   6.00000e+00   0.00000e+00  -4.59580e+02
   2  sg_p1        3.75000e+01   2.50000e+00   0.00000e+00  -2.30328e+02
   3  sg_p2        1.77977e+00   5.00000e-01   0.00000e+00   5.54337e-01
   4  sg_p3        1.71207e+00   7.00000e-01  -5.36159e-01   1.57191e-01
                               ERR DEF= 0.5
 MINUIT WARNING IN MIGRAD  
 ============== Negative diagonal element 3 in Error Matrix
 MINUIT WARNING IN MIGRAD  
 ============== 1.02296 added to diagonal of error matrix
 MIGRAD FAILS TO FIND IMPROVEMENT
 COVARIANCE MATRIX CALCULATED SUCCESSFULLY
 FCN=30898 FROM HESSE     STATUS=OK             31 CALLS         326 TOTAL
                     EDM=1.52673e-05    STRATEGY= 1      ERROR MATRIX ACCURATE 
  EXT PARAMETER                                   STEP         FIRST   
  NO.   NAME      VALUE            ERROR          SIZE      DERIVATIVE 
   1  sg_p0        7.93825e+02   5.57072e-01   2.22239e-03   2.71391e-03
   2  sg_p1        4.08795e+01   4.57494e-01   4.30357e-03   8.95731e-02
   3  sg_p2        2.60706e+00   9.43716e-01   4.61396e-02  -1.14830e-02
   4  sg_p3        1.95465e+00   1.29415e-01   4.57004e-03  -4.88228e-02
                               ERR DEF= 0.5
 MINUIT WARNING IN MIGRAD  
 ============== Negative diagonal element 3 in Error Matrix
 MINUIT WARNING IN MIGRAD  
 ============== 1.02637 added to diagonal of error matrix
 MIGRAD FAILS TO FIND IMPROVEMENT
 MACHINE ACCURACY LIMITS FURTHER IMPROVEMENT.
 MIGRAD MINIMIZATION HAS CONVERGED.
 MIGRAD WILL VERIFY CONVERGENCE AND ERROR MATRIX.
 COVARIANCE MATRIX CALCULATED SUCCESSFULLY
 FCN=30898 FROM MIGRAD    STATUS=CONVERGED     377 CALLS         378 TOTAL
                     EDM=5.46872e-06    STRATEGY= 1      ERROR MATRIX ACCURATE 
  EXT PARAMETER                                   STEP         FIRST   
  NO.   NAME      VALUE            ERROR          SIZE      DERIVATIVE 
   1  sg_p0        7.93825e+02   5.57319e-01   8.88956e-04  -1.24563e-04
   2  sg_p1        4.08783e+01   4.58216e-01   1.72143e-03  -1.67615e-04
   3  sg_p2        2.61137e+00   9.86696e-01   4.70300e-02  -5.75769e-03
   4  sg_p3        1.95475e+00   1.29727e-01   1.82801e-03   4.70590e-04
                               ERR DEF= 0.5
 EXTERNAL ERROR MATRIX.    NDIM=  25    NPAR=  4    ERR DEF=0.5
  3.106e-01 -1.282e-02  1.973e-11 -1.514e-02 
 -1.282e-02  2.101e-01 -3.231e-10  2.168e-02 
  1.973e-11 -3.231e-10  1.029e+00 -3.334e-11 
 -1.514e-02  2.168e-02 -3.334e-11  1.684e-02 
 PARAMETER  CORRELATION COEFFICIENTS  
       NO.  GLOBAL      1      2      3      4
        1  0.21127   1.000 -0.050  0.000 -0.209
        2  0.36542  -0.050  1.000 -0.000  0.364
        3  0.00000   0.000 -0.000  1.000 -0.000
        4  0.41162  -0.209  0.364 -0.000  1.000
 **********
 **   18 **HESSE        2000
 **********
 COVARIANCE MATRIX CALCULATED SUCCESSFULLY
 FCN=30898 FROM HESSE     STATUS=OK             29 CALLS         407 TOTAL
                     EDM=1.45739e-06    STRATEGY= 1      ERROR MATRIX ACCURATE 
  EXT PARAMETER                                INTERNAL      INTERNAL  
  NO.   NAME      VALUE            ERROR       STEP SIZE       VALUE   
   1  sg_p0        7.93825e+02   5.57488e-01   3.55582e-05   1.27840e-01
   2  sg_p1        4.08783e+01   4.58705e-01   6.88571e-05   2.73664e-01
   3  sg_p2        2.61137e+00   3.15165e-01   3.77936e-01   4.45612e-02
   4  sg_p3        1.95475e+00   1.29897e-01   7.31206e-05  -4.57269e-01
                               ERR DEF= 0.5
 EXTERNAL ERROR MATRIX.    NDIM=  25    NPAR=  4    ERR DEF=0.5
  3.108e-01 -1.327e-02  9.363e-11 -1.527e-02 
 -1.327e-02  2.105e-01 -6.593e-11  2.188e-02 
  9.363e-11 -6.593e-11  9.986e-02  1.258e-11 
 -1.527e-02  2.188e-02  1.258e-11  1.688e-02 
 PARAMETER  CORRELATION COEFFICIENTS  
       NO.  GLOBAL      1      2      3      4
        1  0.21263   1.000 -0.052  0.000 -0.211
        2  0.36794  -0.052  1.000 -0.000  0.367
        3  0.00000   0.000 -0.000  1.000  0.000
        4  0.41424  -0.211  0.367  0.000  1.000
[#1] INFO:Minization -- RooMinuit::optimizeConst: deactivating const optimization
800
793.825 +- 0.557488
40.8783 +- 0.458705
[#1] INFO:InputArguments -- RooAbsData::plotOn(signalHistogram) INFO: dataset has non-integer weights, auto-selecting SumW2 errors instead of Poisson errors
[#1] INFO:Plotting -- RooAbsPdf::plotOn(signal) p.d.f was fitted in range and no explicit plot,norm range was specified, using fit range as default
[#1] INFO:Plotting -- RooAbsPdf::plotOn(signal) only plotting range 'fit_nll_signal_signalHistogram'
[#1] INFO:Plotting -- RooAbsPdf::plotOn(signal) p.d.f. curve is normalized using explicit choice of ranges 'fit_nll_signal_signalHistogram'
[#1] INFO:NumericIntegration -- RooRealIntegral::init(signal_Int[x]) using numeric integrator RooIntegrator1D to calculate Int(x)
[#1] INFO:NumericIntegration -- RooRealIntegral::init(signal_Int[x|fit_nll_signal_signalHistogram]_Norm[x]) using numeric integrator RooIntegrator1D to calculate Int(x)
[#1] INFO:DataHandling -- RooDataHist::adjustBinning(signalHistogram): fit range of variable x expanded to nearest bin boundaries: [550,1000] --> [550,1000]
[#0] WARNING:InputArguments -- RooAbsPdf::fitTo(signal) WARNING: a likelihood fit is request of what appears to be weighted data. 
       While the estimated values of the parameters will always be calculated taking the weights into account, 
       there are multiple ways to estimate the errors on these parameter values. You are advised to make an 
       explicit choice on the error calculation: 
           - Either provide SumW2Error(kTRUE), to calculate a sum-of-weights corrected HESSE error matrix 
             (error will be proportional to the number of events)
           - Or provide SumW2Error(kFALSE), to return errors from original HESSE error matrix
             (which will be proportional to the sum of the weights)
       If you want the errors to reflect the information contained in the provided dataset, choose kTRUE. 
       If you want the errors to reflect the precision you would be able to obtain with an unweighted dataset 
       with 'sum-of-weights' events, choose kFALSE.
[#1] INFO:Eval -- RooRealVar::setRange(x) new range named 'fit' created with bounds [650,900]
[#1] INFO:Fitting -- RooAbsOptTestStatistic::ctor(nll_signal_signalHistogram) constructing test statistic for sub-range named fit
[#1] INFO:Eval -- RooRealVar::setRange(x) new range named 'NormalizationRangeForfit' created with bounds [550,1000]
[#1] INFO:Eval -- RooRealVar::setRange(x) new range named 'fit_nll_signal_signalHistogram' created with bounds [650,900]
[#1] INFO:Fitting -- RooAbsOptTestStatistic::ctor(nll_signal_signalHistogram) fixing interpretation of coefficients of any RooAddPdf to full domain of observables 
[#1] INFO:NumericIntegration -- RooRealIntegral::init(signal_Int[x]) using numeric integrator RooIntegrator1D to calculate Int(x)
[#1] INFO:Minization -- RooMinuit::optimizeConst: activating const optimization
 **********
 **   13 **MIGRAD        2000           1
 **********
 FIRST CALL TO USER FUNCTION AT NEW START POINT, WITH IFLAG=4.
 START MIGRAD MINIMIZATION.  STRATEGY  1.  CONVERGENCE WHEN EDM .LT. 1.00e-03
 FCN=30291.5 FROM MIGRAD    STATUS=INITIATE       41 CALLS          42 TOTAL
                     EDM= unknown      STRATEGY= 1      NO ERROR MATRIX       
  EXT PARAMETER               CURRENT GUESS       STEP         FIRST   
  NO.   NAME      VALUE            ERROR          SIZE      DERIVATIVE 
   1  sg_p0        7.90000e+02   6.00000e+00   0.00000e+00   1.95885e+02
   2  sg_p1        3.75000e+01   2.50000e+00   0.00000e+00  -7.27088e+01
   3  sg_p2        2.50000e+00   5.00000e-01   0.00000e+00  -9.73752e-02
   4  sg_p3        1.38901e+00   7.00000e-01  -6.47432e-01   2.33654e+01
                               ERR DEF= 0.5
 MIGRAD FAILS TO FIND IMPROVEMENT
 MIGRAD MINIMIZATION HAS CONVERGED.
 MIGRAD WILL VERIFY CONVERGENCE AND ERROR MATRIX.
 COVARIANCE MATRIX CALCULATED SUCCESSFULLY
 FCN=30270.6 FROM MIGRAD    STATUS=CONVERGED     162 CALLS         163 TOTAL
                     EDM=8.78757e-05    STRATEGY= 1      ERROR MATRIX ACCURATE 
  EXT PARAMETER                                   STEP         FIRST   
  NO.   NAME      VALUE            ERROR          SIZE      DERIVATIVE 
   1  sg_p0        7.86674e+02   5.58720e-01   2.15921e-03  -1.99988e-01
   2  sg_p1        4.00594e+01   4.59169e-01   4.05661e-03   3.84165e-02
   3  sg_p2        2.51479e+00   3.25925e-01   2.03755e-02   4.90232e-02
   4  sg_p3        1.92655e+00   1.49829e-01   4.93143e-03   8.21834e-02
                               ERR DEF= 0.5
 EXTERNAL ERROR MATRIX.    NDIM=  25    NPAR=  4    ERR DEF=0.5
  3.122e-01 -3.425e-02  1.692e-03 -2.360e-02 
 -3.425e-02  2.109e-01  3.630e-03  2.988e-02 
  1.692e-03  3.630e-03  1.068e-01  4.290e-04 
 -2.360e-02  2.988e-02  4.290e-04  2.247e-02 
 PARAMETER  CORRELATION COEFFICIENTS  
       NO.  GLOBAL      1      2      3      4
        1  0.28235   1.000 -0.133  0.009 -0.282
        2  0.43476  -0.133  1.000  0.024  0.434
        3  0.02730   0.009  0.024  1.000  0.009
        4  0.48938  -0.282  0.434  0.009  1.000
 **********
 **   18 **HESSE        2000
 **********
 COVARIANCE MATRIX CALCULATED SUCCESSFULLY
 FCN=30270.6 FROM HESSE     STATUS=OK             33 CALLS         196 TOTAL
                     EDM=6.62467e-05    STRATEGY= 1      ERROR MATRIX ACCURATE 
  EXT PARAMETER                                INTERNAL      INTERNAL  
  NO.   NAME      VALUE            ERROR       STEP SIZE       VALUE   
   1  sg_p0        7.86674e+02   5.59678e-01   4.31843e-04  -1.11107e-01
   2  sg_p1        4.00594e+01   4.61116e-01   1.62264e-04   2.06214e-01
   3  sg_p2        2.51479e+00   2.22927e-01   4.53587e-01   5.91504e-03
   4  sg_p3        1.92655e+00   1.50658e-01   1.97257e-04  -4.66270e-01
                               ERR DEF= 0.5
 EXTERNAL ERROR MATRIX.    NDIM=  25    NPAR=  4    ERR DEF=0.5
  3.133e-01 -3.601e-02  1.955e-04 -2.426e-02 
 -3.601e-02  2.127e-01  4.139e-04  3.075e-02 
  1.955e-04  4.139e-04  4.983e-02  4.614e-05 
 -2.426e-02  3.075e-02  4.614e-05  2.272e-02 
 PARAMETER  CORRELATION COEFFICIENTS  
       NO.  GLOBAL      1      2      3      4
        1  0.28788   1.000 -0.140  0.002 -0.288
        2  0.44255  -0.140  1.000  0.004  0.442
        3  0.00456   0.002  0.004  1.000  0.001
        4  0.49768  -0.288  0.442  0.001  1.000
[#1] INFO:Minization -- RooMinuit::optimizeConst: deactivating const optimization
800
786.674 +- 0.559678
40.0594 +- 0.461116
[#1] INFO:InputArguments -- RooAbsData::plotOn(signalHistogram) INFO: dataset has non-integer weights, auto-selecting SumW2 errors instead of Poisson errors
[#1] INFO:Plotting -- RooAbsPdf::plotOn(signal) p.d.f was fitted in range and no explicit plot,norm range was specified, using fit range as default
[#1] INFO:Plotting -- RooAbsPdf::plotOn(signal) only plotting range 'fit_nll_signal_signalHistogram'
[#1] INFO:Plotting -- RooAbsPdf::plotOn(signal) p.d.f. curve is normalized using explicit choice of ranges 'fit_nll_signal_signalHistogram'
[#1] INFO:NumericIntegration -- RooRealIntegral::init(signal_Int[x]) using numeric integrator RooIntegrator1D to calculate Int(x)
[#1] INFO:NumericIntegration -- RooRealIntegral::init(signal_Int[x|fit_nll_signal_signalHistogram]_Norm[x]) using numeric integrator RooIntegrator1D to calculate Int(x)
[#1] INFO:DataHandling -- RooDataHist::adjustBinning(signalHistogram): fit range of variable x expanded to nearest bin boundaries: [550,1020] --> [550,1020]
[#0] WARNING:InputArguments -- RooAbsPdf::fitTo(signal) WARNING: a likelihood fit is request of what appears to be weighted data. 
       While the estimated values of the parameters will always be calculated taking the weights into account, 
       there are multiple ways to estimate the errors on these parameter values. You are advised to make an 
       explicit choice on the error calculation: 
           - Either provide SumW2Error(kTRUE), to calculate a sum-of-weights corrected HESSE error matrix 
             (error will be proportional to the number of events)
           - Or provide SumW2Error(kFALSE), to return errors from original HESSE error matrix
             (which will be proportional to the sum of the weights)
       If you want the errors to reflect the information contained in the provided dataset, choose kTRUE. 
       If you want the errors to reflect the precision you would be able to obtain with an unweighted dataset 
       with 'sum-of-weights' events, choose kFALSE.
[#1] INFO:Eval -- RooRealVar::setRange(x) new range named 'fit' created with bounds [650,920]
[#1] INFO:Fitting -- RooAbsOptTestStatistic::ctor(nll_signal_signalHistogram) constructing test statistic for sub-range named fit
[#1] INFO:Eval -- RooRealVar::setRange(x) new range named 'NormalizationRangeForfit' created with bounds [550,1020]
[#1] INFO:Eval -- RooRealVar::setRange(x) new range named 'fit_nll_signal_signalHistogram' created with bounds [650,920]
[#1] INFO:Fitting -- RooAbsOptTestStatistic::ctor(nll_signal_signalHistogram) fixing interpretation of coefficients of any RooAddPdf to full domain of observables 
[#1] INFO:NumericIntegration -- RooRealIntegral::init(signal_Int[x]) using numeric integrator RooIntegrator1D to calculate Int(x)
[#1] INFO:Minization -- RooMinuit::optimizeConst: activating const optimization
 **********
 **   13 **MIGRAD        2000           1
 **********
 FIRST CALL TO USER FUNCTION AT NEW START POINT, WITH IFLAG=4.
 START MIGRAD MINIMIZATION.  STRATEGY  1.  CONVERGENCE WHEN EDM .LT. 1.00e-03
 FCN=29080.5 FROM MIGRAD    STATUS=INITIATE       63 CALLS          64 TOTAL
                     EDM= unknown      STRATEGY= 1      NO ERROR MATRIX       
  EXT PARAMETER               CURRENT GUESS       STEP         FIRST   
  NO.   NAME      VALUE            ERROR          SIZE      DERIVATIVE 
   1  sg_p0        8.10000e+02   6.00000e+00   0.00000e+00  -8.86811e+02
   2  sg_p1        2.25000e+01   1.50000e+00   0.00000e+00  -5.59388e+01
   3  sg_p2        1.11453e+00   5.00000e-01   0.00000e+00   1.02248e+02
   4  sg_p3        1.01032e+00   7.00000e-01  -7.91400e-01  -4.01707e+02
                               ERR DEF= 0.5
 MIGRAD MINIMIZATION HAS CONVERGED.
 MIGRAD WILL VERIFY CONVERGENCE AND ERROR MATRIX.
 COVARIANCE MATRIX CALCULATED SUCCESSFULLY
 FCN=28998.7 FROM MIGRAD    STATUS=CONVERGED     208 CALLS         209 TOTAL
                     EDM=2.80961e-05    STRATEGY= 1      ERROR MATRIX ACCURATE 
  EXT PARAMETER                                   STEP         FIRST   
  NO.   NAME      VALUE            ERROR          SIZE      DERIVATIVE 
   1  sg_p0        8.14374e+02   3.98724e-01   1.45304e-03  -1.70387e-01
   2  sg_p1        2.58336e+01   3.59782e-01   4.89449e-03   8.13003e-02
   3  sg_p2        1.67359e+00   7.19571e-02   3.19487e-03   5.88230e-02
   4  sg_p3        1.19124e+00   3.46142e-02   1.23219e-03  -4.28854e-01
                               ERR DEF= 0.5
 EXTERNAL ERROR MATRIX.    NDIM=  25    NPAR=  4    ERR DEF=0.5
  1.590e-01 -2.453e-02  3.541e-03 -4.624e-03 
 -2.453e-02  1.296e-01  1.051e-02  6.871e-03 
  3.541e-03  1.051e-02  5.179e-03  5.110e-04 
 -4.624e-03  6.871e-03  5.110e-04  1.198e-03 
 PARAMETER  CORRELATION COEFFICIENTS  
       NO.  GLOBAL      1      2      3      4
        1  0.39250   1.000 -0.171  0.123 -0.335
        2  0.62921  -0.171  1.000  0.406  0.551
        3  0.45197   0.123  0.406  1.000  0.205
        4  0.60406  -0.335  0.551  0.205  1.000
 **********
 **   18 **HESSE        2000
 **********
 COVARIANCE MATRIX CALCULATED SUCCESSFULLY
 FCN=28998.7 FROM HESSE     STATUS=OK             23 CALLS         232 TOTAL
                     EDM=2.80811e-05    STRATEGY= 1      ERROR MATRIX ACCURATE 
  EXT PARAMETER                                INTERNAL      INTERNAL  
  NO.   NAME      VALUE            ERROR       STEP SIZE       VALUE   
   1  sg_p0        8.14374e+02   3.98978e-01   2.90608e-04   1.46314e-01
   2  sg_p1        2.58336e+01   3.61130e-01   1.95780e-04   4.60594e-01
   3  sg_p2        1.67359e+00   7.21418e-02   1.27795e-04  -3.36900e-01
   4  sg_p3        1.19124e+00   3.46971e-02   2.46437e-04  -7.20348e-01
                               ERR DEF= 0.5
 EXTERNAL ERROR MATRIX.    NDIM=  25    NPAR=  4    ERR DEF=0.5
  1.592e-01 -2.477e-02  3.557e-03 -4.644e-03 
 -2.477e-02  1.305e-01  1.069e-02  6.950e-03 
  3.557e-03  1.069e-02  5.206e-03  5.225e-04 
 -4.644e-03  6.950e-03  5.225e-04  1.204e-03 
 PARAMETER  CORRELATION COEFFICIENTS  
       NO.  GLOBAL      1      2      3      4
        1  0.39387   1.000 -0.172  0.124 -0.335
        2  0.63278  -0.172  1.000  0.410  0.554
        3  0.45643   0.124  0.410  1.000  0.209
        4  0.60656  -0.335  0.554  0.209  1.000
[#1] INFO:Minization -- RooMinuit::optimizeConst: deactivating const optimization
800
814.374 +- 0.398978
25.8336 +- 0.36113
[#1] INFO:InputArguments -- RooAbsData::plotOn(signalHistogram) INFO: dataset has non-integer weights, auto-selecting SumW2 errors instead of Poisson errors
[#1] INFO:Plotting -- RooAbsPdf::plotOn(signal) p.d.f was fitted in range and no explicit plot,norm range was specified, using fit range as default
[#1] INFO:Plotting -- RooAbsPdf::plotOn(signal) only plotting range 'fit_nll_signal_signalHistogram'
[#1] INFO:Plotting -- RooAbsPdf::plotOn(signal) p.d.f. curve is normalized using explicit choice of ranges 'fit_nll_signal_signalHistogram'
[#1] INFO:NumericIntegration -- RooRealIntegral::init(signal_Int[x]) using numeric integrator RooIntegrator1D to calculate Int(x)
[#1] INFO:NumericIntegration -- RooRealIntegral::init(signal_Int[x|fit_nll_signal_signalHistogram]_Norm[x]) using numeric integrator RooIntegrator1D to calculate Int(x)
[#1] INFO:ObjectHandling -- RooWorkspace::import(HbbHbb) importing ExpGaussExp::signal_fixed
[#1] INFO:ObjectHandling -- RooWorkspace::import(HbbHbb) importing RooRealVar::x
[#1] INFO:ObjectHandling -- RooWorkspace::import(HbbHbb) importing RooRealVar::signal_p0
[#1] INFO:ObjectHandling -- RooWorkspace::import(HbbHbb) importing RooRealVar::signal_p1
[#1] INFO:ObjectHandling -- RooWorkspace::import(HbbHbb) importing RooRealVar::signal_p2
[#1] INFO:ObjectHandling -- RooWorkspace::import(HbbHbb) importing RooRealVar::signal_p3
 fit done 
[#1] INFO:DataHandling -- RooDataHist::adjustBinning(signalHistogram): fit range of variable x expanded to nearest bin boundaries: [550,1020] --> [550,1020]
[#0] WARNING:InputArguments -- RooAbsPdf::fitTo(signal) WARNING: a likelihood fit is request of what appears to be weighted data. 
       While the estimated values of the parameters will always be calculated taking the weights into account, 
       there are multiple ways to estimate the errors on these parameter values. You are advised to make an 
       explicit choice on the error calculation: 
           - Either provide SumW2Error(kTRUE), to calculate a sum-of-weights corrected HESSE error matrix 
             (error will be proportional to the number of events)
           - Or provide SumW2Error(kFALSE), to return errors from original HESSE error matrix
             (which will be proportional to the sum of the weights)
       If you want the errors to reflect the information contained in the provided dataset, choose kTRUE. 
       If you want the errors to reflect the precision you would be able to obtain with an unweighted dataset 
       with 'sum-of-weights' events, choose kFALSE.
[#1] INFO:Eval -- RooRealVar::setRange(x) new range named 'fit' created with bounds [650,920]
[#1] INFO:Fitting -- RooAbsOptTestStatistic::ctor(nll_signal_signalHistogram) constructing test statistic for sub-range named fit
[#1] INFO:Eval -- RooRealVar::setRange(x) new range named 'NormalizationRangeForfit' created with bounds [550,1020]
[#1] INFO:Eval -- RooRealVar::setRange(x) new range named 'fit_nll_signal_signalHistogram' created with bounds [650,920]
[#1] INFO:Fitting -- RooAbsOptTestStatistic::ctor(nll_signal_signalHistogram) fixing interpretation of coefficients of any RooAddPdf to full domain of observables 
[#1] INFO:NumericIntegration -- RooRealIntegral::init(signal_Int[x]) using numeric integrator RooIntegrator1D to calculate Int(x)
[#1] INFO:Minization -- RooMinuit::optimizeConst: activating const optimization
 **********
 **   13 **MIGRAD        2000           1
 **********
 FIRST CALL TO USER FUNCTION AT NEW START POINT, WITH IFLAG=4.
 START MIGRAD MINIMIZATION.  STRATEGY  1.  CONVERGENCE WHEN EDM .LT. 1.00e-03
 FCN=29394.8 FROM MIGRAD    STATUS=INITIATE       76 CALLS          77 TOTAL
                     EDM= unknown      STRATEGY= 1      NO ERROR MATRIX       
  EXT PARAMETER               CURRENT GUESS       STEP         FIRST   
  NO.   NAME      VALUE            ERROR          SIZE      DERIVATIVE 
   1  sg_p0        8.09344e+02   6.00000e+00   0.00000e+00  -9.04905e+02
   2  sg_p1        2.25000e+01   1.50000e+00   0.00000e+00  -1.79169e+02
   3  sg_p2        1.02066e+00   5.00000e-01   0.00000e+00   2.33092e+02
   4  sg_p3        1.24736e+00   7.00000e-01  -6.99207e-01   3.18929e+02
                               ERR DEF= 0.5
 MIGRAD MINIMIZATION HAS CONVERGED.
 MIGRAD WILL VERIFY CONVERGENCE AND ERROR MATRIX.
 COVARIANCE MATRIX CALCULATED SUCCESSFULLY
 FCN=29246.6 FROM MIGRAD    STATUS=CONVERGED     227 CALLS         228 TOTAL
                     EDM=6.02107e-05    STRATEGY= 1      ERROR MATRIX ACCURATE 
  EXT PARAMETER                                   STEP         FIRST   
  NO.   NAME      VALUE            ERROR          SIZE      DERIVATIVE 
   1  sg_p0        8.15934e+02   4.09344e-01   1.49430e-03  -1.08719e-01
   2  sg_p1        2.62317e+01   4.03039e-01   5.19030e-03   1.33417e-01
   3  sg_p2        1.65790e+00   9.28346e-02   3.66697e-03   4.58391e-02
   4  sg_p3        1.21792e+00   3.62585e-02   1.27250e-03  -4.88031e-01
                               ERR DEF= 0.5
 EXTERNAL ERROR MATRIX.    NDIM=  25    NPAR=  4    ERR DEF=0.5
  1.676e-01 -5.450e-03  9.103e-03 -3.808e-03 
 -5.450e-03  1.626e-01  2.111e-02  8.287e-03 
  9.103e-03  2.111e-02  8.623e-03  9.650e-04 
 -3.808e-03  8.287e-03  9.650e-04  1.315e-03 
 PARAMETER  CORRELATION COEFFICIENTS  
       NO.  GLOBAL      1      2      3      4
        1  0.41684   1.000 -0.033  0.239 -0.257
        2  0.70520  -0.033  1.000  0.564  0.567
        3  0.62110   0.239  0.564  1.000  0.287
        4  0.61571  -0.257  0.567  0.287  1.000
 **********
 **   18 **HESSE        2000
 **********
 COVARIANCE MATRIX CALCULATED SUCCESSFULLY
 FCN=29246.6 FROM HESSE     STATUS=OK             23 CALLS         251 TOTAL
                     EDM=6.06559e-05    STRATEGY= 1      ERROR MATRIX ACCURATE 
  EXT PARAMETER                                INTERNAL      INTERNAL  
  NO.   NAME      VALUE            ERROR       STEP SIZE       VALUE   
   1  sg_p0        8.15934e+02   4.09665e-01   2.98861e-04   1.99109e-01
   2  sg_p1        2.62317e+01   4.05359e-01   1.03806e-03   5.20781e-01
   3  sg_p2        1.65790e+00   9.33088e-02   1.46679e-04  -3.43559e-01
   4  sg_p3        1.21792e+00   3.63707e-02   2.54500e-04  -7.10248e-01
                               ERR DEF= 0.5
 EXTERNAL ERROR MATRIX.    NDIM=  25    NPAR=  4    ERR DEF=0.5
  1.678e-01 -5.327e-03  9.198e-03 -3.807e-03 
 -5.327e-03  1.645e-01  2.154e-02  8.414e-03 
  9.198e-03  2.154e-02  8.711e-03  9.903e-04 
 -3.807e-03  8.414e-03  9.903e-04  1.323e-03 
 PARAMETER  CORRELATION COEFFICIENTS  
       NO.  GLOBAL      1      2      3      4
        1  0.41838   1.000 -0.032  0.241 -0.256
        2  0.70926  -0.032  1.000  0.569  0.570
        3  0.62607   0.241  0.569  1.000  0.292
        4  0.61881  -0.256  0.570  0.292  1.000
[#1] INFO:Minization -- RooMinuit::optimizeConst: deactivating const optimization
800
815.934 +- 0.409665
26.2317 +- 0.405359
[#1] INFO:InputArguments -- RooAbsData::plotOn(signalHistogram) INFO: dataset has non-integer weights, auto-selecting SumW2 errors instead of Poisson errors
[#1] INFO:Plotting -- RooAbsPdf::plotOn(signal) p.d.f was fitted in range and no explicit plot,norm range was specified, using fit range as default
[#1] INFO:Plotting -- RooAbsPdf::plotOn(signal) only plotting range 'fit_nll_signal_signalHistogram'
[#1] INFO:Plotting -- RooAbsPdf::plotOn(signal) p.d.f. curve is normalized using explicit choice of ranges 'fit_nll_signal_signalHistogram'
[#1] INFO:NumericIntegration -- RooRealIntegral::init(signal_Int[x]) using numeric integrator RooIntegrator1D to calculate Int(x)
[#1] INFO:NumericIntegration -- RooRealIntegral::init(signal_Int[x|fit_nll_signal_signalHistogram]_Norm[x]) using numeric integrator RooIntegrator1D to calculate Int(x)
[#1] INFO:DataHandling -- RooDataHist::adjustBinning(signalHistogram): fit range of variable x expanded to nearest bin boundaries: [550,1020] --> [550,1020]
[#0] WARNING:InputArguments -- RooAbsPdf::fitTo(signal) WARNING: a likelihood fit is request of what appears to be weighted data. 
       While the estimated values of the parameters will always be calculated taking the weights into account, 
       there are multiple ways to estimate the errors on these parameter values. You are advised to make an 
       explicit choice on the error calculation: 
           - Either provide SumW2Error(kTRUE), to calculate a sum-of-weights corrected HESSE error matrix 
             (error will be proportional to the number of events)
           - Or provide SumW2Error(kFALSE), to return errors from original HESSE error matrix
             (which will be proportional to the sum of the weights)
       If you want the errors to reflect the information contained in the provided dataset, choose kTRUE. 
       If you want the errors to reflect the precision you would be able to obtain with an unweighted dataset 
       with 'sum-of-weights' events, choose kFALSE.
[#1] INFO:Eval -- RooRealVar::setRange(x) new range named 'fit' created with bounds [650,920]
[#1] INFO:Fitting -- RooAbsOptTestStatistic::ctor(nll_signal_signalHistogram) constructing test statistic for sub-range named fit
[#1] INFO:Eval -- RooRealVar::setRange(x) new range named 'NormalizationRangeForfit' created with bounds [550,1020]
[#1] INFO:Eval -- RooRealVar::setRange(x) new range named 'fit_nll_signal_signalHistogram' created with bounds [650,920]
[#1] INFO:Fitting -- RooAbsOptTestStatistic::ctor(nll_signal_signalHistogram) fixing interpretation of coefficients of any RooAddPdf to full domain of observables 
[#1] INFO:NumericIntegration -- RooRealIntegral::init(signal_Int[x]) using numeric integrator RooIntegrator1D to calculate Int(x)
[#1] INFO:Minization -- RooMinuit::optimizeConst: activating const optimization
 **********
 **   13 **MIGRAD        2000           1
 **********
 FIRST CALL TO USER FUNCTION AT NEW START POINT, WITH IFLAG=4.
 START MIGRAD MINIMIZATION.  STRATEGY  1.  CONVERGENCE WHEN EDM .LT. 1.00e-03
 FCN=28612.4 FROM MIGRAD    STATUS=INITIATE       57 CALLS          58 TOTAL
                     EDM= unknown      STRATEGY= 1      NO ERROR MATRIX       
  EXT PARAMETER               CURRENT GUESS       STEP         FIRST   
  NO.   NAME      VALUE            ERROR          SIZE      DERIVATIVE 
   1  sg_p0        8.10000e+02   6.00000e+00   0.00000e+00  -3.00114e+02
   2  sg_p1        2.25000e+01   1.50000e+00   0.00000e+00  -1.67115e+02
   3  sg_p2        1.20214e+00   5.00000e-01   0.00000e+00   4.55233e+01
   4  sg_p3        1.18762e+00   7.00000e-01  -7.21725e-01   3.91659e+02
                               ERR DEF= 0.5
 MIGRAD FAILS TO FIND IMPROVEMENT
 EIGENVALUES OF SECOND-DERIVATIVE MATRIX:
        -8.9336e-01  9.8220e-01  1.9260e+00  1.9851e+00
 MINUIT WARNING IN HESSE   
 ============== MATRIX FORCED POS-DEF BY ADDING 0.895346 TO DIAGONAL.
 FCN=28570.4 FROM HESSE     STATUS=NOT POSDEF     29 CALLS         216 TOTAL
                     EDM=0.158425    STRATEGY= 1      ERR MATRIX NOT POS-DEF
  EXT PARAMETER                APPROXIMATE        STEP         FIRST   
  NO.   NAME      VALUE            ERROR          SIZE      DERIVATIVE 
   1  sg_p0        8.12468e+02   1.41859e+00   1.44554e-03   6.97099e+00
   2  sg_p1        2.52532e+01   1.08302e+00   4.75756e-03  -1.78654e+00
   3  sg_p2        1.59901e+00   3.19025e-01   4.11832e-03  -4.02743e+00
   4  sg_p3        1.18510e+00   2.53698e-02   1.13700e-04   9.82264e+00
                               ERR DEF= 0.5
 MINUIT WARNING IN MIGRAD  
 ============== Negative diagonal element 4 in Error Matrix
 MINUIT WARNING IN MIGRAD  
 ============== 1.00001 added to diagonal of error matrix
 MIGRAD FAILS TO FIND IMPROVEMENT
 MIGRAD TERMINATED WITHOUT CONVERGENCE.
 FCN=28570.4 FROM MIGRAD    STATUS=FAILED        279 CALLS         280 TOTAL
                     EDM=10.5145    STRATEGY= 1      ERR MATRIX NOT POS-DEF
  EXT PARAMETER                APPROXIMATE        STEP         FIRST   
  NO.   NAME      VALUE            ERROR          SIZE      DERIVATIVE 
   1  sg_p0        8.12542e+02   1.94194e+01  -0.00000e+00   1.21944e+01
   2  sg_p1        2.53088e+01   4.51787e+00  -0.00000e+00   3.98569e-01
   3  sg_p2        1.61558e+00   1.51911e+00   0.00000e+00  -5.79777e+00
   4  sg_p3        1.18237e+00   1.70381e+00  -0.00000e+00   1.97176e+02
                               ERR DEF= 0.5
 EXTERNAL ERROR MATRIX.    NDIM=  25    NPAR=  4    ERR DEF=0.5
  4.468e+02  5.233e-03  1.508e-03  6.862e-04 
  5.233e-03  2.418e+01 -1.914e-04  5.328e-04 
  1.508e-03 -1.914e-04  2.734e+00  1.653e-04 
  6.862e-04  5.328e-04  1.653e-04  3.439e+00 
ERR MATRIX NOT POS-DEF
 PARAMETER  CORRELATION COEFFICIENTS  
       NO.  GLOBAL      1      2      3      4
        1  0.00007   1.000  0.000  0.000  0.000
        2  0.00008   0.000  1.000 -0.000  0.000
        3  0.00007   0.000 -0.000  1.000  0.000
        4  0.00008   0.000  0.000  0.000  1.000
 ERR MATRIX NOT POS-DEF
 **********
 **   18 **HESSE        2000
 **********
 EIGENVALUES OF SECOND-DERIVATIVE MATRIX:
        -1.2546e+02 -1.0036e+01  1.2036e+01  1.2746e+02
 MINUIT WARNING IN HESSE   
 ============== MATRIX FORCED POS-DEF BY ADDING 125.585418 TO DIAGONAL.
 FCN=28570.4 FROM HESSE     STATUS=NOT POSDEF     25 CALLS         305 TOTAL
                     EDM=0.206098    STRATEGY= 1      ERR MATRIX NOT POS-DEF
  EXT PARAMETER                APPROXIMATE     INTERNAL      INTERNAL  
  NO.   NAME      VALUE            ERROR       STEP SIZE       VALUE   
   1  sg_p0        8.12542e+02   3.32392e-02   4.24522e-04   8.48346e-02
   2  sg_p1        2.53088e+01   5.64200e-01   1.39644e-03   3.83861e-01
   3  sg_p2        1.61558e+00   1.70424e-01   1.23980e-03  -3.61595e-01
   4  sg_p3        1.18237e+00   2.19991e-04   3.58849e-04  -7.23724e-01
                               ERR DEF= 0.5
 EXTERNAL ERROR MATRIX.    NDIM=  25    NPAR=  4    ERR DEF=0.5
  1.105e-03 -1.843e-03  5.571e-04  6.264e-07 
 -1.843e-03  3.190e-01 -9.625e-02  1.380e-06 
  5.571e-04 -9.625e-02  2.910e-02 -4.175e-07 
  6.264e-07  1.380e-06 -4.175e-07  4.840e-08 
ERR MATRIX NOT POS-DEF
 PARAMETER  CORRELATION COEFFICIENTS  
       NO.  GLOBAL      1      2      3      4
        1  0.13108   1.000 -0.098  0.098  0.086
        2  0.99899  -0.098  1.000 -0.999  0.011
        3  0.99899   0.098 -0.999  1.000 -0.011
        4  0.08788   0.086  0.011 -0.011  1.000
 ERR MATRIX NOT POS-DEF
[#1] INFO:Minization -- RooMinuit::optimizeConst: deactivating const optimization
800
812.542 +- 0.0332392
25.3088 +- 0.5642
[#1] INFO:InputArguments -- RooAbsData::plotOn(signalHistogram) INFO: dataset has non-integer weights, auto-selecting SumW2 errors instead of Poisson errors
[#1] INFO:Plotting -- RooAbsPdf::plotOn(signal) p.d.f was fitted in range and no explicit plot,norm range was specified, using fit range as default
[#1] INFO:Plotting -- RooAbsPdf::plotOn(signal) only plotting range 'fit_nll_signal_signalHistogram'
[#1] INFO:Plotting -- RooAbsPdf::plotOn(signal) p.d.f. curve is normalized using explicit choice of ranges 'fit_nll_signal_signalHistogram'
[#1] INFO:NumericIntegration -- RooRealIntegral::init(signal_Int[x]) using numeric integrator RooIntegrator1D to calculate Int(x)
[#1] INFO:NumericIntegration -- RooRealIntegral::init(signal_Int[x|fit_nll_signal_signalHistogram]_Norm[x]) using numeric integrator RooIntegrator1D to calculate Int(x)
[#1] INFO:DataHandling -- RooDataHist::adjustBinning(signalHistogram): fit range of variable x expanded to nearest bin boundaries: [550,1020] --> [550,1020]
[#0] WARNING:InputArguments -- RooAbsPdf::fitTo(signal) WARNING: a likelihood fit is request of what appears to be weighted data. 
       While the estimated values of the parameters will always be calculated taking the weights into account, 
       there are multiple ways to estimate the errors on these parameter values. You are advised to make an 
       explicit choice on the error calculation: 
           - Either provide SumW2Error(kTRUE), to calculate a sum-of-weights corrected HESSE error matrix 
             (error will be proportional to the number of events)
           - Or provide SumW2Error(kFALSE), to return errors from original HESSE error matrix
             (which will be proportional to the sum of the weights)
       If you want the errors to reflect the information contained in the provided dataset, choose kTRUE. 
       If you want the errors to reflect the precision you would be able to obtain with an unweighted dataset 
       with 'sum-of-weights' events, choose kFALSE.
[#1] INFO:Eval -- RooRealVar::setRange(x) new range named 'fit' created with bounds [650,920]
[#1] INFO:Fitting -- RooAbsOptTestStatistic::ctor(nll_signal_signalHistogram) constructing test statistic for sub-range named fit
[#1] INFO:Eval -- RooRealVar::setRange(x) new range named 'NormalizationRangeForfit' created with bounds [550,1020]
[#1] INFO:Eval -- RooRealVar::setRange(x) new range named 'fit_nll_signal_signalHistogram' created with bounds [650,920]
[#1] INFO:Fitting -- RooAbsOptTestStatistic::ctor(nll_signal_signalHistogram) fixing interpretation of coefficients of any RooAddPdf to full domain of observables 
[#1] INFO:NumericIntegration -- RooRealIntegral::init(signal_Int[x]) using numeric integrator RooIntegrator1D to calculate Int(x)
[#1] INFO:Minization -- RooMinuit::optimizeConst: activating const optimization
 **********
 **   13 **MIGRAD        2000           1
 **********
 FIRST CALL TO USER FUNCTION AT NEW START POINT, WITH IFLAG=4.
 START MIGRAD MINIMIZATION.  STRATEGY  1.  CONVERGENCE WHEN EDM .LT. 1.00e-03
 FCN=28766.4 FROM MIGRAD    STATUS=INITIATE       59 CALLS          60 TOTAL
                     EDM= unknown      STRATEGY= 1      NO ERROR MATRIX       
  EXT PARAMETER               CURRENT GUESS       STEP         FIRST   
  NO.   NAME      VALUE            ERROR          SIZE      DERIVATIVE 
   1  sg_p0        8.10000e+02   6.00000e+00   0.00000e+00  -7.66248e+02
   2  sg_p1        2.25000e+01   1.50000e+00   0.00000e+00  -9.03266e+01
   3  sg_p2        1.08494e+00   5.00000e-01   0.00000e+00   1.09698e+02
   4  sg_p3        1.05971e+00   7.00000e-01  -7.71521e-01  -1.09172e+02
                               ERR DEF= 0.5
 MIGRAD MINIMIZATION HAS CONVERGED.
 MIGRAD WILL VERIFY CONVERGENCE AND ERROR MATRIX.
 COVARIANCE MATRIX CALCULATED SUCCESSFULLY
 FCN=28687.7 FROM MIGRAD    STATUS=CONVERGED     199 CALLS         200 TOTAL
                     EDM=5.14966e-05    STRATEGY= 1      ERROR MATRIX ACCURATE 
  EXT PARAMETER                                   STEP         FIRST   
  NO.   NAME      VALUE            ERROR          SIZE      DERIVATIVE 
   1  sg_p0        8.14565e+02   4.05653e-01   1.46940e-03   3.96359e-01
   2  sg_p1        2.60283e+01   3.68198e-01   5.02230e-03   5.50486e-02
   3  sg_p2        1.66109e+00   7.22853e-02   3.19557e-03   8.70441e-02
   4  sg_p3        1.18488e+00   3.46494e-02   1.22798e-03  -1.02684e-01
                               ERR DEF= 0.5
 EXTERNAL ERROR MATRIX.    NDIM=  25    NPAR=  4    ERR DEF=0.5
  1.646e-01 -2.497e-02  3.759e-03 -4.697e-03 
 -2.497e-02  1.357e-01  1.103e-02  7.081e-03 
  3.759e-03  1.103e-02  5.227e-03  5.271e-04 
 -4.697e-03  7.081e-03  5.271e-04  1.201e-03 
 PARAMETER  CORRELATION COEFFICIENTS  
       NO.  GLOBAL      1      2      3      4
        1  0.39503   1.000 -0.167  0.128 -0.334
        2  0.63439  -0.167  1.000  0.414  0.555
        3  0.46146   0.128  0.414  1.000  0.210
        4  0.60729  -0.334  0.555  0.210  1.000
 **********
 **   18 **HESSE        2000
 **********
 COVARIANCE MATRIX CALCULATED SUCCESSFULLY
 FCN=28687.7 FROM HESSE     STATUS=OK             23 CALLS         223 TOTAL
                     EDM=5.16859e-05    STRATEGY= 1      ERROR MATRIX ACCURATE 
  EXT PARAMETER                                INTERNAL      INTERNAL  
  NO.   NAME      VALUE            ERROR       STEP SIZE       VALUE   
   1  sg_p0        8.14565e+02   4.05931e-01   2.93880e-04   1.52758e-01
   2  sg_p1        2.60283e+01   3.69660e-01   2.00892e-04   4.89788e-01
   3  sg_p2        1.66109e+00   7.24828e-02   1.27823e-04  -3.42202e-01
   4  sg_p3        1.18488e+00   3.47387e-02   4.91192e-05  -7.22769e-01
                               ERR DEF= 0.5
 EXTERNAL ERROR MATRIX.    NDIM=  25    NPAR=  4    ERR DEF=0.5
  1.648e-01 -2.523e-02  3.775e-03 -4.720e-03 
 -2.523e-02  1.368e-01  1.122e-02  7.167e-03 
  3.775e-03  1.122e-02  5.255e-03  5.394e-04 
 -4.720e-03  7.167e-03  5.394e-04  1.207e-03 
 PARAMETER  CORRELATION COEFFICIENTS  
       NO.  GLOBAL      1      2      3      4
        1  0.39649   1.000 -0.168  0.128 -0.335
        2  0.63810  -0.168  1.000  0.419  0.558
        3  0.46606   0.128  0.419  1.000  0.214
        4  0.60995  -0.335  0.558  0.214  1.000
[#1] INFO:Minization -- RooMinuit::optimizeConst: deactivating const optimization
800
814.565 +- 0.405931
26.0283 +- 0.36966
[#1] INFO:InputArguments -- RooAbsData::plotOn(signalHistogram) INFO: dataset has non-integer weights, auto-selecting SumW2 errors instead of Poisson errors
[#1] INFO:Plotting -- RooAbsPdf::plotOn(signal) p.d.f was fitted in range and no explicit plot,norm range was specified, using fit range as default
[#1] INFO:Plotting -- RooAbsPdf::plotOn(signal) only plotting range 'fit_nll_signal_signalHistogram'
[#1] INFO:Plotting -- RooAbsPdf::plotOn(signal) p.d.f. curve is normalized using explicit choice of ranges 'fit_nll_signal_signalHistogram'
[#1] INFO:NumericIntegration -- RooRealIntegral::init(signal_Int[x]) using numeric integrator RooIntegrator1D to calculate Int(x)
[#1] INFO:NumericIntegration -- RooRealIntegral::init(signal_Int[x|fit_nll_signal_signalHistogram]_Norm[x]) using numeric integrator RooIntegrator1D to calculate Int(x)
[#1] INFO:DataHandling -- RooDataHist::adjustBinning(signalHistogram): fit range of variable x expanded to nearest bin boundaries: [550,1020] --> [550,1020]
[#0] WARNING:InputArguments -- RooAbsPdf::fitTo(signal) WARNING: a likelihood fit is request of what appears to be weighted data. 
       While the estimated values of the parameters will always be calculated taking the weights into account, 
       there are multiple ways to estimate the errors on these parameter values. You are advised to make an 
       explicit choice on the error calculation: 
           - Either provide SumW2Error(kTRUE), to calculate a sum-of-weights corrected HESSE error matrix 
             (error will be proportional to the number of events)
           - Or provide SumW2Error(kFALSE), to return errors from original HESSE error matrix
             (which will be proportional to the sum of the weights)
       If you want the errors to reflect the information contained in the provided dataset, choose kTRUE. 
       If you want the errors to reflect the precision you would be able to obtain with an unweighted dataset 
       with 'sum-of-weights' events, choose kFALSE.
[#1] INFO:Eval -- RooRealVar::setRange(x) new range named 'fit' created with bounds [650,920]
[#1] INFO:Fitting -- RooAbsOptTestStatistic::ctor(nll_signal_signalHistogram) constructing test statistic for sub-range named fit
[#1] INFO:Eval -- RooRealVar::setRange(x) new range named 'NormalizationRangeForfit' created with bounds [550,1020]
[#1] INFO:Eval -- RooRealVar::setRange(x) new range named 'fit_nll_signal_signalHistogram' created with bounds [650,920]
[#1] INFO:Fitting -- RooAbsOptTestStatistic::ctor(nll_signal_signalHistogram) fixing interpretation of coefficients of any RooAddPdf to full domain of observables 
[#1] INFO:NumericIntegration -- RooRealIntegral::init(signal_Int[x]) using numeric integrator RooIntegrator1D to calculate Int(x)
[#1] INFO:Minization -- RooMinuit::optimizeConst: activating const optimization
 **********
 **   13 **MIGRAD        2000           1
 **********
 FIRST CALL TO USER FUNCTION AT NEW START POINT, WITH IFLAG=4.
 START MIGRAD MINIMIZATION.  STRATEGY  1.  CONVERGENCE WHEN EDM .LT. 1.00e-03
 FCN=29348.4 FROM MIGRAD    STATUS=INITIATE       57 CALLS          58 TOTAL
                     EDM= unknown      STRATEGY= 1      NO ERROR MATRIX       
  EXT PARAMETER               CURRENT GUESS       STEP         FIRST   
  NO.   NAME      VALUE            ERROR          SIZE      DERIVATIVE 
   1  sg_p0        8.10000e+02   6.00000e+00   0.00000e+00  -6.36592e+02
   2  sg_p1        2.25000e+01   1.50000e+00   0.00000e+00  -1.83918e+02
   3  sg_p2        1.15597e+00   5.00000e-01   0.00000e+00   8.24903e+01
   4  sg_p3        1.21818e+00   7.00000e-01  -7.10151e-01   3.68287e+02
                               ERR DEF= 0.5
 MIGRAD MINIMIZATION HAS CONVERGED.
 MIGRAD WILL VERIFY CONVERGENCE AND ERROR MATRIX.
 COVARIANCE MATRIX CALCULATED SUCCESSFULLY
 FCN=29268.2 FROM MIGRAD    STATUS=CONVERGED     199 CALLS         200 TOTAL
                     EDM=1.20841e-05    STRATEGY= 1      ERROR MATRIX ACCURATE 
  EXT PARAMETER                                   STEP         FIRST   
  NO.   NAME      VALUE            ERROR          SIZE      DERIVATIVE 
   1  sg_p0        8.14234e+02   3.90817e-01   1.43143e-03  -2.25892e-01
   2  sg_p1        2.55644e+01   3.48997e-01   4.72433e-03   4.76414e-02
   3  sg_p2        1.70026e+00   7.24860e-02   3.26136e-03  -2.01102e-02
   4  sg_p3        1.19325e+00   3.43060e-02   1.23128e-03  -1.60765e-01
                               ERR DEF= 0.5
 EXTERNAL ERROR MATRIX.    NDIM=  25    NPAR=  4    ERR DEF=0.5
  1.527e-01 -2.472e-02  3.207e-03 -4.545e-03 
 -2.472e-02  1.219e-01  9.868e-03  6.557e-03 
  3.207e-03  9.868e-03  5.256e-03  4.874e-04 
 -4.545e-03  6.557e-03  4.874e-04  1.177e-03 
 PARAMETER  CORRELATION COEFFICIENTS  
       NO.  GLOBAL      1      2      3      4
        1  0.39017   1.000 -0.181  0.113 -0.339
        2  0.62081  -0.181  1.000  0.390  0.547
        3  0.43378   0.113  0.390  1.000  0.196
        4  0.60004  -0.339  0.547  0.196  1.000
 **********
 **   18 **HESSE        2000
 **********
 COVARIANCE MATRIX CALCULATED SUCCESSFULLY
 FCN=29268.2 FROM HESSE     STATUS=OK             23 CALLS         223 TOTAL
                     EDM=1.20945e-05    STRATEGY= 1      ERROR MATRIX ACCURATE 
  EXT PARAMETER                                INTERNAL      INTERNAL  
  NO.   NAME      VALUE            ERROR       STEP SIZE       VALUE   
   1  sg_p0        8.14234e+02   3.91082e-01   2.86287e-04   1.41589e-01
   2  sg_p1        2.55644e+01   3.50246e-01   1.88973e-04   4.20910e-01
   3  sg_p2        1.70026e+00   7.26609e-02   1.30454e-04  -3.25619e-01
   4  sg_p3        1.19325e+00   3.43857e-02   4.92513e-05  -7.19583e-01
                               ERR DEF= 0.5
 EXTERNAL ERROR MATRIX.    NDIM=  25    NPAR=  4    ERR DEF=0.5
  1.530e-01 -2.496e-02  3.222e-03 -4.567e-03 
 -2.496e-02  1.228e-01  1.004e-02  6.630e-03 
  3.222e-03  1.004e-02  5.281e-03  4.983e-04 
 -4.567e-03  6.630e-03  4.983e-04  1.182e-03 
 PARAMETER  CORRELATION COEFFICIENTS  
       NO.  GLOBAL      1      2      3      4
        1  0.39164   1.000 -0.182  0.113 -0.340
        2  0.62433  -0.182  1.000  0.394  0.550
        3  0.43823   0.113  0.394  1.000  0.199
        4  0.60250  -0.340  0.550  0.199  1.000
[#1] INFO:Minization -- RooMinuit::optimizeConst: deactivating const optimization
800
814.234 +- 0.391082
25.5644 +- 0.350246
[#1] INFO:InputArguments -- RooAbsData::plotOn(signalHistogram) INFO: dataset has non-integer weights, auto-selecting SumW2 errors instead of Poisson errors
[#1] INFO:Plotting -- RooAbsPdf::plotOn(signal) p.d.f was fitted in range and no explicit plot,norm range was specified, using fit range as default
[#1] INFO:Plotting -- RooAbsPdf::plotOn(signal) only plotting range 'fit_nll_signal_signalHistogram'
[#1] INFO:Plotting -- RooAbsPdf::plotOn(signal) p.d.f. curve is normalized using explicit choice of ranges 'fit_nll_signal_signalHistogram'
[#1] INFO:NumericIntegration -- RooRealIntegral::init(signal_Int[x]) using numeric integrator RooIntegrator1D to calculate Int(x)
[#1] INFO:NumericIntegration -- RooRealIntegral::init(signal_Int[x|fit_nll_signal_signalHistogram]_Norm[x]) using numeric integrator RooIntegrator1D to calculate Int(x)
[#1] INFO:DataHandling -- RooDataHist::adjustBinning(signalHistogram): fit range of variable x expanded to nearest bin boundaries: [550,1020] --> [550,1020]
[#0] WARNING:InputArguments -- RooAbsPdf::fitTo(signal) WARNING: a likelihood fit is request of what appears to be weighted data. 
       While the estimated values of the parameters will always be calculated taking the weights into account, 
       there are multiple ways to estimate the errors on these parameter values. You are advised to make an 
       explicit choice on the error calculation: 
           - Either provide SumW2Error(kTRUE), to calculate a sum-of-weights corrected HESSE error matrix 
             (error will be proportional to the number of events)
           - Or provide SumW2Error(kFALSE), to return errors from original HESSE error matrix
             (which will be proportional to the sum of the weights)
       If you want the errors to reflect the information contained in the provided dataset, choose kTRUE. 
       If you want the errors to reflect the precision you would be able to obtain with an unweighted dataset 
       with 'sum-of-weights' events, choose kFALSE.
[#1] INFO:Eval -- RooRealVar::setRange(x) new range named 'fit' created with bounds [650,920]
[#1] INFO:Fitting -- RooAbsOptTestStatistic::ctor(nll_signal_signalHistogram) constructing test statistic for sub-range named fit
[#1] INFO:Eval -- RooRealVar::setRange(x) new range named 'NormalizationRangeForfit' created with bounds [550,1020]
[#1] INFO:Eval -- RooRealVar::setRange(x) new range named 'fit_nll_signal_signalHistogram' created with bounds [650,920]
[#1] INFO:Fitting -- RooAbsOptTestStatistic::ctor(nll_signal_signalHistogram) fixing interpretation of coefficients of any RooAddPdf to full domain of observables 
[#1] INFO:NumericIntegration -- RooRealIntegral::init(signal_Int[x]) using numeric integrator RooIntegrator1D to calculate Int(x)
[#1] INFO:Minization -- RooMinuit::optimizeConst: activating const optimization
 **********
 **   13 **MIGRAD        2000           1
 **********
 FIRST CALL TO USER FUNCTION AT NEW START POINT, WITH IFLAG=4.
 START MIGRAD MINIMIZATION.  STRATEGY  1.  CONVERGENCE WHEN EDM .LT. 1.00e-03
 FCN=26933.9 FROM MIGRAD    STATUS=INITIATE       65 CALLS          66 TOTAL
                     EDM= unknown      STRATEGY= 1      NO ERROR MATRIX       
  EXT PARAMETER               CURRENT GUESS       STEP         FIRST   
  NO.   NAME      VALUE            ERROR          SIZE      DERIVATIVE 
   1  sg_p0        8.10000e+02   6.00000e+00   0.00000e+00  -8.02085e+02
   2  sg_p1        2.25000e+01   1.50000e+00   0.00000e+00  -6.48182e+01
   3  sg_p2        1.12090e+00   5.00000e-01   0.00000e+00   8.31490e+01
   4  sg_p3        1.00741e+00   7.00000e-01  -7.92584e-01  -3.93256e+02
                               ERR DEF= 0.5
 MIGRAD MINIMIZATION HAS CONVERGED.
 MIGRAD WILL VERIFY CONVERGENCE AND ERROR MATRIX.
 COVARIANCE MATRIX CALCULATED SUCCESSFULLY
 FCN=26858 FROM MIGRAD    STATUS=CONVERGED     255 CALLS         256 TOTAL
                     EDM=5.05705e-07    STRATEGY= 1      ERROR MATRIX ACCURATE 
  EXT PARAMETER                                   STEP         FIRST   
  NO.   NAME      VALUE            ERROR          SIZE      DERIVATIVE 
   1  sg_p0        8.14343e+02   4.13939e-01   1.45196e-03  -9.37591e-03
   2  sg_p1        2.58276e+01   3.73340e-01   4.89042e-03   1.50340e-02
   3  sg_p2        1.67484e+00   7.48885e-02   3.20560e-03  -1.09220e-03
   4  sg_p3        1.19229e+00   3.59871e-02   1.23468e-03  -4.69920e-02
                               ERR DEF= 0.5
 EXTERNAL ERROR MATRIX.    NDIM=  25    NPAR=  4    ERR DEF=0.5
  1.714e-01 -2.629e-02  3.837e-03 -4.978e-03 
 -2.629e-02  1.395e-01  1.135e-02  7.403e-03 
  3.837e-03  1.135e-02  5.610e-03  5.519e-04 
 -4.978e-03  7.403e-03  5.519e-04  1.295e-03 
 PARAMETER  CORRELATION COEFFICIENTS  
       NO.  GLOBAL      1      2      3      4
        1  0.39181   1.000 -0.170  0.124 -0.334
        2  0.62863  -0.170  1.000  0.406  0.551
        3  0.45181   0.124  0.406  1.000  0.205
        4  0.60326  -0.334  0.551  0.205  1.000
 **********
 **   18 **HESSE        2000
 **********
 COVARIANCE MATRIX CALCULATED SUCCESSFULLY
 FCN=26858 FROM HESSE     STATUS=OK             23 CALLS         279 TOTAL
                     EDM=5.06656e-07    STRATEGY= 1      ERROR MATRIX ACCURATE 
  EXT PARAMETER                                INTERNAL      INTERNAL  
  NO.   NAME      VALUE            ERROR       STEP SIZE       VALUE   
   1  sg_p0        8.14343e+02   4.14229e-01   5.80783e-05   1.45269e-01
   2  sg_p1        2.58276e+01   3.74765e-01   1.95617e-04   4.59703e-01
   3  sg_p2        1.67484e+00   7.50817e-02   1.28224e-04  -3.36369e-01
   4  sg_p3        1.19229e+00   3.60762e-02   4.93874e-05  -7.19948e-01
                               ERR DEF= 0.5
 EXTERNAL ERROR MATRIX.    NDIM=  25    NPAR=  4    ERR DEF=0.5
  1.716e-01 -2.658e-02  3.854e-03 -5.003e-03 
 -2.658e-02  1.406e-01  1.154e-02  7.491e-03 
  3.854e-03  1.154e-02  5.639e-03  5.644e-04 
 -5.003e-03  7.491e-03  5.644e-04  1.302e-03 
 PARAMETER  CORRELATION COEFFICIENTS  
       NO.  GLOBAL      1      2      3      4
        1  0.39332   1.000 -0.171  0.124 -0.335
        2  0.63227  -0.171  1.000  0.410  0.554
        3  0.45629   0.124  0.410  1.000  0.208
        4  0.60585  -0.335  0.554  0.208  1.000
[#1] INFO:Minization -- RooMinuit::optimizeConst: deactivating const optimization
800
814.343 +- 0.414229
25.8276 +- 0.374765
[#1] INFO:InputArguments -- RooAbsData::plotOn(signalHistogram) INFO: dataset has non-integer weights, auto-selecting SumW2 errors instead of Poisson errors
[#1] INFO:Plotting -- RooAbsPdf::plotOn(signal) p.d.f was fitted in range and no explicit plot,norm range was specified, using fit range as default
[#1] INFO:Plotting -- RooAbsPdf::plotOn(signal) only plotting range 'fit_nll_signal_signalHistogram'
[#1] INFO:Plotting -- RooAbsPdf::plotOn(signal) p.d.f. curve is normalized using explicit choice of ranges 'fit_nll_signal_signalHistogram'
[#1] INFO:NumericIntegration -- RooRealIntegral::init(signal_Int[x]) using numeric integrator RooIntegrator1D to calculate Int(x)
[#1] INFO:NumericIntegration -- RooRealIntegral::init(signal_Int[x|fit_nll_signal_signalHistogram]_Norm[x]) using numeric integrator RooIntegrator1D to calculate Int(x)
[#1] INFO:DataHandling -- RooDataHist::adjustBinning(signalHistogram): fit range of variable x expanded to nearest bin boundaries: [550,1020] --> [550,1020]
[#0] WARNING:InputArguments -- RooAbsPdf::fitTo(signal) WARNING: a likelihood fit is request of what appears to be weighted data. 
       While the estimated values of the parameters will always be calculated taking the weights into account, 
       there are multiple ways to estimate the errors on these parameter values. You are advised to make an 
       explicit choice on the error calculation: 
           - Either provide SumW2Error(kTRUE), to calculate a sum-of-weights corrected HESSE error matrix 
             (error will be proportional to the number of events)
           - Or provide SumW2Error(kFALSE), to return errors from original HESSE error matrix
             (which will be proportional to the sum of the weights)
       If you want the errors to reflect the information contained in the provided dataset, choose kTRUE. 
       If you want the errors to reflect the precision you would be able to obtain with an unweighted dataset 
       with 'sum-of-weights' events, choose kFALSE.
[#1] INFO:Eval -- RooRealVar::setRange(x) new range named 'fit' created with bounds [650,920]
[#1] INFO:Fitting -- RooAbsOptTestStatistic::ctor(nll_signal_signalHistogram) constructing test statistic for sub-range named fit
[#1] INFO:Eval -- RooRealVar::setRange(x) new range named 'NormalizationRangeForfit' created with bounds [550,1020]
[#1] INFO:Eval -- RooRealVar::setRange(x) new range named 'fit_nll_signal_signalHistogram' created with bounds [650,920]
[#1] INFO:Fitting -- RooAbsOptTestStatistic::ctor(nll_signal_signalHistogram) fixing interpretation of coefficients of any RooAddPdf to full domain of observables 
[#1] INFO:NumericIntegration -- RooRealIntegral::init(signal_Int[x]) using numeric integrator RooIntegrator1D to calculate Int(x)
[#1] INFO:Minization -- RooMinuit::optimizeConst: activating const optimization
 **********
 **   13 **MIGRAD        2000           1
 **********
 FIRST CALL TO USER FUNCTION AT NEW START POINT, WITH IFLAG=4.
 START MIGRAD MINIMIZATION.  STRATEGY  1.  CONVERGENCE WHEN EDM .LT. 1.00e-03
 FCN=31351.8 FROM MIGRAD    STATUS=INITIATE       59 CALLS          60 TOTAL
                     EDM= unknown      STRATEGY= 1      NO ERROR MATRIX       
  EXT PARAMETER               CURRENT GUESS       STEP         FIRST   
  NO.   NAME      VALUE            ERROR          SIZE      DERIVATIVE 
   1  sg_p0        8.10000e+02   6.00000e+00   0.00000e+00  -9.46989e+02
   2  sg_p1        2.25000e+01   1.50000e+00   0.00000e+00  -5.83441e+01
   3  sg_p2        1.10816e+00   5.00000e-01   0.00000e+00   1.09432e+02
   4  sg_p3        1.01312e+00   7.00000e-01  -7.90261e-01  -4.08568e+02
                               ERR DEF= 0.5
 MIGRAD MINIMIZATION HAS CONVERGED.
 MIGRAD WILL VERIFY CONVERGENCE AND ERROR MATRIX.
 COVARIANCE MATRIX CALCULATED SUCCESSFULLY
 FCN=31263.7 FROM MIGRAD    STATUS=CONVERGED     190 CALLS         191 TOTAL
                     EDM=0.000282451    STRATEGY= 1      ERROR MATRIX ACCURATE 
  EXT PARAMETER                                   STEP         FIRST   
  NO.   NAME      VALUE            ERROR          SIZE      DERIVATIVE 
   1  sg_p0        8.14404e+02   3.84308e-01   1.45349e-03  -2.57491e-01
   2  sg_p1        2.58356e+01   3.46779e-01   4.90055e-03  -2.87296e-01
   3  sg_p2        1.67287e+00   6.92592e-02   3.19853e-03   5.88350e-01
   4  sg_p3        1.19029e+00   3.33252e-02   1.23266e-03   1.10421e-01
                               ERR DEF= 0.5
 EXTERNAL ERROR MATRIX.    NDIM=  25    NPAR=  4    ERR DEF=0.5
  1.477e-01 -2.290e-02  3.276e-03 -4.302e-03 
 -2.290e-02  1.204e-01  9.759e-03  6.385e-03 
  3.276e-03  9.759e-03  4.798e-03  4.745e-04 
 -4.302e-03  6.385e-03  4.745e-04  1.111e-03 
 PARAMETER  CORRELATION COEFFICIENTS  
       NO.  GLOBAL      1      2      3      4
        1  0.39330   1.000 -0.172  0.123 -0.336
        2  0.62986  -0.172  1.000  0.406  0.552
        3  0.45226   0.123  0.406  1.000  0.206
        4  0.60490  -0.336  0.552  0.206  1.000
 **********
 **   18 **HESSE        2000
 **********
 COVARIANCE MATRIX CALCULATED SUCCESSFULLY
 FCN=31263.7 FROM HESSE     STATUS=OK             23 CALLS         214 TOTAL
                     EDM=0.000282194    STRATEGY= 1      ERROR MATRIX ACCURATE 
  EXT PARAMETER                                INTERNAL      INTERNAL  
  NO.   NAME      VALUE            ERROR       STEP SIZE       VALUE   
   1  sg_p0        8.14404e+02   3.84550e-01   2.90698e-04   1.47348e-01
   2  sg_p1        2.58356e+01   3.47902e-01   9.80110e-04   4.60888e-01
   3  sg_p2        1.67287e+00   6.94090e-02   6.39706e-04  -3.37208e-01
   4  sg_p3        1.19029e+00   3.33968e-02   4.93065e-05  -7.20709e-01
                               ERR DEF= 0.5
 EXTERNAL ERROR MATRIX.    NDIM=  25    NPAR=  4    ERR DEF=0.5
  1.479e-01 -2.313e-02  3.287e-03 -4.322e-03 
 -2.313e-02  1.211e-01  9.898e-03  6.450e-03 
  3.287e-03  9.898e-03  4.819e-03  4.836e-04 
 -4.322e-03  6.450e-03  4.836e-04  1.115e-03 
 PARAMETER  CORRELATION COEFFICIENTS  
       NO.  GLOBAL      1      2      3      4
        1  0.39464   1.000 -0.173  0.123 -0.336
        2  0.63294  -0.173  1.000  0.410  0.555
        3  0.45602   0.123  0.410  1.000  0.209
        4  0.60714  -0.336  0.555  0.209  1.000
[#1] INFO:Minization -- RooMinuit::optimizeConst: deactivating const optimization
800
814.404 +- 0.38455
25.8356 +- 0.347902
[#1] INFO:InputArguments -- RooAbsData::plotOn(signalHistogram) INFO: dataset has non-integer weights, auto-selecting SumW2 errors instead of Poisson errors
[#1] INFO:Plotting -- RooAbsPdf::plotOn(signal) p.d.f was fitted in range and no explicit plot,norm range was specified, using fit range as default
[#1] INFO:Plotting -- RooAbsPdf::plotOn(signal) only plotting range 'fit_nll_signal_signalHistogram'
[#1] INFO:Plotting -- RooAbsPdf::plotOn(signal) p.d.f. curve is normalized using explicit choice of ranges 'fit_nll_signal_signalHistogram'
[#1] INFO:NumericIntegration -- RooRealIntegral::init(signal_Int[x]) using numeric integrator RooIntegrator1D to calculate Int(x)
[#1] INFO:NumericIntegration -- RooRealIntegral::init(signal_Int[x|fit_nll_signal_signalHistogram]_Norm[x]) using numeric integrator RooIntegrator1D to calculate Int(x)
35.9 fb^{-1} (13 TeV)
   Uncertainty on sg_p0 = 814.374 +- 0.398978 (stat) - 1.83178 + 1.56012 (syst); -1.84261/+1.57282 (total)
   Uncertainty on sg_p1 = 25.8336 +- 0.36113 (stat) - 0.524827 + 0.398085 (syst); -0.55502/+0.437122 (total)
   Uncertainty on sg_p2 = 1.67359 +- 0.0721418 (stat) - 0.0580086 + 0.0266696 (syst); -0.0683089/+0.0448595 (total)
   Uncertainty on sg_p3 = 1.19124 +- 0.0346971 (stat) - 0.00886586 + 0.0266863 (syst); -0.0194827/+0.0318297 (total)
   === Baseline plot === </br>
   norm = 217.194
JEC     lnN   1.00978  -
JER     lnN   1.01239  -
btag    lnN   1.07603  -
sg_p0   param   814.374 -1.84261/+1.57282
sg_p1   param   25.8336 -0.55502/+0.437122
sg_p2   param   1.67359  -0.0683089/+0.0448595
sg_p3   param   1.19124  -0.0194827/+0.0318297
