>>> including systematics
>>> method used to compute upper limit is Asymptotic
>>> random number generator seed is 123456
[?1034hComputing limit starting from observation
Will compute both limit(s) using minimizer Minuit2 with strategy 0 and tolerance 0.01
Constraints of type RooGaussian: 4
Constraints of type SimpleGaussianConstraint: 6
Median for expected limits: 0.0883789
Sigma  for expected limits: 0.0450921
Constraints of type RooGaussian: 4
Constraints of type SimpleGaussianConstraint: 6
Constraints of type RooGaussian: 4
Constraints of type SimpleGaussianConstraint: 6
Restricting r to positive values.

Make global fit of real data
NLL at global minimum of data: -718.322 (r = 6.3974e-07)

Make global fit of asimov data
NLL at global minimum of asimov: -694.317 (r = 4.47636e-06)
At r = 1.200001:	q_mu = 207.59410	q_A  = 185.70458	CLsb = 0.00000	CLb  = 0.21094	CLs  = 0.00000
At r = 0.600001:	q_mu = 102.11282	q_A  = 85.50419	CLsb = 0.00000	CLb  = 0.18457	CLs  = 0.00000
At r = 0.300001:	q_mu = 43.89574	q_A  = 32.47690	CLsb = 0.00000	CLb  = 0.15821	CLs  = 0.00000
At r = 0.150001:	q_mu = 17.09580	q_A  = 10.18274	CLsb = 0.00001	CLb  = 0.13936	CLs  = 0.00007
At r = 0.075001:	q_mu = 6.58628	q_A  = 2.81351	CLsb = 0.00254	CLb  = 0.13037	CLs  = 0.01948
At r = 0.037501:	q_mu = 2.69054	q_A  = 0.73934	CLsb = 0.02305	CLb  = 0.12827	CLs  = 0.17971
At r = 0.056251:	q_mu = 4.50144	q_A  = 1.62021	CLsb = 0.00809	CLb  = 0.12886	CLs  = 0.06281
At r = 0.062923:	q_mu = 5.21351	q_A  = 2.01040	CLsb = 0.00543	CLb  = 0.12934	CLs  = 0.04195
At r = 0.059268:	q_mu = 4.81919	q_A  = 1.79181	CLsb = 0.00677	CLb  = 0.12907	CLs  = 0.05243
At r = 0.060621:	q_mu = 4.96401	q_A  = 1.87138	CLsb = 0.00624	CLb  = 0.12916	CLs  = 0.04830
At r = 0.059894:	q_mu = 4.88605	q_A  = 1.82843	CLsb = 0.00652	CLb  = 0.12911	CLs  = 0.05048
At r = 0.060166:	q_mu = 4.91513	q_A  = 1.84442	CLsb = 0.00641	CLb  = 0.12913	CLs  = 0.04966

 -- Asymptotic -- 
Observed Limit: r < 0.0602
Expected  2.5%: r < 0.0466
Expected 16.0%: r < 0.0626
Expected 50.0%: r < 0.0884
Expected 84.0%: r < 0.1261
Expected 97.5%: r < 0.1723

Done in 0.00 min (cpu), 0.00 min (real)
