
Processing test.c...
nSignal_init = 100000
[#1] INFO:DataHandling -- RooDataHist::adjustBinning(signalHistogram): fit range of variable x expanded to nearest bin boundaries: [390,800] --> [390,800]
[#0] WARNING:InputArguments -- RooAbsPdf::fitTo(signal) WARNING: a likelihood fit is request of what appears to be weighted data. 
       While the estimated values of the parameters will always be calculated taking the weights into account, 
       there are multiple ways to estimate the errors on these parameter values. You are advised to make an 
       explicit choice on the error calculation: 
           - Either provide SumW2Error(kTRUE), to calculate a sum-of-weights corrected HESSE error matrix 
             (error will be proportional to the number of events)
           - Or provide SumW2Error(kFALSE), to return errors from original HESSE error matrix
             (which will be proportional to the sum of the weights)
       If you want the errors to reflect the information contained in the provided dataset, choose kTRUE. 
       If you want the errors to reflect the precision you would be able to obtain with an unweighted dataset 
       with 'sum-of-weights' events, choose kFALSE.
[#1] INFO:Eval -- RooRealVar::setRange(x) new range named 'fit' created with bounds [490,700]
[#1] INFO:Fitting -- RooAbsOptTestStatistic::ctor(nll_signal_signalHistogram) constructing test statistic for sub-range named fit
[#1] INFO:Eval -- RooRealVar::setRange(x) new range named 'NormalizationRangeForfit' created with bounds [390,800]
[#1] INFO:Eval -- RooRealVar::setRange(x) new range named 'fit_nll_signal_signalHistogram' created with bounds [490,700]
[#1] INFO:Fitting -- RooAbsOptTestStatistic::ctor(nll_signal_signalHistogram) fixing interpretation of coefficients of any RooAddPdf to full domain of observables 
[#1] INFO:NumericIntegration -- RooRealIntegral::init(signal_Int[x]) using numeric integrator RooIntegrator1D to calculate Int(x)
[#1] INFO:Minization -- RooMinuit::optimizeConst: activating const optimization
 **********
 **   13 **MIGRAD        2000           1
 **********
 FIRST CALL TO USER FUNCTION AT NEW START POINT, WITH IFLAG=4.
 START MIGRAD MINIMIZATION.  STRATEGY  1.  CONVERGENCE WHEN EDM .LT. 1.00e-03
 FCN=20407.2 FROM MIGRAD    STATUS=INITIATE       56 CALLS          57 TOTAL
                     EDM= unknown      STRATEGY= 1      NO ERROR MATRIX       
  EXT PARAMETER               CURRENT GUESS       STEP         FIRST   
  NO.   NAME      VALUE            ERROR          SIZE      DERIVATIVE 
   1  sg_p0        5.90000e+02   6.00000e+00   0.00000e+00  -2.37960e+02
   2  sg_p1        2.25000e+01   2.50000e+00   0.00000e+00  -1.20569e+02
   3  sg_p2        9.48780e-01   5.00000e-01   0.00000e+00   2.19249e+02
   4  sg_p3        9.35752e-01   7.00000e-01  -8.22196e-01  -2.16926e+02
                               ERR DEF= 0.5
 MIGRAD MINIMIZATION HAS CONVERGED.
 MIGRAD WILL VERIFY CONVERGENCE AND ERROR MATRIX.
 COVARIANCE MATRIX CALCULATED SUCCESSFULLY
 FCN=20303.7 FROM MIGRAD    STATUS=CONVERGED     258 CALLS         259 TOTAL
                     EDM=3.54203e-05    STRATEGY= 1      ERROR MATRIX ACCURATE 
  EXT PARAMETER                                   STEP         FIRST   
  NO.   NAME      VALUE            ERROR          SIZE      DERIVATIVE 
   1  sg_p0        5.92104e+02   4.94229e-01   1.62450e-03  -2.33203e-01
   2  sg_p1        3.16035e+01   3.64838e-01   4.18602e-03   4.92054e-02
   3  sg_p2        2.32184e+00   1.74449e-01   2.49592e-03   4.15288e-02
   4  sg_p3        2.56533e+00   2.80149e-01   3.09113e-03   3.31222e-02
                               ERR DEF= 0.5
 EXTERNAL ERROR MATRIX.    NDIM=  25    NPAR=  4    ERR DEF=0.5
  2.443e-01  4.410e-04  2.284e-03 -4.332e-04 
  4.410e-04  1.332e-01  3.420e-03  4.258e-04 
  2.284e-03  3.420e-03  3.048e-02  4.517e-05 
 -4.332e-04  4.258e-04  4.517e-05  7.866e-02 
 PARAMETER  CORRELATION COEFFICIENTS  
       NO.  GLOBAL      1      2      3      4
        1  0.02667   1.000  0.002  0.026 -0.003
        2  0.05384   0.002  1.000  0.054  0.004
        3  0.05979   0.026  0.054  1.000  0.001
        4  0.00527  -0.003  0.004  0.001  1.000
 **********
 **   18 **HESSE        2000
 **********
 COVARIANCE MATRIX CALCULATED SUCCESSFULLY
 FCN=20303.7 FROM HESSE     STATUS=OK             23 CALLS         282 TOTAL
                     EDM=3.55279e-05    STRATEGY= 1      ERROR MATRIX ACCURATE 
  EXT PARAMETER                                INTERNAL      INTERNAL  
  NO.   NAME      VALUE            ERROR       STEP SIZE       VALUE   
   1  sg_p0        5.92104e+02   4.94244e-01   3.24901e-04   7.01930e-02
   2  sg_p1        3.16035e+01   3.64897e-01   1.67441e-04   8.15808e-01
   3  sg_p2        2.32184e+00   1.74479e-01   4.99183e-04  -7.13248e-02
   4  sg_p3        2.56533e+00   2.80163e-01   6.18226e-04  -2.70328e-01
                               ERR DEF= 0.5
 EXTERNAL ERROR MATRIX.    NDIM=  25    NPAR=  4    ERR DEF=0.5
  2.443e-01  3.135e-04  2.378e-03 -5.538e-04 
  3.135e-04  1.332e-01  3.580e-03  7.538e-04 
  2.378e-03  3.580e-03  3.049e-02  5.456e-05 
 -5.538e-04  7.538e-04  5.456e-05  7.867e-02 
 PARAMETER  CORRELATION COEFFICIENTS  
       NO.  GLOBAL      1      2      3      4
        1  0.02784   1.000  0.002  0.028 -0.004
        2  0.05664   0.002  1.000  0.056  0.007
        3  0.06252   0.028  0.056  1.000  0.001
        4  0.00842  -0.004  0.007  0.001  1.000
[#1] INFO:Minization -- RooMinuit::optimizeConst: deactivating const optimization
600
592.104 +- 0.494244
31.6035 +- 0.364897
[#1] INFO:InputArguments -- RooAbsData::plotOn(signalHistogram) INFO: dataset has non-integer weights, auto-selecting SumW2 errors instead of Poisson errors
[#1] INFO:Plotting -- RooAbsPdf::plotOn(signal) p.d.f was fitted in range and no explicit plot,norm range was specified, using fit range as default
[#1] INFO:Plotting -- RooAbsPdf::plotOn(signal) only plotting range 'fit_nll_signal_signalHistogram'
[#1] INFO:Plotting -- RooAbsPdf::plotOn(signal) p.d.f. curve is normalized using explicit choice of ranges 'fit_nll_signal_signalHistogram'
[#1] INFO:NumericIntegration -- RooRealIntegral::init(signal_Int[x]) using numeric integrator RooIntegrator1D to calculate Int(x)
[#1] INFO:NumericIntegration -- RooRealIntegral::init(signal_Int[x|fit_nll_signal_signalHistogram]_Norm[x]) using numeric integrator RooIntegrator1D to calculate Int(x)
[#1] INFO:ObjectHandling -- RooWorkspace::import(HbbHbb) importing ExpGaussExp::signal_fixed
[#1] INFO:ObjectHandling -- RooWorkspace::import(HbbHbb) importing RooRealVar::x
[#1] INFO:ObjectHandling -- RooWorkspace::import(HbbHbb) importing RooRealVar::signal_p0
[#1] INFO:ObjectHandling -- RooWorkspace::import(HbbHbb) importing RooRealVar::signal_p1
[#1] INFO:ObjectHandling -- RooWorkspace::import(HbbHbb) importing RooRealVar::signal_p2
[#1] INFO:ObjectHandling -- RooWorkspace::import(HbbHbb) importing RooRealVar::signal_p3
[#1] INFO:DataHandling -- RooDataHist::adjustBinning(signalHistogram): fit range of variable x expanded to nearest bin boundaries: [390,800] --> [390,800]
[#0] WARNING:InputArguments -- RooAbsPdf::fitTo(signal) WARNING: a likelihood fit is request of what appears to be weighted data. 
       While the estimated values of the parameters will always be calculated taking the weights into account, 
       there are multiple ways to estimate the errors on these parameter values. You are advised to make an 
       explicit choice on the error calculation: 
           - Either provide SumW2Error(kTRUE), to calculate a sum-of-weights corrected HESSE error matrix 
             (error will be proportional to the number of events)
           - Or provide SumW2Error(kFALSE), to return errors from original HESSE error matrix
             (which will be proportional to the sum of the weights)
       If you want the errors to reflect the information contained in the provided dataset, choose kTRUE. 
       If you want the errors to reflect the precision you would be able to obtain with an unweighted dataset 
       with 'sum-of-weights' events, choose kFALSE.
[#1] INFO:Eval -- RooRealVar::setRange(x) new range named 'fit' created with bounds [490,700]
[#1] INFO:Fitting -- RooAbsOptTestStatistic::ctor(nll_signal_signalHistogram) constructing test statistic for sub-range named fit
[#1] INFO:Eval -- RooRealVar::setRange(x) new range named 'NormalizationRangeForfit' created with bounds [390,800]
[#1] INFO:Eval -- RooRealVar::setRange(x) new range named 'fit_nll_signal_signalHistogram' created with bounds [490,700]
[#1] INFO:Fitting -- RooAbsOptTestStatistic::ctor(nll_signal_signalHistogram) fixing interpretation of coefficients of any RooAddPdf to full domain of observables 
[#1] INFO:NumericIntegration -- RooRealIntegral::init(signal_Int[x]) using numeric integrator RooIntegrator1D to calculate Int(x)
[#1] INFO:Minization -- RooMinuit::optimizeConst: activating const optimization
 **********
 **   13 **MIGRAD        2000           1
 **********
 FIRST CALL TO USER FUNCTION AT NEW START POINT, WITH IFLAG=4.
 START MIGRAD MINIMIZATION.  STRATEGY  1.  CONVERGENCE WHEN EDM .LT. 1.00e-03
 FCN=20903.6 FROM MIGRAD    STATUS=INITIATE       59 CALLS          60 TOTAL
                     EDM= unknown      STRATEGY= 1      NO ERROR MATRIX       
  EXT PARAMETER               CURRENT GUESS       STEP         FIRST   
  NO.   NAME      VALUE            ERROR          SIZE      DERIVATIVE 
   1  sg_p0        5.90000e+02   6.00000e+00   0.00000e+00  -2.76905e+02
   2  sg_p1        2.25000e+01   2.50000e+00   0.00000e+00  -1.33312e+02
   3  sg_p2        8.35066e-01   5.00000e-01   0.00000e+00   1.55262e+02
   4  sg_p3        1.06407e+00   7.00000e-01  -7.69784e-01  -6.62795e+01
                               ERR DEF= 0.5
 MINUIT WARNING IN MIGRAD  
 ============== Negative diagonal element 3 in Error Matrix
 MINUIT WARNING IN MIGRAD  
 ============== Negative diagonal element 4 in Error Matrix
 MINUIT WARNING IN MIGRAD  
 ============== 1.01877 added to diagonal of error matrix
 MIGRAD FAILS TO FIND IMPROVEMENT
 COVARIANCE MATRIX CALCULATED SUCCESSFULLY
 FCN=20782.7 FROM HESSE     STATUS=OK             27 CALLS         327 TOTAL
                     EDM=0.353557    STRATEGY= 1      ERROR MATRIX ACCURATE 
  EXT PARAMETER                                   STEP         FIRST   
  NO.   NAME      VALUE            ERROR          SIZE      DERIVATIVE 
   1  sg_p0        5.94811e+02   4.92616e-01   1.65618e-03   2.97074e-02
   2  sg_p1        3.19678e+01   3.59009e-01   4.38078e-03   7.51718e-03
   3  sg_p2        3.30884e+00   1.90897e+00   9.40463e-02  -2.17700e-03
   4  sg_p3        3.57858e+00   1.02503e+00   5.00000e-01  -2.82844e+00
                               ERR DEF= 0.5
 MIGRAD FAILS TO FIND IMPROVEMENT
 MACHINE ACCURACY LIMITS FURTHER IMPROVEMENT.
 MIGRAD MINIMIZATION HAS CONVERGED.
 FCN=20782.7 FROM MIGRAD    STATUS=CONVERGED     349 CALLS         350 TOTAL
                     EDM=0.00116564    STRATEGY= 1  ERROR MATRIX UNCERTAINTY   0.5 per cent
  EXT PARAMETER                                   STEP         FIRST   
  NO.   NAME      VALUE            ERROR          SIZE      DERIVATIVE 
   1  sg_p0        5.94811e+02   4.92616e-01   0.00000e+00  -7.95791e-04
   2  sg_p1        3.19677e+01   3.59015e-01   0.00000e+00  -1.29854e-03
   3  sg_p2        3.31338e+00   1.90573e+00   0.00000e+00  -5.13595e-02
   4  sg_p3        4.44183e+00   9.90294e-01   0.00000e+00  -7.71997e-03
                               ERR DEF= 0.5
 EXTERNAL ERROR MATRIX.    NDIM=  25    NPAR=  4    ERR DEF=0.5
  2.427e-01  1.206e-04 -3.792e-05  6.874e-06 
  1.206e-04  1.290e-01 -2.103e-05  2.400e-05 
 -3.792e-05 -2.103e-05  4.913e+00  1.276e-01 
  6.874e-06  2.400e-05  1.276e-01  1.010e+00 
 PARAMETER  CORRELATION COEFFICIENTS  
       NO.  GLOBAL      1      2      3      4
        1  0.00068   1.000  0.001 -0.000  0.000
        2  0.00069   0.001  1.000 -0.000  0.000
        3  0.05726  -0.000 -0.000  1.000  0.057
        4  0.05726   0.000  0.000  0.057  1.000
 **********
 **   18 **HESSE        2000
 **********
 COVARIANCE MATRIX CALCULATED SUCCESSFULLY
 FCN=20782.7 FROM HESSE     STATUS=OK             29 CALLS         379 TOTAL
                     EDM=0.00193193    STRATEGY= 1      ERROR MATRIX ACCURATE 
  EXT PARAMETER                                INTERNAL      INTERNAL  
  NO.   NAME      VALUE            ERROR       STEP SIZE       VALUE   
   1  sg_p0        5.94811e+02   4.92614e-01   1.65617e-03   1.61052e-01
   2  sg_p1        3.19677e+01   3.59005e-01   1.75231e-03   8.59341e-01
   3  sg_p2        3.31338e+00   1.92835e+00   9.34815e-02   3.31384e-01
   4  sg_p3        4.44183e+00   4.36098e+00   5.00000e-01   2.72453e-01
                               ERR DEF= 0.5
 EXTERNAL ERROR MATRIX.    NDIM=  25    NPAR=  4    ERR DEF=0.5
  2.427e-01  1.189e-04  4.150e-10  3.937e-09 
  1.189e-04  1.290e-01  7.552e-10  7.164e-09 
  4.150e-10  7.552e-10  5.086e+00  4.866e-17 
  3.937e-09  7.164e-09  4.866e-17  3.680e+02 
 PARAMETER  CORRELATION COEFFICIENTS  
       NO.  GLOBAL      1      2      3      4
        1  0.00067   1.000  0.001  0.000  0.000
        2  0.00067   0.001  1.000  0.000  0.000
        3  0.00000   0.000  0.000  1.000  0.000
        4  0.00000   0.000  0.000  0.000  1.000
[#1] INFO:Minization -- RooMinuit::optimizeConst: deactivating const optimization
600
594.811 +- 0.492614
31.9677 +- 0.359005
[#1] INFO:InputArguments -- RooAbsData::plotOn(signalHistogram) INFO: dataset has non-integer weights, auto-selecting SumW2 errors instead of Poisson errors
[#1] INFO:Plotting -- RooAbsPdf::plotOn(signal) p.d.f was fitted in range and no explicit plot,norm range was specified, using fit range as default
[#1] INFO:Plotting -- RooAbsPdf::plotOn(signal) only plotting range 'fit_nll_signal_signalHistogram'
[#1] INFO:Plotting -- RooAbsPdf::plotOn(signal) p.d.f. curve is normalized using explicit choice of ranges 'fit_nll_signal_signalHistogram'
[#1] INFO:NumericIntegration -- RooRealIntegral::init(signal_Int[x]) using numeric integrator RooIntegrator1D to calculate Int(x)
[#1] INFO:NumericIntegration -- RooRealIntegral::init(signal_Int[x|fit_nll_signal_signalHistogram]_Norm[x]) using numeric integrator RooIntegrator1D to calculate Int(x)
[#1] INFO:DataHandling -- RooDataHist::adjustBinning(signalHistogram): fit range of variable x expanded to nearest bin boundaries: [390,800] --> [390,800]
[#0] WARNING:InputArguments -- RooAbsPdf::fitTo(signal) WARNING: a likelihood fit is request of what appears to be weighted data. 
       While the estimated values of the parameters will always be calculated taking the weights into account, 
       there are multiple ways to estimate the errors on these parameter values. You are advised to make an 
       explicit choice on the error calculation: 
           - Either provide SumW2Error(kTRUE), to calculate a sum-of-weights corrected HESSE error matrix 
             (error will be proportional to the number of events)
           - Or provide SumW2Error(kFALSE), to return errors from original HESSE error matrix
             (which will be proportional to the sum of the weights)
       If you want the errors to reflect the information contained in the provided dataset, choose kTRUE. 
       If you want the errors to reflect the precision you would be able to obtain with an unweighted dataset 
       with 'sum-of-weights' events, choose kFALSE.
[#1] INFO:Eval -- RooRealVar::setRange(x) new range named 'fit' created with bounds [490,700]
[#1] INFO:Fitting -- RooAbsOptTestStatistic::ctor(nll_signal_signalHistogram) constructing test statistic for sub-range named fit
[#1] INFO:Eval -- RooRealVar::setRange(x) new range named 'NormalizationRangeForfit' created with bounds [390,800]
[#1] INFO:Eval -- RooRealVar::setRange(x) new range named 'fit_nll_signal_signalHistogram' created with bounds [490,700]
[#1] INFO:Fitting -- RooAbsOptTestStatistic::ctor(nll_signal_signalHistogram) fixing interpretation of coefficients of any RooAddPdf to full domain of observables 
[#1] INFO:NumericIntegration -- RooRealIntegral::init(signal_Int[x]) using numeric integrator RooIntegrator1D to calculate Int(x)
[#1] INFO:Minization -- RooMinuit::optimizeConst: activating const optimization
 **********
 **   13 **MIGRAD        2000           1
 **********
 FIRST CALL TO USER FUNCTION AT NEW START POINT, WITH IFLAG=4.
 START MIGRAD MINIMIZATION.  STRATEGY  1.  CONVERGENCE WHEN EDM .LT. 1.00e-03
 FCN=19759.2 FROM MIGRAD    STATUS=INITIATE       61 CALLS          62 TOTAL
                     EDM= unknown      STRATEGY= 1      NO ERROR MATRIX       
  EXT PARAMETER               CURRENT GUESS       STEP         FIRST   
  NO.   NAME      VALUE            ERROR          SIZE      DERIVATIVE 
   1  sg_p0        5.90000e+02   6.00000e+00   0.00000e+00  -3.08252e+02
   2  sg_p1        2.25000e+01   2.50000e+00   0.00000e+00   3.47377e+00
   3  sg_p2        1.03803e+00   5.00000e-01   0.00000e+00   1.96966e+02
   4  sg_p3        6.78922e-01   7.00000e-01  -9.37400e-01  -9.51087e+02
                               ERR DEF= 0.5
 MIGRAD FAILS TO FIND IMPROVEMENT
 MIGRAD MINIMIZATION HAS CONVERGED.
 MIGRAD WILL VERIFY CONVERGENCE AND ERROR MATRIX.
 COVARIANCE MATRIX CALCULATED SUCCESSFULLY
 FCN=19618.4 FROM HESSE     STATUS=OK             27 CALLS         295 TOTAL
                     EDM=0.000519933    STRATEGY= 1      ERROR MATRIX ACCURATE 
  EXT PARAMETER                                   STEP         FIRST   
  NO.   NAME      VALUE            ERROR          SIZE      DERIVATIVE 
   1  sg_p0        5.89106e+02   4.99310e-01   1.60340e-03  -1.77687e-01
   2  sg_p1        3.11952e+01   3.74439e-01   3.97599e-03   1.75125e-01
   3  sg_p2        2.15446e+00   1.55638e-01   6.05904e-03   5.07493e-02
   4  sg_p3        2.86472e+00   1.00280e+00   2.23604e-02   1.02315e-01
                               ERR DEF= 0.5
 MINUIT WARNING IN MIGRAD  
 ============== Negative diagonal element 4 in Error Matrix
 MINUIT WARNING IN MIGRAD  
 ============== 1.00142 added to diagonal of error matrix
 MIGRAD FAILS TO FIND IMPROVEMENT
 MIGRAD TERMINATED WITHOUT CONVERGENCE.
 FCN=19618.4 FROM MIGRAD    STATUS=FAILED        359 CALLS         360 TOTAL
                     EDM=0.026975    STRATEGY= 1  ERROR MATRIX UNCERTAINTY  42.7 per cent
  EXT PARAMETER                APPROXIMATE        STEP         FIRST   
  NO.   NAME      VALUE            ERROR          SIZE      DERIVATIVE 
   1  sg_p0        5.89107e+02   1.06052e+00   0.00000e+00   3.45243e-02
   2  sg_p1        3.11930e+01   5.01209e-01   0.00000e+00   3.04828e-02
   3  sg_p2        2.15412e+00   1.61274e+00  -0.00000e+00   1.77468e-02
   4  sg_p3        2.85260e+00   2.27046e+00   0.00000e+00  -1.96724e-01
                               ERR DEF= 0.5
 EXTERNAL ERROR MATRIX.    NDIM=  25    NPAR=  4    ERR DEF=0.5
  1.125e+00 -5.647e-02  7.612e-01  2.001e+00 
 -5.647e-02  2.515e-01 -5.717e-01  8.039e-02 
  7.612e-01 -5.717e-01  3.085e+00 -2.479e-02 
  2.001e+00  8.039e-02 -2.479e-02  6.149e+00 
ERR MATRIX APPROXIMATE
 PARAMETER  CORRELATION COEFFICIENTS  
       NO.  GLOBAL      1      2      3      4
        1  0.87825   1.000 -0.106  0.409  0.761
        2  0.68964  -0.106  1.000 -0.649  0.065
        3  0.81697   0.409 -0.649  1.000 -0.006
        4  0.84389   0.761  0.065 -0.006  1.000
 ERR MATRIX APPROXIMATE
 **********
 **   18 **HESSE        2000
 **********
 COVARIANCE MATRIX CALCULATED SUCCESSFULLY
 FCN=19618.4 FROM HESSE     STATUS=OK             29 CALLS         389 TOTAL
                     EDM=1.78558e-05    STRATEGY= 1      ERROR MATRIX ACCURATE 
  EXT PARAMETER                                INTERNAL      INTERNAL  
  NO.   NAME      VALUE            ERROR       STEP SIZE       VALUE   
   1  sg_p0        5.89107e+02   4.98832e-01   1.60273e-03  -2.97585e-02
   2  sg_p1        3.11930e+01   3.72807e-01   3.96095e-03   7.69036e-01
   3  sg_p2        2.15412e+00   1.55604e-01   5.99006e-03  -1.38798e-01
   4  sg_p3        2.85260e+00   7.77091e-01   2.18365e-02  -1.86043e-01
                               ERR DEF= 0.5
 EXTERNAL ERROR MATRIX.    NDIM=  25    NPAR=  4    ERR DEF=0.5
  2.489e-01  3.933e-03  6.510e-03 -1.038e-02 
  3.933e-03  1.391e-01  8.935e-03  1.739e-02 
  6.510e-03  8.935e-03  2.424e-02  8.994e-04 
 -1.038e-02  1.739e-02  8.994e-04  6.144e-01 
 PARAMETER  CORRELATION COEFFICIENTS  
       NO.  GLOBAL      1      2      3      4
        1  0.08866   1.000  0.021  0.084 -0.027
        2  0.16487   0.021  1.000  0.154  0.059
        3  0.17370   0.084  0.154  1.000  0.007
        4  0.06566  -0.027  0.059  0.007  1.000
[#1] INFO:Minization -- RooMinuit::optimizeConst: deactivating const optimization
600
589.107 +- 0.498832
31.193 +- 0.372807
[#1] INFO:InputArguments -- RooAbsData::plotOn(signalHistogram) INFO: dataset has non-integer weights, auto-selecting SumW2 errors instead of Poisson errors
[#1] INFO:Plotting -- RooAbsPdf::plotOn(signal) p.d.f was fitted in range and no explicit plot,norm range was specified, using fit range as default
[#1] INFO:Plotting -- RooAbsPdf::plotOn(signal) only plotting range 'fit_nll_signal_signalHistogram'
[#1] INFO:Plotting -- RooAbsPdf::plotOn(signal) p.d.f. curve is normalized using explicit choice of ranges 'fit_nll_signal_signalHistogram'
[#1] INFO:NumericIntegration -- RooRealIntegral::init(signal_Int[x]) using numeric integrator RooIntegrator1D to calculate Int(x)
[#1] INFO:NumericIntegration -- RooRealIntegral::init(signal_Int[x|fit_nll_signal_signalHistogram]_Norm[x]) using numeric integrator RooIntegrator1D to calculate Int(x)
[#1] INFO:DataHandling -- RooDataHist::adjustBinning(signalHistogram): fit range of variable x expanded to nearest bin boundaries: [440,800] --> [440,800]
[#0] WARNING:InputArguments -- RooAbsPdf::fitTo(signal) WARNING: a likelihood fit is request of what appears to be weighted data. 
       While the estimated values of the parameters will always be calculated taking the weights into account, 
       there are multiple ways to estimate the errors on these parameter values. You are advised to make an 
       explicit choice on the error calculation: 
           - Either provide SumW2Error(kTRUE), to calculate a sum-of-weights corrected HESSE error matrix 
             (error will be proportional to the number of events)
           - Or provide SumW2Error(kFALSE), to return errors from original HESSE error matrix
             (which will be proportional to the sum of the weights)
       If you want the errors to reflect the information contained in the provided dataset, choose kTRUE. 
       If you want the errors to reflect the precision you would be able to obtain with an unweighted dataset 
       with 'sum-of-weights' events, choose kFALSE.
[#1] INFO:Eval -- RooRealVar::setRange(x) new range named 'fit' created with bounds [540,700]
[#1] INFO:Fitting -- RooAbsOptTestStatistic::ctor(nll_signal_signalHistogram) constructing test statistic for sub-range named fit
[#1] INFO:Eval -- RooRealVar::setRange(x) new range named 'NormalizationRangeForfit' created with bounds [440,800]
[#1] INFO:Eval -- RooRealVar::setRange(x) new range named 'fit_nll_signal_signalHistogram' created with bounds [540,700]
[#1] INFO:Fitting -- RooAbsOptTestStatistic::ctor(nll_signal_signalHistogram) fixing interpretation of coefficients of any RooAddPdf to full domain of observables 
[#1] INFO:NumericIntegration -- RooRealIntegral::init(signal_Int[x]) using numeric integrator RooIntegrator1D to calculate Int(x)
[#1] INFO:Minization -- RooMinuit::optimizeConst: activating const optimization
 **********
 **   13 **MIGRAD        2000           1
 **********
 FIRST CALL TO USER FUNCTION AT NEW START POINT, WITH IFLAG=4.
 START MIGRAD MINIMIZATION.  STRATEGY  1.  CONVERGENCE WHEN EDM .LT. 1.00e-03
 FCN=18511.3 FROM MIGRAD    STATUS=INITIATE       60 CALLS          61 TOTAL
                     EDM= unknown      STRATEGY= 1      NO ERROR MATRIX       
  EXT PARAMETER               CURRENT GUESS       STEP         FIRST   
  NO.   NAME      VALUE            ERROR          SIZE      DERIVATIVE 
   1  sg_p0        6.05000e+02   5.00000e+00   0.00000e+00  -7.40396e+02
   2  sg_p1        1.75000e+01   1.50000e+00   0.00000e+00  -3.52378e+01
   3  sg_p2        1.18490e+00   5.00000e-01   0.00000e+00   2.04158e+01
   4  sg_p3        1.47860e+00   7.00000e-01  -6.15717e-01  -1.54349e+01
                               ERR DEF= 0.5
 MIGRAD MINIMIZATION HAS CONVERGED.
 MIGRAD WILL VERIFY CONVERGENCE AND ERROR MATRIX.
 COVARIANCE MATRIX CALCULATED SUCCESSFULLY
 FCN=18460.6 FROM MIGRAD    STATUS=CONVERGED     198 CALLS         199 TOTAL
                     EDM=1.54851e-06    STRATEGY= 1      ERROR MATRIX ACCURATE 
  EXT PARAMETER                                   STEP         FIRST   
  NO.   NAME      VALUE            ERROR          SIZE      DERIVATIVE 
   1  sg_p0        6.08692e+02   3.23280e-01   1.16514e-03  -7.99199e-03
   2  sg_p1        1.83569e+01   2.79934e-01   3.02518e-03  -2.66369e-02
   3  sg_p2        1.48767e+00   5.44286e-02   2.05315e-03   4.94574e-02
   4  sg_p3        1.40613e+00   6.14668e-02   1.81455e-03   2.39101e-02
                               ERR DEF= 0.5
 EXTERNAL ERROR MATRIX.    NDIM=  25    NPAR=  4    ERR DEF=0.5
  1.045e-01 -9.051e-03  2.188e-03 -5.216e-03 
 -9.051e-03  7.840e-02  5.474e-03  7.094e-03 
  2.188e-03  5.474e-03  2.963e-03  4.768e-04 
 -5.216e-03  7.094e-03  4.768e-04  3.779e-03 
 PARAMETER  CORRELATION COEFFICIENTS  
       NO.  GLOBAL      1      2      3      4
        1  0.31290   1.000 -0.100  0.124 -0.262
        2  0.51370  -0.100  1.000  0.359  0.412
        3  0.39510   0.124  0.359  1.000  0.142
        4  0.46945  -0.262  0.412  0.142  1.000
 **********
 **   18 **HESSE        2000
 **********
 COVARIANCE MATRIX CALCULATED SUCCESSFULLY
 FCN=18460.6 FROM HESSE     STATUS=OK             23 CALLS         222 TOTAL
                     EDM=1.54744e-06    STRATEGY= 1      ERROR MATRIX ACCURATE 
  EXT PARAMETER                                INTERNAL      INTERNAL  
  NO.   NAME      VALUE            ERROR       STEP SIZE       VALUE   
   1  sg_p0        6.08692e+02   3.23426e-01   4.66057e-05   1.48232e-01
   2  sg_p1        1.83569e+01   2.80464e-01   1.21007e-04   1.14504e-01
   3  sg_p2        1.48767e+00   5.44911e-02   8.21259e-05  -4.16906e-01
   4  sg_p3        1.40613e+00   6.15475e-02   7.25820e-05  -6.41314e-01
                               ERR DEF= 0.5
 EXTERNAL ERROR MATRIX.    NDIM=  25    NPAR=  4    ERR DEF=0.5
  1.046e-01 -9.179e-03  2.197e-03 -5.241e-03 
 -9.179e-03  7.870e-02  5.524e-03  7.158e-03 
  2.197e-03  5.524e-03  2.970e-03  4.840e-04 
 -5.241e-03  7.158e-03  4.840e-04  3.789e-03 
 PARAMETER  CORRELATION COEFFICIENTS  
       NO.  GLOBAL      1      2      3      4
        1  0.31420   1.000 -0.101  0.125 -0.263
        2  0.51639  -0.101  1.000  0.361  0.415
        3  0.39754   0.125  0.361  1.000  0.144
        4  0.47162  -0.263  0.415  0.144  1.000
[#1] INFO:Minization -- RooMinuit::optimizeConst: deactivating const optimization
600
608.692 +- 0.323426
18.3569 +- 0.280464
[#1] INFO:InputArguments -- RooAbsData::plotOn(signalHistogram) INFO: dataset has non-integer weights, auto-selecting SumW2 errors instead of Poisson errors
[#1] INFO:Plotting -- RooAbsPdf::plotOn(signal) p.d.f was fitted in range and no explicit plot,norm range was specified, using fit range as default
[#1] INFO:Plotting -- RooAbsPdf::plotOn(signal) only plotting range 'fit_nll_signal_signalHistogram'
[#1] INFO:Plotting -- RooAbsPdf::plotOn(signal) p.d.f. curve is normalized using explicit choice of ranges 'fit_nll_signal_signalHistogram'
[#1] INFO:NumericIntegration -- RooRealIntegral::init(signal_Int[x]) using numeric integrator RooIntegrator1D to calculate Int(x)
[#1] INFO:NumericIntegration -- RooRealIntegral::init(signal_Int[x|fit_nll_signal_signalHistogram]_Norm[x]) using numeric integrator RooIntegrator1D to calculate Int(x)
[#1] INFO:ObjectHandling -- RooWorkspace::import(HbbHbb) importing ExpGaussExp::signal_fixed
[#1] INFO:ObjectHandling -- RooWorkspace::import(HbbHbb) importing RooRealVar::x
[#1] INFO:ObjectHandling -- RooWorkspace::import(HbbHbb) importing RooRealVar::signal_p0
[#1] INFO:ObjectHandling -- RooWorkspace::import(HbbHbb) importing RooRealVar::signal_p1
[#1] INFO:ObjectHandling -- RooWorkspace::import(HbbHbb) importing RooRealVar::signal_p2
[#1] INFO:ObjectHandling -- RooWorkspace::import(HbbHbb) importing RooRealVar::signal_p3
 fit done 
[#1] INFO:DataHandling -- RooDataHist::adjustBinning(signalHistogram): fit range of variable x expanded to nearest bin boundaries: [440,800] --> [440,800]
[#0] WARNING:InputArguments -- RooAbsPdf::fitTo(signal) WARNING: a likelihood fit is request of what appears to be weighted data. 
       While the estimated values of the parameters will always be calculated taking the weights into account, 
       there are multiple ways to estimate the errors on these parameter values. You are advised to make an 
       explicit choice on the error calculation: 
           - Either provide SumW2Error(kTRUE), to calculate a sum-of-weights corrected HESSE error matrix 
             (error will be proportional to the number of events)
           - Or provide SumW2Error(kFALSE), to return errors from original HESSE error matrix
             (which will be proportional to the sum of the weights)
       If you want the errors to reflect the information contained in the provided dataset, choose kTRUE. 
       If you want the errors to reflect the precision you would be able to obtain with an unweighted dataset 
       with 'sum-of-weights' events, choose kFALSE.
[#1] INFO:Eval -- RooRealVar::setRange(x) new range named 'fit' created with bounds [540,700]
[#1] INFO:Fitting -- RooAbsOptTestStatistic::ctor(nll_signal_signalHistogram) constructing test statistic for sub-range named fit
[#1] INFO:Eval -- RooRealVar::setRange(x) new range named 'NormalizationRangeForfit' created with bounds [440,800]
[#1] INFO:Eval -- RooRealVar::setRange(x) new range named 'fit_nll_signal_signalHistogram' created with bounds [540,700]
[#1] INFO:Fitting -- RooAbsOptTestStatistic::ctor(nll_signal_signalHistogram) fixing interpretation of coefficients of any RooAddPdf to full domain of observables 
[#1] INFO:NumericIntegration -- RooRealIntegral::init(signal_Int[x]) using numeric integrator RooIntegrator1D to calculate Int(x)
[#1] INFO:Minization -- RooMinuit::optimizeConst: activating const optimization
 **********
 **   13 **MIGRAD        2000           1
 **********
 FIRST CALL TO USER FUNCTION AT NEW START POINT, WITH IFLAG=4.
 START MIGRAD MINIMIZATION.  STRATEGY  1.  CONVERGENCE WHEN EDM .LT. 1.00e-03
 FCN=18914.3 FROM MIGRAD    STATUS=INITIATE       77 CALLS          78 TOTAL
                     EDM= unknown      STRATEGY= 1      NO ERROR MATRIX       
  EXT PARAMETER               CURRENT GUESS       STEP         FIRST   
  NO.   NAME      VALUE            ERROR          SIZE      DERIVATIVE 
   1  sg_p0        6.07615e+02   5.00000e+00   0.00000e+00  -3.22775e+02
   2  sg_p1        1.75000e+01   1.50000e+00   0.00000e+00   5.18097e+00
   3  sg_p2        1.14423e+00   5.00000e-01   0.00000e+00  -1.00194e+02
   4  sg_p3        1.45830e+00   7.00000e-01  -6.22838e-01   5.05414e+01
                               ERR DEF= 0.5
 MIGRAD MINIMIZATION HAS CONVERGED.
 MIGRAD WILL VERIFY CONVERGENCE AND ERROR MATRIX.
 COVARIANCE MATRIX CALCULATED SUCCESSFULLY
 FCN=18893.8 FROM MIGRAD    STATUS=CONVERGED     217 CALLS         218 TOTAL
                     EDM=2.83441e-07    STRATEGY= 1      ERROR MATRIX ACCURATE 
  EXT PARAMETER                                   STEP         FIRST   
  NO.   NAME      VALUE            ERROR          SIZE      DERIVATIVE 
   1  sg_p0        6.09835e+02   3.20458e-01   1.18122e-03   1.99716e-02
   2  sg_p1        1.84026e+01   2.81622e-01   3.04842e-03  -4.57325e-03
   3  sg_p2        1.46608e+00   5.89939e-02   2.13709e-03  -5.15374e-04
   4  sg_p3        1.40527e+00   5.47157e-02   1.70241e-03   2.83643e-02
                               ERR DEF= 0.5
 EXTERNAL ERROR MATRIX.    NDIM=  25    NPAR=  4    ERR DEF=0.5
  1.027e-01  2.191e-03  4.166e-03 -3.049e-03 
  2.191e-03  7.935e-02  7.350e-03  5.397e-03 
  4.166e-03  7.350e-03  3.481e-03  4.765e-04 
 -3.049e-03  5.397e-03  4.765e-04  2.994e-03 
 PARAMETER  CORRELATION COEFFICIENTS  
       NO.  GLOBAL      1      2      3      4
        1  0.30388   1.000  0.024  0.220 -0.174
        2  0.52791   0.024  1.000  0.442  0.350
        3  0.49057   0.220  0.442  1.000  0.148
        4  0.39639  -0.174  0.350  0.148  1.000
 **********
 **   18 **HESSE        2000
 **********
 COVARIANCE MATRIX CALCULATED SUCCESSFULLY
 FCN=18893.8 FROM HESSE     STATUS=OK             23 CALLS         241 TOTAL
                     EDM=2.83854e-07    STRATEGY= 1      ERROR MATRIX ACCURATE 
  EXT PARAMETER                                INTERNAL      INTERNAL  
  NO.   NAME      VALUE            ERROR       STEP SIZE       VALUE   
   1  sg_p0        6.09835e+02   3.20577e-01   2.36244e-04   1.94613e-01
   2  sg_p1        1.84026e+01   2.82160e-01   1.21937e-04   1.20635e-01
   3  sg_p2        1.46608e+00   5.90852e-02   8.54835e-05  -4.26369e-01
   4  sg_p3        1.40527e+00   5.47727e-02   6.80964e-05  -6.41619e-01
                               ERR DEF= 0.5
 EXTERNAL ERROR MATRIX.    NDIM=  25    NPAR=  4    ERR DEF=0.5
  1.028e-01  2.166e-03  4.187e-03 -3.058e-03 
  2.166e-03  7.965e-02  7.413e-03  5.449e-03 
  4.187e-03  7.413e-03  3.492e-03  4.840e-04 
 -3.058e-03  5.449e-03  4.840e-04  3.000e-03 
 PARAMETER  CORRELATION COEFFICIENTS  
       NO.  GLOBAL      1      2      3      4
        1  0.30498   1.000  0.024  0.221 -0.174
        2  0.53050   0.024  1.000  0.444  0.352
        3  0.49295   0.221  0.444  1.000  0.150
        4  0.39859  -0.174  0.352  0.150  1.000
[#1] INFO:Minization -- RooMinuit::optimizeConst: deactivating const optimization
600
609.835 +- 0.320577
18.4026 +- 0.28216
[#1] INFO:InputArguments -- RooAbsData::plotOn(signalHistogram) INFO: dataset has non-integer weights, auto-selecting SumW2 errors instead of Poisson errors
[#1] INFO:Plotting -- RooAbsPdf::plotOn(signal) p.d.f was fitted in range and no explicit plot,norm range was specified, using fit range as default
[#1] INFO:Plotting -- RooAbsPdf::plotOn(signal) only plotting range 'fit_nll_signal_signalHistogram'
[#1] INFO:Plotting -- RooAbsPdf::plotOn(signal) p.d.f. curve is normalized using explicit choice of ranges 'fit_nll_signal_signalHistogram'
[#1] INFO:NumericIntegration -- RooRealIntegral::init(signal_Int[x]) using numeric integrator RooIntegrator1D to calculate Int(x)
[#1] INFO:NumericIntegration -- RooRealIntegral::init(signal_Int[x|fit_nll_signal_signalHistogram]_Norm[x]) using numeric integrator RooIntegrator1D to calculate Int(x)
[#1] INFO:DataHandling -- RooDataHist::adjustBinning(signalHistogram): fit range of variable x expanded to nearest bin boundaries: [440,800] --> [440,800]
[#0] WARNING:InputArguments -- RooAbsPdf::fitTo(signal) WARNING: a likelihood fit is request of what appears to be weighted data. 
       While the estimated values of the parameters will always be calculated taking the weights into account, 
       there are multiple ways to estimate the errors on these parameter values. You are advised to make an 
       explicit choice on the error calculation: 
           - Either provide SumW2Error(kTRUE), to calculate a sum-of-weights corrected HESSE error matrix 
             (error will be proportional to the number of events)
           - Or provide SumW2Error(kFALSE), to return errors from original HESSE error matrix
             (which will be proportional to the sum of the weights)
       If you want the errors to reflect the information contained in the provided dataset, choose kTRUE. 
       If you want the errors to reflect the precision you would be able to obtain with an unweighted dataset 
       with 'sum-of-weights' events, choose kFALSE.
[#1] INFO:Eval -- RooRealVar::setRange(x) new range named 'fit' created with bounds [540,700]
[#1] INFO:Fitting -- RooAbsOptTestStatistic::ctor(nll_signal_signalHistogram) constructing test statistic for sub-range named fit
[#1] INFO:Eval -- RooRealVar::setRange(x) new range named 'NormalizationRangeForfit' created with bounds [440,800]
[#1] INFO:Eval -- RooRealVar::setRange(x) new range named 'fit_nll_signal_signalHistogram' created with bounds [540,700]
[#1] INFO:Fitting -- RooAbsOptTestStatistic::ctor(nll_signal_signalHistogram) fixing interpretation of coefficients of any RooAddPdf to full domain of observables 
[#1] INFO:NumericIntegration -- RooRealIntegral::init(signal_Int[x]) using numeric integrator RooIntegrator1D to calculate Int(x)
[#1] INFO:Minization -- RooMinuit::optimizeConst: activating const optimization
 **********
 **   13 **MIGRAD        2000           1
 **********
 FIRST CALL TO USER FUNCTION AT NEW START POINT, WITH IFLAG=4.
 START MIGRAD MINIMIZATION.  STRATEGY  1.  CONVERGENCE WHEN EDM .LT. 1.00e-03
 FCN=17827.8 FROM MIGRAD    STATUS=INITIATE       52 CALLS          53 TOTAL
                     EDM= unknown      STRATEGY= 1      NO ERROR MATRIX       
  EXT PARAMETER               CURRENT GUESS       STEP         FIRST   
  NO.   NAME      VALUE            ERROR          SIZE      DERIVATIVE 
   1  sg_p0        6.05000e+02   5.00000e+00   0.00000e+00  -3.81579e+02
   2  sg_p1        1.75000e+01   1.50000e+00   0.00000e+00  -1.00435e+02
   3  sg_p2        1.28822e+00   5.00000e-01   0.00000e+00   2.73039e+01
   4  sg_p3        1.80614e+00   7.00000e-01  -5.05175e-01   1.07828e+02
                               ERR DEF= 0.5
 MIGRAD FAILS TO FIND IMPROVEMENT
 EIGENVALUES OF SECOND-DERIVATIVE MATRIX:
        -1.0886e+00  1.1061e+00  1.8427e+00  2.1398e+00
 MINUIT WARNING IN HESSE   
 ============== MATRIX FORCED POS-DEF BY ADDING 1.090718 TO DIAGONAL.
 FCN=17796.1 FROM HESSE     STATUS=NOT POSDEF     29 CALLS         194 TOTAL
                     EDM=0.416197    STRATEGY= 1      ERR MATRIX NOT POS-DEF
  EXT PARAMETER                APPROXIMATE        STEP         FIRST   
  NO.   NAME      VALUE            ERROR          SIZE      DERIVATIVE 
   1  sg_p0        6.07398e+02   2.64955e+00   1.52214e-04  -1.22217e+01
   2  sg_p1        1.77156e+01   1.07159e+00   3.05183e-03  -2.94405e+00
   3  sg_p2        1.40875e+00   4.86527e-02   4.22960e-04  -1.06232e+01
   4  sg_p3        1.34786e+00   1.92678e-01   1.78861e-03   3.70210e+00
                               ERR DEF= 0.5
 MIGRAD FAILS TO FIND IMPROVEMENT
 MIGRAD TERMINATED WITHOUT CONVERGENCE.
 FCN=17796.1 FROM MIGRAD    STATUS=FAILED        231 CALLS         232 TOTAL
                     EDM=854.994    STRATEGY= 1      ERR MATRIX NOT POS-DEF
  EXT PARAMETER                APPROXIMATE        STEP         FIRST   
  NO.   NAME      VALUE            ERROR          SIZE      DERIVATIVE 
   1  sg_p0        6.07407e+02   1.35903e-01  -0.00000e+00   6.05600e+02
   2  sg_p1        1.77116e+01   1.50263e-01   0.00000e+00   1.62850e+02
   3  sg_p2        1.40858e+00   6.28910e-03   0.00000e+00  -1.08286e+01
   4  sg_p3        1.34715e+00   2.75057e-02   0.00000e+00   3.92805e+00
                               ERR DEF= 0.5
 EXTERNAL ERROR MATRIX.    NDIM=  25    NPAR=  4    ERR DEF=0.5
  1.847e-02 -2.028e-02 -7.414e-04 -3.202e-03 
 -2.028e-02  2.258e-02  8.238e-04  3.560e-03 
 -7.414e-04  8.238e-04  3.955e-05  1.478e-04 
 -3.202e-03  3.560e-03  1.478e-04  7.566e-04 
ERR MATRIX NOT POS-DEF
 PARAMETER  CORRELATION COEFFICIENTS  
       NO.  GLOBAL      1      2      3      4
        1  0.99312   1.000 -0.993 -0.867 -0.856
        2  0.99342  -0.993  1.000  0.872  0.861
        3  0.89539  -0.867  0.872  1.000  0.855
        4  0.88698  -0.856  0.861  0.855  1.000
 ERR MATRIX NOT POS-DEF
 **********
 **   18 **HESSE        2000
 **********
 EIGENVALUES OF SECOND-DERIVATIVE MATRIX:
        -7.1751e+01  9.9679e-01  1.9909e+00  7.2763e+01
 MINUIT WARNING IN HESSE   
 ============== MATRIX FORCED POS-DEF BY ADDING 71.823632 TO DIAGONAL.
 FCN=17796.1 FROM HESSE     STATUS=NOT POSDEF     27 CALLS         259 TOTAL
                     EDM=0.0450234    STRATEGY= 1      ERR MATRIX NOT POS-DEF
  EXT PARAMETER                APPROXIMATE     INTERNAL      INTERNAL  
  NO.   NAME      VALUE            ERROR       STEP SIZE       VALUE   
   1  sg_p0        6.07407e+02   8.84526e-03   4.47722e-05   9.64479e-02
   2  sg_p1        1.77116e+01   9.83564e-03   1.65224e-04   2.82174e-02
   3  sg_p2        1.40858e+00   7.59554e-03   2.51140e-05  -4.51783e-01
   4  sg_p3        1.34715e+00   1.39806e-01   8.90793e-05  -6.62511e-01
                               ERR DEF= 0.5
 EXTERNAL ERROR MATRIX.    NDIM=  25    NPAR=  4    ERR DEF=0.5
  7.824e-05  8.666e-05 -3.386e-05  1.235e-03 
  8.666e-05  9.674e-05 -3.765e-05  1.373e-03 
 -3.386e-05 -3.765e-05  5.769e-05 -5.353e-04 
  1.235e-03  1.373e-03 -5.353e-04  1.956e-02 
ERR MATRIX NOT POS-DEF
 PARAMETER  CORRELATION COEFFICIENTS  
       NO.  GLOBAL      1      2      3      4
        1  0.99802   1.000  0.996 -0.504  0.998
        2  0.99801   0.996  1.000 -0.504  0.998
        3  0.50444  -0.504 -0.504  1.000 -0.504
        4  0.99899   0.998  0.998 -0.504  1.000
 ERR MATRIX NOT POS-DEF
[#1] INFO:Minization -- RooMinuit::optimizeConst: deactivating const optimization
600
607.407 +- 0.00884526
17.7116 +- 0.00983564
[#1] INFO:InputArguments -- RooAbsData::plotOn(signalHistogram) INFO: dataset has non-integer weights, auto-selecting SumW2 errors instead of Poisson errors
[#1] INFO:Plotting -- RooAbsPdf::plotOn(signal) p.d.f was fitted in range and no explicit plot,norm range was specified, using fit range as default
[#1] INFO:Plotting -- RooAbsPdf::plotOn(signal) only plotting range 'fit_nll_signal_signalHistogram'
[#1] INFO:Plotting -- RooAbsPdf::plotOn(signal) p.d.f. curve is normalized using explicit choice of ranges 'fit_nll_signal_signalHistogram'
[#1] INFO:NumericIntegration -- RooRealIntegral::init(signal_Int[x]) using numeric integrator RooIntegrator1D to calculate Int(x)
[#1] INFO:NumericIntegration -- RooRealIntegral::init(signal_Int[x|fit_nll_signal_signalHistogram]_Norm[x]) using numeric integrator RooIntegrator1D to calculate Int(x)
[#1] INFO:DataHandling -- RooDataHist::adjustBinning(signalHistogram): fit range of variable x expanded to nearest bin boundaries: [440,800] --> [440,800]
[#0] WARNING:InputArguments -- RooAbsPdf::fitTo(signal) WARNING: a likelihood fit is request of what appears to be weighted data. 
       While the estimated values of the parameters will always be calculated taking the weights into account, 
       there are multiple ways to estimate the errors on these parameter values. You are advised to make an 
       explicit choice on the error calculation: 
           - Either provide SumW2Error(kTRUE), to calculate a sum-of-weights corrected HESSE error matrix 
             (error will be proportional to the number of events)
           - Or provide SumW2Error(kFALSE), to return errors from original HESSE error matrix
             (which will be proportional to the sum of the weights)
       If you want the errors to reflect the information contained in the provided dataset, choose kTRUE. 
       If you want the errors to reflect the precision you would be able to obtain with an unweighted dataset 
       with 'sum-of-weights' events, choose kFALSE.
[#1] INFO:Eval -- RooRealVar::setRange(x) new range named 'fit' created with bounds [540,700]
[#1] INFO:Fitting -- RooAbsOptTestStatistic::ctor(nll_signal_signalHistogram) constructing test statistic for sub-range named fit
[#1] INFO:Eval -- RooRealVar::setRange(x) new range named 'NormalizationRangeForfit' created with bounds [440,800]
[#1] INFO:Eval -- RooRealVar::setRange(x) new range named 'fit_nll_signal_signalHistogram' created with bounds [540,700]
[#1] INFO:Fitting -- RooAbsOptTestStatistic::ctor(nll_signal_signalHistogram) fixing interpretation of coefficients of any RooAddPdf to full domain of observables 
[#1] INFO:NumericIntegration -- RooRealIntegral::init(signal_Int[x]) using numeric integrator RooIntegrator1D to calculate Int(x)
[#1] INFO:Minization -- RooMinuit::optimizeConst: activating const optimization
 **********
 **   13 **MIGRAD        2000           1
 **********
 FIRST CALL TO USER FUNCTION AT NEW START POINT, WITH IFLAG=4.
 START MIGRAD MINIMIZATION.  STRATEGY  1.  CONVERGENCE WHEN EDM .LT. 1.00e-03
 FCN=18313.7 FROM MIGRAD    STATUS=INITIATE       63 CALLS          64 TOTAL
                     EDM= unknown      STRATEGY= 1      NO ERROR MATRIX       
  EXT PARAMETER               CURRENT GUESS       STEP         FIRST   
  NO.   NAME      VALUE            ERROR          SIZE      DERIVATIVE 
   1  sg_p0        6.05000e+02   5.00000e+00   0.00000e+00  -7.10963e+02
   2  sg_p1        1.75000e+01   1.50000e+00   0.00000e+00  -2.40680e+01
   3  sg_p2        1.12814e+00   5.00000e-01   0.00000e+00  -1.98843e+01
   4  sg_p3        1.45064e+00   7.00000e-01  -6.25537e-01  -1.20812e+01
                               ERR DEF= 0.5
 MIGRAD MINIMIZATION HAS CONVERGED.
 MIGRAD WILL VERIFY CONVERGENCE AND ERROR MATRIX.
 COVARIANCE MATRIX CALCULATED SUCCESSFULLY
 FCN=18262.1 FROM MIGRAD    STATUS=CONVERGED     166 CALLS         167 TOTAL
                     EDM=7.98313e-05    STRATEGY= 1      ERROR MATRIX ACCURATE 
  EXT PARAMETER                                   STEP         FIRST   
  NO.   NAME      VALUE            ERROR          SIZE      DERIVATIVE 
   1  sg_p0        6.08803e+02   3.30506e-01   1.18077e-03  -1.43643e-02
   2  sg_p1        1.84717e+01   2.89622e-01   3.07900e-03  -7.62757e-02
   3  sg_p2        1.45856e+00   5.36517e-02   1.98838e-03  -2.33437e-02
   4  sg_p3        1.38960e+00   6.15342e-02   1.80011e-03   4.41451e-01
                               ERR DEF= 0.5
 EXTERNAL ERROR MATRIX.    NDIM=  25    NPAR=  4    ERR DEF=0.5
  1.092e-01 -9.440e-03  2.340e-03 -5.461e-03 
 -9.440e-03  8.392e-02  5.863e-03  7.559e-03 
  2.340e-03  5.863e-03  2.879e-03  5.057e-04 
 -5.461e-03  7.559e-03  5.057e-04  3.787e-03 
 PARAMETER  CORRELATION COEFFICIENTS  
       NO.  GLOBAL      1      2      3      4
        1  0.32401   1.000 -0.099  0.132 -0.268
        2  0.53046  -0.099  1.000  0.377  0.424
        3  0.41529   0.132  0.377  1.000  0.153
        4  0.48258  -0.268  0.424  0.153  1.000
 **********
 **   18 **HESSE        2000
 **********
 COVARIANCE MATRIX CALCULATED SUCCESSFULLY
 FCN=18262.1 FROM HESSE     STATUS=OK             23 CALLS         190 TOTAL
                     EDM=8.00182e-05    STRATEGY= 1      ERROR MATRIX ACCURATE 
  EXT PARAMETER                                INTERNAL      INTERNAL  
  NO.   NAME      VALUE            ERROR       STEP SIZE       VALUE   
   1  sg_p0        6.08803e+02   3.30636e-01   2.36154e-04   1.52717e-01
   2  sg_p1        1.84717e+01   2.90111e-01   6.15801e-04   1.29921e-01
   3  sg_p2        1.45856e+00   5.37098e-02   7.95354e-05  -4.29674e-01
   4  sg_p3        1.38960e+00   6.16044e-02   3.60021e-04  -6.47219e-01
                               ERR DEF= 0.5
 EXTERNAL ERROR MATRIX.    NDIM=  25    NPAR=  4    ERR DEF=0.5
  1.093e-01 -9.548e-03  2.348e-03 -5.481e-03 
 -9.548e-03  8.421e-02  5.909e-03  7.616e-03 
  2.348e-03  5.909e-03  2.885e-03  5.122e-04 
 -5.481e-03  7.616e-03  5.122e-04  3.796e-03 
 PARAMETER  CORRELATION COEFFICIENTS  
       NO.  GLOBAL      1      2      3      4
        1  0.32509   1.000 -0.100  0.132 -0.269
        2  0.53273  -0.100  1.000  0.379  0.426
        3  0.41743   0.132  0.379  1.000  0.155
        4  0.48438  -0.269  0.426  0.155  1.000
[#1] INFO:Minization -- RooMinuit::optimizeConst: deactivating const optimization
600
608.803 +- 0.330636
18.4717 +- 0.290111
[#1] INFO:InputArguments -- RooAbsData::plotOn(signalHistogram) INFO: dataset has non-integer weights, auto-selecting SumW2 errors instead of Poisson errors
[#1] INFO:Plotting -- RooAbsPdf::plotOn(signal) p.d.f was fitted in range and no explicit plot,norm range was specified, using fit range as default
[#1] INFO:Plotting -- RooAbsPdf::plotOn(signal) only plotting range 'fit_nll_signal_signalHistogram'
[#1] INFO:Plotting -- RooAbsPdf::plotOn(signal) p.d.f. curve is normalized using explicit choice of ranges 'fit_nll_signal_signalHistogram'
[#1] INFO:NumericIntegration -- RooRealIntegral::init(signal_Int[x]) using numeric integrator RooIntegrator1D to calculate Int(x)
[#1] INFO:NumericIntegration -- RooRealIntegral::init(signal_Int[x|fit_nll_signal_signalHistogram]_Norm[x]) using numeric integrator RooIntegrator1D to calculate Int(x)
[#1] INFO:DataHandling -- RooDataHist::adjustBinning(signalHistogram): fit range of variable x expanded to nearest bin boundaries: [440,800] --> [440,800]
[#0] WARNING:InputArguments -- RooAbsPdf::fitTo(signal) WARNING: a likelihood fit is request of what appears to be weighted data. 
       While the estimated values of the parameters will always be calculated taking the weights into account, 
       there are multiple ways to estimate the errors on these parameter values. You are advised to make an 
       explicit choice on the error calculation: 
           - Either provide SumW2Error(kTRUE), to calculate a sum-of-weights corrected HESSE error matrix 
             (error will be proportional to the number of events)
           - Or provide SumW2Error(kFALSE), to return errors from original HESSE error matrix
             (which will be proportional to the sum of the weights)
       If you want the errors to reflect the information contained in the provided dataset, choose kTRUE. 
       If you want the errors to reflect the precision you would be able to obtain with an unweighted dataset 
       with 'sum-of-weights' events, choose kFALSE.
[#1] INFO:Eval -- RooRealVar::setRange(x) new range named 'fit' created with bounds [540,700]
[#1] INFO:Fitting -- RooAbsOptTestStatistic::ctor(nll_signal_signalHistogram) constructing test statistic for sub-range named fit
[#1] INFO:Eval -- RooRealVar::setRange(x) new range named 'NormalizationRangeForfit' created with bounds [440,800]
[#1] INFO:Eval -- RooRealVar::setRange(x) new range named 'fit_nll_signal_signalHistogram' created with bounds [540,700]
[#1] INFO:Fitting -- RooAbsOptTestStatistic::ctor(nll_signal_signalHistogram) fixing interpretation of coefficients of any RooAddPdf to full domain of observables 
[#1] INFO:NumericIntegration -- RooRealIntegral::init(signal_Int[x]) using numeric integrator RooIntegrator1D to calculate Int(x)
[#1] INFO:Minization -- RooMinuit::optimizeConst: activating const optimization
 **********
 **   13 **MIGRAD        2000           1
 **********
 FIRST CALL TO USER FUNCTION AT NEW START POINT, WITH IFLAG=4.
 START MIGRAD MINIMIZATION.  STRATEGY  1.  CONVERGENCE WHEN EDM .LT. 1.00e-03
 FCN=18711.2 FROM MIGRAD    STATUS=INITIATE       57 CALLS          58 TOTAL
                     EDM= unknown      STRATEGY= 1      NO ERROR MATRIX       
  EXT PARAMETER               CURRENT GUESS       STEP         FIRST   
  NO.   NAME      VALUE            ERROR          SIZE      DERIVATIVE 
   1  sg_p0        6.05000e+02   5.00000e+00   0.00000e+00  -7.18390e+02
   2  sg_p1        1.75000e+01   1.50000e+00   0.00000e+00  -3.18392e+01
   3  sg_p2        1.20377e+00   5.00000e-01   0.00000e+00   8.44187e+00
   4  sg_p3        1.54524e+00   7.00000e-01  -5.92581e-01   1.53539e+01
                               ERR DEF= 0.5
 MIGRAD MINIMIZATION HAS CONVERGED.
 MIGRAD WILL VERIFY CONVERGENCE AND ERROR MATRIX.
 COVARIANCE MATRIX CALCULATED SUCCESSFULLY
 FCN=18661.3 FROM MIGRAD    STATUS=CONVERGED     205 CALLS         206 TOTAL
                     EDM=3.64592e-05    STRATEGY= 1      ERROR MATRIX ACCURATE 
  EXT PARAMETER                                   STEP         FIRST   
  NO.   NAME      VALUE            ERROR          SIZE      DERIVATIVE 
   1  sg_p0        6.08629e+02   3.18788e-01   1.15078e-03  -3.36230e-01
   2  sg_p1        1.81384e+01   2.76492e-01   2.97751e-03  -6.31530e-02
   3  sg_p2        1.49686e+00   5.44757e-02   2.06505e-03   2.07196e-02
   4  sg_p3        1.39306e+00   6.05611e-02   1.78870e-03   1.70313e-01
                               ERR DEF= 0.5
 EXTERNAL ERROR MATRIX.    NDIM=  25    NPAR=  4    ERR DEF=0.5
  1.016e-01 -1.019e-02  2.021e-03 -5.340e-03 
 -1.019e-02  7.648e-02  5.389e-03  7.151e-03 
  2.021e-03  5.389e-03  2.968e-03  4.840e-04 
 -5.340e-03  7.151e-03  4.840e-04  3.668e-03 
 PARAMETER  CORRELATION COEFFICIENTS  
       NO.  GLOBAL      1      2      3      4
        1  0.32316   1.000 -0.116  0.116 -0.277
        2  0.52296  -0.116  1.000  0.358  0.427
        3  0.39289   0.116  0.358  1.000  0.147
        4  0.48547  -0.277  0.427  0.147  1.000
 **********
 **   18 **HESSE        2000
 **********
 COVARIANCE MATRIX CALCULATED SUCCESSFULLY
 FCN=18661.3 FROM HESSE     STATUS=OK             23 CALLS         229 TOTAL
                     EDM=3.64813e-05    STRATEGY= 1      ERROR MATRIX ACCURATE 
  EXT PARAMETER                                INTERNAL      INTERNAL  
  NO.   NAME      VALUE            ERROR       STEP SIZE       VALUE   
   1  sg_p0        6.08629e+02   3.18930e-01   2.30156e-04   1.45672e-01
   2  sg_p1        1.81384e+01   2.76957e-01   5.95502e-04   8.52226e-02
   3  sg_p2        1.49686e+00   5.45322e-02   8.26022e-05  -4.12888e-01
   4  sg_p3        1.39306e+00   6.06332e-02   7.15481e-05  -6.45981e-01
                               ERR DEF= 0.5
 EXTERNAL ERROR MATRIX.    NDIM=  25    NPAR=  4    ERR DEF=0.5
  1.017e-01 -1.031e-02  2.029e-03 -5.364e-03 
 -1.031e-02  7.674e-02  5.434e-03  7.205e-03 
  2.029e-03  5.434e-03  2.974e-03  4.905e-04 
 -5.364e-03  7.205e-03  4.905e-04  3.677e-03 
 PARAMETER  CORRELATION COEFFICIENTS  
       NO.  GLOBAL      1      2      3      4
        1  0.32439   1.000 -0.117  0.117 -0.277
        2  0.52528  -0.117  1.000  0.360  0.429
        3  0.39510   0.117  0.360  1.000  0.148
        4  0.48733  -0.277  0.429  0.148  1.000
[#1] INFO:Minization -- RooMinuit::optimizeConst: deactivating const optimization
600
608.629 +- 0.31893
18.1384 +- 0.276957
[#1] INFO:InputArguments -- RooAbsData::plotOn(signalHistogram) INFO: dataset has non-integer weights, auto-selecting SumW2 errors instead of Poisson errors
[#1] INFO:Plotting -- RooAbsPdf::plotOn(signal) p.d.f was fitted in range and no explicit plot,norm range was specified, using fit range as default
[#1] INFO:Plotting -- RooAbsPdf::plotOn(signal) only plotting range 'fit_nll_signal_signalHistogram'
[#1] INFO:Plotting -- RooAbsPdf::plotOn(signal) p.d.f. curve is normalized using explicit choice of ranges 'fit_nll_signal_signalHistogram'
[#1] INFO:NumericIntegration -- RooRealIntegral::init(signal_Int[x]) using numeric integrator RooIntegrator1D to calculate Int(x)
[#1] INFO:NumericIntegration -- RooRealIntegral::init(signal_Int[x|fit_nll_signal_signalHistogram]_Norm[x]) using numeric integrator RooIntegrator1D to calculate Int(x)
[#1] INFO:DataHandling -- RooDataHist::adjustBinning(signalHistogram): fit range of variable x expanded to nearest bin boundaries: [440,800] --> [440,800]
[#0] WARNING:InputArguments -- RooAbsPdf::fitTo(signal) WARNING: a likelihood fit is request of what appears to be weighted data. 
       While the estimated values of the parameters will always be calculated taking the weights into account, 
       there are multiple ways to estimate the errors on these parameter values. You are advised to make an 
       explicit choice on the error calculation: 
           - Either provide SumW2Error(kTRUE), to calculate a sum-of-weights corrected HESSE error matrix 
             (error will be proportional to the number of events)
           - Or provide SumW2Error(kFALSE), to return errors from original HESSE error matrix
             (which will be proportional to the sum of the weights)
       If you want the errors to reflect the information contained in the provided dataset, choose kTRUE. 
       If you want the errors to reflect the precision you would be able to obtain with an unweighted dataset 
       with 'sum-of-weights' events, choose kFALSE.
[#1] INFO:Eval -- RooRealVar::setRange(x) new range named 'fit' created with bounds [540,700]
[#1] INFO:Fitting -- RooAbsOptTestStatistic::ctor(nll_signal_signalHistogram) constructing test statistic for sub-range named fit
[#1] INFO:Eval -- RooRealVar::setRange(x) new range named 'NormalizationRangeForfit' created with bounds [440,800]
[#1] INFO:Eval -- RooRealVar::setRange(x) new range named 'fit_nll_signal_signalHistogram' created with bounds [540,700]
[#1] INFO:Fitting -- RooAbsOptTestStatistic::ctor(nll_signal_signalHistogram) fixing interpretation of coefficients of any RooAddPdf to full domain of observables 
[#1] INFO:NumericIntegration -- RooRealIntegral::init(signal_Int[x]) using numeric integrator RooIntegrator1D to calculate Int(x)
[#1] INFO:Minization -- RooMinuit::optimizeConst: activating const optimization
 **********
 **   13 **MIGRAD        2000           1
 **********
 FIRST CALL TO USER FUNCTION AT NEW START POINT, WITH IFLAG=4.
 START MIGRAD MINIMIZATION.  STRATEGY  1.  CONVERGENCE WHEN EDM .LT. 1.00e-03
 FCN=17303.3 FROM MIGRAD    STATUS=INITIATE       59 CALLS          60 TOTAL
                     EDM= unknown      STRATEGY= 1      NO ERROR MATRIX       
  EXT PARAMETER               CURRENT GUESS       STEP         FIRST   
  NO.   NAME      VALUE            ERROR          SIZE      DERIVATIVE 
   1  sg_p0        6.05000e+02   5.00000e+00   0.00000e+00  -6.79986e+02
   2  sg_p1        1.75000e+01   1.50000e+00   0.00000e+00  -3.47913e+01
   3  sg_p2        1.18392e+00   5.00000e-01   0.00000e+00   1.09112e+01
   4  sg_p3        1.50179e+00   7.00000e-01  -6.07622e-01  -1.34120e+00
                               ERR DEF= 0.5
 MIGRAD MINIMIZATION HAS CONVERGED.
 MIGRAD WILL VERIFY CONVERGENCE AND ERROR MATRIX.
 COVARIANCE MATRIX CALCULATED SUCCESSFULLY
 FCN=17256.2 FROM MIGRAD    STATUS=CONVERGED     162 CALLS         163 TOTAL
                     EDM=1.97081e-05    STRATEGY= 1      ERROR MATRIX ACCURATE 
  EXT PARAMETER                                   STEP         FIRST   
  NO.   NAME      VALUE            ERROR          SIZE      DERIVATIVE 
   1  sg_p0        6.08678e+02   3.33992e-01   1.16426e-03   9.30660e-02
   2  sg_p1        1.83420e+01   2.89061e-01   3.02407e-03  -5.38511e-02
   3  sg_p2        1.48991e+00   5.64139e-02   2.05472e-03  -1.38092e-01
   4  sg_p3        1.40621e+00   6.35546e-02   1.81513e-03   1.01686e-01
                               ERR DEF= 0.5
 EXTERNAL ERROR MATRIX.    NDIM=  25    NPAR=  4    ERR DEF=0.5
  1.116e-01 -9.726e-03  2.331e-03 -5.579e-03 
 -9.726e-03  8.360e-02  5.845e-03  7.576e-03 
  2.331e-03  5.845e-03  3.183e-03  5.099e-04 
 -5.579e-03  7.576e-03  5.099e-04  4.040e-03 
 PARAMETER  CORRELATION COEFFICIENTS  
       NO.  GLOBAL      1      2      3      4
        1  0.31288   1.000 -0.101  0.124 -0.263
        2  0.51335  -0.101  1.000  0.358  0.412
        3  0.39415   0.124  0.358  1.000  0.142
        4  0.46956  -0.263  0.412  0.142  1.000
 **********
 **   18 **HESSE        2000
 **********
 COVARIANCE MATRIX CALCULATED SUCCESSFULLY
 FCN=17256.2 FROM HESSE     STATUS=OK             23 CALLS         186 TOTAL
                     EDM=1.96909e-05    STRATEGY= 1      ERROR MATRIX ACCURATE 
  EXT PARAMETER                                INTERNAL      INTERNAL  
  NO.   NAME      VALUE            ERROR       STEP SIZE       VALUE   
   1  sg_p0        6.08678e+02   3.34135e-01   2.32851e-04   1.47652e-01
   2  sg_p1        1.83420e+01   2.89586e-01   1.20963e-04   1.12504e-01
   3  sg_p2        1.48991e+00   5.64735e-02   4.10945e-04  -4.15923e-01
   4  sg_p3        1.40621e+00   6.36376e-02   7.26053e-05  -6.41285e-01
                               ERR DEF= 0.5
 EXTERNAL ERROR MATRIX.    NDIM=  25    NPAR=  4    ERR DEF=0.5
  1.117e-01 -9.856e-03  2.338e-03 -5.606e-03 
 -9.856e-03  8.390e-02  5.896e-03  7.643e-03 
  2.338e-03  5.896e-03  3.190e-03  5.173e-04 
 -5.606e-03  7.643e-03  5.173e-04  4.050e-03 
 PARAMETER  CORRELATION COEFFICIENTS  
       NO.  GLOBAL      1      2      3      4
        1  0.31411   1.000 -0.102  0.124 -0.264
        2  0.51594  -0.102  1.000  0.360  0.415
        3  0.39639   0.124  0.360  1.000  0.144
        4  0.47171  -0.264  0.415  0.144  1.000
[#1] INFO:Minization -- RooMinuit::optimizeConst: deactivating const optimization
600
608.678 +- 0.334135
18.342 +- 0.289586
[#1] INFO:InputArguments -- RooAbsData::plotOn(signalHistogram) INFO: dataset has non-integer weights, auto-selecting SumW2 errors instead of Poisson errors
[#1] INFO:Plotting -- RooAbsPdf::plotOn(signal) p.d.f was fitted in range and no explicit plot,norm range was specified, using fit range as default
[#1] INFO:Plotting -- RooAbsPdf::plotOn(signal) only plotting range 'fit_nll_signal_signalHistogram'
[#1] INFO:Plotting -- RooAbsPdf::plotOn(signal) p.d.f. curve is normalized using explicit choice of ranges 'fit_nll_signal_signalHistogram'
[#1] INFO:NumericIntegration -- RooRealIntegral::init(signal_Int[x]) using numeric integrator RooIntegrator1D to calculate Int(x)
[#1] INFO:NumericIntegration -- RooRealIntegral::init(signal_Int[x|fit_nll_signal_signalHistogram]_Norm[x]) using numeric integrator RooIntegrator1D to calculate Int(x)
[#1] INFO:DataHandling -- RooDataHist::adjustBinning(signalHistogram): fit range of variable x expanded to nearest bin boundaries: [440,800] --> [440,800]
[#0] WARNING:InputArguments -- RooAbsPdf::fitTo(signal) WARNING: a likelihood fit is request of what appears to be weighted data. 
       While the estimated values of the parameters will always be calculated taking the weights into account, 
       there are multiple ways to estimate the errors on these parameter values. You are advised to make an 
       explicit choice on the error calculation: 
           - Either provide SumW2Error(kTRUE), to calculate a sum-of-weights corrected HESSE error matrix 
             (error will be proportional to the number of events)
           - Or provide SumW2Error(kFALSE), to return errors from original HESSE error matrix
             (which will be proportional to the sum of the weights)
       If you want the errors to reflect the information contained in the provided dataset, choose kTRUE. 
       If you want the errors to reflect the precision you would be able to obtain with an unweighted dataset 
       with 'sum-of-weights' events, choose kFALSE.
[#1] INFO:Eval -- RooRealVar::setRange(x) new range named 'fit' created with bounds [540,700]
[#1] INFO:Fitting -- RooAbsOptTestStatistic::ctor(nll_signal_signalHistogram) constructing test statistic for sub-range named fit
[#1] INFO:Eval -- RooRealVar::setRange(x) new range named 'NormalizationRangeForfit' created with bounds [440,800]
[#1] INFO:Eval -- RooRealVar::setRange(x) new range named 'fit_nll_signal_signalHistogram' created with bounds [540,700]
[#1] INFO:Fitting -- RooAbsOptTestStatistic::ctor(nll_signal_signalHistogram) fixing interpretation of coefficients of any RooAddPdf to full domain of observables 
[#1] INFO:NumericIntegration -- RooRealIntegral::init(signal_Int[x]) using numeric integrator RooIntegrator1D to calculate Int(x)
[#1] INFO:Minization -- RooMinuit::optimizeConst: activating const optimization
 **********
 **   13 **MIGRAD        2000           1
 **********
 FIRST CALL TO USER FUNCTION AT NEW START POINT, WITH IFLAG=4.
 START MIGRAD MINIMIZATION.  STRATEGY  1.  CONVERGENCE WHEN EDM .LT. 1.00e-03
 FCN=19781.5 FROM MIGRAD    STATUS=INITIATE       60 CALLS          61 TOTAL
                     EDM= unknown      STRATEGY= 1      NO ERROR MATRIX       
  EXT PARAMETER               CURRENT GUESS       STEP         FIRST   
  NO.   NAME      VALUE            ERROR          SIZE      DERIVATIVE 
   1  sg_p0        6.05000e+02   5.00000e+00   0.00000e+00  -7.94070e+02
   2  sg_p1        1.75000e+01   1.50000e+00   0.00000e+00  -2.71988e+01
   3  sg_p2        1.17009e+00   5.00000e-01   0.00000e+00  -7.70001e-01
   4  sg_p3        1.45286e+00   7.00000e-01  -6.24753e-01  -3.36178e+01
                               ERR DEF= 0.5
 MIGRAD MINIMIZATION HAS CONVERGED.
 MIGRAD WILL VERIFY CONVERGENCE AND ERROR MATRIX.
 COVARIANCE MATRIX CALCULATED SUCCESSFULLY
 FCN=19726.9 FROM MIGRAD    STATUS=CONVERGED     182 CALLS         183 TOTAL
                     EDM=4.57234e-06    STRATEGY= 1      ERROR MATRIX ACCURATE 
  EXT PARAMETER                                   STEP         FIRST   
  NO.   NAME      VALUE            ERROR          SIZE      DERIVATIVE 
   1  sg_p0        6.08706e+02   3.13081e-01   1.16661e-03   7.50814e-02
   2  sg_p1        1.83713e+01   2.71251e-01   3.02919e-03   4.52649e-02
   3  sg_p2        1.48521e+00   5.25283e-02   2.04671e-03  -2.57882e-02
   4  sg_p3        1.40613e+00   5.94897e-02   1.81550e-03   4.82439e-02
                               ERR DEF= 0.5
 EXTERNAL ERROR MATRIX.    NDIM=  25    NPAR=  4    ERR DEF=0.5
  9.802e-02 -8.423e-03  2.056e-03 -4.882e-03 
 -8.423e-03  7.361e-02  5.131e-03  6.652e-03 
  2.056e-03  5.131e-03  2.760e-03  4.464e-04 
 -4.882e-03  6.652e-03  4.464e-04  3.540e-03 
 PARAMETER  CORRELATION COEFFICIENTS  
       NO.  GLOBAL      1      2      3      4
        1  0.31292   1.000 -0.099  0.125 -0.262
        2  0.51406  -0.099  1.000  0.360  0.412
        3  0.39608   0.125  0.360  1.000  0.143
        4  0.46939  -0.262  0.412  0.143  1.000
 **********
 **   18 **HESSE        2000
 **********
 COVARIANCE MATRIX CALCULATED SUCCESSFULLY
 FCN=19726.9 FROM HESSE     STATUS=OK             23 CALLS         206 TOTAL
                     EDM=4.58525e-06    STRATEGY= 1      ERROR MATRIX ACCURATE 
  EXT PARAMETER                                INTERNAL      INTERNAL  
  NO.   NAME      VALUE            ERROR       STEP SIZE       VALUE   
   1  sg_p0        6.08706e+02   3.13220e-01   2.33322e-04   1.48803e-01
   2  sg_p1        1.83713e+01   2.71761e-01   1.21167e-04   1.16438e-01
   3  sg_p2        1.48521e+00   5.25885e-02   8.18685e-05  -4.17982e-01
   4  sg_p3        1.40613e+00   5.95681e-02   7.26199e-05  -6.41314e-01
                               ERR DEF= 0.5
 EXTERNAL ERROR MATRIX.    NDIM=  25    NPAR=  4    ERR DEF=0.5
  9.811e-02 -8.532e-03  2.065e-03 -4.905e-03 
 -8.532e-03  7.389e-02  5.178e-03  6.711e-03 
  2.065e-03  5.178e-03  2.766e-03  4.531e-04 
 -4.905e-03  6.711e-03  4.531e-04  3.549e-03 
 PARAMETER  CORRELATION COEFFICIENTS  
       NO.  GLOBAL      1      2      3      4
        1  0.31420   1.000 -0.100  0.125 -0.263
        2  0.51674  -0.100  1.000  0.362  0.414
        3  0.39850   0.125  0.362  1.000  0.145
        4  0.47156  -0.263  0.414  0.145  1.000
[#1] INFO:Minization -- RooMinuit::optimizeConst: deactivating const optimization
600
608.706 +- 0.31322
18.3713 +- 0.271761
[#1] INFO:InputArguments -- RooAbsData::plotOn(signalHistogram) INFO: dataset has non-integer weights, auto-selecting SumW2 errors instead of Poisson errors
[#1] INFO:Plotting -- RooAbsPdf::plotOn(signal) p.d.f was fitted in range and no explicit plot,norm range was specified, using fit range as default
[#1] INFO:Plotting -- RooAbsPdf::plotOn(signal) only plotting range 'fit_nll_signal_signalHistogram'
[#1] INFO:Plotting -- RooAbsPdf::plotOn(signal) p.d.f. curve is normalized using explicit choice of ranges 'fit_nll_signal_signalHistogram'
[#1] INFO:NumericIntegration -- RooRealIntegral::init(signal_Int[x]) using numeric integrator RooIntegrator1D to calculate Int(x)
[#1] INFO:NumericIntegration -- RooRealIntegral::init(signal_Int[x|fit_nll_signal_signalHistogram]_Norm[x]) using numeric integrator RooIntegrator1D to calculate Int(x)
35.9 fb^{-1} (13 TeV)
   Uncertainty on sg_p0 = 608.692 +- 0.323426 (stat) - 1.28478 + 1.14244 (syst); -1.29492/+1.15383 (total)
   Uncertainty on sg_p1 = 18.3569 +- 0.280464 (stat) - 0.645303 + 0.114761 (syst); -0.660364/+0.181204 (total)
   Uncertainty on sg_p2 = 1.48767 +- 0.0544911 (stat) - 0.0790904 + 0.00919321 (syst); -0.0836517/+0.0287548 (total)
   Uncertainty on sg_p3 = 1.40613 +- 0.0615475 (stat) - 0.0589742 + 8.24765e-05 (syst); -0.0665205/+0.0307738 (total)
   === Baseline plot === </br>
   norm = 150.798
JEC     lnN   1.02779  -
JER     lnN   1.01328  -
btag    lnN   1.06702  -
sg_p0   param   608.692 -1.29492/+1.15383
sg_p1   param   18.3569 -0.660364/+0.181204
sg_p2   param   1.48767  -0.0836517/+0.0287548
sg_p3   param   1.40613  -0.0665205/+0.0307738
