>>> including systematics
>>> method used to compute upper limit is Asymptotic
>>> random number generator seed is 123456
[?1034hComputing limit starting from observation
Will compute both limit(s) using minimizer Minuit2 with strategy 0 and tolerance 0.01
Constraints of type RooGaussian: 4
Constraints of type SimpleGaussianConstraint: 6
Median for expected limits: 6.40625
Sigma  for expected limits: 3.26856
Constraints of type RooGaussian: 4
Constraints of type SimpleGaussianConstraint: 6
Constraints of type RooGaussian: 4
Constraints of type SimpleGaussianConstraint: 6
Restricting r to positive values.

Make global fit of real data
NLL at global minimum of data: 7.48272 (r = 1.40844e-06)

Make global fit of asimov data
NLL at global minimum of asimov: -0.250818 (r = 2.14492e-06)
At r = 10.359958:	q_mu = 11.40366	q_A  = 9.00284	CLsb = 0.00034	CLb  = 0.34455	CLs  = 0.00098
At r = 5.179980:	q_mu = 3.87853	q_A  = 2.56820	CLsb = 0.02214	CLb  = 0.34133	CLs  = 0.06487
At r = 7.769969:	q_mu = 7.30002	q_A  = 5.41490	CLsb = 0.00315	CLb  = 0.34272	CLs  = 0.00918
At r = 6.474974:	q_mu = 5.49102	q_A  = 3.88580	CLsb = 0.00869	CLb  = 0.34195	CLs  = 0.02542
At r = 5.726956:	q_mu = 4.53382	q_A  = 3.09711	CLsb = 0.01508	CLb  = 0.34157	CLs  = 0.04414
At r = 5.475923:	q_mu = 4.22840	q_A  = 2.84937	CLsb = 0.01802	CLb  = 0.34146	CLs  = 0.05277
At r = 5.586811:	q_mu = 4.36226	q_A  = 2.95768	CLsb = 0.01666	CLb  = 0.34151	CLs  = 0.04879
At r = 5.536948:	q_mu = 4.30185	q_A  = 2.90875	CLsb = 0.01726	CLb  = 0.34149	CLs  = 0.05055
At r = 5.559196:	q_mu = 4.32876	q_A  = 2.93054	CLsb = 0.01699	CLb  = 0.34149	CLs  = 0.04976

 -- Asymptotic -- 
Observed Limit: r < 5.5592
Expected  2.5%: r < 3.3658
Expected 16.0%: r < 4.5416
Expected 50.0%: r < 6.4062
Expected 84.0%: r < 9.2918
Expected 97.5%: r < 12.9135

Done in 0.00 min (cpu), 0.00 min (real)
