>>> including systematics
>>> method used to compute upper limit is Asymptotic
>>> random number generator seed is 123456
[?1034hComputing limit starting from observation
Will compute both limit(s) using minimizer Minuit2 with strategy 0 and tolerance 0.01
Constraints of type RooGaussian: 4
Constraints of type SimpleGaussianConstraint: 6
WARNING: Best fit of asimov dataset is at r = 0.245821 (0.012291 times rMax), while it should be at zero
Median for expected limits: 1.01172
Sigma  for expected limits: 0.516193
Constraints of type RooGaussian: 4
Constraints of type SimpleGaussianConstraint: 6
Constraints of type RooGaussian: 4
Constraints of type SimpleGaussianConstraint: 6
Restricting r to positive values.

Make global fit of real data
NLL at global minimum of data: -15.3678 (r = 0.449863)

Make global fit of asimov data
NLL at global minimum of asimov: -17.7081 (r = 0.246236)
At r = 1.649863:	q_mu = 8.49510	q_A  = 11.64275	CLsb = 0.00178	CLb  = 0.69059	CLs  = 0.00258
At r = 1.049863:	q_mu = 2.35366	q_A  = 4.22174	CLsb = 0.06249	CLb  = 0.69865	CLs  = 0.08945
At r = 1.349863:	q_mu = 5.04161	q_A  = 7.58638	CLsb = 0.01237	CLb  = 0.69462	CLs  = 0.01781
At r = 1.196367:	q_mu = 3.55943	q_A  = 5.76752	CLsb = 0.02960	CLb  = 0.69670	CLs  = 0.04249
At r = 1.141447:	q_mu = 3.08233	q_A  = 5.16511	CLsb = 0.03957	CLb  = 0.69743	CLs  = 0.05674
At r = 1.171647:	q_mu = 3.34106	q_A  = 5.49333	CLsb = 0.03379	CLb  = 0.69705	CLs  = 0.04847
At r = 1.160840:	q_mu = 3.24749	q_A  = 5.37487	CLsb = 0.03577	CLb  = 0.69718	CLs  = 0.05130
At r = 1.166915:	q_mu = 3.29993	q_A  = 5.44130	CLsb = 0.03464	CLb  = 0.69710	CLs  = 0.04969

 -- Asymptotic -- 
Observed Limit: r < 1.1669
Expected  2.5%: r < 0.6501
Expected 16.0%: r < 0.7885
Expected 50.0%: r < 1.0117
Expected 84.0%: r < 1.3384
Expected 97.5%: r < 1.7525

Done in 0.01 min (cpu), 0.01 min (real)
