>>> including systematics
>>> method used to compute upper limit is Asymptotic
>>> random number generator seed is 123456
[?1034hComputing limit starting from observation
Will compute both limit(s) using minimizer Minuit2 with strategy 0 and tolerance 0.01
Constraints of type RooGaussian: 4
Constraints of type SimpleGaussianConstraint: 6
Median for expected limits: 0.081543
Sigma  for expected limits: 0.0416043
Constraints of type RooGaussian: 4
Constraints of type SimpleGaussianConstraint: 6
Constraints of type RooGaussian: 4
Constraints of type SimpleGaussianConstraint: 6
Restricting r to positive values.

Make global fit of real data
NLL at global minimum of data: -846.011 (r = 3.84703e-11)

Make global fit of asimov data
NLL at global minimum of asimov: -800.733 (r = 5.41362e-06)
At r = 1.200000:	q_mu = 234.94974	q_A  = 202.11615	CLsb = 0.00000	CLb  = 0.12410	CLs  = 0.00000
At r = 0.600000:	q_mu = 119.78155	q_A  = 94.82583	CLsb = 0.00000	CLb  = 0.10003	CLs  = 0.00000
At r = 0.300000:	q_mu = 54.06491	q_A  = 36.86317	CLsb = 0.00000	CLb  = 0.07830	CLs  = 0.00000
At r = 0.150000:	q_mu = 22.26226	q_A  = 11.78450	CLsb = 0.00000	CLb  = 0.06349	CLs  = 0.00001
At r = 0.075000:	q_mu = 9.03162	q_A  = 3.28702	CLsb = 0.00034	CLb  = 0.05657	CLs  = 0.00602
At r = 0.037500:	q_mu = 3.84074	q_A  = 0.86476	CLsb = 0.00570	CLb  = 0.05479	CLs  = 0.10409
At r = 0.056250:	q_mu = 6.28664	q_A  = 1.89531	CLsb = 0.00148	CLb  = 0.05537	CLs  = 0.02675
At r = 0.045595:	q_mu = 4.85756	q_A  = 1.26337	CLsb = 0.00324	CLb  = 0.05493	CLs  = 0.05892
At r = 0.049498:	q_mu = 5.36946	q_A  = 1.48104	CLsb = 0.00244	CLb  = 0.05507	CLs  = 0.04435
At r = 0.047399:	q_mu = 5.09244	q_A  = 1.36194	CLsb = 0.00284	CLb  = 0.05499	CLs  = 0.05171
At r = 0.048186:	q_mu = 5.19585	q_A  = 1.40604	CLsb = 0.00269	CLb  = 0.05502	CLs  = 0.04883
At r = 0.047768:	q_mu = 5.14081	q_A  = 1.38251	CLsb = 0.00277	CLb  = 0.05500	CLs  = 0.05034

 -- Asymptotic -- 
Observed Limit: r < 0.0478
Expected  2.5%: r < 0.0430
Expected 16.0%: r < 0.0578
Expected 50.0%: r < 0.0815
Expected 84.0%: r < 0.1157
Expected 97.5%: r < 0.1596

Done in 0.01 min (cpu), 0.01 min (real)
