
Processing /scratch/malara/WorkingArea/HbbHbb_Run2/AnalysisCode/PreselectedWithRegression/LMRSelection_chi2/fit_split_malara.c...
[#1] INFO:DataHandling -- RooDataHist::adjustBinning(pred_1): fit range of variable x expanded to nearest bin boundaries: [252,330] --> [252,330]
[#1] INFO:DataHandling -- RooDataHist::adjustBinning(pred_2): fit range of variable x expanded to nearest bin boundaries: [252,330] --> [252,330]
[#0] WARNING:InputArguments -- RooAbsPdf::fitTo(f_crystal) WARNING: a likelihood fit is request of what appears to be weighted data. 
       While the estimated values of the parameters will always be calculated taking the weights into account, 
       there are multiple ways to estimate the errors on these parameter values. You are advised to make an 
       explicit choice on the error calculation: 
           - Either provide SumW2Error(kTRUE), to calculate a sum-of-weights corrected HESSE error matrix 
             (error will be proportional to the number of events)
           - Or provide SumW2Error(kFALSE), to return errors from original HESSE error matrix
             (which will be proportional to the sum of the weights)
       If you want the errors to reflect the information contained in the provided dataset, choose kTRUE. 
       If you want the errors to reflect the precision you would be able to obtain with an unweighted dataset 
       with 'sum-of-weights' events, choose kFALSE.
[#1] INFO:Eval -- RooRealVar::setRange(x) new range named 'fit' created with bounds [252,330]
[#1] INFO:Fitting -- RooAbsOptTestStatistic::ctor(nll_f_crystal_pred_1) constructing test statistic for sub-range named fit
[#1] INFO:Eval -- RooRealVar::setRange(x) new range named 'NormalizationRangeForfit' created with bounds [252,330]
[#1] INFO:Eval -- RooRealVar::setRange(x) new range named 'fit_nll_f_crystal_pred_1' created with bounds [252,330]
[#1] INFO:Fitting -- RooAbsOptTestStatistic::ctor(nll_f_crystal_pred_1) fixing interpretation of coefficients of any RooAddPdf to full domain of observables 
[#1] INFO:NumericIntegration -- RooRealIntegral::init(f_crystal_Int[x]) using numeric integrator RooIntegrator1D to calculate Int(x)
[#1] INFO:Minization -- RooMinuit::optimizeConst: activating const optimization
 **********
 **   13 **MIGRAD        2000           1
 **********
 FIRST CALL TO USER FUNCTION AT NEW START POINT, WITH IFLAG=4.
 START MIGRAD MINIMIZATION.  STRATEGY  1.  CONVERGENCE WHEN EDM .LT. 1.00e-03
 FCN=65918.8 FROM MIGRAD    STATUS=INITIATE       90 CALLS          91 TOTAL
                     EDM= unknown      STRATEGY= 1      NO ERROR MATRIX       
  EXT PARAMETER               CURRENT GUESS       STEP         FIRST   
  NO.   NAME      VALUE            ERROR          SIZE      DERIVATIVE 
   1  par_crystal_0   9.82319e-02   5.09000e-01   0.00000e+00  -1.22837e+03
   2  par_crystal_1   2.55500e+00   5.09000e-01   0.00000e+00  -1.86519e+01
   3  par_crystal_2   2.65208e+02   4.00000e+00   0.00000e+00   3.96852e+02
   4  par_crystal_3   1.01169e+01   2.70000e+00  -4.92494e-01  -8.41420e+00
                               ERR DEF= 0.5
 MIGRAD FAILS TO FIND IMPROVEMENT
 COVARIANCE MATRIX CALCULATED SUCCESSFULLY
 FCN=65864.8 FROM HESSE     STATUS=OK             29 CALLS         319 TOTAL
                     EDM=0.0197877    STRATEGY= 1      ERROR MATRIX ACCURATE 
  EXT PARAMETER                                   STEP         FIRST   
  NO.   NAME      VALUE            ERROR          SIZE      DERIVATIVE 
   1  par_crystal_0   2.24220e-01   7.58041e-03   1.93677e-04  -9.83059e+00
   2  par_crystal_1   4.57685e+00   4.78340e+00   2.39683e-01   1.06505e-01
   3  par_crystal_2   2.68970e+02   3.26210e-01   4.80600e-04  -3.91906e+00
   4  par_crystal_3   1.57583e+01   1.82986e+00   9.60380e-04   4.97954e-01
                               ERR DEF= 0.5
 EIGENVALUES OF SECOND-DERIVATIVE MATRIX:
        -4.5783e-02  2.4148e-02  9.0917e-01  3.1125e+00
 MINUIT WARNING IN MIGRAD  
 ============== MATRIX FORCED POS-DEF BY ADDING 0.048896 TO DIAGONAL.
 MIGRAD FAILS TO FIND IMPROVEMENT
 MIGRAD TERMINATED WITHOUT CONVERGENCE.
 FCN=65864.8 FROM MIGRAD    STATUS=FAILED        402 CALLS         403 TOTAL
                     EDM=45.5534    STRATEGY= 1  ERROR MATRIX UNCERTAINTY  55.2 per cent
  EXT PARAMETER                APPROXIMATE        STEP         FIRST   
  NO.   NAME      VALUE            ERROR          SIZE      DERIVATIVE 
   1  par_crystal_0   2.24234e-01   2.03721e-03   0.00000e+00   1.48658e+04
   2  par_crystal_1   4.75739e+00   2.57192e+00   0.00000e+00   2.51981e+00
   3  par_crystal_2   2.68971e+02   8.78004e-02   0.00000e+00   6.19746e+03
   4  par_crystal_3   1.57687e+01   7.23736e-02  -0.00000e+00   1.11954e+04
                               ERR DEF= 0.5
 EXTERNAL ERROR MATRIX.    NDIM=  25    NPAR=  4    ERR DEF=0.5
  4.150e-06  1.002e-03  1.662e-04 -1.446e-04 
  1.002e-03  1.934e+00  4.187e-02 -3.985e-02 
  1.662e-04  4.187e-02  7.709e-03 -6.237e-03 
 -1.446e-04 -3.985e-02 -6.237e-03  5.238e-03 
ERR MATRIX APPROXIMATE
 PARAMETER  CORRELATION COEFFICIENTS  
       NO.  GLOBAL      1      2      3      4
        1  1.00000   1.000  0.354  0.929 -0.981
        2  1.00002   0.354  1.000  0.343 -0.396
        3  1.00000   0.929  0.343  1.000 -0.981
        4  1.00000  -0.981 -0.396 -0.981  1.000
 ERR MATRIX APPROXIMATE
 **********
 **   18 **HESSE        2000
 **********
 EIGENVALUES OF SECOND-DERIVATIVE MATRIX:
        -1.9971e+00  1.9976e+00  1.9996e+00  1.9999e+00
 MINUIT WARNING IN HESSE   
 ============== MATRIX FORCED POS-DEF BY ADDING 1.999072 TO DIAGONAL.
 FCN=65864.8 FROM HESSE     STATUS=NOT POSDEF     31 CALLS         434 TOTAL
                     EDM=5721.85    STRATEGY= 1      ERR MATRIX NOT POS-DEF
  EXT PARAMETER                APPROXIMATE     INTERNAL      INTERNAL  
  NO.   NAME      VALUE            ERROR       STEP SIZE       VALUE   
   1  par_crystal_0   2.24234e-01   1.73339e-04   6.82942e-06  -1.15755e+00
   2  par_crystal_1   4.75739e+00   2.56431e+00   4.11062e-02   2.09568e+00
   3  par_crystal_2   2.68971e+02   7.26726e-03   1.63758e-05   4.65144e-01
   4  par_crystal_3   1.57687e+01   3.03600e-03   9.06790e-06  -5.41981e-02
                               ERR DEF= 0.5
 EXTERNAL ERROR MATRIX.    NDIM=  25    NPAR=  4    ERR DEF=0.5
  3.005e-08  2.247e-04  1.257e-06  5.252e-07 
  2.247e-04  1.688e+00  9.422e-03  3.936e-03 
  1.257e-06  9.422e-03  5.281e-05  2.202e-05 
  5.252e-07  3.936e-03  2.202e-05  9.217e-06 
ERR MATRIX NOT POS-DEF
 PARAMETER  CORRELATION COEFFICIENTS  
       NO.  GLOBAL      1      2      3      4
        1  0.99867   1.000  0.998  0.998  0.998
        2  0.99867   0.998  1.000  0.998  0.998
        3  0.99867   0.998  0.998  1.000  0.998
        4  0.99867   0.998  0.998  0.998  1.000
 ERR MATRIX NOT POS-DEF
[#1] INFO:Minization -- RooMinuit::optimizeConst: deactivating const optimization
[#1] INFO:InputArguments -- RooAbsData::plotOn(pred_1) INFO: dataset has non-integer weights, auto-selecting SumW2 errors instead of Poisson errors
[#1] INFO:Plotting -- RooAbsPdf::plotOn(f_crystal) p.d.f was fitted in range and no explicit plot,norm range was specified, using fit range as default
[#1] INFO:Plotting -- RooAbsPdf::plotOn(f_crystal) only plotting range 'fit_nll_f_crystal_pred_1'
[#1] INFO:Plotting -- RooAbsPdf::plotOn(f_crystal) p.d.f. curve is normalized using explicit choice of ranges 'fit_nll_f_crystal_pred_1'
[#1] INFO:Plotting -- RooAbsPdf::plotOn(f_crystal) only plotting range 'fit_nll_f_crystal_pred_1'
[#1] INFO:Plotting -- RooAbsPdf::plotOn(f_crystal) p.d.f. curve is normalized using explicit choice of ranges 'fit_nll_f_crystal_pred_1'
[#1] INFO:NumericIntegration -- RooRealIntegral::init(f_crystal_Int[x]) using numeric integrator RooIntegrator1D to calculate Int(x)
[#1] INFO:NumericIntegration -- RooRealIntegral::init(f_crystal_Int[x|fit_nll_f_crystal_pred_1]_Norm[x]) using numeric integrator RooIntegrator1D to calculate Int(x)
[#1] INFO:Plotting -- RooAbsPdf::plotOn(f_crystal) only plotting range 'fit_nll_f_crystal_pred_1'
[#1] INFO:Plotting -- RooAbsPdf::plotOn(f_crystal) p.d.f. curve is normalized using explicit choice of ranges 'fit_nll_f_crystal_pred_1'
[#1] INFO:NumericIntegration -- RooRealIntegral::init(f_crystal_Int[x]) using numeric integrator RooIntegrator1D to calculate Int(x)
[#1] INFO:NumericIntegration -- RooRealIntegral::init(f_crystal_Int[x|fit_nll_f_crystal_pred_1]_Norm[x]) using numeric integrator RooIntegrator1D to calculate Int(x)
[#1] INFO:Plotting -- RooAbsPdf::plotOn(f_crystal) only plotting range 'fit_nll_f_crystal_pred_1'
[#1] INFO:Plotting -- RooAbsPdf::plotOn(f_crystal) p.d.f. curve is normalized using explicit choice of ranges 'fit_nll_f_crystal_pred_1'
[#1] INFO:NumericIntegration -- RooRealIntegral::init(f_crystal_Int[x]) using numeric integrator RooIntegrator1D to calculate Int(x)
[#1] INFO:NumericIntegration -- RooRealIntegral::init(f_crystal_Int[x|fit_nll_f_crystal_pred_1]_Norm[x]) using numeric integrator RooIntegrator1D to calculate Int(x)
[#1] INFO:Plotting -- RooAbsPdf::plotOn(f_crystal) only plotting range 'fit_nll_f_crystal_pred_1'
[#1] INFO:Plotting -- RooAbsPdf::plotOn(f_crystal) p.d.f. curve is normalized using explicit choice of ranges 'fit_nll_f_crystal_pred_1'
[#1] INFO:NumericIntegration -- RooRealIntegral::init(f_crystal_Int[x]) using numeric integrator RooIntegrator1D to calculate Int(x)
[#1] INFO:NumericIntegration -- RooRealIntegral::init(f_crystal_Int[x|fit_nll_f_crystal_pred_1]_Norm[x]) using numeric integrator RooIntegrator1D to calculate Int(x)
[#1] INFO:Plotting -- RooAbsPdf::plotOn(f_crystal) only plotting range 'fit_nll_f_crystal_pred_1'
[#1] INFO:Plotting -- RooAbsPdf::plotOn(f_crystal) p.d.f. curve is normalized using explicit choice of ranges 'fit_nll_f_crystal_pred_1'
[#1] INFO:NumericIntegration -- RooRealIntegral::init(f_crystal_Int[x]) using numeric integrator RooIntegrator1D to calculate Int(x)
[#1] INFO:NumericIntegration -- RooRealIntegral::init(f_crystal_Int[x|fit_nll_f_crystal_pred_1]_Norm[x]) using numeric integrator RooIntegrator1D to calculate Int(x)
[#1] INFO:Plotting -- RooAbsPdf::plotOn(f_crystal) only plotting range 'fit_nll_f_crystal_pred_1'
[#1] INFO:Plotting -- RooAbsPdf::plotOn(f_crystal) p.d.f. curve is normalized using explicit choice of ranges 'fit_nll_f_crystal_pred_1'
[#1] INFO:NumericIntegration -- RooRealIntegral::init(f_crystal_Int[x]) using numeric integrator RooIntegrator1D to calculate Int(x)
[#1] INFO:NumericIntegration -- RooRealIntegral::init(f_crystal_Int[x|fit_nll_f_crystal_pred_1]_Norm[x]) using numeric integrator RooIntegrator1D to calculate Int(x)
[#1] INFO:Plotting -- RooAbsPdf::plotOn(f_crystal) only plotting range 'fit_nll_f_crystal_pred_1'
[#1] INFO:Plotting -- RooAbsPdf::plotOn(f_crystal) p.d.f. curve is normalized using explicit choice of ranges 'fit_nll_f_crystal_pred_1'
[#1] INFO:NumericIntegration -- RooRealIntegral::init(f_crystal_Int[x]) using numeric integrator RooIntegrator1D to calculate Int(x)
[#1] INFO:NumericIntegration -- RooRealIntegral::init(f_crystal_Int[x|fit_nll_f_crystal_pred_1]_Norm[x]) using numeric integrator RooIntegrator1D to calculate Int(x)
[#1] INFO:Plotting -- RooAbsPdf::plotOn(f_crystal) only plotting range 'fit_nll_f_crystal_pred_1'
[#1] INFO:Plotting -- RooAbsPdf::plotOn(f_crystal) p.d.f. curve is normalized using explicit choice of ranges 'fit_nll_f_crystal_pred_1'
[#1] INFO:NumericIntegration -- RooRealIntegral::init(f_crystal_Int[x]) using numeric integrator RooIntegrator1D to calculate Int(x)
[#1] INFO:NumericIntegration -- RooRealIntegral::init(f_crystal_Int[x|fit_nll_f_crystal_pred_1]_Norm[x]) using numeric integrator RooIntegrator1D to calculate Int(x)
[#1] INFO:Plotting -- RooAbsPdf::plotOn(f_crystal) only plotting range 'fit_nll_f_crystal_pred_1'
[#1] INFO:Plotting -- RooAbsPdf::plotOn(f_crystal) p.d.f. curve is normalized using explicit choice of ranges 'fit_nll_f_crystal_pred_1'
[#1] INFO:NumericIntegration -- RooRealIntegral::init(f_crystal_Int[x]) using numeric integrator RooIntegrator1D to calculate Int(x)
[#1] INFO:NumericIntegration -- RooRealIntegral::init(f_crystal_Int[x|fit_nll_f_crystal_pred_1]_Norm[x]) using numeric integrator RooIntegrator1D to calculate Int(x)
[#1] INFO:Plotting -- RooAbsPdf::plotOn(f_crystal) p.d.f was fitted in range and no explicit plot,norm range was specified, using fit range as default
[#1] INFO:Plotting -- RooAbsPdf::plotOn(f_crystal) only plotting range 'fit_nll_f_crystal_pred_1'
[#1] INFO:Plotting -- RooAbsPdf::plotOn(f_crystal) p.d.f. curve is normalized using explicit choice of ranges 'fit_nll_f_crystal_pred_1'
[#1] INFO:NumericIntegration -- RooRealIntegral::init(f_crystal_Int[x]) using numeric integrator RooIntegrator1D to calculate Int(x)
[#1] INFO:NumericIntegration -- RooRealIntegral::init(f_crystal_Int[x|fit_nll_f_crystal_pred_1]_Norm[x]) using numeric integrator RooIntegrator1D to calculate Int(x)
[#1] INFO:NumericIntegration -- RooRealIntegral::init(f_crystal_Int[x]) using numeric integrator RooIntegrator1D to calculate Int(x)
[#0] WARNING:InputArguments -- RooAbsPdf::fitTo(f_gaus_exp) WARNING: a likelihood fit is request of what appears to be weighted data. 
       While the estimated values of the parameters will always be calculated taking the weights into account, 
       there are multiple ways to estimate the errors on these parameter values. You are advised to make an 
       explicit choice on the error calculation: 
           - Either provide SumW2Error(kTRUE), to calculate a sum-of-weights corrected HESSE error matrix 
             (error will be proportional to the number of events)
           - Or provide SumW2Error(kFALSE), to return errors from original HESSE error matrix
             (which will be proportional to the sum of the weights)
       If you want the errors to reflect the information contained in the provided dataset, choose kTRUE. 
       If you want the errors to reflect the precision you would be able to obtain with an unweighted dataset 
       with 'sum-of-weights' events, choose kFALSE.
[#1] INFO:Fitting -- RooAbsOptTestStatistic::ctor(nll_f_gaus_exp_pred_1) constructing test statistic for sub-range named fit
[#1] INFO:Eval -- RooRealVar::setRange(x) new range named 'fit_nll_f_gaus_exp_pred_1' created with bounds [252,330]
[#1] INFO:Fitting -- RooAbsOptTestStatistic::ctor(nll_f_gaus_exp_pred_1) fixing interpretation of coefficients of any RooAddPdf to full domain of observables 
[#1] INFO:NumericIntegration -- RooRealIntegral::init(f_gaus_exp_Int[x]) using numeric integrator RooIntegrator1D to calculate Int(x)
[#1] INFO:Minization -- RooMinuit::optimizeConst: activating const optimization
 **********
 **   13 **MIGRAD        1500           1
 **********
 FIRST CALL TO USER FUNCTION AT NEW START POINT, WITH IFLAG=4.
 START MIGRAD MINIMIZATION.  STRATEGY  1.  CONVERGENCE WHEN EDM .LT. 1.00e-03
 FCN=65873.4 FROM MIGRAD    STATUS=INITIATE       56 CALLS          57 TOTAL
                     EDM= unknown      STRATEGY= 1      NO ERROR MATRIX       
  EXT PARAMETER               CURRENT GUESS       STEP         FIRST   
  NO.   NAME      VALUE            ERROR          SIZE      DERIVATIVE 
   1  par_gaus_exp_0   2.72754e+02   4.00000e+00  -3.70747e-01   1.31455e+01
   2  par_gaus_exp_1   2.45000e+01   3.10000e+00   0.00000e+00   3.14327e+01
   3  par_gaus_exp_2   3.47489e-01   3.05000e-01   0.00000e+00  -1.68644e+01
                               ERR DEF= 0.5
 MINUIT WARNING IN MIGRAD  
 ============== Negative diagonal element 1 in Error Matrix
 MINUIT WARNING IN MIGRAD  
 ============== Negative diagonal element 2 in Error Matrix
 MINUIT WARNING IN MIGRAD  
 ============== Negative diagonal element 3 in Error Matrix
 MINUIT WARNING IN MIGRAD  
 ============== 1.00791 added to diagonal of error matrix
 MIGRAD FAILS TO FIND IMPROVEMENT
 EIGENVALUES OF SECOND-DERIVATIVE MATRIX:
        -4.2297e+01  1.0010e+00  4.4296e+01
 MINUIT WARNING IN HESSE   
 ============== MATRIX FORCED POS-DEF BY ADDING 42.341534 TO DIAGONAL.
 FCN=65865 FROM HESSE     STATUS=NOT POSDEF     18 CALLS         162 TOTAL
                     EDM=3.09328    STRATEGY= 1      ERR MATRIX NOT POS-DEF
  EXT PARAMETER                APPROXIMATE        STEP         FIRST   
  NO.   NAME      VALUE            ERROR          SIZE      DERIVATIVE 
   1  par_gaus_exp_0   2.69177e+02   1.20568e+00   5.58682e-04   2.58742e+01
   2  par_gaus_exp_1   1.58322e+01   1.63717e+00   7.02777e-03  -4.92267e+00
   3  par_gaus_exp_2   2.10779e-01   3.97400e-04   1.86474e-03  -2.66438e+01
                               ERR DEF= 0.5
 MIGRAD MINIMIZATION HAS CONVERGED.
 MIGRAD WILL VERIFY CONVERGENCE AND ERROR MATRIX.
 COVARIANCE MATRIX CALCULATED SUCCESSFULLY
 MIGRAD TERMINATED WITHOUT CONVERGENCE.
 FCN=65864.8 FROM MIGRAD    STATUS=FAILED        228 CALLS         229 TOTAL
                     EDM=0.0155643    STRATEGY= 1      ERR MATRIX APPROXIMATE
  EXT PARAMETER                APPROXIMATE        STEP         FIRST   
  NO.   NAME      VALUE            ERROR          SIZE      DERIVATIVE 
   1  par_gaus_exp_0   2.68995e+02   6.17738e-01   3.90837e-03  -4.36103e-01
   2  par_gaus_exp_1   1.59003e+01   9.78358e-01   6.87996e-03  -2.54062e-01
   3  par_gaus_exp_2   2.11417e-01   1.57037e-02   1.86071e-03  -4.10850e+00
                               ERR DEF= 0.5
 EXTERNAL ERROR MATRIX.    NDIM=  25    NPAR=  3    ERR DEF=0.5
  3.818e-01  4.452e-01  7.726e-03 
  4.452e-01  9.590e-01  1.315e-02 
  7.726e-03  1.315e-02  2.466e-04 
ERR MATRIX APPROXIMATE
 PARAMETER  CORRELATION COEFFICIENTS  
       NO.  GLOBAL      1      2      3
        1  0.80324   1.000  0.736  0.796
        2  0.85959   0.736  1.000  0.855
        3  0.88971   0.796  0.855  1.000
 ERR MATRIX APPROXIMATE
 **********
 **   18 **HESSE        1500
 **********
 COVARIANCE MATRIX CALCULATED SUCCESSFULLY
 FCN=65864.8 FROM HESSE     STATUS=OK             16 CALLS         245 TOTAL
                     EDM=0.0150592    STRATEGY= 1      ERROR MATRIX ACCURATE 
  EXT PARAMETER                                INTERNAL      INTERNAL  
  NO.   NAME      VALUE            ERROR       STEP SIZE       VALUE   
   1  par_gaus_exp_0   2.68995e+02   6.08200e-01   1.56335e-04  -5.82686e-01
   2  par_gaus_exp_1   1.59003e+01   9.64021e-01   2.75198e-04  -5.88149e-01
   3  par_gaus_exp_2   2.11417e-01   1.54650e-02   3.72141e-04  -1.10654e+00
                               ERR DEF= 0.5
 EXTERNAL ERROR MATRIX.    NDIM=  25    NPAR=  3    ERR DEF=0.5
  3.701e-01  4.265e-01  7.425e-03 
  4.265e-01  9.311e-01  1.269e-02 
  7.425e-03  1.269e-02  2.392e-04 
 PARAMETER  CORRELATION COEFFICIENTS  
       NO.  GLOBAL      1      2      3
        1  0.79622   1.000  0.727  0.789
        2  0.85501   0.727  1.000  0.850
        3  0.88606   0.789  0.850  1.000
[#1] INFO:Minization -- RooMinuit::optimizeConst: deactivating const optimization
[#1] INFO:InputArguments -- RooAbsData::plotOn(pred_1) INFO: dataset has non-integer weights, auto-selecting SumW2 errors instead of Poisson errors
[#1] INFO:Plotting -- RooAbsPdf::plotOn(f_gaus_exp) p.d.f was fitted in range and no explicit plot,norm range was specified, using fit range as default
[#1] INFO:Plotting -- RooAbsPdf::plotOn(f_gaus_exp) only plotting range 'fit_nll_f_gaus_exp_pred_1'
[#1] INFO:Plotting -- RooAbsPdf::plotOn(f_gaus_exp) p.d.f. curve is normalized using explicit choice of ranges 'fit_nll_f_gaus_exp_pred_1'
[#1] INFO:Plotting -- RooAbsPdf::plotOn(f_gaus_exp) only plotting range 'fit_nll_f_gaus_exp_pred_1'
[#1] INFO:Plotting -- RooAbsPdf::plotOn(f_gaus_exp) p.d.f. curve is normalized using explicit choice of ranges 'fit_nll_f_gaus_exp_pred_1'
[#1] INFO:NumericIntegration -- RooRealIntegral::init(f_gaus_exp_Int[x]) using numeric integrator RooIntegrator1D to calculate Int(x)
[#1] INFO:NumericIntegration -- RooRealIntegral::init(f_gaus_exp_Int[x|fit_nll_f_gaus_exp_pred_1]_Norm[x]) using numeric integrator RooIntegrator1D to calculate Int(x)
[#1] INFO:Plotting -- RooAbsPdf::plotOn(f_gaus_exp) only plotting range 'fit_nll_f_gaus_exp_pred_1'
[#1] INFO:Plotting -- RooAbsPdf::plotOn(f_gaus_exp) p.d.f. curve is normalized using explicit choice of ranges 'fit_nll_f_gaus_exp_pred_1'
[#1] INFO:NumericIntegration -- RooRealIntegral::init(f_gaus_exp_Int[x]) using numeric integrator RooIntegrator1D to calculate Int(x)
[#1] INFO:NumericIntegration -- RooRealIntegral::init(f_gaus_exp_Int[x|fit_nll_f_gaus_exp_pred_1]_Norm[x]) using numeric integrator RooIntegrator1D to calculate Int(x)
[#1] INFO:Plotting -- RooAbsPdf::plotOn(f_gaus_exp) only plotting range 'fit_nll_f_gaus_exp_pred_1'
[#1] INFO:Plotting -- RooAbsPdf::plotOn(f_gaus_exp) p.d.f. curve is normalized using explicit choice of ranges 'fit_nll_f_gaus_exp_pred_1'
[#1] INFO:NumericIntegration -- RooRealIntegral::init(f_gaus_exp_Int[x]) using numeric integrator RooIntegrator1D to calculate Int(x)
[#1] INFO:NumericIntegration -- RooRealIntegral::init(f_gaus_exp_Int[x|fit_nll_f_gaus_exp_pred_1]_Norm[x]) using numeric integrator RooIntegrator1D to calculate Int(x)
[#1] INFO:Plotting -- RooAbsPdf::plotOn(f_gaus_exp) only plotting range 'fit_nll_f_gaus_exp_pred_1'
[#1] INFO:Plotting -- RooAbsPdf::plotOn(f_gaus_exp) p.d.f. curve is normalized using explicit choice of ranges 'fit_nll_f_gaus_exp_pred_1'
[#1] INFO:NumericIntegration -- RooRealIntegral::init(f_gaus_exp_Int[x]) using numeric integrator RooIntegrator1D to calculate Int(x)
[#1] INFO:NumericIntegration -- RooRealIntegral::init(f_gaus_exp_Int[x|fit_nll_f_gaus_exp_pred_1]_Norm[x]) using numeric integrator RooIntegrator1D to calculate Int(x)
[#1] INFO:Plotting -- RooAbsPdf::plotOn(f_gaus_exp) only plotting range 'fit_nll_f_gaus_exp_pred_1'
[#1] INFO:Plotting -- RooAbsPdf::plotOn(f_gaus_exp) p.d.f. curve is normalized using explicit choice of ranges 'fit_nll_f_gaus_exp_pred_1'
[#1] INFO:NumericIntegration -- RooRealIntegral::init(f_gaus_exp_Int[x]) using numeric integrator RooIntegrator1D to calculate Int(x)
[#1] INFO:NumericIntegration -- RooRealIntegral::init(f_gaus_exp_Int[x|fit_nll_f_gaus_exp_pred_1]_Norm[x]) using numeric integrator RooIntegrator1D to calculate Int(x)
[#1] INFO:Plotting -- RooAbsPdf::plotOn(f_gaus_exp) only plotting range 'fit_nll_f_gaus_exp_pred_1'
[#1] INFO:Plotting -- RooAbsPdf::plotOn(f_gaus_exp) p.d.f. curve is normalized using explicit choice of ranges 'fit_nll_f_gaus_exp_pred_1'
[#1] INFO:NumericIntegration -- RooRealIntegral::init(f_gaus_exp_Int[x]) using numeric integrator RooIntegrator1D to calculate Int(x)
[#1] INFO:NumericIntegration -- RooRealIntegral::init(f_gaus_exp_Int[x|fit_nll_f_gaus_exp_pred_1]_Norm[x]) using numeric integrator RooIntegrator1D to calculate Int(x)
[#1] INFO:Plotting -- RooAbsPdf::plotOn(f_gaus_exp) only plotting range 'fit_nll_f_gaus_exp_pred_1'
[#1] INFO:Plotting -- RooAbsPdf::plotOn(f_gaus_exp) p.d.f. curve is normalized using explicit choice of ranges 'fit_nll_f_gaus_exp_pred_1'
[#1] INFO:NumericIntegration -- RooRealIntegral::init(f_gaus_exp_Int[x]) using numeric integrator RooIntegrator1D to calculate Int(x)
[#1] INFO:NumericIntegration -- RooRealIntegral::init(f_gaus_exp_Int[x|fit_nll_f_gaus_exp_pred_1]_Norm[x]) using numeric integrator RooIntegrator1D to calculate Int(x)
[#1] INFO:Plotting -- RooAbsPdf::plotOn(f_gaus_exp) p.d.f was fitted in range and no explicit plot,norm range was specified, using fit range as default
[#1] INFO:Plotting -- RooAbsPdf::plotOn(f_gaus_exp) only plotting range 'fit_nll_f_gaus_exp_pred_1'
[#1] INFO:Plotting -- RooAbsPdf::plotOn(f_gaus_exp) p.d.f. curve is normalized using explicit choice of ranges 'fit_nll_f_gaus_exp_pred_1'
[#1] INFO:NumericIntegration -- RooRealIntegral::init(f_gaus_exp_Int[x]) using numeric integrator RooIntegrator1D to calculate Int(x)
[#1] INFO:NumericIntegration -- RooRealIntegral::init(f_gaus_exp_Int[x|fit_nll_f_gaus_exp_pred_1]_Norm[x]) using numeric integrator RooIntegrator1D to calculate Int(x)
[#1] INFO:NumericIntegration -- RooRealIntegral::init(f_gaus_exp_Int[x]) using numeric integrator RooIntegrator1D to calculate Int(x)
[#0] WARNING:InputArguments -- RooAbsPdf::fitTo(f_novo) WARNING: a likelihood fit is request of what appears to be weighted data. 
       While the estimated values of the parameters will always be calculated taking the weights into account, 
       there are multiple ways to estimate the errors on these parameter values. You are advised to make an 
       explicit choice on the error calculation: 
           - Either provide SumW2Error(kTRUE), to calculate a sum-of-weights corrected HESSE error matrix 
             (error will be proportional to the number of events)
           - Or provide SumW2Error(kFALSE), to return errors from original HESSE error matrix
             (which will be proportional to the sum of the weights)
       If you want the errors to reflect the information contained in the provided dataset, choose kTRUE. 
       If you want the errors to reflect the precision you would be able to obtain with an unweighted dataset 
       with 'sum-of-weights' events, choose kFALSE.
[#1] INFO:Eval -- RooRealVar::setRange(x) new range named 'fit' created with bounds [252,330]
[#1] INFO:Fitting -- RooAbsOptTestStatistic::ctor(nll_f_novo_pred_2) constructing test statistic for sub-range named fit
[#1] INFO:Eval -- RooRealVar::setRange(x) new range named 'NormalizationRangeForfit' created with bounds [252,330]
[#1] INFO:Eval -- RooRealVar::setRange(x) new range named 'fit_nll_f_novo_pred_2' created with bounds [252,330]
[#1] INFO:Fitting -- RooAbsOptTestStatistic::ctor(nll_f_novo_pred_2) fixing interpretation of coefficients of any RooAddPdf to full domain of observables 
[#1] INFO:Minization -- RooMinuit::optimizeConst: activating const optimization
 **********
 **   13 **MIGRAD        1500           1
 **********
 FIRST CALL TO USER FUNCTION AT NEW START POINT, WITH IFLAG=4.
 START MIGRAD MINIMIZATION.  STRATEGY  1.  CONVERGENCE WHEN EDM .LT. 1.00e-03
[#0] WARNING:Minization -- RooFitGlue: Minimized function has error status.
Returning maximum FCN so far (66636.4) to force MIGRAD to back out of this region. Error log follows
Parameter values: par_novo_0=275.5, par_novo_1=27, par_novo_2=3.58478
RooNLLVar::nll_f_novo_pred_2[ paramSet=(par_novo_0,par_novo_1,par_novo_2) ]
     function value is NAN @ paramSet=(par_novo_0 = 275.5,par_novo_1 = 27,par_novo_2 = 3.58478)
RooNovosibirsk::f_novo[ x=x width=par_novo_1 peak=par_novo_0 tail=par_novo_2 ]
     getLogVal() top-level p.d.f evaluates to zero @ x=x=283.5, width=par_novo_1=27, peak=par_novo_0=275.5, tail=par_novo_2=3.58478
     getLogVal() top-level p.d.f evaluates to zero @ x=x=286.5, width=par_novo_1=27, peak=par_novo_0=275.5, tail=par_novo_2=3.58478
     getLogVal() top-level p.d.f evaluates to zero @ x=x=289.5, width=par_novo_1=27, peak=par_novo_0=275.5, tail=par_novo_2=3.58478
     getLogVal() top-level p.d.f evaluates to zero @ x=x=292.5, width=par_novo_1=27, peak=par_novo_0=275.5, tail=par_novo_2=3.58478
     getLogVal() top-level p.d.f evaluates to zero @ x=x=295.5, width=par_novo_1=27, peak=par_novo_0=275.5, tail=par_novo_2=3.58478
     getLogVal() top-level p.d.f evaluates to zero @ x=x=298.5, width=par_novo_1=27, peak=par_novo_0=275.5, tail=par_novo_2=3.58478
     getLogVal() top-level p.d.f evaluates to zero @ x=x=301.5, width=par_novo_1=27, peak=par_novo_0=275.5, tail=par_novo_2=3.58478
     getLogVal() top-level p.d.f evaluates to zero @ x=x=304.5, width=par_novo_1=27, peak=par_novo_0=275.5, tail=par_novo_2=3.58478
     getLogVal() top-level p.d.f evaluates to zero @ x=x=307.5, width=par_novo_1=27, peak=par_novo_0=275.5, tail=par_novo_2=3.58478
     getLogVal() top-level p.d.f evaluates to zero @ x=x=310.5, width=par_novo_1=27, peak=par_novo_0=275.5, tail=par_novo_2=3.58478
     getLogVal() top-level p.d.f evaluates to zero @ x=x=313.5, width=par_novo_1=27, peak=par_novo_0=275.5, tail=par_novo_2=3.58478
     getLogVal() top-level p.d.f evaluates to zero @ x=x=316.5, width=par_novo_1=27, peak=par_novo_0=275.5, tail=par_novo_2=3.58478
    ... (remaining 6 messages suppressed)

[#0] WARNING:Minization -- RooFitGlue: Minimized function has error status.
Returning maximum FCN so far (66636.4) to force MIGRAD to back out of this region. Error log follows
Parameter values: par_novo_0=275.5, par_novo_1=27, par_novo_2=-3.58478
RooNLLVar::nll_f_novo_pred_2[ paramSet=(par_novo_0,par_novo_1,par_novo_2) ]
     function value is NAN @ paramSet=(par_novo_0 = 275.5,par_novo_1 = 27,par_novo_2 = -3.58478)
RooNovosibirsk::f_novo[ x=x width=par_novo_1 peak=par_novo_0 tail=par_novo_2 ]
     getLogVal() top-level p.d.f evaluates to zero @ x=x=253.5, width=par_novo_1=27, peak=par_novo_0=275.5, tail=par_novo_2=-3.58478
     getLogVal() top-level p.d.f evaluates to zero @ x=x=256.5, width=par_novo_1=27, peak=par_novo_0=275.5, tail=par_novo_2=-3.58478
     getLogVal() top-level p.d.f evaluates to zero @ x=x=259.5, width=par_novo_1=27, peak=par_novo_0=275.5, tail=par_novo_2=-3.58478
     getLogVal() top-level p.d.f evaluates to zero @ x=x=262.5, width=par_novo_1=27, peak=par_novo_0=275.5, tail=par_novo_2=-3.58478
     getLogVal() top-level p.d.f evaluates to zero @ x=x=265.5, width=par_novo_1=27, peak=par_novo_0=275.5, tail=par_novo_2=-3.58478

 FCN=66496.7 FROM MIGRAD    STATUS=INITIATE       14 CALLS          15 TOTAL
                     EDM= unknown      STRATEGY= 1      NO ERROR MATRIX       
  EXT PARAMETER               CURRENT GUESS       STEP         FIRST   
  NO.   NAME      VALUE            ERROR          SIZE      DERIVATIVE 
   1  par_novo_0   2.75500e+02   5.10000e+00   2.01358e-01  -2.01562e+03
   2  par_novo_1   2.70000e+01   5.40000e+00   2.01358e-01  -3.51767e+03
   3  par_novo_2   0.00000e+00   2.00000e+01   2.01358e-01   3.35165e+05
                               ERR DEF= 0.5
 MIGRAD MINIMIZATION HAS CONVERGED.
 MIGRAD WILL VERIFY CONVERGENCE AND ERROR MATRIX.
 COVARIANCE MATRIX CALCULATED SUCCESSFULLY
 FCN=65861.8 FROM MIGRAD    STATUS=CONVERGED     182 CALLS         183 TOTAL
                     EDM=4.83397e-05    STRATEGY= 1      ERROR MATRIX ACCURATE 
  EXT PARAMETER                                   STEP         FIRST   
  NO.   NAME      VALUE            ERROR          SIZE      DERIVATIVE 
   1  par_novo_0   2.66934e+02   9.14842e-01   1.82755e-03  -3.48870e-01
   2  par_novo_1   3.08570e+01   8.33751e-01   4.19394e-03   1.41912e-01
   3  par_novo_2  -1.60914e+00   1.86381e-01   9.00257e-05   9.96403e+00
                               ERR DEF= 0.5
 EXTERNAL ERROR MATRIX.    NDIM=  25    NPAR=  3    ERR DEF=0.5
  8.373e-01  1.172e-01  1.594e-01 
  1.172e-01  6.954e-01 -1.256e-02 
  1.594e-01 -1.256e-02  3.474e-02 
 PARAMETER  CORRELATION COEFFICIENTS  
       NO.  GLOBAL      1      2      3
        1  0.96263   1.000  0.154  0.935
        2  0.65001   0.154  1.000 -0.081
        3  0.96196   0.935 -0.081  1.000
 **********
 **   18 **HESSE        1500
 **********
 COVARIANCE MATRIX CALCULATED SUCCESSFULLY
 FCN=65861.8 FROM HESSE     STATUS=OK             16 CALLS         199 TOTAL
                     EDM=5.05942e-05    STRATEGY= 1      ERROR MATRIX ACCURATE 
  EXT PARAMETER                                INTERNAL      INTERNAL  
  NO.   NAME      VALUE            ERROR       STEP SIZE       VALUE   
   1  par_novo_0   2.66934e+02   9.47954e-01   7.31021e-05  -3.42568e-01
   2  par_novo_1   3.08570e+01   8.74485e-01   1.67758e-04   1.43340e-01
   3  par_novo_2  -1.60914e+00   2.04067e-01   3.60103e-06  -1.60921e-02
                               ERR DEF= 0.5
 EXTERNAL ERROR MATRIX.    NDIM=  25    NPAR=  3    ERR DEF=0.5
  8.991e-01 -6.258e-02  1.817e-01 
 -6.258e-02  7.650e-01 -5.463e-02 
  1.817e-01 -5.463e-02  4.164e-02 
 PARAMETER  CORRELATION COEFFICIENTS  
       NO.  GLOBAL      1      2      3
        1  0.96524   1.000 -0.075  0.939
        2  0.68916  -0.075  1.000 -0.306
        3  0.96837   0.939 -0.306  1.000
[#1] INFO:Minization -- RooMinuit::optimizeConst: deactivating const optimization
[#1] INFO:InputArguments -- RooAbsData::plotOn(pred_2) INFO: dataset has non-integer weights, auto-selecting SumW2 errors instead of Poisson errors
[#1] INFO:Plotting -- RooAbsPdf::plotOn(f_novo) p.d.f was fitted in range and no explicit plot,norm range was specified, using fit range as default
[#1] INFO:Plotting -- RooAbsPdf::plotOn(f_novo) only plotting range 'fit_nll_f_novo_pred_2'
[#1] INFO:Plotting -- RooAbsPdf::plotOn(f_novo) p.d.f. curve is normalized using explicit choice of ranges 'fit_nll_f_novo_pred_2'
[#1] INFO:Plotting -- RooAbsPdf::plotOn(f_novo) only plotting range 'fit_nll_f_novo_pred_2'
[#1] INFO:Plotting -- RooAbsPdf::plotOn(f_novo) p.d.f. curve is normalized using explicit choice of ranges 'fit_nll_f_novo_pred_2'
[#1] INFO:Plotting -- RooAbsPdf::plotOn(f_novo) only plotting range 'fit_nll_f_novo_pred_2'
[#1] INFO:Plotting -- RooAbsPdf::plotOn(f_novo) p.d.f. curve is normalized using explicit choice of ranges 'fit_nll_f_novo_pred_2'
[#1] INFO:Plotting -- RooAbsPdf::plotOn(f_novo) only plotting range 'fit_nll_f_novo_pred_2'
[#1] INFO:Plotting -- RooAbsPdf::plotOn(f_novo) p.d.f. curve is normalized using explicit choice of ranges 'fit_nll_f_novo_pred_2'
[#1] INFO:Plotting -- RooAbsPdf::plotOn(f_novo) only plotting range 'fit_nll_f_novo_pred_2'
[#1] INFO:Plotting -- RooAbsPdf::plotOn(f_novo) p.d.f. curve is normalized using explicit choice of ranges 'fit_nll_f_novo_pred_2'
[#1] INFO:Plotting -- RooAbsPdf::plotOn(f_novo) only plotting range 'fit_nll_f_novo_pred_2'
[#1] INFO:Plotting -- RooAbsPdf::plotOn(f_novo) p.d.f. curve is normalized using explicit choice of ranges 'fit_nll_f_novo_pred_2'
[#1] INFO:Plotting -- RooAbsPdf::plotOn(f_novo) only plotting range 'fit_nll_f_novo_pred_2'
[#1] INFO:Plotting -- RooAbsPdf::plotOn(f_novo) p.d.f. curve is normalized using explicit choice of ranges 'fit_nll_f_novo_pred_2'
[#1] INFO:Plotting -- RooAbsPdf::plotOn(f_novo) only plotting range 'fit_nll_f_novo_pred_2'
[#1] INFO:Plotting -- RooAbsPdf::plotOn(f_novo) p.d.f. curve is normalized using explicit choice of ranges 'fit_nll_f_novo_pred_2'
[#1] INFO:Plotting -- RooAbsPdf::plotOn(f_novo) p.d.f was fitted in range and no explicit plot,norm range was specified, using fit range as default
[#1] INFO:Plotting -- RooAbsPdf::plotOn(f_novo) only plotting range 'fit_nll_f_novo_pred_2'
[#1] INFO:Plotting -- RooAbsPdf::plotOn(f_novo) p.d.f. curve is normalized using explicit choice of ranges 'fit_nll_f_novo_pred_2'
[#0] WARNING:InputArguments -- RooAbsPdf::fitTo(f_crystal_1) WARNING: a likelihood fit is request of what appears to be weighted data. 
       While the estimated values of the parameters will always be calculated taking the weights into account, 
       there are multiple ways to estimate the errors on these parameter values. You are advised to make an 
       explicit choice on the error calculation: 
           - Either provide SumW2Error(kTRUE), to calculate a sum-of-weights corrected HESSE error matrix 
             (error will be proportional to the number of events)
           - Or provide SumW2Error(kFALSE), to return errors from original HESSE error matrix
             (which will be proportional to the sum of the weights)
       If you want the errors to reflect the information contained in the provided dataset, choose kTRUE. 
       If you want the errors to reflect the precision you would be able to obtain with an unweighted dataset 
       with 'sum-of-weights' events, choose kFALSE.
[#1] INFO:Fitting -- RooAbsOptTestStatistic::ctor(nll_f_crystal_1_pred_2) constructing test statistic for sub-range named fit
[#1] INFO:Eval -- RooRealVar::setRange(x) new range named 'fit_nll_f_crystal_1_pred_2' created with bounds [252,330]
[#1] INFO:Fitting -- RooAbsOptTestStatistic::ctor(nll_f_crystal_1_pred_2) fixing interpretation of coefficients of any RooAddPdf to full domain of observables 
[#1] INFO:NumericIntegration -- RooRealIntegral::init(f_crystal_1_Int[x]) using numeric integrator RooIntegrator1D to calculate Int(x)
[#1] INFO:Minization -- RooMinuit::optimizeConst: activating const optimization
 **********
 **   13 **MIGRAD        2000           1
 **********
 FIRST CALL TO USER FUNCTION AT NEW START POINT, WITH IFLAG=4.
 START MIGRAD MINIMIZATION.  STRATEGY  1.  CONVERGENCE WHEN EDM .LT. 1.00e-03
 FCN=65918.8 FROM MIGRAD    STATUS=INITIATE       90 CALLS          91 TOTAL
                     EDM= unknown      STRATEGY= 1      NO ERROR MATRIX       
  EXT PARAMETER               CURRENT GUESS       STEP         FIRST   
  NO.   NAME      VALUE            ERROR          SIZE      DERIVATIVE 
   1  par_crystal_1_0   9.82319e-02   5.09000e-01   0.00000e+00  -1.22837e+03
   2  par_crystal_1_1   2.55500e+00   5.09000e-01   0.00000e+00  -1.86519e+01
   3  par_crystal_1_2   2.65208e+02   4.00000e+00   0.00000e+00   3.96852e+02
   4  par_crystal_1_3   1.01169e+01   2.70000e+00  -4.92494e-01  -8.41420e+00
                               ERR DEF= 0.5
 MIGRAD FAILS TO FIND IMPROVEMENT
 COVARIANCE MATRIX CALCULATED SUCCESSFULLY
 FCN=65864.8 FROM HESSE     STATUS=OK             29 CALLS         319 TOTAL
                     EDM=0.0197877    STRATEGY= 1      ERROR MATRIX ACCURATE 
  EXT PARAMETER                                   STEP         FIRST   
  NO.   NAME      VALUE            ERROR          SIZE      DERIVATIVE 
   1  par_crystal_1_0   2.24220e-01   7.58041e-03   1.93677e-04  -9.83059e+00
   2  par_crystal_1_1   4.57685e+00   4.78340e+00   2.39683e-01   1.06505e-01
   3  par_crystal_1_2   2.68970e+02   3.26210e-01   4.80600e-04  -3.91906e+00
   4  par_crystal_1_3   1.57583e+01   1.82986e+00   9.60380e-04   4.97954e-01
                               ERR DEF= 0.5
 EIGENVALUES OF SECOND-DERIVATIVE MATRIX:
        -4.5783e-02  2.4148e-02  9.0917e-01  3.1125e+00
 MINUIT WARNING IN MIGRAD  
 ============== MATRIX FORCED POS-DEF BY ADDING 0.048896 TO DIAGONAL.
 MIGRAD FAILS TO FIND IMPROVEMENT
 MIGRAD TERMINATED WITHOUT CONVERGENCE.
 FCN=65864.8 FROM MIGRAD    STATUS=FAILED        402 CALLS         403 TOTAL
                     EDM=45.5534    STRATEGY= 1  ERROR MATRIX UNCERTAINTY  55.2 per cent
  EXT PARAMETER                APPROXIMATE        STEP         FIRST   
  NO.   NAME      VALUE            ERROR          SIZE      DERIVATIVE 
   1  par_crystal_1_0   2.24234e-01   2.03721e-03   0.00000e+00   1.48658e+04
   2  par_crystal_1_1   4.75739e+00   2.57192e+00   0.00000e+00   2.51981e+00
   3  par_crystal_1_2   2.68971e+02   8.78004e-02   0.00000e+00   6.19746e+03
   4  par_crystal_1_3   1.57687e+01   7.23736e-02  -0.00000e+00   1.11954e+04
                               ERR DEF= 0.5
 EXTERNAL ERROR MATRIX.    NDIM=  25    NPAR=  4    ERR DEF=0.5
  4.150e-06  1.002e-03  1.662e-04 -1.446e-04 
  1.002e-03  1.934e+00  4.187e-02 -3.985e-02 
  1.662e-04  4.187e-02  7.709e-03 -6.237e-03 
 -1.446e-04 -3.985e-02 -6.237e-03  5.238e-03 
ERR MATRIX APPROXIMATE
 PARAMETER  CORRELATION COEFFICIENTS  
       NO.  GLOBAL      1      2      3      4
        1  1.00000   1.000  0.354  0.929 -0.981
        2  1.00002   0.354  1.000  0.343 -0.396
        3  1.00000   0.929  0.343  1.000 -0.981
        4  1.00000  -0.981 -0.396 -0.981  1.000
 ERR MATRIX APPROXIMATE
 **********
 **   18 **HESSE        2000
 **********
 EIGENVALUES OF SECOND-DERIVATIVE MATRIX:
        -1.9971e+00  1.9976e+00  1.9996e+00  1.9999e+00
 MINUIT WARNING IN HESSE   
 ============== MATRIX FORCED POS-DEF BY ADDING 1.999072 TO DIAGONAL.
 FCN=65864.8 FROM HESSE     STATUS=NOT POSDEF     31 CALLS         434 TOTAL
                     EDM=5721.85    STRATEGY= 1      ERR MATRIX NOT POS-DEF
  EXT PARAMETER                APPROXIMATE     INTERNAL      INTERNAL  
  NO.   NAME      VALUE            ERROR       STEP SIZE       VALUE   
   1  par_crystal_1_0   2.24234e-01   1.73339e-04   6.82942e-06  -1.15755e+00
   2  par_crystal_1_1   4.75739e+00   2.56431e+00   4.11062e-02   2.09568e+00
   3  par_crystal_1_2   2.68971e+02   7.26726e-03   1.63758e-05   4.65144e-01
   4  par_crystal_1_3   1.57687e+01   3.03600e-03   9.06790e-06  -5.41981e-02
                               ERR DEF= 0.5
 EXTERNAL ERROR MATRIX.    NDIM=  25    NPAR=  4    ERR DEF=0.5
  3.005e-08  2.247e-04  1.257e-06  5.252e-07 
  2.247e-04  1.688e+00  9.422e-03  3.936e-03 
  1.257e-06  9.422e-03  5.281e-05  2.202e-05 
  5.252e-07  3.936e-03  2.202e-05  9.217e-06 
ERR MATRIX NOT POS-DEF
 PARAMETER  CORRELATION COEFFICIENTS  
       NO.  GLOBAL      1      2      3      4
        1  0.99867   1.000  0.998  0.998  0.998
        2  0.99867   0.998  1.000  0.998  0.998
        3  0.99867   0.998  0.998  1.000  0.998
        4  0.99867   0.998  0.998  0.998  1.000
 ERR MATRIX NOT POS-DEF
[#1] INFO:Minization -- RooMinuit::optimizeConst: deactivating const optimization
[#1] INFO:InputArguments -- RooAbsData::plotOn(pred_2) INFO: dataset has non-integer weights, auto-selecting SumW2 errors instead of Poisson errors
[#1] INFO:Plotting -- RooAbsPdf::plotOn(f_crystal_1) p.d.f was fitted in range and no explicit plot,norm range was specified, using fit range as default
[#1] INFO:Plotting -- RooAbsPdf::plotOn(f_crystal_1) only plotting range 'fit_nll_f_crystal_1_pred_2'
[#1] INFO:Plotting -- RooAbsPdf::plotOn(f_crystal_1) p.d.f. curve is normalized using explicit choice of ranges 'fit_nll_f_crystal_1_pred_2'
[#1] INFO:Plotting -- RooAbsPdf::plotOn(f_crystal_1) only plotting range 'fit_nll_f_crystal_1_pred_2'
[#1] INFO:Plotting -- RooAbsPdf::plotOn(f_crystal_1) p.d.f. curve is normalized using explicit choice of ranges 'fit_nll_f_crystal_1_pred_2'
[#1] INFO:NumericIntegration -- RooRealIntegral::init(f_crystal_1_Int[x]) using numeric integrator RooIntegrator1D to calculate Int(x)
[#1] INFO:NumericIntegration -- RooRealIntegral::init(f_crystal_1_Int[x|fit_nll_f_crystal_1_pred_2]_Norm[x]) using numeric integrator RooIntegrator1D to calculate Int(x)
[#1] INFO:Plotting -- RooAbsPdf::plotOn(f_crystal_1) only plotting range 'fit_nll_f_crystal_1_pred_2'
[#1] INFO:Plotting -- RooAbsPdf::plotOn(f_crystal_1) p.d.f. curve is normalized using explicit choice of ranges 'fit_nll_f_crystal_1_pred_2'
[#1] INFO:NumericIntegration -- RooRealIntegral::init(f_crystal_1_Int[x]) using numeric integrator RooIntegrator1D to calculate Int(x)
[#1] INFO:NumericIntegration -- RooRealIntegral::init(f_crystal_1_Int[x|fit_nll_f_crystal_1_pred_2]_Norm[x]) using numeric integrator RooIntegrator1D to calculate Int(x)
[#1] INFO:Plotting -- RooAbsPdf::plotOn(f_crystal_1) only plotting range 'fit_nll_f_crystal_1_pred_2'
[#1] INFO:Plotting -- RooAbsPdf::plotOn(f_crystal_1) p.d.f. curve is normalized using explicit choice of ranges 'fit_nll_f_crystal_1_pred_2'
[#1] INFO:NumericIntegration -- RooRealIntegral::init(f_crystal_1_Int[x]) using numeric integrator RooIntegrator1D to calculate Int(x)
[#1] INFO:NumericIntegration -- RooRealIntegral::init(f_crystal_1_Int[x|fit_nll_f_crystal_1_pred_2]_Norm[x]) using numeric integrator RooIntegrator1D to calculate Int(x)
[#1] INFO:Plotting -- RooAbsPdf::plotOn(f_crystal_1) only plotting range 'fit_nll_f_crystal_1_pred_2'
[#1] INFO:Plotting -- RooAbsPdf::plotOn(f_crystal_1) p.d.f. curve is normalized using explicit choice of ranges 'fit_nll_f_crystal_1_pred_2'
[#1] INFO:NumericIntegration -- RooRealIntegral::init(f_crystal_1_Int[x]) using numeric integrator RooIntegrator1D to calculate Int(x)
[#1] INFO:NumericIntegration -- RooRealIntegral::init(f_crystal_1_Int[x|fit_nll_f_crystal_1_pred_2]_Norm[x]) using numeric integrator RooIntegrator1D to calculate Int(x)
[#1] INFO:Plotting -- RooAbsPdf::plotOn(f_crystal_1) only plotting range 'fit_nll_f_crystal_1_pred_2'
[#1] INFO:Plotting -- RooAbsPdf::plotOn(f_crystal_1) p.d.f. curve is normalized using explicit choice of ranges 'fit_nll_f_crystal_1_pred_2'
[#1] INFO:NumericIntegration -- RooRealIntegral::init(f_crystal_1_Int[x]) using numeric integrator RooIntegrator1D to calculate Int(x)
[#1] INFO:NumericIntegration -- RooRealIntegral::init(f_crystal_1_Int[x|fit_nll_f_crystal_1_pred_2]_Norm[x]) using numeric integrator RooIntegrator1D to calculate Int(x)
[#1] INFO:Plotting -- RooAbsPdf::plotOn(f_crystal_1) only plotting range 'fit_nll_f_crystal_1_pred_2'
[#1] INFO:Plotting -- RooAbsPdf::plotOn(f_crystal_1) p.d.f. curve is normalized using explicit choice of ranges 'fit_nll_f_crystal_1_pred_2'
[#1] INFO:NumericIntegration -- RooRealIntegral::init(f_crystal_1_Int[x]) using numeric integrator RooIntegrator1D to calculate Int(x)
[#1] INFO:NumericIntegration -- RooRealIntegral::init(f_crystal_1_Int[x|fit_nll_f_crystal_1_pred_2]_Norm[x]) using numeric integrator RooIntegrator1D to calculate Int(x)
[#1] INFO:Plotting -- RooAbsPdf::plotOn(f_crystal_1) only plotting range 'fit_nll_f_crystal_1_pred_2'
[#1] INFO:Plotting -- RooAbsPdf::plotOn(f_crystal_1) p.d.f. curve is normalized using explicit choice of ranges 'fit_nll_f_crystal_1_pred_2'
[#1] INFO:NumericIntegration -- RooRealIntegral::init(f_crystal_1_Int[x]) using numeric integrator RooIntegrator1D to calculate Int(x)
[#1] INFO:NumericIntegration -- RooRealIntegral::init(f_crystal_1_Int[x|fit_nll_f_crystal_1_pred_2]_Norm[x]) using numeric integrator RooIntegrator1D to calculate Int(x)
[#1] INFO:Plotting -- RooAbsPdf::plotOn(f_crystal_1) only plotting range 'fit_nll_f_crystal_1_pred_2'
[#1] INFO:Plotting -- RooAbsPdf::plotOn(f_crystal_1) p.d.f. curve is normalized using explicit choice of ranges 'fit_nll_f_crystal_1_pred_2'
[#1] INFO:NumericIntegration -- RooRealIntegral::init(f_crystal_1_Int[x]) using numeric integrator RooIntegrator1D to calculate Int(x)
[#1] INFO:NumericIntegration -- RooRealIntegral::init(f_crystal_1_Int[x|fit_nll_f_crystal_1_pred_2]_Norm[x]) using numeric integrator RooIntegrator1D to calculate Int(x)
[#1] INFO:Plotting -- RooAbsPdf::plotOn(f_crystal_1) only plotting range 'fit_nll_f_crystal_1_pred_2'
[#1] INFO:Plotting -- RooAbsPdf::plotOn(f_crystal_1) p.d.f. curve is normalized using explicit choice of ranges 'fit_nll_f_crystal_1_pred_2'
[#1] INFO:NumericIntegration -- RooRealIntegral::init(f_crystal_1_Int[x]) using numeric integrator RooIntegrator1D to calculate Int(x)
[#1] INFO:NumericIntegration -- RooRealIntegral::init(f_crystal_1_Int[x|fit_nll_f_crystal_1_pred_2]_Norm[x]) using numeric integrator RooIntegrator1D to calculate Int(x)
[#1] INFO:Plotting -- RooAbsPdf::plotOn(f_crystal_1) p.d.f was fitted in range and no explicit plot,norm range was specified, using fit range as default
[#1] INFO:Plotting -- RooAbsPdf::plotOn(f_crystal_1) only plotting range 'fit_nll_f_crystal_1_pred_2'
[#1] INFO:Plotting -- RooAbsPdf::plotOn(f_crystal_1) p.d.f. curve is normalized using explicit choice of ranges 'fit_nll_f_crystal_1_pred_2'
[#1] INFO:NumericIntegration -- RooRealIntegral::init(f_crystal_1_Int[x]) using numeric integrator RooIntegrator1D to calculate Int(x)
[#1] INFO:NumericIntegration -- RooRealIntegral::init(f_crystal_1_Int[x|fit_nll_f_crystal_1_pred_2]_Norm[x]) using numeric integrator RooIntegrator1D to calculate Int(x)
[#1] INFO:NumericIntegration -- RooRealIntegral::init(f_crystal_1_Int[x]) using numeric integrator RooIntegrator1D to calculate Int(x)
[#0] WARNING:InputArguments -- RooAbsPdf::fitTo(f_gaus_bern) WARNING: a likelihood fit is request of what appears to be weighted data. 
       While the estimated values of the parameters will always be calculated taking the weights into account, 
       there are multiple ways to estimate the errors on these parameter values. You are advised to make an 
       explicit choice on the error calculation: 
           - Either provide SumW2Error(kTRUE), to calculate a sum-of-weights corrected HESSE error matrix 
             (error will be proportional to the number of events)
           - Or provide SumW2Error(kFALSE), to return errors from original HESSE error matrix
             (which will be proportional to the sum of the weights)
       If you want the errors to reflect the information contained in the provided dataset, choose kTRUE. 
       If you want the errors to reflect the precision you would be able to obtain with an unweighted dataset 
       with 'sum-of-weights' events, choose kFALSE.
[#1] INFO:Fitting -- RooAbsOptTestStatistic::ctor(nll_f_gaus_bern_pred_2) constructing test statistic for sub-range named fit
[#1] INFO:Eval -- RooRealVar::setRange(x) new range named 'fit_nll_f_gaus_bern_pred_2' created with bounds [252,330]
[#1] INFO:Fitting -- RooAbsOptTestStatistic::ctor(nll_f_gaus_bern_pred_2) fixing interpretation of coefficients of any RooAddPdf to full domain of observables 
[#1] INFO:Minization -- RooMinuit::optimizeConst: activating const optimization
 **********
 **   13 **MIGRAD        2500           1
 **********
 FIRST CALL TO USER FUNCTION AT NEW START POINT, WITH IFLAG=4.
 START MIGRAD MINIMIZATION.  STRATEGY  1.  CONVERGENCE WHEN EDM .LT. 1.00e-03
 FCN=66145.3 FROM MIGRAD    STATUS=INITIATE       24 CALLS          25 TOTAL
                     EDM= unknown      STRATEGY= 1      NO ERROR MATRIX       
  EXT PARAMETER               CURRENT GUESS       STEP         FIRST   
  NO.   NAME      VALUE            ERROR          SIZE      DERIVATIVE 
   1  par_gaus_bern_1   1.00000e+01   4.50000e+00   1.63378e-01  -6.49076e+02
   2  par_gaus_bern_2   2.60000e+02   4.40000e+01   2.44247e-01   1.54281e+04
   3  par_gaus_bern_4   3.00000e+00   2.00000e+00   2.11716e-01   5.48186e+02
   4  par_gaus_bern_5   1.00000e+00   2.00000e+00   2.02430e-01  -5.28032e+01
   5  par_gaus_bern_6   0.00000e+00   2.00000e+00   2.01358e-01  -2.86076e+02
                               ERR DEF= 0.5
 MIGRAD MINIMIZATION HAS CONVERGED.
 MIGRAD WILL VERIFY CONVERGENCE AND ERROR MATRIX.
 COVARIANCE MATRIX CALCULATED SUCCESSFULLY
 FCN=65861.3 FROM MIGRAD    STATUS=CONVERGED     308 CALLS         309 TOTAL
                     EDM=1.72651e-05    STRATEGY= 1      ERROR MATRIX ACCURATE 
  EXT PARAMETER                                   STEP         FIRST   
  NO.   NAME      VALUE            ERROR          SIZE      DERIVATIVE 
   1  par_gaus_bern_1   1.22900e+01   1.15583e+00   2.78641e-03  -8.73029e-02
   2  par_gaus_bern_2   2.55228e+02   7.94649e-01   3.94218e-04  -3.70867e-01
   3  par_gaus_bern_4  -1.19173e+00   6.80684e-01   2.47899e-03   1.75191e-02
   4  par_gaus_bern_5   4.35904e+00   4.79685e-01   1.60984e-03   1.03179e-01
   5  par_gaus_bern_6  -1.56742e+00   4.99268e-01   2.12955e-03   9.01620e-02
                               ERR DEF= 0.5
 EXTERNAL ERROR MATRIX.    NDIM=  25    NPAR=  5    ERR DEF=0.5
  1.337e+00  3.833e-01 -5.716e-01  1.333e-01 -3.404e-02 
  3.833e-01  6.315e-01 -4.085e-01  1.776e-01 -1.368e-01 
 -5.716e-01 -4.085e-01  4.641e-01 -2.417e-01  1.885e-01 
  1.333e-01  1.776e-01 -2.417e-01  2.303e-01 -2.264e-01 
 -3.404e-02 -1.368e-01  1.885e-01 -2.264e-01  2.495e-01 
 PARAMETER  CORRELATION COEFFICIENTS  
       NO.  GLOBAL      1      2      3      4      5
        1  0.90395   1.000  0.417 -0.726  0.240 -0.059
        2  0.86183   0.417  1.000 -0.755  0.466 -0.345
        3  0.97904  -0.726 -0.755  1.000 -0.739  0.554
        4  0.98539   0.240  0.466 -0.739  1.000 -0.945
        5  0.97138  -0.059 -0.345  0.554 -0.945  1.000
 **********
 **   18 **HESSE        2500
 **********
 COVARIANCE MATRIX CALCULATED SUCCESSFULLY
 FCN=65861.3 FROM HESSE     STATUS=OK             31 CALLS         340 TOTAL
                     EDM=3.77974e-05    STRATEGY= 1      ERROR MATRIX ACCURATE 
  EXT PARAMETER                                INTERNAL      INTERNAL  
  NO.   NAME      VALUE            ERROR       STEP SIZE       VALUE   
   1  par_gaus_bern_1   1.22900e+01   1.63504e+00   1.11457e-04  -8.81854e-01
   2  par_gaus_bern_2   2.55228e+02   1.27834e+00   1.57687e-05  -6.03037e-01
   3  par_gaus_bern_4  -1.19173e+00   1.45698e+00   9.91598e-05  -1.19457e-01
   4  par_gaus_bern_5   4.35904e+00   1.12496e+00   6.43936e-05   4.51042e-01
   5  par_gaus_bern_6  -1.56742e+00   1.08373e+00   8.51820e-05  -1.57391e-01
                               ERR DEF= 0.5
 EXTERNAL ERROR MATRIX.    NDIM=  25    NPAR=  5    ERR DEF=0.5
  2.676e+00  1.498e+00 -2.015e+00  1.212e+00 -1.023e+00 
  1.498e+00  1.634e+00 -1.704e+00  1.190e+00 -1.082e+00 
 -2.015e+00 -1.704e+00  2.138e+00 -1.547e+00  1.408e+00 
  1.212e+00  1.190e+00 -1.547e+00  1.272e+00 -1.209e+00 
 -1.023e+00 -1.082e+00  1.408e+00 -1.209e+00  1.179e+00 
 PARAMETER  CORRELATION COEFFICIENTS  
       NO.  GLOBAL      1      2      3      4      5
        1  0.95323   1.000  0.716 -0.842  0.657 -0.576
        2  0.94899   0.716  1.000 -0.912  0.825 -0.780
        3  0.99549  -0.842 -0.912  1.000 -0.938  0.887
        4  0.99737   0.657  0.825 -0.938  1.000 -0.987
        5  0.99401  -0.576 -0.780  0.887 -0.987  1.000
[#1] INFO:Minization -- RooMinuit::optimizeConst: deactivating const optimization
[#1] INFO:InputArguments -- RooAbsData::plotOn(pred_2) INFO: dataset has non-integer weights, auto-selecting SumW2 errors instead of Poisson errors
[#1] INFO:Plotting -- RooAbsPdf::plotOn(f_gaus_bern) p.d.f was fitted in range and no explicit plot,norm range was specified, using fit range as default
[#1] INFO:Plotting -- RooAbsPdf::plotOn(f_gaus_bern) only plotting range 'fit_nll_f_gaus_bern_pred_2'
[#1] INFO:Plotting -- RooAbsPdf::plotOn(f_gaus_bern) p.d.f. curve is normalized using explicit choice of ranges 'fit_nll_f_gaus_bern_pred_2'
[#1] INFO:Plotting -- RooAbsPdf::plotOn(f_gaus_bern) only plotting range 'fit_nll_f_gaus_bern_pred_2'
[#1] INFO:Plotting -- RooAbsPdf::plotOn(f_gaus_bern) p.d.f. curve is normalized using explicit choice of ranges 'fit_nll_f_gaus_bern_pred_2'
[#1] INFO:Plotting -- RooAbsPdf::plotOn(f_gaus_bern) only plotting range 'fit_nll_f_gaus_bern_pred_2'
[#1] INFO:Plotting -- RooAbsPdf::plotOn(f_gaus_bern) p.d.f. curve is normalized using explicit choice of ranges 'fit_nll_f_gaus_bern_pred_2'
[#1] INFO:Plotting -- RooAbsPdf::plotOn(f_gaus_bern) only plotting range 'fit_nll_f_gaus_bern_pred_2'
[#1] INFO:Plotting -- RooAbsPdf::plotOn(f_gaus_bern) p.d.f. curve is normalized using explicit choice of ranges 'fit_nll_f_gaus_bern_pred_2'
[#1] INFO:Plotting -- RooAbsPdf::plotOn(f_gaus_bern) only plotting range 'fit_nll_f_gaus_bern_pred_2'
[#1] INFO:Plotting -- RooAbsPdf::plotOn(f_gaus_bern) p.d.f. curve is normalized using explicit choice of ranges 'fit_nll_f_gaus_bern_pred_2'
[#1] INFO:Plotting -- RooAbsPdf::plotOn(f_gaus_bern) only plotting range 'fit_nll_f_gaus_bern_pred_2'
[#1] INFO:Plotting -- RooAbsPdf::plotOn(f_gaus_bern) p.d.f. curve is normalized using explicit choice of ranges 'fit_nll_f_gaus_bern_pred_2'
[#1] INFO:Plotting -- RooAbsPdf::plotOn(f_gaus_bern) only plotting range 'fit_nll_f_gaus_bern_pred_2'
[#1] INFO:Plotting -- RooAbsPdf::plotOn(f_gaus_bern) p.d.f. curve is normalized using explicit choice of ranges 'fit_nll_f_gaus_bern_pred_2'
[#1] INFO:Plotting -- RooAbsPdf::plotOn(f_gaus_bern) only plotting range 'fit_nll_f_gaus_bern_pred_2'
[#1] INFO:Plotting -- RooAbsPdf::plotOn(f_gaus_bern) p.d.f. curve is normalized using explicit choice of ranges 'fit_nll_f_gaus_bern_pred_2'
[#1] INFO:Plotting -- RooAbsPdf::plotOn(f_gaus_bern) only plotting range 'fit_nll_f_gaus_bern_pred_2'
[#1] INFO:Plotting -- RooAbsPdf::plotOn(f_gaus_bern) p.d.f. curve is normalized using explicit choice of ranges 'fit_nll_f_gaus_bern_pred_2'
[#1] INFO:Plotting -- RooAbsPdf::plotOn(f_gaus_bern) only plotting range 'fit_nll_f_gaus_bern_pred_2'
[#1] INFO:Plotting -- RooAbsPdf::plotOn(f_gaus_bern) p.d.f. curve is normalized using explicit choice of ranges 'fit_nll_f_gaus_bern_pred_2'
[#1] INFO:Plotting -- RooAbsPdf::plotOn(f_gaus_bern) only plotting range 'fit_nll_f_gaus_bern_pred_2'
[#1] INFO:Plotting -- RooAbsPdf::plotOn(f_gaus_bern) p.d.f. curve is normalized using explicit choice of ranges 'fit_nll_f_gaus_bern_pred_2'
[#1] INFO:Plotting -- RooAbsPdf::plotOn(f_gaus_bern) only plotting range 'fit_nll_f_gaus_bern_pred_2'
[#1] INFO:Plotting -- RooAbsPdf::plotOn(f_gaus_bern) p.d.f. curve is normalized using explicit choice of ranges 'fit_nll_f_gaus_bern_pred_2'
[#1] INFO:Plotting -- RooAbsPdf::plotOn(f_gaus_bern) p.d.f was fitted in range and no explicit plot,norm range was specified, using fit range as default
[#1] INFO:Plotting -- RooAbsPdf::plotOn(f_gaus_bern) only plotting range 'fit_nll_f_gaus_bern_pred_2'
[#1] INFO:Plotting -- RooAbsPdf::plotOn(f_gaus_bern) p.d.f. curve is normalized using explicit choice of ranges 'fit_nll_f_gaus_bern_pred_2'
[#1] INFO:NumericIntegration -- RooRealIntegral::init(f_gaus_exp_Int[x]) using numeric integrator RooIntegrator1D to calculate Int(x)
[#1] INFO:NumericIntegration -- RooRealIntegral::init(f_crystal_Int[x]) using numeric integrator RooIntegrator1D to calculate Int(x)
[#1] INFO:NumericIntegration -- RooRealIntegral::init(f_gaus_exp_Int[x]) using numeric integrator RooIntegrator1D to calculate Int(x)
[#1] INFO:NumericIntegration -- RooRealIntegral::init(f_gaus_exp_Int[x]) using numeric integrator RooIntegrator1D to calculate Int(x)
[#1] INFO:NumericIntegration -- RooRealIntegral::init(f_gaus_exp_Int[x]) using numeric integrator RooIntegrator1D to calculate Int(x)
[#1] INFO:NumericIntegration -- RooRealIntegral::init(f_gaus_exp_Int[x]) using numeric integrator RooIntegrator1D to calculate Int(x)
[#1] INFO:InputArguments -- RooAbsData::plotOn(pred_1) INFO: dataset has non-integer weights, auto-selecting SumW2 errors instead of Poisson errors
[#1] INFO:Plotting -- RooAbsPdf::plotOn(f_gaus_exp) p.d.f was fitted in range and no explicit plot,norm range was specified, using fit range as default
[#1] INFO:Plotting -- RooAbsPdf::plotOn(f_gaus_exp) only plotting range 'fit_nll_f_gaus_exp_pred_1'
[#1] INFO:Plotting -- RooAbsPdf::plotOn(f_gaus_exp) p.d.f. curve is normalized using explicit choice of ranges 'fit_nll_f_gaus_exp_pred_1'
[#1] INFO:Plotting -- RooAbsPdf::plotOn(f_gaus_exp) only plotting range 'fit_nll_f_gaus_exp_pred_1'
[#1] INFO:Plotting -- RooAbsPdf::plotOn(f_gaus_exp) p.d.f. curve is normalized using explicit choice of ranges 'fit_nll_f_gaus_exp_pred_1'
[#1] INFO:NumericIntegration -- RooRealIntegral::init(f_gaus_exp_Int[x]) using numeric integrator RooIntegrator1D to calculate Int(x)
[#1] INFO:NumericIntegration -- RooRealIntegral::init(f_gaus_exp_Int[x|fit_nll_f_gaus_exp_pred_1]_Norm[x]) using numeric integrator RooIntegrator1D to calculate Int(x)
[#1] INFO:Plotting -- RooAbsPdf::plotOn(f_gaus_exp) only plotting range 'fit_nll_f_gaus_exp_pred_1'
[#1] INFO:Plotting -- RooAbsPdf::plotOn(f_gaus_exp) p.d.f. curve is normalized using explicit choice of ranges 'fit_nll_f_gaus_exp_pred_1'
[#1] INFO:NumericIntegration -- RooRealIntegral::init(f_gaus_exp_Int[x]) using numeric integrator RooIntegrator1D to calculate Int(x)
[#1] INFO:NumericIntegration -- RooRealIntegral::init(f_gaus_exp_Int[x|fit_nll_f_gaus_exp_pred_1]_Norm[x]) using numeric integrator RooIntegrator1D to calculate Int(x)
[#1] INFO:Plotting -- RooAbsPdf::plotOn(f_gaus_exp) only plotting range 'fit_nll_f_gaus_exp_pred_1'
[#1] INFO:Plotting -- RooAbsPdf::plotOn(f_gaus_exp) p.d.f. curve is normalized using explicit choice of ranges 'fit_nll_f_gaus_exp_pred_1'
[#1] INFO:NumericIntegration -- RooRealIntegral::init(f_gaus_exp_Int[x]) using numeric integrator RooIntegrator1D to calculate Int(x)
[#1] INFO:NumericIntegration -- RooRealIntegral::init(f_gaus_exp_Int[x|fit_nll_f_gaus_exp_pred_1]_Norm[x]) using numeric integrator RooIntegrator1D to calculate Int(x)
[#1] INFO:Plotting -- RooAbsPdf::plotOn(f_gaus_exp) only plotting range 'fit_nll_f_gaus_exp_pred_1'
[#1] INFO:Plotting -- RooAbsPdf::plotOn(f_gaus_exp) p.d.f. curve is normalized using explicit choice of ranges 'fit_nll_f_gaus_exp_pred_1'
[#1] INFO:NumericIntegration -- RooRealIntegral::init(f_gaus_exp_Int[x]) using numeric integrator RooIntegrator1D to calculate Int(x)
[#1] INFO:NumericIntegration -- RooRealIntegral::init(f_gaus_exp_Int[x|fit_nll_f_gaus_exp_pred_1]_Norm[x]) using numeric integrator RooIntegrator1D to calculate Int(x)
[#1] INFO:Plotting -- RooAbsPdf::plotOn(f_gaus_exp) only plotting range 'fit_nll_f_gaus_exp_pred_1'
[#1] INFO:Plotting -- RooAbsPdf::plotOn(f_gaus_exp) p.d.f. curve is normalized using explicit choice of ranges 'fit_nll_f_gaus_exp_pred_1'
[#1] INFO:NumericIntegration -- RooRealIntegral::init(f_gaus_exp_Int[x]) using numeric integrator RooIntegrator1D to calculate Int(x)
[#1] INFO:NumericIntegration -- RooRealIntegral::init(f_gaus_exp_Int[x|fit_nll_f_gaus_exp_pred_1]_Norm[x]) using numeric integrator RooIntegrator1D to calculate Int(x)
[#1] INFO:Plotting -- RooAbsPdf::plotOn(f_gaus_exp) only plotting range 'fit_nll_f_gaus_exp_pred_1'
[#1] INFO:Plotting -- RooAbsPdf::plotOn(f_gaus_exp) p.d.f. curve is normalized using explicit choice of ranges 'fit_nll_f_gaus_exp_pred_1'
[#1] INFO:NumericIntegration -- RooRealIntegral::init(f_gaus_exp_Int[x]) using numeric integrator RooIntegrator1D to calculate Int(x)
[#1] INFO:NumericIntegration -- RooRealIntegral::init(f_gaus_exp_Int[x|fit_nll_f_gaus_exp_pred_1]_Norm[x]) using numeric integrator RooIntegrator1D to calculate Int(x)
[#1] INFO:Plotting -- RooAbsPdf::plotOn(f_gaus_exp) only plotting range 'fit_nll_f_gaus_exp_pred_1'
[#1] INFO:Plotting -- RooAbsPdf::plotOn(f_gaus_exp) p.d.f. curve is normalized using explicit choice of ranges 'fit_nll_f_gaus_exp_pred_1'
[#1] INFO:NumericIntegration -- RooRealIntegral::init(f_gaus_exp_Int[x]) using numeric integrator RooIntegrator1D to calculate Int(x)
[#1] INFO:NumericIntegration -- RooRealIntegral::init(f_gaus_exp_Int[x|fit_nll_f_gaus_exp_pred_1]_Norm[x]) using numeric integrator RooIntegrator1D to calculate Int(x)
[#1] INFO:Plotting -- RooAbsPdf::plotOn(f_crystal) p.d.f was fitted in range and no explicit plot,norm range was specified, using fit range as default
[#1] INFO:Plotting -- RooAbsPdf::plotOn(f_crystal) only plotting range 'fit_nll_f_crystal_pred_1'
[#1] INFO:Plotting -- RooAbsPdf::plotOn(f_crystal) p.d.f. curve is normalized using explicit choice of ranges 'fit_nll_f_crystal_pred_1'
[#1] INFO:Plotting -- RooAbsPdf::plotOn(f_crystal) only plotting range 'fit_nll_f_crystal_pred_1'
[#1] INFO:Plotting -- RooAbsPdf::plotOn(f_crystal) p.d.f. curve is normalized using explicit choice of ranges 'fit_nll_f_crystal_pred_1'
[#1] INFO:NumericIntegration -- RooRealIntegral::init(f_crystal_Int[x]) using numeric integrator RooIntegrator1D to calculate Int(x)
[#1] INFO:NumericIntegration -- RooRealIntegral::init(f_crystal_Int[x|fit_nll_f_crystal_pred_1]_Norm[x]) using numeric integrator RooIntegrator1D to calculate Int(x)
[#1] INFO:Plotting -- RooAbsPdf::plotOn(f_crystal) only plotting range 'fit_nll_f_crystal_pred_1'
[#1] INFO:Plotting -- RooAbsPdf::plotOn(f_crystal) p.d.f. curve is normalized using explicit choice of ranges 'fit_nll_f_crystal_pred_1'
[#1] INFO:NumericIntegration -- RooRealIntegral::init(f_crystal_Int[x]) using numeric integrator RooIntegrator1D to calculate Int(x)
[#1] INFO:NumericIntegration -- RooRealIntegral::init(f_crystal_Int[x|fit_nll_f_crystal_pred_1]_Norm[x]) using numeric integrator RooIntegrator1D to calculate Int(x)
[#1] INFO:Plotting -- RooAbsPdf::plotOn(f_crystal) only plotting range 'fit_nll_f_crystal_pred_1'
[#1] INFO:Plotting -- RooAbsPdf::plotOn(f_crystal) p.d.f. curve is normalized using explicit choice of ranges 'fit_nll_f_crystal_pred_1'
[#1] INFO:NumericIntegration -- RooRealIntegral::init(f_crystal_Int[x]) using numeric integrator RooIntegrator1D to calculate Int(x)
[#1] INFO:NumericIntegration -- RooRealIntegral::init(f_crystal_Int[x|fit_nll_f_crystal_pred_1]_Norm[x]) using numeric integrator RooIntegrator1D to calculate Int(x)
[#1] INFO:Plotting -- RooAbsPdf::plotOn(f_crystal) only plotting range 'fit_nll_f_crystal_pred_1'
[#1] INFO:Plotting -- RooAbsPdf::plotOn(f_crystal) p.d.f. curve is normalized using explicit choice of ranges 'fit_nll_f_crystal_pred_1'
[#1] INFO:NumericIntegration -- RooRealIntegral::init(f_crystal_Int[x]) using numeric integrator RooIntegrator1D to calculate Int(x)
[#1] INFO:NumericIntegration -- RooRealIntegral::init(f_crystal_Int[x|fit_nll_f_crystal_pred_1]_Norm[x]) using numeric integrator RooIntegrator1D to calculate Int(x)
[#1] INFO:Plotting -- RooAbsPdf::plotOn(f_crystal) only plotting range 'fit_nll_f_crystal_pred_1'
[#1] INFO:Plotting -- RooAbsPdf::plotOn(f_crystal) p.d.f. curve is normalized using explicit choice of ranges 'fit_nll_f_crystal_pred_1'
[#1] INFO:NumericIntegration -- RooRealIntegral::init(f_crystal_Int[x]) using numeric integrator RooIntegrator1D to calculate Int(x)
[#1] INFO:NumericIntegration -- RooRealIntegral::init(f_crystal_Int[x|fit_nll_f_crystal_pred_1]_Norm[x]) using numeric integrator RooIntegrator1D to calculate Int(x)
[#1] INFO:Plotting -- RooAbsPdf::plotOn(f_crystal) only plotting range 'fit_nll_f_crystal_pred_1'
[#1] INFO:Plotting -- RooAbsPdf::plotOn(f_crystal) p.d.f. curve is normalized using explicit choice of ranges 'fit_nll_f_crystal_pred_1'
[#1] INFO:NumericIntegration -- RooRealIntegral::init(f_crystal_Int[x]) using numeric integrator RooIntegrator1D to calculate Int(x)
[#1] INFO:NumericIntegration -- RooRealIntegral::init(f_crystal_Int[x|fit_nll_f_crystal_pred_1]_Norm[x]) using numeric integrator RooIntegrator1D to calculate Int(x)
[#1] INFO:Plotting -- RooAbsPdf::plotOn(f_crystal) only plotting range 'fit_nll_f_crystal_pred_1'
[#1] INFO:Plotting -- RooAbsPdf::plotOn(f_crystal) p.d.f. curve is normalized using explicit choice of ranges 'fit_nll_f_crystal_pred_1'
[#1] INFO:NumericIntegration -- RooRealIntegral::init(f_crystal_Int[x]) using numeric integrator RooIntegrator1D to calculate Int(x)
[#1] INFO:NumericIntegration -- RooRealIntegral::init(f_crystal_Int[x|fit_nll_f_crystal_pred_1]_Norm[x]) using numeric integrator RooIntegrator1D to calculate Int(x)
[#1] INFO:Plotting -- RooAbsPdf::plotOn(f_crystal) only plotting range 'fit_nll_f_crystal_pred_1'
[#1] INFO:Plotting -- RooAbsPdf::plotOn(f_crystal) p.d.f. curve is normalized using explicit choice of ranges 'fit_nll_f_crystal_pred_1'
[#1] INFO:NumericIntegration -- RooRealIntegral::init(f_crystal_Int[x]) using numeric integrator RooIntegrator1D to calculate Int(x)
[#1] INFO:NumericIntegration -- RooRealIntegral::init(f_crystal_Int[x|fit_nll_f_crystal_pred_1]_Norm[x]) using numeric integrator RooIntegrator1D to calculate Int(x)
[#1] INFO:Plotting -- RooAbsPdf::plotOn(f_crystal) only plotting range 'fit_nll_f_crystal_pred_1'
[#1] INFO:Plotting -- RooAbsPdf::plotOn(f_crystal) p.d.f. curve is normalized using explicit choice of ranges 'fit_nll_f_crystal_pred_1'
[#1] INFO:NumericIntegration -- RooRealIntegral::init(f_crystal_Int[x]) using numeric integrator RooIntegrator1D to calculate Int(x)
[#1] INFO:NumericIntegration -- RooRealIntegral::init(f_crystal_Int[x|fit_nll_f_crystal_pred_1]_Norm[x]) using numeric integrator RooIntegrator1D to calculate Int(x)
[#1] INFO:Plotting -- RooAbsPdf::plotOn(f_gaus_exp) p.d.f was fitted in range and no explicit plot,norm range was specified, using fit range as default
[#1] INFO:Plotting -- RooAbsPdf::plotOn(f_gaus_exp) only plotting range 'fit_nll_f_gaus_exp_pred_1'
[#1] INFO:Plotting -- RooAbsPdf::plotOn(f_gaus_exp) p.d.f. curve is normalized using explicit choice of ranges 'fit_nll_f_gaus_exp_pred_1'
[#1] INFO:NumericIntegration -- RooRealIntegral::init(f_gaus_exp_Int[x]) using numeric integrator RooIntegrator1D to calculate Int(x)
[#1] INFO:NumericIntegration -- RooRealIntegral::init(f_gaus_exp_Int[x|fit_nll_f_gaus_exp_pred_1]_Norm[x]) using numeric integrator RooIntegrator1D to calculate Int(x)
[#1] INFO:Plotting -- RooAbsPdf::plotOn(f_crystal) p.d.f was fitted in range and no explicit plot,norm range was specified, using fit range as default
[#1] INFO:Plotting -- RooAbsPdf::plotOn(f_crystal) only plotting range 'fit_nll_f_crystal_pred_1'
[#1] INFO:Plotting -- RooAbsPdf::plotOn(f_crystal) p.d.f. curve is normalized using explicit choice of ranges 'fit_nll_f_crystal_pred_1'
[#1] INFO:NumericIntegration -- RooRealIntegral::init(f_crystal_Int[x]) using numeric integrator RooIntegrator1D to calculate Int(x)
[#1] INFO:NumericIntegration -- RooRealIntegral::init(f_crystal_Int[x|fit_nll_f_crystal_pred_1]_Norm[x]) using numeric integrator RooIntegrator1D to calculate Int(x)
35.9 fb^{-1} (13 TeV)
[#1] INFO:InputArguments -- RooAbsData::plotOn(pred_2) INFO: dataset has non-integer weights, auto-selecting SumW2 errors instead of Poisson errors
[#1] INFO:Plotting -- RooAbsPdf::plotOn(f_novo) p.d.f was fitted in range and no explicit plot,norm range was specified, using fit range as default
[#1] INFO:Plotting -- RooAbsPdf::plotOn(f_novo) only plotting range 'fit_nll_f_novo_pred_2'
[#1] INFO:Plotting -- RooAbsPdf::plotOn(f_novo) p.d.f. curve is normalized using explicit choice of ranges 'fit_nll_f_novo_pred_2'
[#1] INFO:Plotting -- RooAbsPdf::plotOn(f_novo) only plotting range 'fit_nll_f_novo_pred_2'
[#1] INFO:Plotting -- RooAbsPdf::plotOn(f_novo) p.d.f. curve is normalized using explicit choice of ranges 'fit_nll_f_novo_pred_2'
[#1] INFO:Plotting -- RooAbsPdf::plotOn(f_novo) only plotting range 'fit_nll_f_novo_pred_2'
[#1] INFO:Plotting -- RooAbsPdf::plotOn(f_novo) p.d.f. curve is normalized using explicit choice of ranges 'fit_nll_f_novo_pred_2'
[#1] INFO:Plotting -- RooAbsPdf::plotOn(f_novo) only plotting range 'fit_nll_f_novo_pred_2'
[#1] INFO:Plotting -- RooAbsPdf::plotOn(f_novo) p.d.f. curve is normalized using explicit choice of ranges 'fit_nll_f_novo_pred_2'
[#1] INFO:Plotting -- RooAbsPdf::plotOn(f_novo) only plotting range 'fit_nll_f_novo_pred_2'
[#1] INFO:Plotting -- RooAbsPdf::plotOn(f_novo) p.d.f. curve is normalized using explicit choice of ranges 'fit_nll_f_novo_pred_2'
[#1] INFO:Plotting -- RooAbsPdf::plotOn(f_novo) only plotting range 'fit_nll_f_novo_pred_2'
[#1] INFO:Plotting -- RooAbsPdf::plotOn(f_novo) p.d.f. curve is normalized using explicit choice of ranges 'fit_nll_f_novo_pred_2'
[#1] INFO:Plotting -- RooAbsPdf::plotOn(f_novo) only plotting range 'fit_nll_f_novo_pred_2'
[#1] INFO:Plotting -- RooAbsPdf::plotOn(f_novo) p.d.f. curve is normalized using explicit choice of ranges 'fit_nll_f_novo_pred_2'
[#1] INFO:Plotting -- RooAbsPdf::plotOn(f_novo) only plotting range 'fit_nll_f_novo_pred_2'
[#1] INFO:Plotting -- RooAbsPdf::plotOn(f_novo) p.d.f. curve is normalized using explicit choice of ranges 'fit_nll_f_novo_pred_2'
[#1] INFO:Plotting -- RooAbsPdf::plotOn(f_crystal_1) p.d.f was fitted in range and no explicit plot,norm range was specified, using fit range as default
[#1] INFO:Plotting -- RooAbsPdf::plotOn(f_crystal_1) only plotting range 'fit_nll_f_crystal_1_pred_2'
[#1] INFO:Plotting -- RooAbsPdf::plotOn(f_crystal_1) p.d.f. curve is normalized using explicit choice of ranges 'fit_nll_f_crystal_1_pred_2'
[#1] INFO:Plotting -- RooAbsPdf::plotOn(f_crystal_1) only plotting range 'fit_nll_f_crystal_1_pred_2'
[#1] INFO:Plotting -- RooAbsPdf::plotOn(f_crystal_1) p.d.f. curve is normalized using explicit choice of ranges 'fit_nll_f_crystal_1_pred_2'
[#1] INFO:NumericIntegration -- RooRealIntegral::init(f_crystal_1_Int[x]) using numeric integrator RooIntegrator1D to calculate Int(x)
[#1] INFO:NumericIntegration -- RooRealIntegral::init(f_crystal_1_Int[x|fit_nll_f_crystal_1_pred_2]_Norm[x]) using numeric integrator RooIntegrator1D to calculate Int(x)
[#1] INFO:Plotting -- RooAbsPdf::plotOn(f_crystal_1) only plotting range 'fit_nll_f_crystal_1_pred_2'
[#1] INFO:Plotting -- RooAbsPdf::plotOn(f_crystal_1) p.d.f. curve is normalized using explicit choice of ranges 'fit_nll_f_crystal_1_pred_2'
[#1] INFO:NumericIntegration -- RooRealIntegral::init(f_crystal_1_Int[x]) using numeric integrator RooIntegrator1D to calculate Int(x)
[#1] INFO:NumericIntegration -- RooRealIntegral::init(f_crystal_1_Int[x|fit_nll_f_crystal_1_pred_2]_Norm[x]) using numeric integrator RooIntegrator1D to calculate Int(x)
[#1] INFO:Plotting -- RooAbsPdf::plotOn(f_crystal_1) only plotting range 'fit_nll_f_crystal_1_pred_2'
[#1] INFO:Plotting -- RooAbsPdf::plotOn(f_crystal_1) p.d.f. curve is normalized using explicit choice of ranges 'fit_nll_f_crystal_1_pred_2'
[#1] INFO:NumericIntegration -- RooRealIntegral::init(f_crystal_1_Int[x]) using numeric integrator RooIntegrator1D to calculate Int(x)
[#1] INFO:NumericIntegration -- RooRealIntegral::init(f_crystal_1_Int[x|fit_nll_f_crystal_1_pred_2]_Norm[x]) using numeric integrator RooIntegrator1D to calculate Int(x)
[#1] INFO:Plotting -- RooAbsPdf::plotOn(f_crystal_1) only plotting range 'fit_nll_f_crystal_1_pred_2'
[#1] INFO:Plotting -- RooAbsPdf::plotOn(f_crystal_1) p.d.f. curve is normalized using explicit choice of ranges 'fit_nll_f_crystal_1_pred_2'
[#1] INFO:NumericIntegration -- RooRealIntegral::init(f_crystal_1_Int[x]) using numeric integrator RooIntegrator1D to calculate Int(x)
[#1] INFO:NumericIntegration -- RooRealIntegral::init(f_crystal_1_Int[x|fit_nll_f_crystal_1_pred_2]_Norm[x]) using numeric integrator RooIntegrator1D to calculate Int(x)
[#1] INFO:Plotting -- RooAbsPdf::plotOn(f_crystal_1) only plotting range 'fit_nll_f_crystal_1_pred_2'
[#1] INFO:Plotting -- RooAbsPdf::plotOn(f_crystal_1) p.d.f. curve is normalized using explicit choice of ranges 'fit_nll_f_crystal_1_pred_2'
[#1] INFO:NumericIntegration -- RooRealIntegral::init(f_crystal_1_Int[x]) using numeric integrator RooIntegrator1D to calculate Int(x)
[#1] INFO:NumericIntegration -- RooRealIntegral::init(f_crystal_1_Int[x|fit_nll_f_crystal_1_pred_2]_Norm[x]) using numeric integrator RooIntegrator1D to calculate Int(x)
[#1] INFO:Plotting -- RooAbsPdf::plotOn(f_crystal_1) only plotting range 'fit_nll_f_crystal_1_pred_2'
[#1] INFO:Plotting -- RooAbsPdf::plotOn(f_crystal_1) p.d.f. curve is normalized using explicit choice of ranges 'fit_nll_f_crystal_1_pred_2'
[#1] INFO:NumericIntegration -- RooRealIntegral::init(f_crystal_1_Int[x]) using numeric integrator RooIntegrator1D to calculate Int(x)
[#1] INFO:NumericIntegration -- RooRealIntegral::init(f_crystal_1_Int[x|fit_nll_f_crystal_1_pred_2]_Norm[x]) using numeric integrator RooIntegrator1D to calculate Int(x)
[#1] INFO:Plotting -- RooAbsPdf::plotOn(f_crystal_1) only plotting range 'fit_nll_f_crystal_1_pred_2'
[#1] INFO:Plotting -- RooAbsPdf::plotOn(f_crystal_1) p.d.f. curve is normalized using explicit choice of ranges 'fit_nll_f_crystal_1_pred_2'
[#1] INFO:NumericIntegration -- RooRealIntegral::init(f_crystal_1_Int[x]) using numeric integrator RooIntegrator1D to calculate Int(x)
[#1] INFO:NumericIntegration -- RooRealIntegral::init(f_crystal_1_Int[x|fit_nll_f_crystal_1_pred_2]_Norm[x]) using numeric integrator RooIntegrator1D to calculate Int(x)
[#1] INFO:Plotting -- RooAbsPdf::plotOn(f_crystal_1) only plotting range 'fit_nll_f_crystal_1_pred_2'
[#1] INFO:Plotting -- RooAbsPdf::plotOn(f_crystal_1) p.d.f. curve is normalized using explicit choice of ranges 'fit_nll_f_crystal_1_pred_2'
[#1] INFO:NumericIntegration -- RooRealIntegral::init(f_crystal_1_Int[x]) using numeric integrator RooIntegrator1D to calculate Int(x)
[#1] INFO:NumericIntegration -- RooRealIntegral::init(f_crystal_1_Int[x|fit_nll_f_crystal_1_pred_2]_Norm[x]) using numeric integrator RooIntegrator1D to calculate Int(x)
[#1] INFO:Plotting -- RooAbsPdf::plotOn(f_crystal_1) only plotting range 'fit_nll_f_crystal_1_pred_2'
[#1] INFO:Plotting -- RooAbsPdf::plotOn(f_crystal_1) p.d.f. curve is normalized using explicit choice of ranges 'fit_nll_f_crystal_1_pred_2'
[#1] INFO:NumericIntegration -- RooRealIntegral::init(f_crystal_1_Int[x]) using numeric integrator RooIntegrator1D to calculate Int(x)
[#1] INFO:NumericIntegration -- RooRealIntegral::init(f_crystal_1_Int[x|fit_nll_f_crystal_1_pred_2]_Norm[x]) using numeric integrator RooIntegrator1D to calculate Int(x)
[#1] INFO:Plotting -- RooAbsPdf::plotOn(f_novo) p.d.f was fitted in range and no explicit plot,norm range was specified, using fit range as default
[#1] INFO:Plotting -- RooAbsPdf::plotOn(f_novo) only plotting range 'fit_nll_f_novo_pred_2'
[#1] INFO:Plotting -- RooAbsPdf::plotOn(f_novo) p.d.f. curve is normalized using explicit choice of ranges 'fit_nll_f_novo_pred_2'
[#1] INFO:Plotting -- RooAbsPdf::plotOn(f_crystal_1) p.d.f was fitted in range and no explicit plot,norm range was specified, using fit range as default
[#1] INFO:Plotting -- RooAbsPdf::plotOn(f_crystal_1) only plotting range 'fit_nll_f_crystal_1_pred_2'
[#1] INFO:Plotting -- RooAbsPdf::plotOn(f_crystal_1) p.d.f. curve is normalized using explicit choice of ranges 'fit_nll_f_crystal_1_pred_2'
[#1] INFO:NumericIntegration -- RooRealIntegral::init(f_crystal_1_Int[x]) using numeric integrator RooIntegrator1D to calculate Int(x)
[#1] INFO:NumericIntegration -- RooRealIntegral::init(f_crystal_1_Int[x|fit_nll_f_crystal_1_pred_2]_Norm[x]) using numeric integrator RooIntegrator1D to calculate Int(x)
35.9 fb^{-1} (13 TeV)
[#1] INFO:DataHandling -- RooDataHist::adjustBinning(data_obs_crystal_252_330): fit range of variable x expanded to nearest bin boundaries: [252,330] --> [252,330]
[#1] INFO:DataHandling -- RooDataHist::adjustBinning(data_obs_gaus_exp_252_330): fit range of variable x expanded to nearest bin boundaries: [252,330] --> [252,330]
[#1] INFO:DataHandling -- RooDataHist::adjustBinning(data_obs_novo_252_330): fit range of variable x expanded to nearest bin boundaries: [252,330] --> [252,330]
[#1] INFO:DataHandling -- RooDataHist::adjustBinning(data_obs_crystal_1_252_330): fit range of variable x expanded to nearest bin boundaries: [252,330] --> [252,330]
[#1] INFO:DataHandling -- RooDataHist::adjustBinning(data_obs_gaus_bern_252_330): fit range of variable x expanded to nearest bin boundaries: [252,330] --> [252,330]
[#1] INFO:ObjectHandling -- RooWorkspace::import(HbbHbb) importing dataset data_obs_crystal_252_330
[#1] INFO:ObjectHandling -- RooWorkspace::import(HbbHbb) importing RooRealVar::x
[#1] INFO:ObjectHandling -- RooWorkspace::import(HbbHbb) importing RevCrystalBall::f_crystal
[#1] INFO:ObjectHandling -- RooWorkspace::import(HbbHbb) importing RooRealVar::par_crystal_0
[#1] INFO:ObjectHandling -- RooWorkspace::import(HbbHbb) importing RooRealVar::par_crystal_1
[#1] INFO:ObjectHandling -- RooWorkspace::import(HbbHbb) importing RooRealVar::par_crystal_2
[#1] INFO:ObjectHandling -- RooWorkspace::import(HbbHbb) importing RooRealVar::par_crystal_3
[#1] INFO:ObjectHandling -- RooWorkspace::import(HbbHbb) importing dataset data_obs_gaus_exp_252_330
[#1] INFO:ObjectHandling -- RooWorkspace::import(HbbHbb) importing RooRealVar::x
[#1] INFO:ObjectHandling -- RooWorkspace::import(HbbHbb) importing GaussExp::f_gaus_exp
[#1] INFO:ObjectHandling -- RooWorkspace::import(HbbHbb) importing RooRealVar::par_gaus_exp_0
[#1] INFO:ObjectHandling -- RooWorkspace::import(HbbHbb) importing RooRealVar::par_gaus_exp_1
[#1] INFO:ObjectHandling -- RooWorkspace::import(HbbHbb) importing RooRealVar::par_gaus_exp_2
[#1] INFO:ObjectHandling -- RooWorkspace::import(HbbHbb) importing dataset data_obs_novo_252_330
[#1] INFO:ObjectHandling -- RooWorkspace::import(HbbHbb) importing RooRealVar::x
[#1] INFO:ObjectHandling -- RooWorkspace::import(HbbHbb) importing RooNovosibirsk::f_novo
[#1] INFO:ObjectHandling -- RooWorkspace::import(HbbHbb) importing RooRealVar::par_novo_1
[#1] INFO:ObjectHandling -- RooWorkspace::import(HbbHbb) importing RooRealVar::par_novo_0
[#1] INFO:ObjectHandling -- RooWorkspace::import(HbbHbb) importing RooRealVar::par_novo_2
[#1] INFO:ObjectHandling -- RooWorkspace::import(HbbHbb) importing dataset data_obs_crystal_1_252_330
[#1] INFO:ObjectHandling -- RooWorkspace::import(HbbHbb) importing RooRealVar::x
[#1] INFO:ObjectHandling -- RooWorkspace::import(HbbHbb) importing RevCrystalBall::f_crystal_1
[#1] INFO:ObjectHandling -- RooWorkspace::import(HbbHbb) importing RooRealVar::par_crystal_1_0
[#1] INFO:ObjectHandling -- RooWorkspace::import(HbbHbb) importing RooRealVar::par_crystal_1_1
[#1] INFO:ObjectHandling -- RooWorkspace::import(HbbHbb) importing RooRealVar::par_crystal_1_2
[#1] INFO:ObjectHandling -- RooWorkspace::import(HbbHbb) importing RooRealVar::par_crystal_1_3
[#1] INFO:ObjectHandling -- RooWorkspace::import(HbbHbb) importing dataset data_obs_gaus_bern_252_330
[#1] INFO:ObjectHandling -- RooWorkspace::import(HbbHbb) importing RooRealVar::x
[#1] INFO:ObjectHandling -- RooWorkspace::import(HbbHbb) importing RooGaussStepBernstein::f_gaus_bern
[#1] INFO:ObjectHandling -- RooWorkspace::import(HbbHbb) importing RooRealVar::par_gaus_bern_0
[#1] INFO:ObjectHandling -- RooWorkspace::import(HbbHbb) importing RooRealVar::par_gaus_bern_1
[#1] INFO:ObjectHandling -- RooWorkspace::import(HbbHbb) importing RooRealVar::par_gaus_bern_2
[#1] INFO:ObjectHandling -- RooWorkspace::import(HbbHbb) importing RooRealVar::par_gaus_bern_3
[#1] INFO:ObjectHandling -- RooWorkspace::import(HbbHbb) importing RooRealVar::par_gaus_bern_4
[#1] INFO:ObjectHandling -- RooWorkspace::import(HbbHbb) importing RooRealVar::par_gaus_bern_5
[#1] INFO:ObjectHandling -- RooWorkspace::import(HbbHbb) importing RooRealVar::par_gaus_bern_6
 === RooFit data fit result to be entered in datacard === 
 Background number of crystal_252_330 = 14730.2
 Background number of gaus_exp_252_330 = 14730.2
 Background number of novo_252_330 = 14730.2
 Background number of crystal_1_252_330 = 14730.2
 Background number of gaus_bern_252_330 = 14730.2
par_crystal_0   param   0.224234 0.000173339
par_crystal_1   param   4.75739 2.56431
par_crystal_2   param   268.971 0.00726726
par_crystal_3   param   15.7687 0.003036
par_crystal_1_0   param   0.224234 0.000173339
par_crystal_1_1   param   4.75739 2.56431
par_crystal_1_2   param   268.971 0.00726726
par_crystal_1_3   param   15.7687 0.003036
par_gaus_exp_0   param   268.995 0.6082
par_gaus_exp_1   param   15.9003 0.964021
par_gaus_exp_2   param   0.211417 0.015465
par_novo_0   param   266.934 0.947954
par_novo_1   param   30.857 0.874485
par_novo_2   param   -1.60914 0.204067
[#1] INFO:ObjectHandling -- RooWorkspace::import(HbbHbb) importing RooSpline1D::spline_SR_AntiTag
[#1] INFO:ObjectHandling -- RooWorkspace::import(HbbHbb) importing RooRealVar::x
[#1] INFO:ObjectHandling -- RooWorkspace::import(HbbHbb) importing RooSpline1D::spline_SB_AntiTag
[#1] INFO:ObjectHandling -- RooWorkspace::import(HbbHbb) importing RooSpline1D::spline_SB
