>>> including systematics
>>> method used to compute upper limit is Asymptotic
>>> random number generator seed is 123456
[?1034hComputing limit starting from observation
Will compute both limit(s) using minimizer Minuit2 with strategy 0 and tolerance 0.01
Constraints of type RooGaussian: 4
Constraints of type SimpleGaussianConstraint: 6
Median for expected limits: 0.166504
Sigma  for expected limits: 0.0849525
Constraints of type RooGaussian: 4
Constraints of type SimpleGaussianConstraint: 6
Constraints of type RooGaussian: 4
Constraints of type SimpleGaussianConstraint: 6
Restricting r to positive values.

Make global fit of real data
NLL at global minimum of data: -229.835 (r = 7.13638e-06)

Make global fit of asimov data
NLL at global minimum of asimov: -230.895 (r = 7.80281e-07)
At r = 1.200007:	q_mu = 88.89151	q_A  = 84.25707	CLsb = 0.00000	CLb  = 0.40035	CLs  = 0.00000
At r = 0.600007:	q_mu = 37.17670	q_A  = 33.89531	CLsb = 0.00000	CLb  = 0.38904	CLs  = 0.00000
At r = 0.300007:	q_mu = 13.20563	q_A  = 11.15823	CLsb = 0.00013	CLb  = 0.37963	CLs  = 0.00035
At r = 0.150007:	q_mu = 4.29866	q_A  = 3.16195	CLsb = 0.01796	CLb  = 0.37463	CLs  = 0.04794
At r = 0.075007:	q_mu = 1.42799	q_A  = 0.83716	CLsb = 0.10789	CLb  = 0.37340	CLs  = 0.28894
At r = 0.112507:	q_mu = 2.69999	q_A  = 1.82923	CLsb = 0.04703	CLb  = 0.37376	CLs  = 0.12582
At r = 0.141201:	q_mu = 3.89591	q_A  = 2.82032	CLsb = 0.02277	CLb  = 0.37439	CLs  = 0.06082
At r = 0.147002:	q_mu = 4.15951	q_A  = 3.04356	CLsb = 0.01949	CLb  = 0.37455	CLs  = 0.05203
At r = 0.148774:	q_mu = 4.24145	q_A  = 3.11325	CLsb = 0.01857	CLb  = 0.37460	CLs  = 0.04958
At r = 0.148173:	q_mu = 4.21359	q_A  = 3.08954	CLsb = 0.01888	CLb  = 0.37458	CLs  = 0.05040
At r = 0.148528:	q_mu = 4.23003	q_A  = 3.10353	CLsb = 0.01870	CLb  = 0.37459	CLs  = 0.04992

 -- Asymptotic -- 
Observed Limit: r < 0.1485
Expected  2.5%: r < 0.0875
Expected 16.0%: r < 0.1180
Expected 50.0%: r < 0.1665
Expected 84.0%: r < 0.2375
Expected 97.5%: r < 0.3289

Done in 0.01 min (cpu), 0.01 min (real)
