>>> including systematics
>>> method used to compute upper limit is Asymptotic
>>> random number generator seed is 123456
[?1034hComputing limit starting from observation
Will compute both limit(s) using minimizer Minuit2 with strategy 0 and tolerance 0.01
Constraints of type RooGaussian: 4
Constraints of type SimpleGaussianConstraint: 6
Median for expected limits: 0.0844727
Sigma  for expected limits: 0.0430991
Constraints of type RooGaussian: 4
Constraints of type SimpleGaussianConstraint: 6
Constraints of type RooGaussian: 4
Constraints of type SimpleGaussianConstraint: 6
Restricting r to positive values.

Make global fit of real data
NLL at global minimum of data: -780.666 (r = 2.14148e-09)

Make global fit of asimov data
NLL at global minimum of asimov: -746.405 (r = 6.79258e-07)
At r = 1.200000:	q_mu = 221.74151	q_A  = 194.33617	CLsb = 0.00000	CLb  = 0.16282	CLs  = 0.00000
At r = 0.600000:	q_mu = 111.14513	q_A  = 90.24002	CLsb = 0.00000	CLb  = 0.13559	CLs  = 0.00000
At r = 0.300000:	q_mu = 49.09921	q_A  = 34.66537	CLsb = 0.00000	CLb  = 0.11015	CLs  = 0.00000
At r = 0.150000:	q_mu = 19.76270	q_A  = 10.97084	CLsb = 0.00000	CLb  = 0.09222	CLs  = 0.00002
At r = 0.075000:	q_mu = 7.86597	q_A  = 3.04482	CLsb = 0.00088	CLb  = 0.08357	CLs  = 0.01059
At r = 0.037500:	q_mu = 3.30008	q_A  = 0.80049	CLsb = 0.01096	CLb  = 0.08122	CLs  = 0.13499
At r = 0.056250:	q_mu = 5.44094	q_A  = 1.75442	CLsb = 0.00330	CLb  = 0.08202	CLs  = 0.04026
At r = 0.049814:	q_mu = 4.67251	q_A  = 1.38781	CLsb = 0.00505	CLb  = 0.08164	CLs  = 0.06189
At r = 0.053656:	q_mu = 5.12711	q_A  = 1.60179	CLsb = 0.00393	CLb  = 0.08185	CLs  = 0.04797
At r = 0.052388:	q_mu = 4.97563	q_A  = 1.52952	CLsb = 0.00427	CLb  = 0.08178	CLs  = 0.05221
At r = 0.052906:	q_mu = 5.03735	q_A  = 1.55886	CLsb = 0.00413	CLb  = 0.08181	CLs  = 0.05044
At r = 0.053160:	q_mu = 5.06774	q_A  = 1.57335	CLsb = 0.00406	CLb  = 0.08182	CLs  = 0.04959

 -- Asymptotic -- 
Observed Limit: r < 0.0532
Expected  2.5%: r < 0.0445
Expected 16.0%: r < 0.0605
Expected 50.0%: r < 0.0845
Expected 84.0%: r < 0.1205
Expected 97.5%: r < 0.1658

Done in 0.01 min (cpu), 0.01 min (real)
