>>> including systematics
>>> method used to compute upper limit is Asymptotic
>>> random number generator seed is 123456
[?1034hComputing limit starting from observation
Will compute both limit(s) using minimizer Minuit2 with strategy 0 and tolerance 0.01
Constraints of type RooGaussian: 4
Constraints of type SimpleGaussianConstraint: 6
Median for expected limits: 0.941406
Sigma  for expected limits: 0.480318
Constraints of type RooGaussian: 4
Constraints of type SimpleGaussianConstraint: 6
Constraints of type RooGaussian: 4
Constraints of type SimpleGaussianConstraint: 6
Restricting r to positive values.

Make global fit of real data
NLL at global minimum of data: -3.98144 (r = 1.01987e-07)

Make global fit of asimov data
NLL at global minimum of asimov: -11.5356 (r = 1.63924e-06)
At r = 3.815762:	q_mu = 40.41295	q_A  = 39.63963	CLsb = 0.00000	CLb  = 0.47551	CLs  = 0.00000
At r = 1.907881:	q_mu = 13.92126	q_A  = 13.44666	CLsb = 0.00010	CLb  = 0.47420	CLs  = 0.00020
At r = 0.953940:	q_mu = 4.21011	q_A  = 3.94994	CLsb = 0.02004	CLb  = 0.47391	CLs  = 0.04229
At r = 0.476970:	q_mu = 1.24105	q_A  = 1.10706	CLsb = 0.13224	CLb  = 0.47461	CLs  = 0.27864
At r = 0.715455:	q_mu = 2.52945	q_A  = 2.33101	CLsb = 0.05572	CLb  = 0.47409	CLs  = 0.11753
At r = 0.874982:	q_mu = 3.61309	q_A  = 3.37302	CLsb = 0.02859	CLb  = 0.47394	CLs  = 0.06032
At r = 0.908362:	q_mu = 3.86076	q_A  = 3.61215	CLsb = 0.02465	CLb  = 0.47393	CLs  = 0.05201
At r = 0.924435:	q_mu = 3.98250	q_A  = 3.72980	CLsb = 0.02293	CLb  = 0.47392	CLs  = 0.04838
At r = 0.915378:	q_mu = 3.91370	q_A  = 3.66331	CLsb = 0.02389	CLb  = 0.47392	CLs  = 0.05040
At r = 0.918606:	q_mu = 3.93815	q_A  = 3.68694	CLsb = 0.02354	CLb  = 0.47392	CLs  = 0.04967

 -- Asymptotic -- 
Observed Limit: r < 0.9186
Expected  2.5%: r < 0.4836
Expected 16.0%: r < 0.6570
Expected 50.0%: r < 0.9414
Expected 84.0%: r < 1.3504
Expected 97.5%: r < 1.8762

Done in 0.01 min (cpu), 0.01 min (real)
