>>> including systematics
>>> method used to compute upper limit is Asymptotic
>>> random number generator seed is 123456
[?1034hComputing limit starting from observation
Will compute both limit(s) using minimizer Minuit2 with strategy 0 and tolerance 0.01
Constraints of type RooGaussian: 4
Constraints of type SimpleGaussianConstraint: 6
Median for expected limits: 8.5625
Sigma  for expected limits: 4.3687
Constraints of type RooGaussian: 4
Constraints of type SimpleGaussianConstraint: 6
Constraints of type RooGaussian: 4
Constraints of type SimpleGaussianConstraint: 6
Restricting r to positive values.

Make global fit of real data
NLL at global minimum of data: 7.49637 (r = 6.05381)

Make global fit of asimov data
NLL at global minimum of asimov: -0.157625 (r = 0.000421815)
At r = 19.108339:	q_mu = 7.05810	q_A  = 15.81307	CLsb = 0.00395	CLb  = 0.90656	CLs  = 0.00435
At r = 12.581077:	q_mu = 1.98723	q_A  = 7.72191	CLsb = 0.07932	CLb  = 0.91452	CLs  = 0.08673
At r = 15.844708:	q_mu = 4.21509	q_A  = 11.54152	CLsb = 0.02003	CLb  = 0.91056	CLs  = 0.02200
At r = 14.282119:	q_mu = 3.06288	q_A  = 9.64871	CLsb = 0.04005	CLb  = 0.91247	CLs  = 0.04389
At r = 13.681552:	q_mu = 2.66080	q_A  = 8.95159	CLsb = 0.05142	CLb  = 0.91320	CLs  = 0.05631
At r = 14.030890:	q_mu = 2.89244	q_A  = 9.35539	CLsb = 0.04450	CLb  = 0.91276	CLs  = 0.04875
At r = 13.911991:	q_mu = 2.81255	q_A  = 9.21716	CLsb = 0.04676	CLb  = 0.91291	CLs  = 0.05123
At r = 13.982299:	q_mu = 2.85965	q_A  = 9.29879	CLsb = 0.04541	CLb  = 0.91282	CLs  = 0.04975

 -- Asymptotic -- 
Observed Limit: r < 13.9823
Expected  2.5%: r < 4.4987
Expected 16.0%: r < 6.0385
Expected 50.0%: r < 8.5625
Expected 84.0%: r < 12.2827
Expected 97.5%: r < 17.0646

Done in 0.01 min (cpu), 0.01 min (real)
