>>> including systematics
>>> method used to compute upper limit is Asymptotic
>>> random number generator seed is 123456
[?1034hComputing limit starting from observation
Will compute both limit(s) using minimizer Minuit2 with strategy 0 and tolerance 0.01
Constraints of type RooGaussian: 4
Constraints of type SimpleGaussianConstraint: 6
Median for expected limits: 0.127441
Sigma  for expected limits: 0.0650223
Constraints of type RooGaussian: 4
Constraints of type SimpleGaussianConstraint: 6
Constraints of type RooGaussian: 4
Constraints of type SimpleGaussianConstraint: 6
Restricting r to positive values.

Make global fit of real data
NLL at global minimum of data: -332.031 (r = 0.0938944)

Make global fit of asimov data
NLL at global minimum of asimov: -373.842 (r = 1.39592e-07)
At r = 1.293894:	q_mu = 104.83632	q_A  = 128.38073	CLsb = 0.00000	CLb  = 0.86249	CLs  = 0.00000
At r = 0.693894:	q_mu = 44.01129	q_A  = 61.52967	CLsb = 0.00000	CLb  = 0.88686	CLs  = 0.00000
At r = 0.393894:	q_mu = 15.35641	q_A  = 27.42884	CLsb = 0.00004	CLb  = 0.90634	CLs  = 0.00005
At r = 0.243894:	q_mu = 4.58377	q_A  = 12.49491	CLsb = 0.01614	CLb  = 0.91832	CLs  = 0.01757
At r = 0.168894:	q_mu = 1.24478	q_A  = 6.50088	CLsb = 0.13228	CLb  = 0.92421	CLs  = 0.14312
At r = 0.198981:	q_mu = 2.36619	q_A  = 8.73974	CLsb = 0.06199	CLb  = 0.92191	CLs  = 0.06725
At r = 0.215898:	q_mu = 3.13020	q_A  = 10.10088	CLsb = 0.03843	CLb  = 0.92058	CLs  = 0.04174
At r = 0.207391:	q_mu = 2.73477	q_A  = 9.40794	CLsb = 0.04909	CLb  = 0.92125	CLs  = 0.05329
At r = 0.210868:	q_mu = 2.89363	q_A  = 9.68908	CLsb = 0.04447	CLb  = 0.92098	CLs  = 0.04828
At r = 0.209187:	q_mu = 2.81631	q_A  = 9.55275	CLsb = 0.04666	CLb  = 0.92111	CLs  = 0.05065
At r = 0.209886:	q_mu = 2.84836	q_A  = 9.60937	CLsb = 0.04573	CLb  = 0.92105	CLs  = 0.04965

 -- Asymptotic -- 
Observed Limit: r < 0.2099
Expected  2.5%: r < 0.0672
Expected 16.0%: r < 0.0903
Expected 50.0%: r < 0.1274
Expected 84.0%: r < 0.1818
Expected 97.5%: r < 0.2501

Done in 0.00 min (cpu), 0.01 min (real)
