
Processing test.c...
nSignal_init = 100000
test
test
[#0] WARNING:InputArguments -- RooAbsPdf::fitTo(signal) WARNING: a likelihood fit is request of what appears to be weighted data. 
       While the estimated values of the parameters will always be calculated taking the weights into account, 
       there are multiple ways to estimate the errors on these parameter values. You are advised to make an 
       explicit choice on the error calculation: 
           - Either provide SumW2Error(kTRUE), to calculate a sum-of-weights corrected HESSE error matrix 
             (error will be proportional to the number of events)
           - Or provide SumW2Error(kFALSE), to return errors from original HESSE error matrix
             (which will be proportional to the sum of the weights)
       If you want the errors to reflect the information contained in the provided dataset, choose kTRUE. 
       If you want the errors to reflect the precision you would be able to obtain with an unweighted dataset 
       with 'sum-of-weights' events, choose kFALSE.
 **********
 **   13 **MIGRAD        2500           1
 **********
 FIRST CALL TO USER FUNCTION AT NEW START POINT, WITH IFLAG=4.
 START MIGRAD MINIMIZATION.  STRATEGY  1.  CONVERGENCE WHEN EDM .LT. 1.00e-03
 FCN=24280 FROM MIGRAD    STATUS=INITIATE       43 CALLS          44 TOTAL
                     EDM= unknown      STRATEGY= 1      NO ERROR MATRIX       
  EXT PARAMETER               CURRENT GUESS       STEP         FIRST   
  NO.   NAME      VALUE            ERROR          SIZE      DERIVATIVE 
   1  sg_p0        6.05000e+02   9.00000e+00   0.00000e+00   3.58677e+03
   2  sg_p1        2.35000e+01   3.30000e+00   0.00000e+00  -1.18368e+03
   3  sg_p2        5.75000e+02   1.50000e+01   0.00000e+00   1.42384e+03
   4  sg_p3        4.21820e+01   1.20000e+01  -4.82092e-01  -6.03718e-01
   5  sg_p4        8.50000e-01   3.00000e-02   0.00000e+00   7.69925e+02
                               ERR DEF= 0.5
 MIGRAD MINIMIZATION HAS CONVERGED.
 MIGRAD WILL VERIFY CONVERGENCE AND ERROR MATRIX.
 COVARIANCE MATRIX CALCULATED SUCCESSFULLY
 FCN=23075.2 FROM MIGRAD    STATUS=CONVERGED     442 CALLS         443 TOTAL
                     EDM=3.37608e-05    STRATEGY= 1      ERROR MATRIX ACCURATE 
  EXT PARAMETER                                   STEP         FIRST   
  NO.   NAME      VALUE            ERROR          SIZE      DERIVATIVE 
   1  sg_p0        5.88137e+02   2.17401e+00   1.57187e-03   5.45097e-02
   2  sg_p1        2.90958e+01   6.86009e-01   3.13675e-03   7.79119e-02
   3  sg_p2        5.59880e+02   5.00457e+00   1.98829e-03  -7.62283e-02
   4  sg_p3        3.62716e+01   3.18321e+00   2.14823e-03   9.85100e-02
   5  sg_p4        7.00002e-01   2.12576e-01   1.12952e-01   2.90847e-03
                               ERR DEF= 0.5
 EXTERNAL ERROR MATRIX.    NDIM=  25    NPAR=  5    ERR DEF=0.5
  4.731e+00 -1.030e+00 -9.979e+00 -6.388e+00 -2.483e-04 
 -1.030e+00  4.709e-01  2.213e+00  1.252e+00  1.258e-04 
 -9.979e+00  2.213e+00  2.508e+01  1.471e+01 -7.877e-04 
 -6.388e+00  1.252e+00  1.471e+01  1.015e+01  1.142e-06 
 -2.483e-04  1.258e-04 -7.877e-04  1.142e-06  1.239e-06 
 PARAMETER  CORRELATION COEFFICIENTS  
       NO.  GLOBAL      1      2      3      4      5
        1  0.95782   1.000 -0.690 -0.916 -0.922 -0.103
        2  0.73673  -0.690  1.000  0.644  0.573  0.165
        3  0.96060  -0.916  0.644  1.000  0.922 -0.141
        4  0.94775  -0.922  0.573  0.922  1.000  0.000
        5  0.62405  -0.103  0.165 -0.141  0.000  1.000
 **********
 **   18 **HESSE        2500
 **********
 COVARIANCE MATRIX CALCULATED SUCCESSFULLY
 FCN=23075.2 FROM HESSE     STATUS=OK             35 CALLS         478 TOTAL
                     EDM=0.000121989    STRATEGY= 1      ERROR MATRIX ACCURATE 
  EXT PARAMETER                                INTERNAL      INTERNAL  
  NO.   NAME      VALUE            ERROR       STEP SIZE       VALUE   
   1  sg_p0        5.88137e+02   3.29842e+00   3.14373e-04  -3.84102e-01
   2  sg_p1        2.90958e+01   1.12225e+00   1.25470e-04   3.45999e-01
   3  sg_p2        5.59880e+02   4.99521e+00   3.97658e-04  -2.02989e-01
   4  sg_p3        3.62716e+01   3.76792e+00   8.59293e-05  -5.96971e-01
   5  sg_p4        7.00002e-01   2.43034e-01   4.60846e-01  -1.56553e+00
                               ERR DEF= 0.5
 EXTERNAL ERROR MATRIX.    NDIM=  25    NPAR=  5    ERR DEF=0.5
  1.090e+01 -3.238e+00 -9.781e+00 -1.140e+01 -3.564e-03 
 -3.238e+00  1.262e+00  2.139e+00  3.042e+00  1.285e-03 
 -9.781e+00  2.139e+00  2.499e+01  1.455e+01 -2.935e-04 
 -1.140e+01  3.042e+00  1.455e+01  1.422e+01  2.841e-03 
 -3.564e-03  1.285e-03 -2.935e-04  2.841e-03  2.063e-06 
 PARAMETER  CORRELATION COEFFICIENTS  
       NO.  GLOBAL      1      2      3      4      5
        1  0.98192   1.000 -0.873 -0.593 -0.915 -0.752
        2  0.91068  -0.873  1.000  0.381  0.718  0.797
        3  0.96045  -0.593  0.381  1.000  0.772 -0.041
        4  0.96302  -0.915  0.718  0.772  1.000  0.524
        5  0.96908  -0.752  0.797 -0.041  0.524  1.000
600
588.137 +- 3.29842
29.0958 +- 1.12225
[#0] WARNING:InputArguments -- RooAbsPdf::fitTo(signal) WARNING: a likelihood fit is request of what appears to be weighted data. 
       While the estimated values of the parameters will always be calculated taking the weights into account, 
       there are multiple ways to estimate the errors on these parameter values. You are advised to make an 
       explicit choice on the error calculation: 
           - Either provide SumW2Error(kTRUE), to calculate a sum-of-weights corrected HESSE error matrix 
             (error will be proportional to the number of events)
           - Or provide SumW2Error(kFALSE), to return errors from original HESSE error matrix
             (which will be proportional to the sum of the weights)
       If you want the errors to reflect the information contained in the provided dataset, choose kTRUE. 
       If you want the errors to reflect the precision you would be able to obtain with an unweighted dataset 
       with 'sum-of-weights' events, choose kFALSE.
 **********
 **   13 **MIGRAD        2500           1
 **********
 FIRST CALL TO USER FUNCTION AT NEW START POINT, WITH IFLAG=4.
 START MIGRAD MINIMIZATION.  STRATEGY  1.  CONVERGENCE WHEN EDM .LT. 1.00e-03
 FCN=23767.1 FROM MIGRAD    STATUS=INITIATE       42 CALLS          43 TOTAL
                     EDM= unknown      STRATEGY= 1      NO ERROR MATRIX       
  EXT PARAMETER               CURRENT GUESS       STEP         FIRST   
  NO.   NAME      VALUE            ERROR          SIZE      DERIVATIVE 
   1  sg_p0        6.05000e+02   9.00000e+00   0.00000e+00   3.17349e+03
   2  sg_p1        2.35000e+01   3.30000e+00   0.00000e+00  -1.02365e+03
   3  sg_p2        5.75000e+02   1.50000e+01   0.00000e+00   1.16298e+03
   4  sg_p3        4.39845e+01   1.20000e+01  -4.48474e-01   4.93391e+01
   5  sg_p4        8.50000e-01   3.00000e-02   0.00000e+00   6.61691e+02
                               ERR DEF= 0.5
 MIGRAD MINIMIZATION HAS CONVERGED.
 MIGRAD WILL VERIFY CONVERGENCE AND ERROR MATRIX.
 COVARIANCE MATRIX CALCULATED SUCCESSFULLY
 FCN=22821.9 FROM MIGRAD    STATUS=CONVERGED     329 CALLS         330 TOTAL
                     EDM=4.72305e-05    STRATEGY= 1      ERROR MATRIX ACCURATE 
  EXT PARAMETER                                   STEP         FIRST   
  NO.   NAME      VALUE            ERROR          SIZE      DERIVATIVE 
   1  sg_p0        5.92012e+02   1.51134e+00   1.46358e-03   1.14647e-01
   2  sg_p1        2.81327e+01   6.59039e-01   2.96171e-03  -1.30179e-01
   3  sg_p2        5.58427e+02   3.47970e+00   1.93226e-03   6.71315e-02
   4  sg_p3        3.58696e+01   2.45943e+00   2.12007e-03   3.27001e-02
   5  sg_p4        7.00002e-01   6.59449e-02   8.47138e-02   5.69759e-03
                               ERR DEF= 0.5
 EXTERNAL ERROR MATRIX.    NDIM=  25    NPAR=  5    ERR DEF=0.5
  2.285e+00 -7.049e-01 -4.524e+00 -3.253e+00 -8.515e-05 
 -7.049e-01  4.346e-01  1.539e+00  9.868e-01  4.573e-05 
 -4.524e+00  1.539e+00  1.212e+01  7.552e+00 -3.909e-04 
 -3.253e+00  9.868e-01  7.552e+00  6.054e+00 -5.215e-05 
 -8.515e-05  4.573e-05 -3.909e-04 -5.215e-05  5.765e-07 
 PARAMETER  CORRELATION COEFFICIENTS  
       NO.  GLOBAL      1      2      3      4      5
        1  0.91672   1.000 -0.707 -0.860 -0.875 -0.074
        2  0.73205  -0.707  1.000  0.671  0.608  0.091
        3  0.92123  -0.860  0.671  1.000  0.882 -0.148
        4  0.91302  -0.875  0.608  0.882  1.000 -0.028
        5  0.44297  -0.074  0.091 -0.148 -0.028  1.000
 **********
 **   18 **HESSE        2500
 **********
 COVARIANCE MATRIX CALCULATED SUCCESSFULLY
 FCN=22821.9 FROM HESSE     STATUS=OK             37 CALLS         367 TOTAL
                     EDM=3.83352e-05    STRATEGY= 1      ERROR MATRIX ACCURATE 
  EXT PARAMETER                                INTERNAL      INTERNAL  
  NO.   NAME      VALUE            ERROR       STEP SIZE       VALUE   
   1  sg_p0        5.92012e+02   1.96656e+00   2.92716e-04  -2.92785e-01
   2  sg_p1        2.81327e+01   8.71252e-01   5.92343e-04   2.84598e-01
   3  sg_p2        5.58427e+02   3.77659e+00   3.86452e-04  -2.22807e-01
   4  sg_p3        3.58696e+01   2.54070e+00   8.48026e-05  -6.05095e-01
   5  sg_p4        7.00002e-01   1.87580e-01   5.00000e-01  -1.56561e+00
                               ERR DEF= 0.5
 EXTERNAL ERROR MATRIX.    NDIM=  25    NPAR=  5    ERR DEF=0.5
  3.870e+00 -1.423e+00 -2.748e+00 -4.031e+00 -1.028e-03 
 -1.423e+00  7.598e-01  7.297e-01  1.337e+00  4.676e-04 
 -2.748e+00  7.297e-01  1.428e+01  6.747e+00 -1.238e-03 
 -4.031e+00  1.337e+00  6.747e+00  6.461e+00  4.747e-04 
 -1.028e-03  4.676e-04 -1.238e-03  4.747e-04  6.718e-07 
 PARAMETER  CORRELATION COEFFICIENTS  
       NO.  GLOBAL      1      2      3      4      5
        1  0.95171   1.000 -0.830 -0.370 -0.806 -0.637
        2  0.85706  -0.830  1.000  0.222  0.604  0.654
        3  0.93356  -0.370  0.222  1.000  0.703 -0.400
        4  0.91874  -0.806  0.604  0.703  1.000  0.228
        5  0.94267  -0.637  0.654 -0.400  0.228  1.000
600
592.012 +- 1.96656
28.1327 +- 0.871252
[#0] WARNING:InputArguments -- RooAbsPdf::fitTo(signal) WARNING: a likelihood fit is request of what appears to be weighted data. 
       While the estimated values of the parameters will always be calculated taking the weights into account, 
       there are multiple ways to estimate the errors on these parameter values. You are advised to make an 
       explicit choice on the error calculation: 
           - Either provide SumW2Error(kTRUE), to calculate a sum-of-weights corrected HESSE error matrix 
             (error will be proportional to the number of events)
           - Or provide SumW2Error(kFALSE), to return errors from original HESSE error matrix
             (which will be proportional to the sum of the weights)
       If you want the errors to reflect the information contained in the provided dataset, choose kTRUE. 
       If you want the errors to reflect the precision you would be able to obtain with an unweighted dataset 
       with 'sum-of-weights' events, choose kFALSE.
 **********
 **   13 **MIGRAD        2500           1
 **********
 FIRST CALL TO USER FUNCTION AT NEW START POINT, WITH IFLAG=4.
 START MIGRAD MINIMIZATION.  STRATEGY  1.  CONVERGENCE WHEN EDM .LT. 1.00e-03
 FCN=24394 FROM MIGRAD    STATUS=INITIATE       42 CALLS          43 TOTAL
                     EDM= unknown      STRATEGY= 1      NO ERROR MATRIX       
  EXT PARAMETER               CURRENT GUESS       STEP         FIRST   
  NO.   NAME      VALUE            ERROR          SIZE      DERIVATIVE 
   1  sg_p0        6.05000e+02   9.00000e+00   0.00000e+00   3.94278e+03
   2  sg_p1        2.35000e+01   3.30000e+00   0.00000e+00  -1.29909e+03
   3  sg_p2        5.75000e+02   1.50000e+01   0.00000e+00   1.67228e+03
   4  sg_p3        4.09440e+01   1.20000e+01  -5.05526e-01  -7.57306e+01
   5  sg_p4        8.50000e-01   3.00000e-02   0.00000e+00   8.58548e+02
                               ERR DEF= 0.5
 MIGRAD MINIMIZATION HAS CONVERGED.
 MIGRAD WILL VERIFY CONVERGENCE AND ERROR MATRIX.
 COVARIANCE MATRIX CALCULATED SUCCESSFULLY
 FCN=22933.1 FROM MIGRAD    STATUS=CONVERGED     638 CALLS         639 TOTAL
                     EDM=8.42969e-05    STRATEGY= 1      ERROR MATRIX ACCURATE 
  EXT PARAMETER                                   STEP         FIRST   
  NO.   NAME      VALUE            ERROR          SIZE      DERIVATIVE 
   1  sg_p0        5.78603e+02   5.64911e-01   1.40473e-03   3.72907e-01
   2  sg_p1        3.20881e+01   4.06669e-01   2.67756e-03   1.44036e-01
   3  sg_p2        5.00002e+02   1.10618e+02   1.52750e-01  -2.88106e-03
   4  sg_p3        6.94039e+01   2.89324e+01   3.44374e-02  -1.04731e-02
   5  sg_p4        9.76772e-01   7.03168e-03   5.92623e-03  -8.42769e-02
                               ERR DEF= 0.5
 EXTERNAL ERROR MATRIX.    NDIM=  25    NPAR=  5    ERR DEF=0.5
  3.191e-01 -1.408e-02  3.587e-02 -7.029e+00  1.364e-04 
 -1.408e-02  1.654e-01 -3.289e-02 -2.769e+00  1.295e-03 
  3.587e-02 -3.289e-02  6.513e-01 -1.947e+00 -1.609e-03 
 -7.029e+00 -2.769e+00 -1.947e+00  9.115e+02 -1.280e-01 
  1.364e-04  1.295e-03 -1.609e-03 -1.280e-01  4.957e-05 
 PARAMETER  CORRELATION COEFFICIENTS  
       NO.  GLOBAL      1      2      3      4      5
        1  0.49930   1.000 -0.061  0.079 -0.412  0.034
        2  0.46165  -0.061  1.000 -0.100 -0.225  0.452
        3  0.43169   0.079 -0.100  1.000 -0.080 -0.283
        4  0.75355  -0.412 -0.225 -0.080  1.000 -0.602
        5  0.76469   0.034  0.452 -0.283 -0.602  1.000
 **********
 **   18 **HESSE        2500
 **********
 COVARIANCE MATRIX CALCULATED SUCCESSFULLY
 FCN=22933.1 FROM HESSE     STATUS=OK             35 CALLS         674 TOTAL
                     EDM=8.36581e-05    STRATEGY= 1      ERROR MATRIX ACCURATE 
  EXT PARAMETER                                INTERNAL      INTERNAL  
  NO.   NAME      VALUE            ERROR       STEP SIZE       VALUE   
   1  sg_p0        5.78603e+02   5.65787e-01   2.80946e-04  -6.26852e-01
   2  sg_p1        3.20881e+01   4.25746e-01   5.35511e-04   5.47427e-01
   3  sg_p2        5.00002e+02   9.83339e+01   5.00000e-01  -1.57791e+00
   4  sg_p3        6.94039e+01   2.99669e+01   6.88747e-03  -9.93577e-03
   5  sg_p4        9.76772e-01   9.53722e-03   1.18525e-03   1.00684e+00
                               ERR DEF= 0.5
 EXTERNAL ERROR MATRIX.    NDIM=  25    NPAR=  5    ERR DEF=0.5
  3.201e-01 -1.400e-02  1.487e-02 -7.254e+00  1.740e-04 
 -1.400e-02  1.813e-01 -8.069e-02 -3.550e+00  2.110e-03 
  1.487e-02 -8.069e-02  3.935e-01  2.133e+00 -4.095e-03 
 -7.254e+00 -3.550e+00  2.133e+00  9.846e+02 -1.706e-01 
  1.740e-04  2.110e-03 -4.095e-03 -1.706e-01  9.139e-05 
 PARAMETER  CORRELATION COEFFICIENTS  
       NO.  GLOBAL      1      2      3      4      5
        1  0.50162   1.000 -0.058  0.042 -0.409  0.032
        2  0.53111  -0.058  1.000 -0.302 -0.266  0.518
        3  0.77391   0.042 -0.302  1.000  0.108 -0.683
        4  0.77455  -0.409 -0.266  0.108  1.000 -0.569
        5  0.88021   0.032  0.518 -0.683 -0.569  1.000
600
578.603 +- 0.565787
32.0881 +- 0.425746
[#0] WARNING:InputArguments -- RooAbsPdf::fitTo(signal) WARNING: a likelihood fit is request of what appears to be weighted data. 
       While the estimated values of the parameters will always be calculated taking the weights into account, 
       there are multiple ways to estimate the errors on these parameter values. You are advised to make an 
       explicit choice on the error calculation: 
           - Either provide SumW2Error(kTRUE), to calculate a sum-of-weights corrected HESSE error matrix 
             (error will be proportional to the number of events)
           - Or provide SumW2Error(kFALSE), to return errors from original HESSE error matrix
             (which will be proportional to the sum of the weights)
       If you want the errors to reflect the information contained in the provided dataset, choose kTRUE. 
       If you want the errors to reflect the precision you would be able to obtain with an unweighted dataset 
       with 'sum-of-weights' events, choose kFALSE.
 **********
 **   13 **MIGRAD        2500           1
 **********
 FIRST CALL TO USER FUNCTION AT NEW START POINT, WITH IFLAG=4.
 START MIGRAD MINIMIZATION.  STRATEGY  1.  CONVERGENCE WHEN EDM .LT. 1.00e-03
 FCN=21188 FROM MIGRAD    STATUS=INITIATE       39 CALLS          40 TOTAL
                     EDM= unknown      STRATEGY= 1      NO ERROR MATRIX       
  EXT PARAMETER               CURRENT GUESS       STEP         FIRST   
  NO.   NAME      VALUE            ERROR          SIZE      DERIVATIVE 
   1  sg_p0        6.05000e+02   9.00000e+00   0.00000e+00  -4.10915e+02
   2  sg_p1        2.35000e+01   3.30000e+00   0.00000e+00   7.89680e+02
   3  sg_p2        5.75000e+02   1.50000e+01   0.00000e+00  -1.48216e+02
   4  sg_p3        5.20622e+01   1.20000e+01  -3.03606e-01   1.51172e+00
   5  sg_p4        8.50000e-01   3.00000e-02   0.00000e+00  -1.90966e+02
                               ERR DEF= 0.5
 MIGRAD MINIMIZATION HAS CONVERGED.
 MIGRAD WILL VERIFY CONVERGENCE AND ERROR MATRIX.
 COVARIANCE MATRIX CALCULATED SUCCESSFULLY
 FCN=20995.9 FROM MIGRAD    STATUS=CONVERGED     266 CALLS         267 TOTAL
                     EDM=3.97173e-06    STRATEGY= 1      ERROR MATRIX ACCURATE 
  EXT PARAMETER                                   STEP         FIRST   
  NO.   NAME      VALUE            ERROR          SIZE      DERIVATIVE 
   1  sg_p0        6.06507e+02   4.54842e-01   7.93051e-04   2.28694e-01
   2  sg_p1        1.74848e+01   6.42892e-01   1.87527e-03  -5.26219e-03
   3  sg_p2        5.99858e+02   1.64781e+00   1.84882e-03   3.91300e-02
   4  sg_p3        3.51205e+01   2.40944e+00   1.97487e-03  -2.11296e-02
   5  sg_p4        7.69875e-01   4.95303e-02   1.12811e-02   5.41517e-03
                               ERR DEF= 0.5
 EXTERNAL ERROR MATRIX.    NDIM=  25    NPAR=  5    ERR DEF=0.5
  2.069e-01 -1.274e-01 -9.667e-02 -5.293e-01 -1.089e-02 
 -1.274e-01  4.136e-01 -4.310e-01  1.196e+00  2.909e-02 
 -9.667e-02 -4.310e-01  2.716e+00 -1.523e+00 -3.888e-02 
 -5.293e-01  1.196e+00 -1.523e+00  5.810e+00  1.117e-01 
 -1.089e-02  2.909e-02 -3.888e-02  1.117e-01  2.589e-03 
 PARAMETER  CORRELATION COEFFICIENTS  
       NO.  GLOBAL      1      2      3      4      5
        1  0.62100   1.000 -0.435 -0.129 -0.483 -0.470
        2  0.89410  -0.435  1.000 -0.407  0.772  0.889
        3  0.60904  -0.129 -0.407  1.000 -0.383 -0.464
        4  0.91664  -0.483  0.772 -0.383  1.000  0.910
        5  0.95959  -0.470  0.889 -0.464  0.910  1.000
 **********
 **   18 **HESSE        2500
 **********
 COVARIANCE MATRIX CALCULATED SUCCESSFULLY
 FCN=20995.9 FROM HESSE     STATUS=OK             31 CALLS         298 TOTAL
                     EDM=3.94319e-06    STRATEGY= 1      ERROR MATRIX ACCURATE 
  EXT PARAMETER                                INTERNAL      INTERNAL  
  NO.   NAME      VALUE            ERROR       STEP SIZE       VALUE   
   1  sg_p0        6.06507e+02   4.49294e-01   1.58610e-04   3.34861e-02
   2  sg_p1        1.74848e+01   6.23965e-01   7.50107e-05  -3.73160e-01
   3  sg_p2        5.99858e+02   1.64758e+00   3.69764e-04   3.37830e-01
   4  sg_p3        3.51205e+01   2.33871e+00   7.89949e-05  -6.20356e-01
   5  sg_p4        7.69875e-01   4.80150e-02   4.51245e-04  -5.63520e-01
                               ERR DEF= 0.5
 EXTERNAL ERROR MATRIX.    NDIM=  25    NPAR=  5    ERR DEF=0.5
  2.019e-01 -1.162e-01 -1.057e-01 -4.868e-01 -9.943e-03 
 -1.162e-01  3.895e-01 -4.147e-01  1.106e+00  2.709e-02 
 -1.057e-01 -4.147e-01  2.715e+00 -1.465e+00 -3.762e-02 
 -4.868e-01  1.106e+00 -1.465e+00  5.474e+00  1.042e-01 
 -9.943e-03  2.709e-02 -3.762e-02  1.042e-01  2.425e-03 
 PARAMETER  CORRELATION COEFFICIENTS  
       NO.  GLOBAL      1      2      3      4      5
        1  0.60859   1.000 -0.414 -0.143 -0.463 -0.449
        2  0.88716  -0.414  1.000 -0.403  0.757  0.881
        3  0.60890  -0.143 -0.403  1.000 -0.380 -0.464
        4  0.91127  -0.463  0.757 -0.380  1.000  0.905
        5  0.95679  -0.449  0.881 -0.464  0.905  1.000
600
606.507 +- 0.449294
17.4848 +- 0.623965
 fit done 
[#0] WARNING:InputArguments -- RooAbsPdf::fitTo(signal) WARNING: a likelihood fit is request of what appears to be weighted data. 
       While the estimated values of the parameters will always be calculated taking the weights into account, 
       there are multiple ways to estimate the errors on these parameter values. You are advised to make an 
       explicit choice on the error calculation: 
           - Either provide SumW2Error(kTRUE), to calculate a sum-of-weights corrected HESSE error matrix 
             (error will be proportional to the number of events)
           - Or provide SumW2Error(kFALSE), to return errors from original HESSE error matrix
             (which will be proportional to the sum of the weights)
       If you want the errors to reflect the information contained in the provided dataset, choose kTRUE. 
       If you want the errors to reflect the precision you would be able to obtain with an unweighted dataset 
       with 'sum-of-weights' events, choose kFALSE.
 **********
 **   13 **MIGRAD        2500           1
 **********
 FIRST CALL TO USER FUNCTION AT NEW START POINT, WITH IFLAG=4.
 START MIGRAD MINIMIZATION.  STRATEGY  1.  CONVERGENCE WHEN EDM .LT. 1.00e-03
 FCN=20985 FROM MIGRAD    STATUS=INITIATE       20 CALLS          21 TOTAL
                     EDM= unknown      STRATEGY= 1      NO ERROR MATRIX       
  EXT PARAMETER               CURRENT GUESS       STEP         FIRST   
  NO.   NAME      VALUE            ERROR          SIZE      DERIVATIVE 
   1  sg_p0        6.05000e+02   9.00000e+00   2.01358e-01  -6.03053e+02
   2  sg_p1        2.35000e+01   3.30000e+00   2.01358e-01   7.30191e+02
   3  sg_p2        5.75000e+02   1.50000e+01   2.01358e-01  -5.66899e+01
   4  sg_p3        7.00000e+01   1.20000e+01   2.01358e-01  -3.40682e+00
   5  sg_p4        8.50000e-01   3.00000e-02   2.01358e-01  -1.90294e+02
                               ERR DEF= 0.5
 MIGRAD MINIMIZATION HAS CONVERGED.
 MIGRAD WILL VERIFY CONVERGENCE AND ERROR MATRIX.
 COVARIANCE MATRIX CALCULATED SUCCESSFULLY
 FCN=20801.6 FROM MIGRAD    STATUS=CONVERGED     278 CALLS         279 TOTAL
                     EDM=1.57711e-05    STRATEGY= 1      ERROR MATRIX ACCURATE 
  EXT PARAMETER                                   STEP         FIRST   
  NO.   NAME      VALUE            ERROR          SIZE      DERIVATIVE 
   1  sg_p0        6.07915e+02   5.09392e-01   8.36892e-04  -1.25909e-01
   2  sg_p1        1.72285e+01   7.70692e-01   2.00532e-03  -9.85888e-02
   3  sg_p2        6.00885e+02   1.55983e+00   1.61488e-03   1.97987e-02
   4  sg_p3        3.39190e+01   2.23203e+00   1.72499e-03  -5.63339e-02
   5  sg_p4        7.24773e-01   5.61261e-02   1.85033e-02   4.35514e-03
                               ERR DEF= 0.5
 EXTERNAL ERROR MATRIX.    NDIM=  25    NPAR=  5    ERR DEF=0.5
  2.595e-01 -1.965e-01 -2.282e-02 -6.210e-01 -1.671e-02 
 -1.965e-01  5.945e-01 -6.118e-01  1.389e+00  4.341e-02 
 -2.282e-02 -6.118e-01  2.433e+00 -1.664e+00 -5.404e-02 
 -6.210e-01  1.389e+00 -1.664e+00  4.986e+00  1.270e-01 
 -1.671e-02  4.341e-02 -5.404e-02  1.270e-01  3.808e-03 
 PARAMETER  CORRELATION COEFFICIENTS  
       NO.  GLOBAL      1      2      3      4      5
        1  0.67158   1.000 -0.500 -0.029 -0.546 -0.531
        2  0.91709  -0.500  1.000 -0.509  0.807  0.912
        3  0.68224  -0.029 -0.509  1.000 -0.478 -0.561
        4  0.92836  -0.546  0.807 -0.478  1.000  0.922
        5  0.96819  -0.531  0.912 -0.561  0.922  1.000
 **********
 **   18 **HESSE        2500
 **********
 COVARIANCE MATRIX CALCULATED SUCCESSFULLY
 FCN=20801.6 FROM HESSE     STATUS=OK             31 CALLS         310 TOTAL
                     EDM=1.26117e-05    STRATEGY= 1      ERROR MATRIX ACCURATE 
  EXT PARAMETER                                INTERNAL      INTERNAL  
  NO.   NAME      VALUE            ERROR       STEP SIZE       VALUE   
   1  sg_p0        6.07915e+02   4.85233e-01   1.67378e-04   6.48251e-02
   2  sg_p1        1.72285e+01   6.67550e-01   4.01065e-04  -3.89892e-01
   3  sg_p2        6.00885e+02   1.49623e+00   3.22976e-04   3.52384e-01
   4  sg_p3        3.39190e+01   1.92936e+00   6.89997e-05  -6.45190e-01
   5  sg_p4        7.24773e-01   4.89776e-02   7.40132e-04  -9.87850e-01
                               ERR DEF= 0.5
 EXTERNAL ERROR MATRIX.    NDIM=  25    NPAR=  5    ERR DEF=0.5
  2.355e-01 -1.368e-01 -9.181e-02 -4.464e-01 -1.164e-02 
 -1.368e-01  4.459e-01 -4.412e-01  9.559e-01  3.085e-02 
 -9.181e-02 -4.412e-01  2.239e+00 -1.168e+00 -3.968e-02 
 -4.464e-01  9.559e-01 -1.168e+00  3.724e+00  9.043e-02 
 -1.164e-02  3.085e-02 -3.968e-02  9.043e-02  2.749e-03 
 PARAMETER  CORRELATION COEFFICIENTS  
       NO.  GLOBAL      1      2      3      4      5
        1  0.62849   1.000 -0.422 -0.126 -0.477 -0.457
        2  0.88775  -0.422  1.000 -0.442  0.742  0.881
        3  0.64733  -0.126 -0.442  1.000 -0.405 -0.506
        4  0.90281  -0.477  0.742 -0.405  1.000  0.894
        5  0.95565  -0.457  0.881 -0.506  0.894  1.000
600
607.915 +- 0.485233
17.2285 +- 0.66755
[#0] WARNING:InputArguments -- RooAbsPdf::fitTo(signal) WARNING: a likelihood fit is request of what appears to be weighted data. 
       While the estimated values of the parameters will always be calculated taking the weights into account, 
       there are multiple ways to estimate the errors on these parameter values. You are advised to make an 
       explicit choice on the error calculation: 
           - Either provide SumW2Error(kTRUE), to calculate a sum-of-weights corrected HESSE error matrix 
             (error will be proportional to the number of events)
           - Or provide SumW2Error(kFALSE), to return errors from original HESSE error matrix
             (which will be proportional to the sum of the weights)
       If you want the errors to reflect the information contained in the provided dataset, choose kTRUE. 
       If you want the errors to reflect the precision you would be able to obtain with an unweighted dataset 
       with 'sum-of-weights' events, choose kFALSE.
 **********
 **   13 **MIGRAD        2500           1
 **********
 FIRST CALL TO USER FUNCTION AT NEW START POINT, WITH IFLAG=4.
 START MIGRAD MINIMIZATION.  STRATEGY  1.  CONVERGENCE WHEN EDM .LT. 1.00e-03
 FCN=21050.7 FROM MIGRAD    STATUS=INITIATE       55 CALLS          56 TOTAL
                     EDM= unknown      STRATEGY= 1      NO ERROR MATRIX       
  EXT PARAMETER               CURRENT GUESS       STEP         FIRST   
  NO.   NAME      VALUE            ERROR          SIZE      DERIVATIVE 
   1  sg_p0        6.05000e+02   9.00000e+00   0.00000e+00  -2.45953e+02
   2  sg_p1        2.35000e+01   3.30000e+00   0.00000e+00   7.88326e+02
   3  sg_p2        5.75000e+02   1.50000e+01   0.00000e+00  -2.88080e+02
   4  sg_p3        4.00581e+01   1.20000e+01   8.28277e-02  -3.70864e-02
   5  sg_p4        8.50000e-01   3.00000e-02   0.00000e+00  -1.79687e+02
                               ERR DEF= 0.5
 MIGRAD MINIMIZATION HAS CONVERGED.
 MIGRAD WILL VERIFY CONVERGENCE AND ERROR MATRIX.
 COVARIANCE MATRIX CALCULATED SUCCESSFULLY
 FCN=20847.8 FROM MIGRAD    STATUS=CONVERGED     330 CALLS         331 TOTAL
                     EDM=4.39005e-06    STRATEGY= 1      ERROR MATRIX ACCURATE 
  EXT PARAMETER                                   STEP         FIRST   
  NO.   NAME      VALUE            ERROR          SIZE      DERIVATIVE 
   1  sg_p0        6.05123e+02   4.29424e-01   7.69738e-04   2.63328e-01
   2  sg_p1        1.74149e+01   6.34617e-01   1.82227e-03  -3.70681e-04
   3  sg_p2        5.99738e+02   1.64211e+00   1.95138e-03   3.85233e-02
   4  sg_p3        3.56367e+01   2.67089e+00   2.08773e-03   1.43347e-02
   5  sg_p4        7.87200e-01   4.88787e-02   1.01395e-02   6.65902e-04
                               ERR DEF= 0.5
 EXTERNAL ERROR MATRIX.    NDIM=  25    NPAR=  5    ERR DEF=0.5
  1.844e-01 -1.102e-01 -1.471e-01 -5.033e-01 -9.306e-03 
 -1.102e-01  4.030e-01 -3.214e-01  1.334e+00  2.833e-02 
 -1.471e-01 -3.214e-01  2.697e+00 -1.302e+00 -2.911e-02 
 -5.033e-01  1.334e+00 -1.302e+00  7.141e+00  1.227e-01 
 -9.306e-03  2.833e-02 -2.911e-02  1.227e-01  2.499e-03 
 PARAMETER  CORRELATION COEFFICIENTS  
       NO.  GLOBAL      1      2      3      4      5
        1  0.58762   1.000 -0.404 -0.209 -0.439 -0.433
        2  0.89717  -0.404  1.000 -0.308  0.786  0.893
        3  0.53678  -0.209 -0.308  1.000 -0.297 -0.355
        4  0.92270  -0.439  0.786 -0.297  1.000  0.918
        5  0.96074  -0.433  0.893 -0.355  0.918  1.000
 **********
 **   18 **HESSE        2500
 **********
 COVARIANCE MATRIX CALCULATED SUCCESSFULLY
 FCN=20847.8 FROM HESSE     STATUS=OK             31 CALLS         362 TOTAL
                     EDM=4.37345e-06    STRATEGY= 1      ERROR MATRIX ACCURATE 
  EXT PARAMETER                                INTERNAL      INTERNAL  
  NO.   NAME      VALUE            ERROR       STEP SIZE       VALUE   
   1  sg_p0        6.05123e+02   4.25719e-01   1.53948e-04   2.72521e-03
   2  sg_p1        1.74149e+01   6.21639e-01   7.28909e-05  -3.77714e-01
   3  sg_p2        5.99738e+02   1.64785e+00   3.90277e-04   3.36136e-01
   4  sg_p3        3.56367e+01   2.61918e+00   8.35094e-05  -6.09822e-01
   5  sg_p4        7.87200e-01   4.78840e-02   4.05579e-04  -4.31980e-01
                               ERR DEF= 0.5
 EXTERNAL ERROR MATRIX.    NDIM=  25    NPAR=  5    ERR DEF=0.5
  1.812e-01 -1.028e-01 -1.491e-01 -4.715e-01 -8.683e-03 
 -1.028e-01  3.866e-01 -3.221e-01  1.267e+00  2.701e-02 
 -1.491e-01 -3.221e-01  2.716e+00 -1.312e+00 -2.930e-02 
 -4.715e-01  1.267e+00 -1.312e+00  6.867e+00  1.173e-01 
 -8.683e-03  2.701e-02 -2.930e-02  1.173e-01  2.394e-03 
 PARAMETER  CORRELATION COEFFICIENTS  
       NO.  GLOBAL      1      2      3      4      5
        1  0.57780   1.000 -0.388 -0.212 -0.423 -0.417
        2  0.89257  -0.388  1.000 -0.314  0.777  0.888
        3  0.54137  -0.212 -0.314  1.000 -0.304 -0.363
        4  0.91948  -0.423  0.777 -0.304  1.000  0.915
        5  0.95897  -0.417  0.888 -0.363  0.915  1.000
600
605.123 +- 0.425719
17.4149 +- 0.621639
[#0] WARNING:InputArguments -- RooAbsPdf::fitTo(signal) WARNING: a likelihood fit is request of what appears to be weighted data. 
       While the estimated values of the parameters will always be calculated taking the weights into account, 
       there are multiple ways to estimate the errors on these parameter values. You are advised to make an 
       explicit choice on the error calculation: 
           - Either provide SumW2Error(kTRUE), to calculate a sum-of-weights corrected HESSE error matrix 
             (error will be proportional to the number of events)
           - Or provide SumW2Error(kFALSE), to return errors from original HESSE error matrix
             (which will be proportional to the sum of the weights)
       If you want the errors to reflect the information contained in the provided dataset, choose kTRUE. 
       If you want the errors to reflect the precision you would be able to obtain with an unweighted dataset 
       with 'sum-of-weights' events, choose kFALSE.
 **********
 **   13 **MIGRAD        2500           1
 **********
 FIRST CALL TO USER FUNCTION AT NEW START POINT, WITH IFLAG=4.
 START MIGRAD MINIMIZATION.  STRATEGY  1.  CONVERGENCE WHEN EDM .LT. 1.00e-03
 FCN=20832.1 FROM MIGRAD    STATUS=INITIATE       35 CALLS          36 TOTAL
                     EDM= unknown      STRATEGY= 1      NO ERROR MATRIX       
  EXT PARAMETER               CURRENT GUESS       STEP         FIRST   
  NO.   NAME      VALUE            ERROR          SIZE      DERIVATIVE 
   1  sg_p0        6.05000e+02   9.00000e+00   0.00000e+00  -4.10122e+02
   2  sg_p1        2.35000e+01   3.30000e+00   0.00000e+00   7.39759e+02
   3  sg_p2        5.75000e+02   1.50000e+01   0.00000e+00  -1.41911e+02
   4  sg_p3        5.22092e+01   1.20000e+01  -3.01040e-01  -3.82741e+00
   5  sg_p4        8.50000e-01   3.00000e-02   0.00000e+00  -1.79614e+02
                               ERR DEF= 0.5
 MIGRAD MINIMIZATION HAS CONVERGED.
 MIGRAD WILL VERIFY CONVERGENCE AND ERROR MATRIX.
 COVARIANCE MATRIX CALCULATED SUCCESSFULLY
 FCN=20660.5 FROM MIGRAD    STATUS=CONVERGED     248 CALLS         249 TOTAL
                     EDM=2.70998e-06    STRATEGY= 1      ERROR MATRIX ACCURATE 
  EXT PARAMETER                                   STEP         FIRST   
  NO.   NAME      VALUE            ERROR          SIZE      DERIVATIVE 
   1  sg_p0        6.06501e+02   4.51807e-01   7.97409e-04  -7.03207e-02
   2  sg_p1        1.77334e+01   6.52405e-01   1.87706e-03  -1.65059e-02
   3  sg_p2        5.99469e+02   1.79002e+00   1.94437e-03  -5.75168e-02
   4  sg_p3        3.61659e+01   2.58390e+00   2.08852e-03   2.55527e-02
   5  sg_p4        7.77016e-01   4.86366e-02   1.06632e-02  -1.67483e-03
                               ERR DEF= 0.5
 EXTERNAL ERROR MATRIX.    NDIM=  25    NPAR=  5    ERR DEF=0.5
  2.041e-01 -1.198e-01 -9.305e-02 -5.364e-01 -9.937e-03 
 -1.198e-01  4.259e-01 -5.231e-01  1.301e+00  2.891e-02 
 -9.305e-02 -5.231e-01  3.205e+00 -1.947e+00 -4.507e-02 
 -5.364e-01  1.301e+00 -1.947e+00  6.683e+00  1.171e-01 
 -9.937e-03  2.891e-02 -4.507e-02  1.171e-01  2.483e-03 
 PARAMETER  CORRELATION COEFFICIENTS  
       NO.  GLOBAL      1      2      3      4      5
        1  0.60028   1.000 -0.406 -0.115 -0.459 -0.441
        2  0.89400  -0.406  1.000 -0.448  0.771  0.889
        3  0.63123  -0.115 -0.448  1.000 -0.421 -0.505
        4  0.91499  -0.459  0.771 -0.421  1.000  0.909
        5  0.95914  -0.441  0.889 -0.505  0.909  1.000
 **********
 **   18 **HESSE        2500
 **********
 COVARIANCE MATRIX CALCULATED SUCCESSFULLY
 FCN=20660.5 FROM HESSE     STATUS=OK             31 CALLS         280 TOTAL
                     EDM=2.68748e-06    STRATEGY= 1      ERROR MATRIX ACCURATE 
  EXT PARAMETER                                INTERNAL      INTERNAL  
  NO.   NAME      VALUE            ERROR       STEP SIZE       VALUE   
   1  sg_p0        6.06501e+02   4.47624e-01   1.59482e-04   3.33576e-02
   2  sg_p1        1.77334e+01   6.37778e-01   7.50826e-05  -3.57025e-01
   3  sg_p2        5.99469e+02   1.79219e+00   3.88875e-04   3.32337e-01
   4  sg_p3        3.61659e+01   2.52790e+00   8.35409e-05  -5.99103e-01
   5  sg_p4        7.77016e-01   4.75332e-02   4.26528e-04  -5.08149e-01
                               ERR DEF= 0.5
 EXTERNAL ERROR MATRIX.    NDIM=  25    NPAR=  5    ERR DEF=0.5
  2.004e-01 -1.112e-01 -1.007e-01 -5.017e-01 -9.233e-03 
 -1.112e-01  4.070e-01 -5.109e-01  1.227e+00  2.742e-02 
 -1.007e-01 -5.109e-01  3.213e+00 -1.905e+00 -4.423e-02 
 -5.017e-01  1.227e+00 -1.905e+00  6.396e+00  1.113e-01 
 -9.233e-03  2.742e-02 -4.423e-02  1.113e-01  2.366e-03 
 PARAMETER  CORRELATION COEFFICIENTS  
       NO.  GLOBAL      1      2      3      4      5
        1  0.59019   1.000 -0.389 -0.126 -0.443 -0.424
        2  0.88878  -0.389  1.000 -0.447  0.760  0.884
        3  0.63238  -0.126 -0.447  1.000 -0.420 -0.507
        4  0.91099  -0.443  0.760 -0.420  1.000  0.904
        5  0.95708  -0.424  0.884 -0.507  0.904  1.000
600
606.501 +- 0.447624
17.7334 +- 0.637778
[#0] WARNING:InputArguments -- RooAbsPdf::fitTo(signal) WARNING: a likelihood fit is request of what appears to be weighted data. 
       While the estimated values of the parameters will always be calculated taking the weights into account, 
       there are multiple ways to estimate the errors on these parameter values. You are advised to make an 
       explicit choice on the error calculation: 
           - Either provide SumW2Error(kTRUE), to calculate a sum-of-weights corrected HESSE error matrix 
             (error will be proportional to the number of events)
           - Or provide SumW2Error(kFALSE), to return errors from original HESSE error matrix
             (which will be proportional to the sum of the weights)
       If you want the errors to reflect the information contained in the provided dataset, choose kTRUE. 
       If you want the errors to reflect the precision you would be able to obtain with an unweighted dataset 
       with 'sum-of-weights' events, choose kFALSE.
 **********
 **   13 **MIGRAD        2500           1
 **********
 FIRST CALL TO USER FUNCTION AT NEW START POINT, WITH IFLAG=4.
 START MIGRAD MINIMIZATION.  STRATEGY  1.  CONVERGENCE WHEN EDM .LT. 1.00e-03
 FCN=21392 FROM MIGRAD    STATUS=INITIATE       39 CALLS          40 TOTAL
                     EDM= unknown      STRATEGY= 1      NO ERROR MATRIX       
  EXT PARAMETER               CURRENT GUESS       STEP         FIRST   
  NO.   NAME      VALUE            ERROR          SIZE      DERIVATIVE 
   1  sg_p0        6.05000e+02   9.00000e+00   0.00000e+00  -4.65951e+02
   2  sg_p1        2.35000e+01   3.30000e+00   0.00000e+00   8.31252e+02
   3  sg_p2        5.75000e+02   1.50000e+01   0.00000e+00  -2.10216e+02
   4  sg_p3        4.66234e+01   1.20000e+01  -4.00208e-01  -5.49343e-01
   5  sg_p4        8.50000e-01   3.00000e-02   0.00000e+00  -1.97937e+02
                               ERR DEF= 0.5
 MIGRAD MINIMIZATION HAS CONVERGED.
 MIGRAD WILL VERIFY CONVERGENCE AND ERROR MATRIX.
 COVARIANCE MATRIX CALCULATED SUCCESSFULLY
 FCN=21176.8 FROM MIGRAD    STATUS=CONVERGED     269 CALLS         270 TOTAL
                     EDM=8.82705e-05    STRATEGY= 1      ERROR MATRIX ACCURATE 
  EXT PARAMETER                                   STEP         FIRST   
  NO.   NAME      VALUE            ERROR          SIZE      DERIVATIVE 
   1  sg_p0        6.06547e+02   4.53645e-01   7.81411e-04  -3.17610e-01
   2  sg_p1        1.71843e+01   6.39064e-01   1.86421e-03  -1.15499e-01
   3  sg_p2        5.99736e+02   1.60177e+00   1.78744e-03  -2.73906e-01
   4  sg_p3        3.43642e+01   2.28667e+00   1.90587e-03  -2.99641e-02
   5  sg_p4        7.67062e-01   4.97568e-02   1.14541e-02   2.14855e-02
                               ERR DEF= 0.5
 EXTERNAL ERROR MATRIX.    NDIM=  25    NPAR=  5    ERR DEF=0.5
  2.058e-01 -1.334e-01 -7.609e-02 -5.233e-01 -1.147e-02 
 -1.334e-01  4.086e-01 -4.283e-01  1.132e+00  2.917e-02 
 -7.609e-02 -4.283e-01  2.566e+00 -1.449e+00 -3.913e-02 
 -5.233e-01  1.132e+00 -1.449e+00  5.233e+00  1.065e-01 
 -1.147e-02  2.917e-02 -3.913e-02  1.065e-01  2.619e-03 
 PARAMETER  CORRELATION COEFFICIENTS  
       NO.  GLOBAL      1      2      3      4      5
        1  0.63674   1.000 -0.460 -0.105 -0.504 -0.494
        2  0.89676  -0.460  1.000 -0.418  0.774  0.892
        3  0.61833  -0.105 -0.418  1.000 -0.395 -0.477
        4  0.91625  -0.504  0.774 -0.395  1.000  0.910
        5  0.96016  -0.494  0.892 -0.477  0.910  1.000
 **********
 **   18 **HESSE        2500
 **********
 COVARIANCE MATRIX CALCULATED SUCCESSFULLY
 FCN=21176.8 FROM HESSE     STATUS=OK             31 CALLS         301 TOTAL
                     EDM=8.5019e-05    STRATEGY= 1      ERROR MATRIX ACCURATE 
  EXT PARAMETER                                INTERNAL      INTERNAL  
  NO.   NAME      VALUE            ERROR       STEP SIZE       VALUE   
   1  sg_p0        6.06547e+02   4.46977e-01   1.56282e-04   3.43777e-02
   2  sg_p1        1.71843e+01   6.16688e-01   3.72843e-04  -3.92793e-01
   3  sg_p2        5.99736e+02   1.59872e+00   3.57489e-04   3.36110e-01
   4  sg_p3        3.43642e+01   2.20755e+00   7.62346e-05  -6.35935e-01
   5  sg_p4        7.67062e-01   4.79510e-02   4.58166e-04  -5.85865e-01
                               ERR DEF= 0.5
 EXTERNAL ERROR MATRIX.    NDIM=  25    NPAR=  5    ERR DEF=0.5
  1.998e-01 -1.203e-01 -8.781e-02 -4.759e-01 -1.035e-02 
 -1.203e-01  3.805e-01 -4.057e-01  1.032e+00  2.680e-02 
 -8.781e-02 -4.057e-01  2.556e+00 -1.372e+00 -3.733e-02 
 -4.759e-01  1.032e+00 -1.372e+00  4.877e+00  9.814e-02 
 -1.035e-02  2.680e-02 -3.733e-02  9.814e-02  2.422e-03 
 PARAMETER  CORRELATION COEFFICIENTS  
       NO.  GLOBAL      1      2      3      4      5
        1  0.62255   1.000 -0.436 -0.123 -0.482 -0.470
        2  0.88865  -0.436  1.000 -0.411  0.757  0.883
        3  0.61643  -0.123 -0.411  1.000 -0.389 -0.474
        4  0.90983  -0.482  0.757 -0.389  1.000  0.903
        5  0.95684  -0.470  0.883 -0.474  0.903  1.000
600
606.547 +- 0.446977
17.1843 +- 0.616688
[#0] WARNING:InputArguments -- RooAbsPdf::fitTo(signal) WARNING: a likelihood fit is request of what appears to be weighted data. 
       While the estimated values of the parameters will always be calculated taking the weights into account, 
       there are multiple ways to estimate the errors on these parameter values. You are advised to make an 
       explicit choice on the error calculation: 
           - Either provide SumW2Error(kTRUE), to calculate a sum-of-weights corrected HESSE error matrix 
             (error will be proportional to the number of events)
           - Or provide SumW2Error(kFALSE), to return errors from original HESSE error matrix
             (which will be proportional to the sum of the weights)
       If you want the errors to reflect the information contained in the provided dataset, choose kTRUE. 
       If you want the errors to reflect the precision you would be able to obtain with an unweighted dataset 
       with 'sum-of-weights' events, choose kFALSE.
 **********
 **   13 **MIGRAD        2500           1
 **********
 FIRST CALL TO USER FUNCTION AT NEW START POINT, WITH IFLAG=4.
 START MIGRAD MINIMIZATION.  STRATEGY  1.  CONVERGENCE WHEN EDM .LT. 1.00e-03
 FCN=19809.1 FROM MIGRAD    STATUS=INITIATE       40 CALLS          41 TOTAL
                     EDM= unknown      STRATEGY= 1      NO ERROR MATRIX       
  EXT PARAMETER               CURRENT GUESS       STEP         FIRST   
  NO.   NAME      VALUE            ERROR          SIZE      DERIVATIVE 
   1  sg_p0        6.05000e+02   9.00000e+00   0.00000e+00  -3.98661e+02
   2  sg_p1        2.35000e+01   3.30000e+00   0.00000e+00   7.36177e+02
   3  sg_p2        5.75000e+02   1.50000e+01   0.00000e+00  -1.54710e+02
   4  sg_p3        5.02879e+01   1.20000e+01  -3.34752e-01   5.32152e-01
   5  sg_p4        8.50000e-01   3.00000e-02   0.00000e+00  -1.78206e+02
                               ERR DEF= 0.5
 MIGRAD MINIMIZATION HAS CONVERGED.
 MIGRAD WILL VERIFY CONVERGENCE AND ERROR MATRIX.
 COVARIANCE MATRIX CALCULATED SUCCESSFULLY
 FCN=19628.4 FROM MIGRAD    STATUS=CONVERGED     302 CALLS         303 TOTAL
                     EDM=4.9436e-06    STRATEGY= 1      ERROR MATRIX ACCURATE 
  EXT PARAMETER                                   STEP         FIRST   
  NO.   NAME      VALUE            ERROR          SIZE      DERIVATIVE 
   1  sg_p0        6.06510e+02   4.72659e-01   7.94140e-04   3.55653e-02
   2  sg_p1        1.74543e+01   6.69157e-01   1.87997e-03   6.61865e-02
   3  sg_p2        5.99840e+02   1.69608e+00   1.82702e-03  -5.88858e-02
   4  sg_p3        3.49426e+01   2.46655e+00   1.95035e-03   5.14767e-02
   5  sg_p4        7.67921e-01   5.16557e-02   1.14960e-02  -1.52477e-02
                               ERR DEF= 0.5
 EXTERNAL ERROR MATRIX.    NDIM=  25    NPAR=  5    ERR DEF=0.5
  2.234e-01 -1.390e-01 -9.895e-02 -5.678e-01 -1.194e-02 
 -1.390e-01  4.481e-01 -4.692e-01  1.277e+00  3.171e-02 
 -9.895e-02 -4.692e-01  2.877e+00 -1.630e+00 -4.248e-02 
 -5.678e-01  1.277e+00 -1.630e+00  6.089e+00  1.197e-01 
 -1.194e-02  3.171e-02 -4.248e-02  1.197e-01  2.834e-03 
 PARAMETER  CORRELATION COEFFICIENTS  
       NO.  GLOBAL      1      2      3      4      5
        1  0.62474   1.000 -0.439 -0.123 -0.487 -0.474
        2  0.89528  -0.439  1.000 -0.413  0.773  0.890
        3  0.61443  -0.123 -0.413  1.000 -0.390 -0.470
        4  0.91716  -0.487  0.773 -0.390  1.000  0.911
        5  0.96008  -0.474  0.890 -0.470  0.911  1.000
 **********
 **   18 **HESSE        2500
 **********
 COVARIANCE MATRIX CALCULATED SUCCESSFULLY
 FCN=19628.4 FROM HESSE     STATUS=OK             31 CALLS         334 TOTAL
                     EDM=4.86529e-06    STRATEGY= 1      ERROR MATRIX ACCURATE 
  EXT PARAMETER                                INTERNAL      INTERNAL  
  NO.   NAME      VALUE            ERROR       STEP SIZE       VALUE   
   1  sg_p0        6.06510e+02   4.66252e-01   1.58828e-04   3.35643e-02
   2  sg_p1        1.74543e+01   6.46362e-01   3.75994e-04  -3.75146e-01
   3  sg_p2        5.99840e+02   1.69368e+00   3.65403e-04   3.37581e-01
   4  sg_p3        3.49426e+01   2.38364e+00   7.80141e-05  -6.24005e-01
   5  sg_p4        7.67921e-01   4.98421e-02   4.59842e-04  -5.79010e-01
                               ERR DEF= 0.5
 EXTERNAL ERROR MATRIX.    NDIM=  25    NPAR=  5    ERR DEF=0.5
  2.174e-01 -1.255e-01 -1.108e-01 -5.172e-01 -1.078e-02 
 -1.255e-01  4.180e-01 -4.460e-01  1.166e+00  2.921e-02 
 -1.108e-01 -4.460e-01  2.869e+00 -1.550e+00 -4.066e-02 
 -5.172e-01  1.166e+00 -1.550e+00  5.686e+00  1.105e-01 
 -1.078e-02  2.921e-02 -4.066e-02  1.105e-01  2.627e-03 
 PARAMETER  CORRELATION COEFFICIENTS  
       NO.  GLOBAL      1      2      3      4      5
        1  0.61109   1.000 -0.416 -0.140 -0.465 -0.451
        2  0.88728  -0.416  1.000 -0.407  0.756  0.881
        3  0.61300  -0.140 -0.407  1.000 -0.384 -0.468
        4  0.91100  -0.465  0.756 -0.384  1.000  0.904
        5  0.95686  -0.451  0.881 -0.468  0.904  1.000
600
606.51 +- 0.466252
17.4543 +- 0.646362
[#0] WARNING:InputArguments -- RooAbsPdf::fitTo(signal) WARNING: a likelihood fit is request of what appears to be weighted data. 
       While the estimated values of the parameters will always be calculated taking the weights into account, 
       there are multiple ways to estimate the errors on these parameter values. You are advised to make an 
       explicit choice on the error calculation: 
           - Either provide SumW2Error(kTRUE), to calculate a sum-of-weights corrected HESSE error matrix 
             (error will be proportional to the number of events)
           - Or provide SumW2Error(kFALSE), to return errors from original HESSE error matrix
             (which will be proportional to the sum of the weights)
       If you want the errors to reflect the information contained in the provided dataset, choose kTRUE. 
       If you want the errors to reflect the precision you would be able to obtain with an unweighted dataset 
       with 'sum-of-weights' events, choose kFALSE.
 **********
 **   13 **MIGRAD        2500           1
 **********
 FIRST CALL TO USER FUNCTION AT NEW START POINT, WITH IFLAG=4.
 START MIGRAD MINIMIZATION.  STRATEGY  1.  CONVERGENCE WHEN EDM .LT. 1.00e-03
 FCN=22637.7 FROM MIGRAD    STATUS=INITIATE       39 CALLS          40 TOTAL
                     EDM= unknown      STRATEGY= 1      NO ERROR MATRIX       
  EXT PARAMETER               CURRENT GUESS       STEP         FIRST   
  NO.   NAME      VALUE            ERROR          SIZE      DERIVATIVE 
   1  sg_p0        6.05000e+02   9.00000e+00   0.00000e+00  -4.51042e+02
   2  sg_p1        2.35000e+01   3.30000e+00   0.00000e+00   8.38232e+02
   3  sg_p2        5.75000e+02   1.50000e+01   0.00000e+00  -1.64920e+02
   4  sg_p3        5.14784e+01   1.20000e+01  -3.13819e-01  -6.61183e-01
   5  sg_p4        8.50000e-01   3.00000e-02   0.00000e+00  -2.02962e+02
                               ERR DEF= 0.5
 MIGRAD MINIMIZATION HAS CONVERGED.
 MIGRAD WILL VERIFY CONVERGENCE AND ERROR MATRIX.
 COVARIANCE MATRIX CALCULATED SUCCESSFULLY
 FCN=22433.8 FROM MIGRAD    STATUS=CONVERGED     257 CALLS         258 TOTAL
                     EDM=0.000145317    STRATEGY= 1      ERROR MATRIX ACCURATE 
  EXT PARAMETER                                   STEP         FIRST   
  NO.   NAME      VALUE            ERROR          SIZE      DERIVATIVE 
   1  sg_p0        6.06503e+02   4.37713e-01   7.91387e-04   5.04043e-01
   2  sg_p1        1.75196e+01   6.16845e-01   1.86865e-03   2.85731e-01
   3  sg_p2        5.99868e+02   1.60326e+00   1.87702e-03   4.97177e-02
   4  sg_p3        3.53013e+01   2.35156e+00   2.00555e-03  -3.27558e-01
   5  sg_p4        7.72033e-01   4.73986e-02   1.10014e-02   3.49818e-02
                               ERR DEF= 0.5
 EXTERNAL ERROR MATRIX.    NDIM=  25    NPAR=  5    ERR DEF=0.5
  1.916e-01 -1.162e-01 -9.469e-02 -4.921e-01 -9.894e-03 
 -1.162e-01  3.807e-01 -3.958e-01  1.117e+00  2.658e-02 
 -9.469e-02 -3.958e-01  2.571e+00 -1.422e+00 -3.558e-02 
 -4.921e-01  1.117e+00 -1.422e+00  5.534e+00  1.039e-01 
 -9.894e-03  2.658e-02 -3.558e-02  1.039e-01  2.357e-03 
 PARAMETER  CORRELATION COEFFICIENTS  
       NO.  GLOBAL      1      2      3      4      5
        1  0.61676   1.000 -0.430 -0.135 -0.478 -0.466
        2  0.89248  -0.430  1.000 -0.400  0.769  0.887
        3  0.60372  -0.135 -0.400  1.000 -0.377 -0.457
        4  0.91576  -0.478  0.769 -0.377  1.000  0.910
        5  0.95892  -0.466  0.887 -0.457  0.910  1.000
 **********
 **   18 **HESSE        2500
 **********
 COVARIANCE MATRIX CALCULATED SUCCESSFULLY
 FCN=22433.8 FROM HESSE     STATUS=OK             31 CALLS         289 TOTAL
                     EDM=0.000143345    STRATEGY= 1      ERROR MATRIX ACCURATE 
  EXT PARAMETER                                INTERNAL      INTERNAL  
  NO.   NAME      VALUE            ERROR       STEP SIZE       VALUE   
   1  sg_p0        6.06503e+02   4.32589e-01   1.58277e-04   3.34012e-02
   2  sg_p1        1.75196e+01   5.99409e-01   3.73730e-04  -3.70891e-01
   3  sg_p2        5.99868e+02   1.60399e+00   3.75403e-04   3.37969e-01
   4  sg_p3        3.53013e+01   2.28660e+00   4.01111e-04  -6.16657e-01
   5  sg_p4        7.72033e-01   4.60130e-02   4.40057e-04  -5.46595e-01
                               ERR DEF= 0.5
 EXTERNAL ERROR MATRIX.    NDIM=  25    NPAR=  5    ERR DEF=0.5
  1.871e-01 -1.064e-01 -1.024e-01 -4.539e-01 -9.063e-03 
 -1.064e-01  3.595e-01 -3.824e-01  1.036e+00  2.483e-02 
 -1.024e-01 -3.824e-01  2.573e+00 -1.376e+00 -3.459e-02 
 -4.539e-01  1.036e+00 -1.376e+00  5.232e+00  9.734e-02 
 -9.063e-03  2.483e-02 -3.459e-02  9.734e-02  2.215e-03 
 PARAMETER  CORRELATION COEFFICIENTS  
       NO.  GLOBAL      1      2      3      4      5
        1  0.60467   1.000 -0.410 -0.148 -0.459 -0.445
        2  0.88572  -0.410  1.000 -0.398  0.756  0.880
        3  0.60420  -0.148 -0.398  1.000 -0.375 -0.458
        4  0.91066  -0.459  0.756 -0.375  1.000  0.904
        5  0.95622  -0.445  0.880 -0.458  0.904  1.000
600
606.503 +- 0.432589
17.5196 +- 0.599409
35.9 fb^{-1} (13 TeV)
[#0] WARNING:Plotting -- RooHist::makeResisHist(h_signalHistogram) WARNING: point 81 has zero error, setting residual to zero
   Uncertainty on sg_p0 = 606.507 +- 0.449294 (stat) - 1.38396 + 1.4085 (syst); -1.40207/+1.4263 (total)
   Uncertainty on sg_p1 = 17.4848 +- 0.623965 (stat) - 0.300472 + 0.248681 (syst); -0.433147/+0.398968 (total)
   Uncertainty on sg_p2 = 599.858 +- 1.64758 (stat) - 0.389024 + 1.02722 (syst); -0.911028/+1.31674 (total)
   Uncertainty on sg_p3 = 35.1205 +- 2.33871 (stat) - 1.20153 + 1.04536 (syst); -1.67663/+1.56849 (total)
   Uncertainty on sg_p4 = 0.769875 +- 0.048015 (stat) - 0.0451018 + 0.0173244 (syst); -0.0510934/+0.0296057 (total) 
   === Baseline plot === </br>
   norm = 1712.99
JEC     lnN   1.00275  -
JER     lnN   1.01626  -
btag    lnN   1.06714  -
sg_p0   param   606.507 -1.40207/+1.4263
sg_p1   param   17.4848 -0.433147/+0.398968
sg_p2   param   599.858  -0.911028/+1.31674
sg_p3   param   35.1205  -1.67663/+1.56849
sg_p4   param   0.769875  -0.0510934/+0.0296057 
