>>> including systematics
>>> method used to compute upper limit is Asymptotic
>>> random number generator seed is 123456
[?1034hComputing limit starting from observation
Will compute both limit(s) using minimizer Minuit2 with strategy 0 and tolerance 0.01
Constraints of type RooGaussian: 4
Constraints of type SimpleGaussianConstraint: 6
WARNING: Best fit of asimov dataset is at r = 0.100425 (0.005021 times rMax), while it should be at zero
Median for expected limits: 0.748047
Sigma  for expected limits: 0.381664
Constraints of type RooGaussian: 4
Constraints of type SimpleGaussianConstraint: 6
Constraints of type RooGaussian: 4
Constraints of type SimpleGaussianConstraint: 6
Restricting r to positive values.

Make global fit of real data
NLL at global minimum of data: -18.8862 (r = 0.407114)

Make global fit of asimov data
NLL at global minimum of asimov: -23.954 (r = 0.10165)
At r = 1.607114:	q_mu = 11.01395	q_A  = 17.52306	CLsb = 0.00045	CLb  = 0.80712	CLs  = 0.00056
At r = 1.007114:	q_mu = 3.12539	q_A  = 7.16647	CLsb = 0.03854	CLb  = 0.81836	CLs  = 0.04709
At r = 0.707114:	q_mu = 0.82389	q_A  = 3.37392	CLsb = 0.18202	CLb  = 0.82359	CLs  = 0.22101
At r = 0.857114:	q_mu = 1.80761	q_A  = 5.12531	CLsb = 0.08940	CLb  = 0.82107	CLs  = 0.10888
At r = 0.968543:	q_mu = 2.75671	q_A  = 6.61604	CLsb = 0.04842	CLb  = 0.81907	CLs  = 0.05912
At r = 0.991278:	q_mu = 2.97180	q_A  = 6.93860	CLsb = 0.04236	CLb  = 0.81865	CLs  = 0.05175
At r = 0.999066:	q_mu = 3.04682	q_A  = 7.05051	CLsb = 0.04045	CLb  = 0.81853	CLs  = 0.04942
At r = 0.995920:	q_mu = 3.01634	q_A  = 7.00518	CLsb = 0.04121	CLb  = 0.81858	CLs  = 0.05035

 -- Asymptotic -- 
Observed Limit: r < 0.9959
Expected  2.5%: r < 0.4456
Expected 16.0%: r < 0.5614
Expected 50.0%: r < 0.7480
Expected 84.0%: r < 1.0253
Expected 97.5%: r < 1.3718

Done in 0.00 min (cpu), 0.00 min (real)
