>>> including systematics
>>> method used to compute upper limit is Asymptotic
>>> random number generator seed is 123456
[?1034hComputing limit starting from observation
Will compute both limit(s) using minimizer Minuit2 with strategy 0 and tolerance 0.01
Constraints of type RooGaussian: 4
Constraints of type SimpleGaussianConstraint: 6
Median for expected limits: 0.200195
Sigma  for expected limits: 0.102142
Constraints of type RooGaussian: 4
Constraints of type SimpleGaussianConstraint: 6
Constraints of type RooGaussian: 4
Constraints of type SimpleGaussianConstraint: 6
Restricting r to positive values.

Make global fit of real data
NLL at global minimum of data: -166.986 (r = 2.8773e-08)

Make global fit of asimov data
NLL at global minimum of asimov: -167.548 (r = 9.11031e-07)
At r = 1.200000:	q_mu = 72.45774	q_A  = 67.56834	CLsb = 0.00000	CLb  = 0.38308	CLs  = 0.00000
At r = 0.600000:	q_mu = 29.12138	q_A  = 25.82568	CLsb = 0.00000	CLb  = 0.37287	CLs  = 0.00000
At r = 0.300000:	q_mu = 10.07599	q_A  = 8.11998	CLsb = 0.00070	CLb  = 0.36572	CLs  = 0.00193
At r = 0.150000:	q_mu = 3.28954	q_A  = 2.24019	CLsb = 0.03235	CLb  = 0.36296	CLs  = 0.08914
At r = 0.225000:	q_mu = 6.33442	q_A  = 4.81006	CLsb = 0.00553	CLb  = 0.36410	CLs  = 0.01519
At r = 0.184605:	q_mu = 4.59645	q_A  = 3.32270	CLsb = 0.01492	CLb  = 0.36340	CLs  = 0.04106
At r = 0.170646:	q_mu = 4.04791	q_A  = 2.86364	CLsb = 0.02057	CLb  = 0.36320	CLs  = 0.05663
At r = 0.177762:	q_mu = 4.32415	q_A  = 3.09410	CLsb = 0.01749	CLb  = 0.36330	CLs  = 0.04813
At r = 0.175007:	q_mu = 4.21631	q_A  = 3.00393	CLsb = 0.01863	CLb  = 0.36326	CLs  = 0.05128
At r = 0.176439:	q_mu = 4.27219	q_A  = 3.05063	CLsb = 0.01803	CLb  = 0.36328	CLs  = 0.04962
At r = 0.175889:	q_mu = 4.25071	q_A  = 3.03267	CLsb = 0.01826	CLb  = 0.36327	CLs  = 0.05025

 -- Asymptotic -- 
Observed Limit: r < 0.1759
Expected  2.5%: r < 0.1052
Expected 16.0%: r < 0.1412
Expected 50.0%: r < 0.2002
Expected 84.0%: r < 0.2856
Expected 97.5%: r < 0.3954

Done in 0.00 min (cpu), 0.00 min (real)
