Running Minos for POI 
[#0] WARNING:Minization -- RooMinimizerFcn: Minimized function has error status.
Returning maximum FCN so far (58.2165) to force MIGRAD to back out of this region. Error log follows
Parameter values: JEC=-0.155179, JER=-0.629866, PDF=-0.476852, bTag=-2.07085, lumi_13TeV=-0.804046, par_crystal_0=0.205968, par_crystal_1=-0.0115978, par_crystal_1_0=0.237913, par_crystal_1_1=4.44737, par_crystal_1_2=279.979, par_crystal_1_3=18.7584, par_crystal_2=266.918, par_crystal_3=12.8831, r=3, sg_p0=300.807, sg_p1=6.67539, sg_p2=286.351, sg_p3=37.0074, sg_p4=0.646423, trigger=-2.98367
RevCrystalBall::shapeBkg_background_HbbHbb[ x=x p0=par_crystal_0 p1=par_crystal_1 p2=par_crystal_2 p3=par_crystal_3 ]
     p.d.f value is Not-a-Number (-nan), forcing value to zero @ x=x=330, p0=par_crystal_0=0.205968 +/- 0.0141612, p1=par_crystal_1=-0.0115978 +/- 3.88398, p2=par_crystal_2=266.918 +/- 0.601813, p3=par_crystal_3=12.8831 +/- 0.861593
     p.d.f value is Not-a-Number (-nan), forcing value to zero @ x=x=291, p0=par_crystal_0=0.205968 +/- 0.0141612, p1=par_crystal_1=-0.0115978 +/- 3.88398, p2=par_crystal_2=266.918 +/- 0.601813, p3=par_crystal_3=12.8831 +/- 0.861593
     p.d.f value is Not-a-Number (-nan), forcing value to zero @ x=x=271.5, p0=par_crystal_0=0.205968 +/- 0.0141612, p1=par_crystal_1=-0.0115978 +/- 3.88398, p2=par_crystal_2=266.918 +/- 0.601813, p3=par_crystal_3=12.8831 +/- 0.861593
     p.d.f value is Not-a-Number (-nan), forcing value to zero @ x=x=310.5, p0=par_crystal_0=0.205968 +/- 0.0141612, p1=par_crystal_1=-0.0115978 +/- 3.88398, p2=par_crystal_2=266.918 +/- 0.601813, p3=par_crystal_3=12.8831 +/- 0.861593
     p.d.f value is Not-a-Number (-nan), forcing value to zero @ x=x=281.25, p0=par_crystal_0=0.205968 +/- 0.0141612, p1=par_crystal_1=-0.0115978 +/- 3.88398, p2=par_crystal_2=266.918 +/- 0.601813, p3=par_crystal_3=12.8831 +/- 0.861593
     p.d.f value is Not-a-Number (-nan), forcing value to zero @ x=x=300.75, p0=par_crystal_0=0.205968 +/- 0.0141612, p1=par_crystal_1=-0.0115978 +/- 3.88398, p2=par_crystal_2=266.918 +/- 0.601813, p3=par_crystal_3=12.8831 +/- 0.861593
     p.d.f value is Not-a-Number (-nan), forcing value to zero @ x=x=320.25, p0=par_crystal_0=0.205968 +/- 0.0141612, p1=par_crystal_1=-0.0115978 +/- 3.88398, p2=par_crystal_2=266.918 +/- 0.601813, p3=par_crystal_3=12.8831 +/- 0.861593
     p.d.f value is Not-a-Number (-nan), forcing value to zero @ x=x=276.375, p0=par_crystal_0=0.205968 +/- 0.0141612, p1=par_crystal_1=-0.0115978 +/- 3.88398, p2=par_crystal_2=266.918 +/- 0.601813, p3=par_crystal_3=12.8831 +/- 0.861593
     p.d.f value is Not-a-Number (-nan), forcing value to zero @ x=x=286.125, p0=par_crystal_0=0.205968 +/- 0.0141612, p1=par_crystal_1=-0.0115978 +/- 3.88398, p2=par_crystal_2=266.918 +/- 0.601813, p3=par_crystal_3=12.8831 +/- 0.861593
     p.d.f value is Not-a-Number (-nan), forcing value to zero @ x=x=295.875, p0=par_crystal_0=0.205968 +/- 0.0141612, p1=par_crystal_1=-0.0115978 +/- 3.88398, p2=par_crystal_2=266.918 +/- 0.601813, p3=par_crystal_3=12.8831 +/- 0.861593
     p.d.f value is Not-a-Number (-nan), forcing value to zero @ x=x=305.625, p0=par_crystal_0=0.205968 +/- 0.0141612, p1=par_crystal_1=-0.0115978 +/- 3.88398, p2=par_crystal_2=266.918 +/- 0.601813, p3=par_crystal_3=12.8831 +/- 0.861593
     p.d.f value is Not-a-Number (-nan), forcing value to zero @ x=x=315.375, p0=par_crystal_0=0.205968 +/- 0.0141612, p1=par_crystal_1=-0.0115978 +/- 3.88398, p2=par_crystal_2=266.918 +/- 0.601813, p3=par_crystal_3=12.8831 +/- 0.861593
    ... (remaining 50783 messages suppressed)

Real time 0:00:01, CP time 1.350


 --- MaxLikelihoodFit ---
Best fit r: 0.00248525  -0.00248525/+2.99804  (68% CL)
nll S+B -> -0.117122  nll B -> -0.117083
Done in 0.03 min (cpu), 0.03 min (real)
