>>> including systematics
>>> method used to compute upper limit is Asymptotic
>>> random number generator seed is 123456
[?1034hComputing limit starting from observation
Will compute both limit(s) using minimizer Minuit2 with strategy 0 and tolerance 0.01
Constraints of type RooGaussian: 4
Constraints of type SimpleGaussianConstraint: 6
Median for expected limits: 0.0844727
Sigma  for expected limits: 0.0430991
Constraints of type RooGaussian: 4
Constraints of type SimpleGaussianConstraint: 6
Constraints of type RooGaussian: 4
Constraints of type SimpleGaussianConstraint: 6
Restricting r to positive values.

Make global fit of real data
NLL at global minimum of data: -780.666 (r = 2.7558e-11)

Make global fit of asimov data
NLL at global minimum of asimov: -746.405 (r = 8.47981e-06)
At r = 1.200000:	q_mu = 221.47819	q_A  = 194.10562	CLsb = 0.00000	CLb  = 0.16296	CLs  = 0.00000
At r = 0.600000:	q_mu = 111.05624	q_A  = 90.16450	CLsb = 0.00000	CLb  = 0.13565	CLs  = 0.00000
At r = 0.300000:	q_mu = 49.07584	q_A  = 34.64828	CLsb = 0.00000	CLb  = 0.11019	CLs  = 0.00000
At r = 0.150000:	q_mu = 19.75842	q_A  = 10.96852	CLsb = 0.00000	CLb  = 0.09225	CLs  = 0.00002
At r = 0.075000:	q_mu = 7.86534	q_A  = 3.04461	CLsb = 0.00089	CLb  = 0.08358	CLs  = 0.01059
At r = 0.037500:	q_mu = 3.29998	q_A  = 0.80046	CLsb = 0.01097	CLb  = 0.08123	CLs  = 0.13500
At r = 0.056250:	q_mu = 5.44066	q_A  = 1.75434	CLsb = 0.00330	CLb  = 0.08203	CLs  = 0.04027
At r = 0.049816:	q_mu = 4.67249	q_A  = 1.38785	CLsb = 0.00505	CLb  = 0.08165	CLs  = 0.06189
At r = 0.053658:	q_mu = 5.12704	q_A  = 1.60181	CLsb = 0.00393	CLb  = 0.08186	CLs  = 0.04797
At r = 0.052389:	q_mu = 4.97561	q_A  = 1.52956	CLsb = 0.00427	CLb  = 0.08178	CLs  = 0.05221
At r = 0.052908:	q_mu = 5.03733	q_A  = 1.55890	CLsb = 0.00413	CLb  = 0.08181	CLs  = 0.05044
At r = 0.053162:	q_mu = 5.06771	q_A  = 1.57339	CLsb = 0.00406	CLb  = 0.08183	CLs  = 0.04959

 -- Asymptotic -- 
Observed Limit: r < 0.0532
Expected  2.5%: r < 0.0445
Expected 16.0%: r < 0.0605
Expected 50.0%: r < 0.0845
Expected 84.0%: r < 0.1205
Expected 97.5%: r < 0.1658

Done in 0.01 min (cpu), 0.01 min (real)
