>>> including systematics
>>> method used to compute upper limit is Asymptotic
>>> random number generator seed is 123456
[?1034hComputing limit starting from observation
Will compute both limit(s) using minimizer Minuit2 with strategy 0 and tolerance 0.01
Constraints of type RooGaussian: 4
Constraints of type SimpleGaussianConstraint: 6
WARNING: Best fit of asimov dataset is at r = 0.067475 (0.003374 times rMax), while it should be at zero
Median for expected limits: 15.4375
Sigma  for expected limits: 7.87642
Constraints of type RooGaussian: 4
Constraints of type SimpleGaussianConstraint: 6
Constraints of type RooGaussian: 4
Constraints of type SimpleGaussianConstraint: 6
Restricting r to positive values.

Make global fit of real data
NLL at global minimum of data: 7.13315 (r = 1.99745e-07)

Make global fit of asimov data
NLL at global minimum of asimov: -0.137323 (r = 0.0149529)
At r = 7.585548:	q_mu = 3.80925	q_A  = 0.98081	CLsb = 0.00780	CLb  = 0.07665	CLs  = 0.10171
At r = 15.171095:	q_mu = 9.03639	q_A  = 3.69717	CLsb = 0.00046	CLb  = 0.08251	CLs  = 0.00563
At r = 7.585548:	q_mu = 3.80914	q_A  = 0.98081	CLsb = 0.00780	CLb  = 0.07666	CLs  = 0.10171
At r = 11.378322:	q_mu = 6.27275	q_A  = 2.14731	CLsb = 0.00203	CLb  = 0.07962	CLs  = 0.02553
At r = 9.144434:	q_mu = 4.78197	q_A  = 1.41040	CLsb = 0.00457	CLb  = 0.07788	CLs  = 0.05863
At r = 9.933420:	q_mu = 5.29592	q_A  = 1.65475	CLsb = 0.00345	CLb  = 0.07849	CLs  = 0.04395
At r = 9.493105:	q_mu = 5.00737	q_A  = 1.51620	CLsb = 0.00404	CLb  = 0.07815	CLs  = 0.05166
At r = 9.652208:	q_mu = 5.11112	q_A  = 1.56562	CLsb = 0.00381	CLb  = 0.07827	CLs  = 0.04874
At r = 9.564418:	q_mu = 5.05379	q_A  = 1.53826	CLsb = 0.00394	CLb  = 0.07820	CLs  = 0.05033
At r = 9.596298:	q_mu = 5.07459	q_A  = 1.54816	CLsb = 0.00389	CLb  = 0.07823	CLs  = 0.04975

 -- Asymptotic -- 
Observed Limit: r < 9.5963
Expected  2.5%: r < 8.1710
Expected 16.0%: r < 10.9811
Expected 50.0%: r < 15.4375
Expected 84.0%: r < 22.1448
Expected 97.5%: r < 30.7661

Done in 0.00 min (cpu), 0.00 min (real)
