>>> including systematics
>>> method used to compute upper limit is Asymptotic
>>> random number generator seed is 123456
[?1034hComputing limit starting from observation
Will compute both limit(s) using minimizer Minuit2 with strategy 0 and tolerance 0.01
Constraints of type RooGaussian: 4
Constraints of type SimpleGaussianConstraint: 6
Median for expected limits: 0.572266
Sigma  for expected limits: 0.291978
Constraints of type RooGaussian: 4
Constraints of type SimpleGaussianConstraint: 6
Constraints of type RooGaussian: 4
Constraints of type SimpleGaussianConstraint: 6
Restricting r to positive values.

Make global fit of real data
NLL at global minimum of data: -14.0202 (r = 0.0805795)

Make global fit of asimov data
NLL at global minimum of asimov: -24.2504 (r = 1.15565e-09)
At r = 1.280580:	q_mu = 13.78892	q_A  = 16.15682	CLsb = 0.00010	CLb  = 0.62028	CLs  = 0.00016
At r = 0.680580:	q_mu = 3.91807	q_A  = 5.29256	CLsb = 0.02388	CLb  = 0.62595	CLs  = 0.03816
At r = 0.380580:	q_mu = 1.02757	q_A  = 1.79813	CLsb = 0.15536	CLb  = 0.62826	CLs  = 0.24729
At r = 0.530580:	q_mu = 2.26161	q_A  = 3.34281	CLsb = 0.06631	CLb  = 0.62721	CLs  = 0.10572
At r = 0.618751:	q_mu = 3.18727	q_A  = 4.44304	CLsb = 0.03711	CLb  = 0.62649	CLs  = 0.05923
At r = 0.650174:	q_mu = 3.55055	q_A  = 4.86704	CLsb = 0.02976	CLb  = 0.62622	CLs  = 0.04753
At r = 0.638099:	q_mu = 3.40894	q_A  = 4.70219	CLsb = 0.03242	CLb  = 0.62632	CLs  = 0.05177
At r = 0.644439:	q_mu = 3.48299	q_A  = 4.78846	CLsb = 0.03100	CLb  = 0.62627	CLs  = 0.04950
At r = 0.642036:	q_mu = 3.45483	q_A  = 4.75568	CLsb = 0.03153	CLb  = 0.62629	CLs  = 0.05035

 -- Asymptotic -- 
Observed Limit: r < 0.6420
Expected  2.5%: r < 0.2962
Expected 16.0%: r < 0.4030
Expected 50.0%: r < 0.5723
Expected 84.0%: r < 0.8209
Expected 97.5%: r < 1.1333

Done in 0.00 min (cpu), 0.00 min (real)
